2026-01-21 19:56:14,339 [INFO] Activator:176 - 


2026-01-21 19:56:14,344 [INFO] Activator:177 - !SESSION log4j initialized
2026-01-21 19:56:20,668 [INFO] LogOutputStream:77 - [STDOUT_REDIRECT] 
2026-01-21 19:56:22,265 [INFO] ApplicationProperties:184 - Using Application install path: C:\ST\STM32CubeIDE_1.13.0\STM32CubeIDE\plugins\com.st.stm32cube.common.mx_6.9.0.202307051724
2026-01-21 19:56:22,283 [INFO] DbMcusXml:78 - Set database path to: C:\ST\STM32CubeIDE_1.13.0\STM32CubeIDE\plugins\com.st.stm32cube.common.mx_6.9.0.202307051724\\db\/mcu/
2026-01-21 19:56:22,283 [INFO] ApiDb:274 - Set plugin database path to: C:\ST\STM32CubeIDE_1.13.0\STM32CubeIDE\plugins\com.st.stm32cube.common.mx_6.9.0.202307051724\\db\/plugins/boardmanager/
2026-01-21 19:56:22,284 [WARN] ApiDb:259 - Overriding images path with different value:  => C:\ST\STM32CubeIDE_1.13.0\STM32CubeIDE\plugins\com.st.stm32cube.common.mx_6.9.0.202307051724\\db\/plugins/mcufinder/images/
2026-01-21 19:56:22,295 [INFO] ApiDb:250 - Set database path to: C:\Users\bogda\.stmcufinder\plugins\mcufinder//mcu/
2026-01-21 19:56:22,297 [INFO] DbMcusAds:125 - Set database path to: C:\Users\bogda\.stmcufinder\plugins\mcufinder//mcu/
2026-01-21 19:56:22,298 [INFO] CrossReferenceDbSqlite:203 - Set database path to: C:\Users\bogda\.stmcufinder\plugins\mcufinder//mcu/cs/
2026-01-21 19:56:22,402 [INFO] RulesReader:64 - Compatibility file has been processed (293 Rules)
2026-01-21 19:56:22,505 [INFO] DbMcusXml:78 - Set database path to: C:\ST\STM32CubeIDE_1.13.0\STM32CubeIDE\plugins\com.st.stm32cube.common.mx_6.9.0.202307051724\\db\/mcu/
2026-01-21 19:56:22,507 [INFO] ApiDb:274 - Set plugin database path to: C:\ST\STM32CubeIDE_1.13.0\STM32CubeIDE\plugins\com.st.stm32cube.common.mx_6.9.0.202307051724\\db\/plugins/boardmanager/
2026-01-21 19:56:22,507 [INFO] ApiDb:261 - Set plugin images path to: C:\ST\STM32CubeIDE_1.13.0\STM32CubeIDE\plugins\com.st.stm32cube.common.mx_6.9.0.202307051724\\db\/plugins/mcufinder/images/
2026-01-21 19:56:22,507 [WARN] DbFile:41 - Overriding database path with different value: C:\Users\bogda\.stmcufinder\plugins\mcufinder/ => C:\Users\bogda\.stmcufinder\plugins\mcufinder
2026-01-21 19:56:22,507 [INFO] ApiDb:250 - Set database path to: C:\Users\bogda\.stmcufinder\plugins\mcufinder//mcu/
2026-01-21 19:56:22,507 [WARN] DbFile:41 - Overriding database path with different value: C:\Users\bogda\.stmcufinder\plugins\mcufinder/ => C:\Users\bogda\.stmcufinder\plugins\mcufinder
2026-01-21 19:56:22,507 [INFO] DbMcusAds:125 - Set database path to: C:\Users\bogda\.stmcufinder\plugins\mcufinder//mcu/
2026-01-21 19:56:22,507 [WARN] DbFile:41 - Overriding database path with different value: C:\Users\bogda\.stmcufinder\plugins\mcufinder/ => C:\Users\bogda\.stmcufinder\plugins\mcufinder
2026-01-21 19:56:22,507 [WARN] DbFile:41 - Overriding database path with different value: C:\Users\bogda\.stmcufinder\plugins\mcufinder/ => C:\Users\bogda\.stmcufinder\plugins\mcufinder
2026-01-21 19:56:22,507 [INFO] CrossReferenceDbSqlite:203 - Set database path to: C:\Users\bogda\.stmcufinder\plugins\mcufinder//mcu/cs/
2026-01-21 19:56:22,592 [INFO] MainPanel:262 - HeapMemory: 268435456
2026-01-21 19:56:22,685 [INFO] DbMcusXml:78 - Set database path to: C:\ST\STM32CubeIDE_1.13.0\STM32CubeIDE\plugins\com.st.stm32cube.common.mx_6.9.0.202307051724\\db\/mcu/
2026-01-21 19:56:22,685 [INFO] ApiDb:274 - Set plugin database path to: C:\ST\STM32CubeIDE_1.13.0\STM32CubeIDE\plugins\com.st.stm32cube.common.mx_6.9.0.202307051724\\db\/plugins/boardmanager/
2026-01-21 19:56:22,685 [INFO] ApiDb:261 - Set plugin images path to: C:\ST\STM32CubeIDE_1.13.0\STM32CubeIDE\plugins\com.st.stm32cube.common.mx_6.9.0.202307051724\\db\/plugins/mcufinder/images/
2026-01-21 19:56:22,686 [WARN] DbFile:41 - Overriding database path with different value: C:\Users\bogda\.stmcufinder\plugins\mcufinder/ => C:\Users\bogda\.stmcufinder\plugins\mcufinder
2026-01-21 19:56:22,686 [INFO] ApiDb:250 - Set database path to: C:\Users\bogda\.stmcufinder\plugins\mcufinder//mcu/
2026-01-21 19:56:22,686 [WARN] DbFile:41 - Overriding database path with different value: C:\Users\bogda\.stmcufinder\plugins\mcufinder/ => C:\Users\bogda\.stmcufinder\plugins\mcufinder
2026-01-21 19:56:22,686 [INFO] DbMcusAds:125 - Set database path to: C:\Users\bogda\.stmcufinder\plugins\mcufinder//mcu/
2026-01-21 19:56:22,686 [WARN] DbFile:41 - Overriding database path with different value: C:\Users\bogda\.stmcufinder\plugins\mcufinder/ => C:\Users\bogda\.stmcufinder\plugins\mcufinder
2026-01-21 19:56:22,686 [WARN] DbFile:41 - Overriding database path with different value: C:\Users\bogda\.stmcufinder\plugins\mcufinder/ => C:\Users\bogda\.stmcufinder\plugins\mcufinder
2026-01-21 19:56:22,686 [INFO] CrossReferenceDbSqlite:203 - Set database path to: C:\Users\bogda\.stmcufinder\plugins\mcufinder//mcu/cs/
2026-01-21 19:56:22,707 [INFO] ApplicationProperties:184 - Using Application install path: C:\ST\STM32CubeIDE_1.13.0\STM32CubeIDE\plugins\com.st.stm32cube.common.mx_6.9.0.202307051724
2026-01-21 19:56:22,709 [INFO] PluginManage:196 - Search for loadable plugins [exclusion list=, ]
2026-01-21 19:56:22,710 [INFO] PluginManage:310 - Check plugin analytics
2026-01-21 19:56:22,963 [INFO] AnalyticsPlugin:253 - Accepted Software Licenses: 
2026-01-21 19:56:22,963 [INFO] AnalyticsPlugin:255 - Accepted CMSIS Pack Licenses: 
2026-01-21 19:56:22,964 [INFO] AnalyticsPlugin:257 - Accepted Firmware Licenses: FW.F4.1.27.0,FW.H7.1.11.0
2026-01-21 19:56:22,969 [INFO] PluginManage:359 - Loaded plugin analytics (category:tool,tabindex:-1)
2026-01-21 19:56:22,971 [INFO] PluginManage:310 - Check plugin cadmodel
2026-01-21 19:56:22,998 [INFO] CADModel:105 - Init CAD model plugin
2026-01-21 19:56:22,998 [INFO] PluginManage:359 - Loaded plugin cadmodel (category:power,tabindex:5)
2026-01-21 19:56:23,000 [INFO] PluginManage:310 - Check plugin clock
2026-01-21 19:56:23,039 [INFO] PluginManage:359 - Loaded plugin clock (category:base,tabindex:2)
2026-01-21 19:56:23,039 [INFO] PluginManage:310 - Check plugin ddr
2026-01-21 19:56:23,044 [INFO] PluginManage:359 - Loaded plugin ddr (category:tool,tabindex:6)
2026-01-21 19:56:23,045 [INFO] PluginManage:310 - Check plugin filemanager
2026-01-21 19:56:23,207 [INFO] PluginManage:359 - Loaded plugin filemanager (category:base,tabindex:10)
2026-01-21 19:56:23,208 [INFO] PluginManage:310 - Check plugin ipmanager
2026-01-21 19:56:23,217 [INFO] PluginManage:359 - Loaded plugin ipmanager (category:base,tabindex:5)
2026-01-21 19:56:23,217 [INFO] PluginManage:310 - Check plugin lpbam
2026-01-21 19:56:23,238 [INFO] PluginManage:359 - Loaded plugin lpbam (category:base,tabindex:0)
2026-01-21 19:56:23,238 [INFO] PluginManage:310 - Check plugin memorymap
2026-01-21 19:56:23,275 [INFO] PluginManage:359 - Loaded plugin memorymap (category:base,tabindex:4)
2026-01-21 19:56:23,275 [INFO] PluginManage:310 - Check plugin pinoutandconfiguration
2026-01-21 19:56:23,298 [INFO] PluginManage:359 - Loaded plugin pinoutandconfiguration (category:base,tabindex:1)
2026-01-21 19:56:23,298 [INFO] PluginManage:310 - Check plugin pinoutconfig
2026-01-21 19:56:23,413 [WARN] SupportedApi:132 - Cannot load RTOS API schema: s4s-elt-must-match.1: The content of 'definitions' must match (annotation?, (simpleType | complexType)?, (unique | key | keyref)*)). A problem was found starting at: attribute.
2026-01-21 19:56:23,558 [INFO] PluginManage:359 - Loaded plugin pinoutconfig (category:base,tabindex:0)
2026-01-21 19:56:23,558 [INFO] PluginManage:310 - Check plugin power
2026-01-21 19:56:23,586 [INFO] PluginManage:359 - Loaded plugin power (category:power,tabindex:4)
2026-01-21 19:56:23,586 [INFO] PluginManage:310 - Check plugin projectmanager
2026-01-21 19:56:23,599 [INFO] PluginManage:359 - Loaded plugin projectmanager (category:projectmanager,tabindex:3)
2026-01-21 19:56:23,599 [INFO] PluginManage:310 - Check plugin thirdparty
2026-01-21 19:56:23,957 [INFO] PluginManage:359 - Loaded plugin thirdparty (category:base,tabindex:-1)
2026-01-21 19:56:23,957 [INFO] PluginManage:310 - Check plugin tools
2026-01-21 19:56:23,957 [WARN] IntegrityCheckThread:84 - waiting for thirdparty lock release [integrity check]
2026-01-21 19:56:23,958 [INFO] IntegrityCheckThread:86 - entering critical section [integrity check]
2026-01-21 19:56:23,958 [INFO] ThirdPartyUpdaterWithRetryManager:70 - Updater plugin not ready yet. [1/15]
2026-01-21 19:56:24,012 [INFO] PluginManage:359 - Loaded plugin tools (category:base,tabindex:7)
2026-01-21 19:56:24,013 [INFO] PluginManage:310 - Check plugin tutovideos
2026-01-21 19:56:24,251 [INFO] PluginManage:359 - Loaded plugin tutovideos (category:base,tabindex:-1)
2026-01-21 19:56:24,253 [INFO] PluginManage:310 - Check plugin updater
2026-01-21 19:56:24,265 [INFO] PluginManage:359 - Loaded plugin updater (category:base,tabindex:12)
2026-01-21 19:56:24,265 [INFO] PluginManage:310 - Check plugin userauth
2026-01-21 19:56:24,270 [INFO] UserAuth:113 - Init User Auth plugin
2026-01-21 19:56:24,270 [INFO] PluginManage:359 - Loaded plugin userauth (category:base,tabindex:14)
2026-01-21 19:56:24,271 [INFO] PluginManage:283 - PluginManage : Loaded plugins [17]
2026-01-21 19:56:24,483 [INFO] PinOutPanel:1499 - setPackage(No Configuration,No Configuration)
2026-01-21 19:56:24,605 [INFO] CADModel:165 - CPN selected for project level
2026-01-21 19:56:24,605 [INFO] CADModel:114 - Register for checkConnection events
2026-01-21 19:56:24,643 [INFO] IPUIPlugin:80 - create IPUIPlugin
2026-01-21 19:56:24,644 [INFO] PluginManager:220 - loadIPPluginJar : add adc
2026-01-21 19:56:24,700 [INFO] IPUIPlugin:80 - create IPUIPlugin
2026-01-21 19:56:24,700 [INFO] PluginManager:220 - loadIPPluginJar : add aes
2026-01-21 19:56:24,758 [INFO] IPUIPlugin:80 - create IPUIPlugin
2026-01-21 19:56:24,758 [INFO] PluginManager:220 - loadIPPluginJar : add can
2026-01-21 19:56:24,795 [INFO] IPUIPlugin:80 - create IPUIPlugin
2026-01-21 19:56:24,795 [INFO] PluginManager:220 - loadIPPluginJar : add comp
2026-01-21 19:56:24,838 [INFO] IPUIPlugin:80 - create IPUIPlugin
2026-01-21 19:56:24,838 [INFO] PluginManager:220 - loadIPPluginJar : add cryp
2026-01-21 19:56:24,878 [INFO] IPUIPlugin:80 - create IPUIPlugin
2026-01-21 19:56:24,879 [INFO] PluginManager:220 - loadIPPluginJar : add dfsdm
2026-01-21 19:56:24,895 [INFO] IPUIPlugin:80 - create IPUIPlugin
2026-01-21 19:56:24,896 [INFO] PluginManager:220 - loadIPPluginJar : add dma
2026-01-21 19:56:24,969 [INFO] IPUIPlugin:80 - create IPUIPlugin
2026-01-21 19:56:24,969 [INFO] PluginManager:220 - loadIPPluginJar : add dma3
2026-01-21 19:56:25,004 [INFO] IPUIPlugin:80 - create IPUIPlugin
2026-01-21 19:56:25,004 [INFO] PluginManager:220 - loadIPPluginJar : add fatfs
2026-01-21 19:56:25,067 [INFO] IPUIPlugin:80 - create IPUIPlugin
2026-01-21 19:56:25,067 [INFO] PluginManager:220 - loadIPPluginJar : add fmc
2026-01-21 19:56:25,087 [INFO] IPUIPlugin:80 - create IPUIPlugin
2026-01-21 19:56:25,087 [INFO] PluginManager:220 - loadIPPluginJar : add freertos
2026-01-21 19:56:25,118 [INFO] IPUIPlugin:80 - create IPUIPlugin
2026-01-21 19:56:25,119 [INFO] PluginManager:220 - loadIPPluginJar : add genericplugin
2026-01-21 19:56:25,266 [INFO] IPUIPlugin:80 - create IPUIPlugin
2026-01-21 19:56:25,266 [INFO] PluginManager:220 - loadIPPluginJar : add gfxmmu
2026-01-21 19:56:25,470 [INFO] IPUIPlugin:80 - create IPUIPlugin
2026-01-21 19:56:25,471 [INFO] PluginManager:220 - loadIPPluginJar : add gic
2026-01-21 19:56:25,488 [INFO] IPUIPlugin:80 - create IPUIPlugin
2026-01-21 19:56:25,488 [INFO] PluginManager:220 - loadIPPluginJar : add gpio
2026-01-21 19:56:25,618 [INFO] IPUIPlugin:80 - create IPUIPlugin
2026-01-21 19:56:25,618 [INFO] PluginManager:220 - loadIPPluginJar : add gtzc
2026-01-21 19:56:25,666 [INFO] IPUIPlugin:80 - create IPUIPlugin
2026-01-21 19:56:25,668 [INFO] PluginManager:220 - loadIPPluginJar : add hash
2026-01-21 19:56:25,738 [INFO] IPUIPlugin:80 - create IPUIPlugin
2026-01-21 19:56:25,738 [INFO] PluginManager:220 - loadIPPluginJar : add i2c
2026-01-21 19:56:25,793 [INFO] IPUIPlugin:80 - create IPUIPlugin
2026-01-21 19:56:25,794 [INFO] PluginManager:220 - loadIPPluginJar : add i2s
2026-01-21 19:56:25,857 [INFO] IPUIPlugin:80 - create IPUIPlugin
2026-01-21 19:56:25,857 [INFO] PluginManager:220 - loadIPPluginJar : add i3c
2026-01-21 19:56:25,998 [INFO] IPUIPlugin:80 - create IPUIPlugin
2026-01-21 19:56:25,998 [INFO] PluginManager:220 - loadIPPluginJar : add ipddr
2026-01-21 19:56:26,138 [INFO] IPUIPlugin:80 - create IPUIPlugin
2026-01-21 19:56:26,138 [INFO] PluginManager:220 - loadIPPluginJar : add linkedlist
2026-01-21 19:56:26,199 [INFO] IPUIPlugin:80 - create IPUIPlugin
2026-01-21 19:56:26,200 [INFO] PluginManager:220 - loadIPPluginJar : add lorawan
2026-01-21 19:56:26,251 [INFO] IPUIPlugin:80 - create IPUIPlugin
2026-01-21 19:56:26,252 [INFO] PluginManager:220 - loadIPPluginJar : add ltdc
2026-01-21 19:56:26,269 [INFO] IPUIPlugin:80 - create IPUIPlugin
2026-01-21 19:56:26,270 [INFO] PluginManager:220 - loadIPPluginJar : add mdma
2026-01-21 19:56:26,285 [INFO] IPUIPlugin:80 - create IPUIPlugin
2026-01-21 19:56:26,286 [INFO] PluginManager:220 - loadIPPluginJar : add nvic
2026-01-21 19:56:26,339 [INFO] IPUIPlugin:80 - create IPUIPlugin
2026-01-21 19:56:26,339 [INFO] PluginManager:220 - loadIPPluginJar : add opamp
2026-01-21 19:56:26,438 [INFO] IPUIPlugin:80 - create IPUIPlugin
2026-01-21 19:56:26,438 [INFO] PluginManager:220 - loadIPPluginJar : add openamp
2026-01-21 19:56:26,499 [INFO] IPUIPlugin:80 - create IPUIPlugin
2026-01-21 19:56:26,499 [INFO] PluginManager:220 - loadIPPluginJar : add pdm2pcm
2026-01-21 19:56:26,517 [INFO] IPUIPlugin:80 - create IPUIPlugin
2026-01-21 19:56:26,520 [INFO] PluginManager:220 - loadIPPluginJar : add plateformsettings
2026-01-21 19:56:26,554 [INFO] IPUIPlugin:80 - create IPUIPlugin
2026-01-21 19:56:26,555 [INFO] PluginManager:220 - loadIPPluginJar : add quadspi
2026-01-21 19:56:26,572 [INFO] IPUIPlugin:80 - create IPUIPlugin
2026-01-21 19:56:26,572 [INFO] PluginManager:220 - loadIPPluginJar : add resmgrutility
2026-01-21 19:56:26,632 [INFO] IPUIPlugin:80 - create IPUIPlugin
2026-01-21 19:56:26,632 [INFO] PluginManager:220 - loadIPPluginJar : add sai
2026-01-21 19:56:26,698 [INFO] IPUIPlugin:80 - create IPUIPlugin
2026-01-21 19:56:26,698 [INFO] PluginManager:220 - loadIPPluginJar : add spi
2026-01-21 19:56:26,767 [INFO] IPUIPlugin:80 - create IPUIPlugin
2026-01-21 19:56:26,767 [INFO] PluginManager:220 - loadIPPluginJar : add stm32_wpan
2026-01-21 19:56:26,803 [INFO] IPUIPlugin:80 - create IPUIPlugin
2026-01-21 19:56:26,803 [INFO] PluginManager:220 - loadIPPluginJar : add tim
2026-01-21 19:56:26,872 [INFO] IPUIPlugin:80 - create IPUIPlugin
2026-01-21 19:56:26,872 [INFO] PluginManager:220 - loadIPPluginJar : add touchsensing
2026-01-21 19:56:26,901 [INFO] IPUIPlugin:80 - create IPUIPlugin
2026-01-21 19:56:26,901 [INFO] PluginManager:220 - loadIPPluginJar : add tracer_emb
2026-01-21 19:56:26,933 [INFO] IPUIPlugin:80 - create IPUIPlugin
2026-01-21 19:56:26,934 [INFO] PluginManager:220 - loadIPPluginJar : add ts
2026-01-21 19:56:26,966 [INFO] IPUIPlugin:80 - create IPUIPlugin
2026-01-21 19:56:26,966 [INFO] PluginManager:220 - loadIPPluginJar : add tsc
2026-01-21 19:56:26,967 [INFO] ThirdPartyUpdaterWithRetryManager:70 - Updater plugin not ready yet. [2/15]
2026-01-21 19:56:26,998 [INFO] IPUIPlugin:80 - create IPUIPlugin
2026-01-21 19:56:26,998 [INFO] PluginManager:220 - loadIPPluginJar : add ucpd
2026-01-21 19:56:27,057 [INFO] IPUIPlugin:80 - create IPUIPlugin
2026-01-21 19:56:27,057 [INFO] PluginManager:220 - loadIPPluginJar : add usart
2026-01-21 19:56:27,121 [INFO] IPUIPlugin:80 - create IPUIPlugin
2026-01-21 19:56:27,121 [INFO] PluginManager:220 - loadIPPluginJar : add usbx
2026-01-21 19:56:27,238 [INFO] CADModel:165 - CPN selected for project level
2026-01-21 19:56:27,238 [INFO] CADModel:114 - Register for checkConnection events
2026-01-21 19:56:27,238 [FATAL] Updater:308 - Updater called before beeing initialized
2026-01-21 19:56:27,238 [ERROR] CADModel:125 - Updater not yet initialized, retry later 
2026-01-21 19:56:27,395 [INFO] CADModel:165 - CPN selected for project level
2026-01-21 19:56:27,395 [INFO] CADModel:114 - Register for checkConnection events
2026-01-21 19:56:27,395 [FATAL] Updater:308 - Updater called before beeing initialized
2026-01-21 19:56:27,396 [ERROR] CADModel:125 - Updater not yet initialized, retry later 
2026-01-21 19:56:27,399 [FATAL] Updater:308 - Updater called before beeing initialized
2026-01-21 19:56:27,483 [FATAL] Updater:308 - Updater called before beeing initialized
2026-01-21 19:56:27,496 [INFO] DbMcusAds:53 - JSON generation date=Tue Dec 16 01:11:46 EET 2025 (1765840306612)
2026-01-21 19:56:27,498 [FATAL] Updater:308 - Updater called before beeing initialized
2026-01-21 19:56:27,530 [WARN] DetailPanel:346 - Failed to get advertising image, set to default
2026-01-21 19:56:27,672 [FATAL] Updater:308 - Updater called before beeing initialized
2026-01-21 19:56:27,673 [FATAL] Updater:308 - Updater called before beeing initialized
2026-01-21 19:56:27,673 [FATAL] Updater:308 - Updater called before beeing initialized
2026-01-21 19:56:27,675 [WARN] DetailPanel:346 - Failed to get advertising image, set to default
2026-01-21 19:56:27,675 [FATAL] Updater:308 - Updater called before beeing initialized
2026-01-21 19:56:27,729 [ERROR] Updater:1120 - MainUpdater not yet initialized. External WinMGr cannot be set.
2026-01-21 19:56:27,739 [INFO] Updater:1056 - Updater Version found : 6.9.0
2026-01-21 19:56:27,753 [INFO] ApplicationProperties:184 - Using Application install path: C:\ST\STM32CubeIDE_1.13.0\STM32CubeIDE\plugins\com.st.stm32cube.common.mx_6.9.0.202307051724
2026-01-21 19:56:28,251 [INFO] MainUpdater:2868 - connection check result : 10
2026-01-21 19:56:28,251 [INFO] MainUpdater:3562 - Updater definition file requires update
2026-01-21 19:56:28,252 [INFO] MainUpdater:285 - Updater Check For Update Now.
2026-01-21 19:56:28,252 [INFO] MicroXplorer:498 - Change Database Version : DB.6.0.90
2026-01-21 19:56:28,273 [INFO] McuFinderGlobals:63 - Set McuFinder mode to 2 (CubeIDE integrated)
2026-01-21 19:56:28,527 [INFO] ServerAccessManage:473 - Download File updaters.zip
2026-01-21 19:56:28,752 [INFO] FileExtend:240 - Unzip File : updaters.zip
2026-01-21 19:56:28,752 [INFO] FileExtend:255 - Standard Zip Deflate
2026-01-21 19:56:29,847 [INFO] ServerAccessManage:473 - Download File PacksControlFlags.xml
2026-01-21 19:56:29,971 [WARN] MainUpdater:1189 - Updater busy. Cannot search thirdparties
2026-01-21 19:56:29,971 [INFO] ThirdPartyUpdaterWithRetryManager:96 - Updater plugin is busy. [1/15]
2026-01-21 19:56:30,053 [INFO] ServerAccessManage:473 - Download File cubemx.pidx
2026-01-21 19:56:30,980 [INFO] ServerAccessManage:473 - Download File STMicroelectronics.X-CUBE-FREERTOS.pdsc
2026-01-21 19:56:32,972 [WARN] MainUpdater:1189 - Updater busy. Cannot search thirdparties
2026-01-21 19:56:32,972 [INFO] ThirdPartyUpdaterWithRetryManager:96 - Updater plugin is busy. [2/15]
2026-01-21 19:56:33,836 [INFO] ServerAccessManage:473 - Download File STMicroelectronics.X-CUBE-NFC6.pdsc
2026-01-21 19:56:34,722 [INFO] ServerAccessManage:473 - Download File STMicroelectronics.X-CUBE-ST67W61.pdsc
2026-01-21 19:56:35,114 [INFO] ServerAccessManage:473 - Download File STMicroelectronics.X-CUBE-STSE01.pdsc
2026-01-21 19:56:35,747 [INFO] ServerAccessManage:473 - Download File STMicroelectronics.X-CUBE-TOUCHGFX.pdsc
2026-01-21 19:56:35,973 [WARN] MainUpdater:1189 - Updater busy. Cannot search thirdparties
2026-01-21 19:56:35,973 [INFO] ThirdPartyUpdaterWithRetryManager:96 - Updater plugin is busy. [3/15]
2026-01-21 19:56:38,974 [WARN] MainUpdater:1189 - Updater busy. Cannot search thirdparties
2026-01-21 19:56:38,974 [INFO] ThirdPartyUpdaterWithRetryManager:96 - Updater plugin is busy. [4/15]
2026-01-21 19:56:40,370 [INFO] ServerAccessManage:473 - Download File WES.I-CUBE-Cesium.pdsc
2026-01-21 19:56:41,185 [ERROR] ServerAccessManage:1089 - Problem, file not found on Server
2026-01-21 19:56:41,467 [ERROR] ServerAccessManage:1089 - Problem, file not found on Server
2026-01-21 19:56:41,634 [WARN] PopulateThirdPartyThread:106 - Error when creating pack: C:/Users/bogda/.stm32cubemx/thirdparties/pdsc/STMicroelectronics.X-CUBE-FREERTOS.pdsc
2026-01-21 19:56:41,697 [WARN] PackLoader:240 - Cannot read IP mode file for STMicroelectronics.X-CUBE-NFC6.3.2.0
2026-01-21 19:56:41,703 [WARN] PopulateThirdPartyThread:106 - Error when creating pack: C:/Users/bogda/.stm32cubemx/thirdparties/pdsc/STMicroelectronics.X-CUBE-ST67W61.pdsc
2026-01-21 19:56:41,714 [WARN] PackLoader:240 - Cannot read IP mode file for STMicroelectronics.X-CUBE-STSE01.2.0.0
2026-01-21 19:56:41,719 [WARN] PackLoader:240 - Cannot read IP mode file for STMicroelectronics.X-CUBE-TOUCHGFX.4.26.0
2026-01-21 19:56:41,723 [WARN] PopulateThirdPartyThread:106 - Error when creating pack: C:/Users/bogda/.stm32cubemx/thirdparties/pdsc/WES.I-CUBE-Cesium.pdsc
2026-01-21 19:56:41,723 [INFO] PopulateThirdPartyThread:66 - Ending populate Thread
2026-01-21 19:56:41,724 [INFO] ThirdParty:1030 - CMSIS Pack Vendor :STMicroelectronics X-CUBE-STSE01 2.0.0
2026-01-21 19:56:41,724 [INFO] ThirdParty:1030 - CMSIS Pack Vendor :STMicroelectronics X-CUBE-TOUCHGFX 4.26.0
2026-01-21 19:56:41,724 [INFO] ThirdParty:1030 - CMSIS Pack Vendor :STMicroelectronics X-CUBE-NFC6 3.2.0
2026-01-21 19:56:41,724 [INFO] LoadServerUpdatesThread:373 - End of LoadServerUpdate Thread
2026-01-21 19:56:41,786 [INFO] CheckServerUpdateThread:120 - End of CheckServer Thread
2026-01-21 19:56:42,062 [ERROR] Engine:466 - C:\Users\bogda\.stm32cubemx\thirdparties\pdsc\WES.I-CUBE-Cesium.1.4.0.pdsc: PDSC version is not supported
2026-01-21 19:56:42,065 [ERROR] Engine:466 - C:\Users\bogda\.stm32cubemx\thirdparties\pdsc\STMicroelectronics.X-CUBE-FREERTOS.1.4.0.pdsc: PDSC version is not supported
2026-01-21 19:56:42,126 [WARN] PackLoader:240 - Cannot read IP mode file for STMicroelectronics.X-CUBE-MEMS1.12.0.0
2026-01-21 19:56:42,198 [WARN] PackLoader:240 - Cannot read IP mode file for STMicroelectronics.X-CUBE-NFC6.3.2.0
2026-01-21 19:56:42,205 [WARN] PackLoader:240 - Cannot read IP mode file for STMicroelectronics.X-CUBE-TOUCHGFX.4.26.0
2026-01-21 19:56:42,207 [ERROR] Engine:466 - C:\Users\bogda\.stm32cubemx\thirdparties\pdsc\STMicroelectronics.X-CUBE-ST67W61.1.2.0.pdsc: PDSC version is not supported
2026-01-21 19:56:42,212 [WARN] PackLoader:240 - Cannot read IP mode file for STMicroelectronics.X-CUBE-STSE01.2.0.0
2026-01-21 19:56:42,214 [INFO] ThirdParty:978 - Integrity check success = true
2026-01-21 19:56:42,214 [INFO] IntegrityCheckThread:100 - exiting critical section [integrity check]
2026-01-21 19:56:42,214 [INFO] IntegrityCheckThread:103 - End integrity checks thread
2026-01-21 19:56:49,664 [ERROR] LogOutputStream:75 - [STDERR_REDIRECT] SLF4J: Failed to load class "org.slf4j.impl.StaticLoggerBinder".
2026-01-21 19:56:49,665 [ERROR] LogOutputStream:75 - [STDERR_REDIRECT] SLF4J: Defaulting to no-operation (NOP) logger implementation
2026-01-21 19:56:49,666 [ERROR] LogOutputStream:75 - [STDERR_REDIRECT] SLF4J: See http://www.slf4j.org/codes.html#StaticLoggerBinder for further details.
2026-01-21 22:35:22,526 [INFO] McuFinderGlobals:63 - Set McuFinder mode to 2 (CubeIDE integrated)
2026-01-21 22:35:22,568 [INFO] MainUpdater:2868 - connection check result : 10
2026-01-21 22:35:22,578 [INFO] MainUpdater:2868 - connection check result : 10
2026-01-21 22:35:22,854 [INFO] MicroXplorer:468 - Change Database Path : 
2026-01-21 22:35:22,854 [INFO] MicroXplorer:498 - Change Database Version : DB.6.0.90
2026-01-21 22:35:22,861 [WARN] ThirdParty:871 - waiting for thirdparty lock release [close project]
2026-01-21 22:35:22,862 [INFO] ThirdParty:873 - entering critical section [close project]
2026-01-21 22:35:22,900 [INFO] ThirdParty:883 - exiting critical section [close project]
2026-01-21 22:35:22,907 [INFO] PinOutPanel:1499 - setPackage(No Configuration,No Configuration)
2026-01-21 22:35:22,922 [INFO] UtilMem:75 - Begin LoadConfig() Used Memory: 704460208 Bytes (1073741824)
2026-01-21 22:35:22,926 [INFO] MicroXplorer:468 - Change Database Path : 
2026-01-21 22:35:22,927 [INFO] MicroXplorer:498 - Change Database Version : DB.6.0.90
2026-01-21 22:35:22,927 [INFO] OpenFileManager:308 - Change cursor
2026-01-21 22:35:23,023 [INFO] Mcu:1946 - Initializing MCU STM32F407V(E-G)Tx STM32F407VGTx STM32F407VGT6
2026-01-21 22:35:25,172 [INFO] Context:659 - Trying to add GPIOservice into a context  which must be forbidden
2026-01-21 22:35:26,053 [INFO] RtosManager:555 - Registered RTOS mode: class=CMSIS, group=RTOS, mode=CMSIS_V1, owner=FREERTOS
2026-01-21 22:35:26,054 [INFO] RtosManager:555 - Registered RTOS mode: class=CMSIS, group=RTOS2, mode=CMSIS_V2, owner=FREERTOS
2026-01-21 22:35:26,054 [INFO] RtosManager:555 - Registered RTOS mode: class=RTOS, group=Core, mode=CMSIS_V1, owner=FREERTOS
2026-01-21 22:35:26,054 [INFO] RtosManager:555 - Registered RTOS mode: class=RTOS, group=Core, mode=CMSIS_V2, owner=FREERTOS
2026-01-21 22:35:26,055 [WARN] ModelIntegratedComponent:184 - Missing modes for component STMicroelectronics:FreeRTOS:0.0.1:STMicroelectronics:RTOS:FreeRTOS:Core:::10.2.0:
2026-01-21 22:35:26,059 [WARN] ModelIntegratedComponent:63 - No mode defined for component null
2026-01-21 22:35:26,059 [WARN] ModelIntegratedComponent:63 - No mode defined for component null
2026-01-21 22:35:26,060 [WARN] ModelIntegratedComponent:63 - No mode defined for component null
2026-01-21 22:35:26,060 [WARN] ModelIntegratedComponent:63 - No mode defined for component null
2026-01-21 22:35:26,060 [WARN] ModelIntegratedComponent:63 - No mode defined for component null
2026-01-21 22:35:26,060 [WARN] ModelIntegratedComponent:63 - No mode defined for component null
2026-01-21 22:35:26,060 [WARN] ModelIntegratedComponent:63 - No mode defined for component null
2026-01-21 22:35:26,060 [WARN] ModelIntegratedComponent:63 - No mode defined for component null
2026-01-21 22:35:26,060 [WARN] ModelIntegratedComponent:63 - No mode defined for component null
2026-01-21 22:35:26,060 [WARN] ModelIntegratedComponent:63 - No mode defined for component null
2026-01-21 22:35:26,060 [WARN] ModelIntegratedComponent:63 - No mode defined for component null
2026-01-21 22:35:26,060 [WARN] ModelIntegratedComponent:63 - No mode defined for component null
2026-01-21 22:35:26,060 [WARN] ModelIntegratedComponent:63 - No mode defined for component null
2026-01-21 22:35:26,060 [WARN] ModelIntegratedComponent:63 - No mode defined for component null
2026-01-21 22:35:26,061 [WARN] ModelIntegratedComponent:63 - No mode defined for component null
2026-01-21 22:35:26,061 [WARN] ModelIntegratedComponent:63 - No mode defined for component null
2026-01-21 22:35:26,061 [WARN] ModelIntegratedComponent:63 - No mode defined for component null
2026-01-21 22:35:26,061 [WARN] ModelIntegratedComponent:63 - No mode defined for component null
2026-01-21 22:35:26,061 [WARN] ModelIntegratedComponent:63 - No mode defined for component null
2026-01-21 22:35:26,061 [WARN] ModelIntegratedComponent:63 - No mode defined for component null
2026-01-21 22:35:26,061 [WARN] ModelIntegratedComponent:63 - No mode defined for component null
2026-01-21 22:35:26,061 [WARN] ModelIntegratedComponent:63 - No mode defined for component null
2026-01-21 22:35:26,061 [WARN] ModelIntegratedComponent:63 - No mode defined for component null
2026-01-21 22:35:26,061 [WARN] ModelIntegratedComponent:63 - No mode defined for component null
2026-01-21 22:35:26,061 [WARN] ModelIntegratedComponent:63 - No mode defined for component null
2026-01-21 22:35:26,061 [WARN] ModelIntegratedComponent:63 - No mode defined for component null
2026-01-21 22:35:26,061 [WARN] ModelIntegratedComponent:63 - No mode defined for component null
2026-01-21 22:35:26,061 [WARN] ModelIntegratedComponent:63 - No mode defined for component null
2026-01-21 22:35:26,061 [WARN] ModelIntegratedComponent:63 - No mode defined for component null
2026-01-21 22:35:26,061 [WARN] ModelIntegratedComponent:63 - No mode defined for component null
2026-01-21 22:35:26,061 [WARN] ModelIntegratedComponent:63 - No mode defined for component null
2026-01-21 22:35:26,061 [WARN] ModelIntegratedComponent:63 - No mode defined for component null
2026-01-21 22:35:26,061 [WARN] ModelIntegratedComponent:63 - No mode defined for component null
2026-01-21 22:35:26,077 [INFO] ThirdPartyModel:298 - Start build external matchings
2026-01-21 22:35:26,166 [INFO] ThirdPartyModel:316 - End build external matchings
2026-01-21 22:35:26,211 [INFO] ImportTextPane:194 - (OptionalMessage_ERROR) IP (DMA) : Parameter (Instance) has Id (SDIO_TX) currently not set
2026-01-21 22:35:26,212 [INFO] ImportTextPane:194 - (OptionalMessage_ERROR) IP (DMA) : Parameter (Channel) has Id (SDIO_TX) currently not set
2026-01-21 22:35:26,212 [INFO] ImportTextPane:194 - (OptionalMessage_ERROR) IP (DMA) : Parameter (Direction) has Id (SDIO_TX) currently not set
2026-01-21 22:35:26,212 [INFO] ImportTextPane:194 - (OptionalMessage_ERROR) IP (DMA) : Parameter (PeriphInc) has Id (SDIO_TX) currently not set
2026-01-21 22:35:26,212 [INFO] ImportTextPane:194 - (OptionalMessage_ERROR) IP (DMA) : Parameter (MemInc) has Id (SDIO_TX) currently not set
2026-01-21 22:35:26,212 [INFO] ImportTextPane:194 - (OptionalMessage_ERROR) IP (DMA) : Parameter (PeriphDataAlignment) has Id (SDIO_TX) currently not set
2026-01-21 22:35:26,212 [INFO] ImportTextPane:194 - (OptionalMessage_ERROR) IP (DMA) : Parameter (MemDataAlignment) has Id (SDIO_TX) currently not set
2026-01-21 22:35:26,212 [INFO] ImportTextPane:194 - (OptionalMessage_ERROR) IP (DMA) : Parameter (Mode) has Id (SDIO_TX) currently not set
2026-01-21 22:35:26,212 [INFO] ImportTextPane:194 - (OptionalMessage_ERROR) IP (DMA) : Parameter (Priority) has Id (SDIO_TX) currently not set
2026-01-21 22:35:26,212 [INFO] ImportTextPane:194 - (OptionalMessage_ERROR) IP (DMA) : Parameter (FIFOMode) has Id (SDIO_TX) currently not set
2026-01-21 22:35:26,212 [INFO] ImportTextPane:194 - (OptionalMessage_ERROR) IP (DMA) : Parameter (FIFOThreshold) has Id (SDIO_TX) currently not set
2026-01-21 22:35:26,213 [INFO] ImportTextPane:194 - (OptionalMessage_ERROR) IP (DMA) : Parameter (FIFOThreshold) has invalid value (null)
2026-01-21 22:35:26,213 [INFO] ImportTextPane:194 - (OptionalMessage_ERROR) IP (DMA) : Parameter (MemBurst) has Id (SDIO_TX) currently not set
2026-01-21 22:35:26,213 [INFO] ImportTextPane:194 - (OptionalMessage_ERROR) IP (DMA) : Parameter (MemBurst) has invalid value (null)
2026-01-21 22:35:26,213 [INFO] ImportTextPane:194 - (OptionalMessage_ERROR) IP (DMA) : Parameter (PeriphBurst) has Id (SDIO_TX) currently not set
2026-01-21 22:35:26,213 [INFO] ImportTextPane:194 - (OptionalMessage_ERROR) IP (DMA) : Parameter (PeriphBurst) has invalid value (null)
2026-01-21 22:35:26,213 [INFO] ImportTextPane:194 - (OptionalMessage_ERROR) IP (DMA) : Parameter (Instance) has Id (SDIO_RX) currently not set
2026-01-21 22:35:26,213 [INFO] ImportTextPane:194 - (OptionalMessage_ERROR) IP (DMA) : Parameter (Channel) has Id (SDIO_RX) currently not set
2026-01-21 22:35:26,213 [INFO] ImportTextPane:194 - (OptionalMessage_ERROR) IP (DMA) : Parameter (Direction) has Id (SDIO_RX) currently not set
2026-01-21 22:35:26,213 [INFO] ImportTextPane:194 - (OptionalMessage_ERROR) IP (DMA) : Parameter (PeriphInc) has Id (SDIO_RX) currently not set
2026-01-21 22:35:26,213 [INFO] ImportTextPane:194 - (OptionalMessage_ERROR) IP (DMA) : Parameter (MemInc) has Id (SDIO_RX) currently not set
2026-01-21 22:35:26,213 [INFO] ImportTextPane:194 - (OptionalMessage_ERROR) IP (DMA) : Parameter (PeriphDataAlignment) has Id (SDIO_RX) currently not set
2026-01-21 22:35:26,213 [INFO] ImportTextPane:194 - (OptionalMessage_ERROR) IP (DMA) : Parameter (MemDataAlignment) has Id (SDIO_RX) currently not set
2026-01-21 22:35:26,213 [INFO] ImportTextPane:194 - (OptionalMessage_ERROR) IP (DMA) : Parameter (Mode) has Id (SDIO_RX) currently not set
2026-01-21 22:35:26,213 [INFO] ImportTextPane:194 - (OptionalMessage_ERROR) IP (DMA) : Parameter (Priority) has Id (SDIO_RX) currently not set
2026-01-21 22:35:26,213 [INFO] ImportTextPane:194 - (OptionalMessage_ERROR) IP (DMA) : Parameter (FIFOMode) has Id (SDIO_RX) currently not set
2026-01-21 22:35:26,213 [INFO] ImportTextPane:194 - (OptionalMessage_ERROR) IP (DMA) : Parameter (FIFOThreshold) has Id (SDIO_RX) currently not set
2026-01-21 22:35:26,213 [INFO] ImportTextPane:194 - (OptionalMessage_ERROR) IP (DMA) : Parameter (FIFOThreshold) has invalid value (null)
2026-01-21 22:35:26,213 [INFO] ImportTextPane:194 - (OptionalMessage_ERROR) IP (DMA) : Parameter (MemBurst) has Id (SDIO_RX) currently not set
2026-01-21 22:35:26,213 [INFO] ImportTextPane:194 - (OptionalMessage_ERROR) IP (DMA) : Parameter (MemBurst) has invalid value (null)
2026-01-21 22:35:26,213 [INFO] ImportTextPane:194 - (OptionalMessage_ERROR) IP (DMA) : Parameter (PeriphBurst) has Id (SDIO_RX) currently not set
2026-01-21 22:35:26,213 [INFO] ImportTextPane:194 - (OptionalMessage_ERROR) IP (DMA) : Parameter (PeriphBurst) has invalid value (null)
2026-01-21 22:35:26,823 [INFO] UtilMem:75 - End LoadConfig() Used Memory: 696815912 Bytes (1073741824)
2026-01-21 22:35:27,066 [INFO] ApiDb:581 - Connected to CubeFinder SQLite database (C:\Users\bogda\.stmcufinder\plugins\mcufinder\mcu\cube-finder-db.db)
2026-01-21 22:35:27,133 [INFO] ApiDb:668 - CubeFinder database Data Model version=2.1
2026-01-21 22:35:27,133 [INFO] ApiDb:669 - CubeFinder database Configuration version=3.0.39
2026-01-21 22:35:27,136 [INFO] ApiDb:670 - CubeFinder database generation date=2025-12-22 (1766407740)
2026-01-21 22:35:27,136 [INFO] ApiDb:671 - CubeFinder database FW Pack versions=[FP-ATR-ASTRA1_V2.0.0, FP-SNS-FLIGHT1_V5.1.0, FP-SNS-MOTENV1_V5.1.0, FP-SNS-MOTENVWB1_V1.4.0, FP-SNS-SMARTAG2_V1.2.0, FP-SNS-STBOX1_V2.1.0, STM32Cube_FW_C0_V1.4.0, STM32Cube_FW_F4_V1.28.3, STM32Cube_FW_F7_V1.17.4, STM32Cube_FW_G0_V1.6.2, STM32Cube_FW_G4_V1.6.1, STM32Cube_FW_H5_V1.5.1, STM32Cube_FW_H7RS_V1.3.0, STM32Cube_FW_H7_V1.12.1, STM32Cube_FW_L0_V1.12.2, STM32Cube_FW_L4_V1.18.1, STM32Cube_FW_L5_V1.6.0, STM32Cube_FW_N6_V1.3.0, STM32Cube_FW_U0_V1.3.0, STM32Cube_FW_U3_V1.2.1, STM32Cube_FW_U5_V1.8.0, STM32Cube_FW_WB0_V1.4.0, STM32Cube_FW_WBA_V1.8.0, STM32Cube_FW_WB_V1.24.0, STM32Cube_FW_WL3_V1.3.0, STM32Cube_FW_WL_V1.4.0, X-CUBE-ALGOBUILD_V1.4.0, X-CUBE-ALS_V1.0.2, X-CUBE-AZRTOS-F4_V1.1.0, X-CUBE-AZRTOS-F7_V1.1.0, X-CUBE-AZRTOS-G0_V1.1.0, X-CUBE-AZRTOS-G4_V2.0.0, X-CUBE-AZRTOS-H7RS_V1.1.0, X-CUBE-AZRTOS-H7_V3.4.0, X-CUBE-AZRTOS-L4_V2.0.0, X-CUBE-AZRTOS-L5_V2.0.0, X-CUBE-AZRTOS-WB_V2.0.0, X-CUBE-AZRTOS-WL_V2.0.0, X-CUBE-BLE1_V7.1.0, X-CUBE-BLE2_V3.3.0, X-CUBE-BLEMGR_V4.1.0, X-CUBE-EEPRMA1_V5.2.0, X-CUBE-FREERTOS_V1.3.1, X-CUBE-GNSS1_V6.0.0, X-CUBE-MEMS1_V12.0.0, X-CUBE-NFC4_V3.0.0, X-CUBE-NFC7_V2.0.0, X-CUBE-SFXS2LP1_V4.0.0, X-CUBE-ST67W61_V1.1.0, X-CUBE-SUBG2_V5.0.0, X-CUBE-TOF1_V3.4.3]
2026-01-21 22:35:29,238 [INFO] ApiDb:240 - Found 323 in-development CPN: [B-G473E-ZEST1S, B-WB1M-WPAN1, B-WL5M-SUBG1, NUCLEO-C031C6, NUCLEO-H503RB, NUCLEO-H563ZI, NUCLEO-U545RE-Q, NUCLEO-U5A5ZJ-Q, NUCLEO-WBA52CG, STEVAL-PROTEUS1, STEVAL-SMARTAG2, STEVAL-STWINBX1, STM320518-EVAL, STM32C0116-DK, STM32C011D6Y3TR, STM32C011D6Y6TR, STM32C011F4P3, STM32C011F4P6, STM32C011F4U3, STM32C011F4U6TR, STM32C011F6P3, STM32C011F6P6, STM32C011F6U3, STM32C011F6U6TR, STM32C011J4M3, STM32C011J4M6, STM32C011J6M3, STM32C011J6M6, STM32C0316-DK, STM32C031C4T3, STM32C031C4T6, STM32C031C4U3, STM32C031C4U6, STM32C031C6T3, STM32C031C6T6, STM32C031C6U3, STM32C031C6U6, STM32C031F4P3, STM32C031F4P6, STM32C031F6P3, STM32C031F6P6, STM32C031G4U3, STM32C031G4U6, STM32C031G6U3, STM32C031G6U6, STM32C031K4T3, STM32C031K4T6, STM32C031K4U3, STM32C031K4U6, STM32C031K6T3, STM32C031K6T6, STM32C031K6U3, STM32C031K6U6, STM32G071K8TXN, STM32G071K8UXN, STM32G081GBU6N, STM32G081KBT6N, STM32G081KBUXN, STM32G0B1CCT6N, STM32G0B1KCT6, STM32G0B1NEY6TR, STM32G0B1RCT6N, STM32G0C1CCT6, STM32G0C1CCT6N, STM32G0C1CCU6N, STM32G0C1CET6N, STM32G0C1CEU6N, STM32G0C1KCT6, STM32G0C1NEY6TR, STM32G0C1RCI6N, STM32G0C1RCT6N, STM32G0C1REI6N, STM32G0C1RET6N, STM32G0C1VCI6, STM32G0C1VEI6, STM32G471CCT6, STM32G471CCU6, STM32G471CET3, STM32G471CET6, STM32G471CEU3, STM32G471CEU6, STM32G471MCT6, STM32G471MET3, STM32G471MET6, STM32G471MEY6TR, STM32G471QCT6, STM32G471QET3, STM32G471RCT6, STM32G471RET3, STM32G471RET6, STM32G471VCH6, STM32G471VCI6, STM32G471VCT6, STM32G471VEH3, STM32G471VEH6, STM32G471VEI3, STM32G471VEI6, STM32G471VET3, STM32G471VET6, STM32G474CCT6, STM32H503CBT6, STM32H503CBU6, STM32H503EBY6TR, STM32H503KBU6, STM32H503RBT6, STM32H562AGI6, STM32H562AII6, STM32H562IGK6, STM32H562IGT6, STM32H562IIK6, STM32H562IIT6, STM32H562RGT6, STM32H562RGV6, STM32H562RIT6, STM32H562RIV6, STM32H562VGT6, STM32H562VIT6, STM32H562ZGT6, STM32H562ZIT6, STM32H563AGI6, STM32H563AII3Q, STM32H563AII6, STM32H563IGK6, STM32H563IGT6, STM32H563IIK3Q, STM32H563IIK6, STM32H563IIT3Q, STM32H563IIT6, STM32H563MIY3QTR, STM32H563RGT6, STM32H563RGV6, STM32H563RIT6, STM32H563RIV6, STM32H563VGT6, STM32H563VIT3Q, STM32H563VIT6, STM32H563ZGT6, STM32H563ZIT3Q, STM32H563ZIT6, STM32H573AII3Q, STM32H573AII6, STM32H573I-DK, STM32H573IIK3Q, STM32H573IIK6, STM32H573IIT3Q, STM32H573IIT6, STM32H573MIY3QTR, STM32H573RIT6, STM32H573RIV6, STM32H573VIT3Q, STM32H573VIT6, STM32H573ZIT3Q, STM32H573ZIT6, STM32L4R5QGI6STR, STM32MP131AAE3, STM32MP131AAF3, STM32MP131AAG3, STM32MP131CAE3, STM32MP131CAF3, STM32MP131CAG3, STM32MP131DAE7, STM32MP131DAF7, STM32MP131DAG7, STM32MP131FAE7, STM32MP131FAF7, STM32MP131FAG7, STM32MP133AAE3, STM32MP133AAF3, STM32MP133AAG3, STM32MP133CAE3, STM32MP133CAF3, STM32MP133CAG3, STM32MP133DAE7, STM32MP133DAF7, STM32MP133DAG7, STM32MP133FAE7, STM32MP133FAF7, STM32MP133FAG7, STM32MP135AAE3, STM32MP135AAF3, STM32MP135AAG3, STM32MP135CAE3, STM32MP135CAF3, STM32MP135CAG3, STM32MP135DAE7, STM32MP135DAF7, STM32MP135DAG7, STM32MP135F-DK, STM32MP135FAE7, STM32MP135FAF7, STM32MP135FAF7T, STM32MP135FAF7U, STM32MP135FAG7, STM32U535CBT6, STM32U535CBT6Q, STM32U535CBU6, STM32U535CBU6Q, STM32U535CCT6, STM32U535CCT6Q, STM32U535CCU6, STM32U535CCU6Q, STM32U535CET6, STM32U535CET6Q, STM32U535CEU6, STM32U535CEU6Q, STM32U535JEY6QTR, STM32U535NCY6QTR, STM32U535NEY6QTR, STM32U535RBI6, STM32U535RBI6Q, STM32U535RBT6, STM32U535RBT6Q, STM32U535RCI6, STM32U535RCI6Q, STM32U535RCT6, STM32U535RCT6Q, STM32U535REI6, STM32U535REI6Q, STM32U535RET6, STM32U535RET6Q, STM32U535VCI6, STM32U535VCI6Q, STM32U535VCT6, STM32U535VCT6Q, STM32U535VEI6, STM32U535VEI6Q, STM32U535VET6, STM32U535VET6Q, STM32U545CET6, STM32U545CET6Q, STM32U545CEU6, STM32U545CEU6Q, STM32U545JEY6QTR, STM32U545NEY6QTR, STM32U545REI6, STM32U545REI6Q, STM32U545RET6, STM32U545RET6Q, STM32U545VEI6, STM32U545VEI6Q, STM32U545VET6, STM32U545VET6Q, STM32U595AIH6, STM32U595AIH6Q, STM32U595AJH6, STM32U595AJH6Q, STM32U595QII6, STM32U595QII6Q, STM32U595QJI6, STM32U595QJI6Q, STM32U595RIT6, STM32U595RIT6Q, STM32U595RJT6, STM32U595RJT6Q, STM32U595VIT6, STM32U595VIT6Q, STM32U595VJT6, STM32U595VJT6Q, STM32U595ZIT6, STM32U595ZIT6Q, STM32U595ZIY6QTR, STM32U595ZJT6, STM32U595ZJT6Q, STM32U595ZJY6QTR, STM32U599BJY6QTR, STM32U599NIH6Q, STM32U599NJH6Q, STM32U599VIT6Q, STM32U599VJT6, STM32U599VJT6Q, STM32U599ZIT6Q, STM32U599ZIY6QTR, STM32U599ZJT6Q, STM32U599ZJY6QTR, STM32U5A5AJH6, STM32U5A5AJH6Q, STM32U5A5QJI6, STM32U5A5QJI6Q, STM32U5A5RJT6, STM32U5A5RJT6Q, STM32U5A5VJT6, STM32U5A5VJT6Q, STM32U5A5ZJT6, STM32U5A5ZJT6Q, STM32U5A5ZJY6QTR, STM32U5A9BJY6QTR, STM32U5A9J-DK, STM32U5A9NJH6Q, STM32U5A9VJT6Q, STM32U5A9ZJT6Q, STM32U5A9ZJY6QTR, STM32U5F7VIT6, STM32U5F7VIT6Q, STM32U5F7VJT6, STM32U5F7VJT6Q, STM32U5F9BJY6QTR, STM32U5F9NJH6Q, STM32U5F9VIT6Q, STM32U5F9VJT6Q, STM32U5F9ZIJ6QTR, STM32U5F9ZIT6Q, STM32U5F9ZJJ6QTR, STM32U5F9ZJT6Q, STM32U5G7VJT6, STM32U5G7VJT6Q, STM32U5G9BJY6QTR, STM32U5G9J-DK1, STM32U5G9J-DK2, STM32U5G9NJH6Q, STM32U5G9VJT6Q, STM32U5G9ZJJ6QTR, STM32U5G9ZJT6Q, STM32WB1MMCH6, STM32WBA52CEU6, STM32WBA52CEU6T, STM32WBA52CGU6, STM32WBA52CGU6T, STM32WBA52KEU6, STM32WBA52KEU6T, STM32WBA52KGU6, STM32WBA52KGU6T, STM32WL5MOCH6, STM32WL5MOCH6TR]
2026-01-21 22:35:29,243 [INFO] DbMcus:217 - Found 4801 MCUs, 4801 are supported
2026-01-21 22:35:29,245 [INFO] ApiDb:423 - Load user favorites file C:\Users\bogda/.stm32cubeide/favorites.mcus.txt: 0 item(s)
2026-01-21 22:35:29,245 [INFO] ApiDb:427 - User favorites MCUs=[]
2026-01-21 22:35:29,245 [INFO] DbMcus:223 - Set 0 / 0 favorites MCUs
2026-01-21 22:35:29,642 [WARN] ThirdParty:833 - waiting for thirdparty lock release [change project]
2026-01-21 22:35:29,642 [INFO] ThirdParty:835 - entering critical section [change project]
2026-01-21 22:35:29,642 [INFO] ThirdParty:1030 - CMSIS Pack Vendor :STMicroelectronics USBPD 4.1
2026-01-21 22:35:29,642 [INFO] ThirdParty:1030 - CMSIS Pack Vendor :STMicroelectronics ThreadX 1.0.0
2026-01-21 22:35:29,642 [INFO] ThirdParty:1030 - CMSIS Pack Vendor :STMicroelectronics X-CUBE-MEMS1 12.0.0
2026-01-21 22:35:29,642 [INFO] ThirdParty:1030 - CMSIS Pack Vendor :STMicroelectronics X-CUBE-STSE01 2.0.0
2026-01-21 22:35:29,642 [INFO] ThirdParty:1030 - CMSIS Pack Vendor :STMicroelectronics USB_HOST 2.0.0
2026-01-21 22:35:29,642 [INFO] ThirdParty:1030 - CMSIS Pack Vendor :STMicroelectronics LIBJPEG 8.0.0
2026-01-21 22:35:29,642 [INFO] ThirdParty:1030 - CMSIS Pack Vendor :STMicroelectronics FreeRTOS 0.0.1
2026-01-21 22:35:29,642 [INFO] ThirdParty:1030 - CMSIS Pack Vendor :STMicroelectronics USB_DEVICE 1.0.0
2026-01-21 22:35:29,642 [INFO] ThirdParty:1030 - CMSIS Pack Vendor :STMicroelectronics STM32_WPAN 1.0.0
2026-01-21 22:35:29,642 [INFO] ThirdParty:1030 - CMSIS Pack Vendor :STMicroelectronics USB_DEVICE 3.0.0
2026-01-21 22:35:29,642 [INFO] ThirdParty:1030 - CMSIS Pack Vendor :STMicroelectronics HAL Drivers 0.0.0
2026-01-21 22:35:29,642 [INFO] ThirdParty:1030 - CMSIS Pack Vendor :STMicroelectronics MBEDTLS 2.16.2
2026-01-21 22:35:29,642 [INFO] ThirdParty:1030 - CMSIS Pack Vendor :STMicroelectronics ThreadX 0.0.2
2026-01-21 22:35:29,642 [INFO] ThirdParty:1030 - CMSIS Pack Vendor :STMicroelectronics lwIP 2.0.3
2026-01-21 22:35:29,642 [INFO] ThirdParty:1030 - CMSIS Pack Vendor :STMicroelectronics lwIP 2.1.2
2026-01-21 22:35:29,642 [INFO] ThirdParty:1030 - CMSIS Pack Vendor :STMicroelectronics MBEDTLS 2.14.1
2026-01-21 22:35:29,642 [INFO] ThirdParty:1030 - CMSIS Pack Vendor :STMicroelectronics USB_HOST 1.0.0
2026-01-21 22:35:29,642 [INFO] ThirdParty:1030 - CMSIS Pack Vendor :STMicroelectronics X-CUBE-TOUCHGFX 4.26.0
2026-01-21 22:35:29,642 [INFO] ThirdParty:1030 - CMSIS Pack Vendor :STMicroelectronics PDM2PCM 3.1.0
2026-01-21 22:35:29,642 [INFO] ThirdParty:1030 - CMSIS Pack Vendor :STMicroelectronics PDM2PCM 3.2.0
2026-01-21 22:35:29,642 [INFO] ThirdParty:1030 - CMSIS Pack Vendor :STMicroelectronics USB_DEVICE 2.0.0
2026-01-21 22:35:29,642 [INFO] ThirdParty:1030 - CMSIS Pack Vendor :STMicroelectronics X-CUBE-NFC6 3.2.0
2026-01-21 22:35:29,642 [INFO] ThirdParty:1030 - CMSIS Pack Vendor :STMicroelectronics PDM2PCM 3.3.0
2026-01-21 22:35:29,642 [INFO] ThirdParty:841 - exiting critical section [change project]
2026-01-21 22:35:30,035 [INFO] PinOutPanel:1499 - setPackage(No Configuration,No Configuration)
2026-01-21 22:35:30,038 [INFO] PinOutPanel:1499 - setPackage(STM32F407VGTx,LQFP100)
2026-01-21 22:35:30,484 [INFO] UtilMem:75 - Before build in PCC Used Memory: 714037728 Bytes (1073741824)
2026-01-21 22:35:31,836 [INFO] UtilMem:75 - After build in PCC Used Memory: 774390392 Bytes (1073741824)
2026-01-21 22:35:32,070 [INFO] ApiDbMcu:507 - Load IP Config File for FATFS
2026-01-21 22:35:32,124 [INFO] IPUIPlugin:80 - create IPUIPlugin
2026-01-21 22:35:32,124 [INFO] IPUIPlugin:80 - create IPUIPlugin
2026-01-21 22:35:32,124 [INFO] IPUIPlugin:80 - create IPUIPlugin
2026-01-21 22:35:32,124 [INFO] IPUIPlugin:80 - create IPUIPlugin
2026-01-21 22:35:32,124 [INFO] IPUIPlugin:80 - create IPUIPlugin
2026-01-21 22:35:32,125 [INFO] IPUIPlugin:80 - create IPUIPlugin
2026-01-21 22:35:32,125 [INFO] IPUIPlugin:80 - create IPUIPlugin
2026-01-21 22:35:32,125 [INFO] IPUIPlugin:80 - create IPUIPlugin
2026-01-21 22:35:32,126 [INFO] IPUIPlugin:80 - create IPUIPlugin
2026-01-21 22:35:32,126 [INFO] IPUIPlugin:80 - create IPUIPlugin
2026-01-21 22:35:32,126 [INFO] IPUIPlugin:80 - create IPUIPlugin
2026-01-21 22:35:32,126 [INFO] IPUIPlugin:80 - create IPUIPlugin
2026-01-21 22:35:32,127 [INFO] IPUIPlugin:80 - create IPUIPlugin
2026-01-21 22:35:32,127 [INFO] IPUIPlugin:80 - create IPUIPlugin
2026-01-21 22:35:32,127 [INFO] IPUIPlugin:80 - create IPUIPlugin
2026-01-21 22:35:32,127 [INFO] IPUIPlugin:80 - create IPUIPlugin
2026-01-21 22:35:32,127 [INFO] IPUIPlugin:80 - create IPUIPlugin
2026-01-21 22:35:32,127 [INFO] IPUIPlugin:80 - create IPUIPlugin
2026-01-21 22:35:32,127 [INFO] IPUIPlugin:80 - create IPUIPlugin
2026-01-21 22:35:32,127 [INFO] IPUIPlugin:80 - create IPUIPlugin
2026-01-21 22:35:32,128 [INFO] IPUIPlugin:80 - create IPUIPlugin
2026-01-21 22:35:32,128 [INFO] IPUIPlugin:80 - create IPUIPlugin
2026-01-21 22:35:32,128 [INFO] IPUIPlugin:80 - create IPUIPlugin
2026-01-21 22:35:32,128 [INFO] IPUIPlugin:80 - create IPUIPlugin
2026-01-21 22:35:32,128 [INFO] IPUIPlugin:80 - create IPUIPlugin
2026-01-21 22:35:32,129 [INFO] IPUIPlugin:80 - create IPUIPlugin
2026-01-21 22:35:32,130 [INFO] IPUIPlugin:80 - create IPUIPlugin
2026-01-21 22:35:32,133 [INFO] IPUIPlugin:80 - create IPUIPlugin
2026-01-21 22:35:32,133 [INFO] IPUIPlugin:80 - create IPUIPlugin
2026-01-21 22:35:32,133 [INFO] IPUIPlugin:80 - create IPUIPlugin
2026-01-21 22:35:32,134 [INFO] IPUIPlugin:80 - create IPUIPlugin
2026-01-21 22:35:32,135 [INFO] IPUIPlugin:80 - create IPUIPlugin
2026-01-21 22:35:32,135 [INFO] IPUIPlugin:80 - create IPUIPlugin
2026-01-21 22:35:32,135 [INFO] IPUIPlugin:80 - create IPUIPlugin
2026-01-21 22:35:32,136 [INFO] IPUIPlugin:80 - create IPUIPlugin
2026-01-21 22:35:32,136 [INFO] IPUIPlugin:80 - create IPUIPlugin
2026-01-21 22:35:32,136 [INFO] IPUIPlugin:80 - create IPUIPlugin
2026-01-21 22:35:32,137 [INFO] IPUIPlugin:80 - create IPUIPlugin
2026-01-21 22:35:32,138 [INFO] IPUIPlugin:80 - create IPUIPlugin
2026-01-21 22:35:32,138 [INFO] IPUIPlugin:80 - create IPUIPlugin
2026-01-21 22:35:32,139 [INFO] IPUIPlugin:80 - create IPUIPlugin
2026-01-21 22:35:32,140 [INFO] IPUIPlugin:80 - create IPUIPlugin
2026-01-21 22:35:32,141 [INFO] IPUIPlugin:80 - create IPUIPlugin
2026-01-21 22:35:32,141 [INFO] IPUIPlugin:80 - create IPUIPlugin
2026-01-21 22:35:32,141 [INFO] IPUIPlugin:80 - create IPUIPlugin
2026-01-21 22:35:32,142 [INFO] IPUIPlugin:80 - create IPUIPlugin
2026-01-21 22:35:32,142 [INFO] IPUIPlugin:80 - create IPUIPlugin
2026-01-21 22:35:32,143 [INFO] IPUIPlugin:80 - create IPUIPlugin
2026-01-21 22:35:32,143 [INFO] IPUIPlugin:80 - create IPUIPlugin
2026-01-21 22:35:32,144 [INFO] IPUIPlugin:80 - create IPUIPlugin
2026-01-21 22:35:32,144 [INFO] IPUIPlugin:80 - create IPUIPlugin
2026-01-21 22:35:32,144 [INFO] IPUIPlugin:80 - create IPUIPlugin
2026-01-21 22:35:32,145 [INFO] IPUIPlugin:80 - create IPUIPlugin
2026-01-21 22:35:32,145 [INFO] IPUIPlugin:80 - create IPUIPlugin
2026-01-21 22:35:32,145 [INFO] IPUIPlugin:80 - create IPUIPlugin
2026-01-21 22:35:32,146 [INFO] IPUIPlugin:80 - create IPUIPlugin
2026-01-21 22:35:32,147 [INFO] IPUIPlugin:80 - create IPUIPlugin
2026-01-21 22:35:32,147 [INFO] IPUIPlugin:80 - create IPUIPlugin
2026-01-21 22:35:32,192 [INFO] ApiDbMcu:507 - Load IP Config File for PDM2PCM
2026-01-21 22:35:32,201 [WARN] IP:2114 - I2C_Coeff_DF not found: check if there is a RefParameter without a condition.
2026-01-21 22:35:32,202 [WARN] IP:2114 - Analog_Filter not found: check if there is a RefParameter without a condition.
2026-01-21 22:35:32,547 [INFO] CADModel:165 - CPN selected for project levelSTM32F407VGT6
2026-01-21 22:35:32,547 [INFO] CADModel:114 - Register for checkConnection events
2026-01-21 22:35:32,623 [INFO] OpenFileManager:328 - Restore cursor
2026-01-21 22:35:32,823 [WARN] IP:2114 - I2C_Coeff_DF not found: check if there is a RefParameter without a condition.
2026-01-21 22:35:32,824 [WARN] IP:2114 - Analog_Filter not found: check if there is a RefParameter without a condition.
2026-01-21 22:35:32,824 [WARN] IP:2114 - I2C_Coeff_DF not found: check if there is a RefParameter without a condition.
2026-01-21 22:35:32,824 [WARN] IP:2114 - Analog_Filter not found: check if there is a RefParameter without a condition.
2026-01-21 23:34:05,121 [WARN] IP:2114 - I2C_Coeff_DF not found: check if there is a RefParameter without a condition.
2026-01-21 23:34:05,121 [WARN] IP:2114 - Analog_Filter not found: check if there is a RefParameter without a condition.
2026-01-21 23:34:05,122 [WARN] IP:2114 - I2C_Coeff_DF not found: check if there is a RefParameter without a condition.
2026-01-21 23:34:05,122 [WARN] IP:2114 - Analog_Filter not found: check if there is a RefParameter without a condition.
2026-01-21 23:34:05,152 [WARN] IP:2114 - I2C_Coeff_DF not found: check if there is a RefParameter without a condition.
2026-01-21 23:34:05,152 [WARN] IP:2114 - Analog_Filter not found: check if there is a RefParameter without a condition.
2026-01-21 23:34:05,181 [WARN] IP:2114 - I2C_Coeff_DF not found: check if there is a RefParameter without a condition.
2026-01-21 23:34:05,181 [WARN] IP:2114 - Analog_Filter not found: check if there is a RefParameter without a condition.
2026-01-21 23:34:09,630 [INFO] UtilMem:75 - End SaveConfig() Used Memory: 683798496 Bytes (1073741824)
2026-01-21 23:34:10,780 [INFO] UtilMem:75 - End SaveConfig() Used Memory: 714733536 Bytes (1073741824)
2026-01-21 23:34:12,618 [INFO] UtilMem:75 - End SaveConfig() Used Memory: 820639712 Bytes (1073741824)
2026-01-21 23:34:13,079 [INFO] BlockDiagram:2759 - set Specific Code input for plugin: SPI
2026-01-21 23:34:13,080 [INFO] BlockDiagram:2759 - set Specific Code input for plugin: SDIO
2026-01-21 23:34:13,080 [INFO] BlockDiagram:2759 - set Specific Code input for plugin: TIM1_8
2026-01-21 23:34:13,080 [INFO] BlockDiagram:2759 - set Specific Code input for plugin: SYS
2026-01-21 23:34:13,080 [INFO] BlockDiagram:2759 - set Specific Code input for plugin: RCC
2026-01-21 23:34:13,080 [INFO] BlockDiagram:2759 - set Specific Code input for plugin: I2C
2026-01-21 23:34:13,080 [INFO] BlockDiagram:2759 - set Specific Code input for plugin: NVIC
2026-01-21 23:34:13,080 [INFO] BlockDiagram:2759 - set Specific Code input for plugin: USART
2026-01-21 23:34:13,080 [INFO] BlockDiagram:2759 - set Specific Code input for plugin: DMA
2026-01-21 23:34:13,081 [INFO] BlockDiagram:2759 - set Specific Code input for plugin: GPIO
2026-01-21 23:34:13,081 [INFO] BlockDiagram:2759 - set Specific Code input for plugin: FATFS
2026-01-21 23:34:13,083 [INFO] CodeGenerator:799 - code generatio: config db path: C:\ST\STM32CubeIDE_1.13.0\STM32CubeIDE\plugins\com.st.stm32cube.common.mx_6.9.0.202307051724\\db\
2026-01-21 23:34:13,104 [WARN] IP:2114 - I2C_Coeff_DF not found: check if there is a RefParameter without a condition.
2026-01-21 23:34:13,104 [WARN] IP:2114 - Analog_Filter not found: check if there is a RefParameter without a condition.
2026-01-21 23:34:13,446 [INFO] CodeEngine:255 - oldGeneratedFile, C:\programing\Embedded\projects_stm32\MeteoStation\MeteoStation\MXTmpFiles\license.tmp_save
2026-01-21 23:34:14,007 [INFO] CodeEngine:279 - Generated code: C:\programing\Embedded\projects_stm32\MeteoStation\MeteoStation\MXTmpFiles\license.tmp
2026-01-21 23:34:14,114 [INFO] CodeEngine:255 - oldGeneratedFile, C:\programing\Embedded\projects_stm32\MeteoStation\MeteoStation\MXTmpFiles\gpio.tmp_save
2026-01-21 23:34:14,268 [INFO] CodeEngine:279 - Generated code: C:\programing\Embedded\projects_stm32\MeteoStation\MeteoStation\MXTmpFiles\gpio.tmp
2026-01-21 23:34:14,819 [INFO] CodeEngine:255 - oldGeneratedFile, C:\programing\Embedded\projects_stm32\MeteoStation\MeteoStation\MXTmpFiles\fatfs_HalInit.tmp_save
2026-01-21 23:34:14,895 [INFO] CodeEngine:279 - Generated code: C:\programing\Embedded\projects_stm32\MeteoStation\MeteoStation\MXTmpFiles\fatfs_HalInit.tmp
2026-01-21 23:34:14,910 [INFO] CodeEngine:255 - oldGeneratedFile, C:\programing\Embedded\projects_stm32\MeteoStation\MeteoStation\MXTmpFiles\fatfs_vars.tmp_save
2026-01-21 23:34:14,980 [INFO] CodeEngine:279 - Generated code: C:\programing\Embedded\projects_stm32\MeteoStation\MeteoStation\MXTmpFiles\fatfs_vars.tmp
2026-01-21 23:34:14,995 [INFO] CodeEngine:255 - oldGeneratedFile, C:\programing\Embedded\projects_stm32\MeteoStation\MeteoStation\MXTmpFiles\fatfs_ext_vars.tmp_save
2026-01-21 23:34:15,062 [INFO] CodeEngine:279 - Generated code: C:\programing\Embedded\projects_stm32\MeteoStation\MeteoStation\MXTmpFiles\fatfs_ext_vars.tmp
2026-01-21 23:34:15,079 [INFO] CodeEngine:255 - oldGeneratedFile, C:\programing\Embedded\projects_stm32\MeteoStation\MeteoStation\MXTmpFiles\fatfs_inc.tmp_save
2026-01-21 23:34:15,153 [INFO] CodeEngine:279 - Generated code: C:\programing\Embedded\projects_stm32\MeteoStation\MeteoStation\MXTmpFiles\fatfs_inc.tmp
2026-01-21 23:34:15,200 [INFO] CodeEngine:255 - oldGeneratedFile, C:\programing\Embedded\projects_stm32\MeteoStation\MeteoStation\MXTmpFiles\dma.tmp_save
2026-01-21 23:34:15,311 [INFO] CodeEngine:279 - Generated code: C:\programing\Embedded\projects_stm32\MeteoStation\MeteoStation\MXTmpFiles\dma.tmp
2026-01-21 23:34:15,324 [INFO] CodeEngine:255 - oldGeneratedFile, C:\programing\Embedded\projects_stm32\MeteoStation\MeteoStation\MXTmpFiles\dma_GV.tmp_save
2026-01-21 23:34:15,392 [INFO] CodeEngine:279 - Generated code: C:\programing\Embedded\projects_stm32\MeteoStation\MeteoStation\MXTmpFiles\dma_GV.tmp
2026-01-21 23:34:15,405 [INFO] CodeEngine:255 - oldGeneratedFile, C:\programing\Embedded\projects_stm32\MeteoStation\MeteoStation\MXTmpFiles\fatfs_HalInit.tmp_save
2026-01-21 23:34:15,482 [INFO] CodeEngine:279 - Generated code: C:\programing\Embedded\projects_stm32\MeteoStation\MeteoStation\MXTmpFiles\fatfs_HalInit.tmp
2026-01-21 23:34:15,510 [INFO] CodeEngine:255 - oldGeneratedFile, C:\programing\Embedded\projects_stm32\MeteoStation\MeteoStation\MXTmpFiles\fatfs_vars.tmp_save
2026-01-21 23:34:15,561 [INFO] CodeEngine:279 - Generated code: C:\programing\Embedded\projects_stm32\MeteoStation\MeteoStation\MXTmpFiles\fatfs_vars.tmp
2026-01-21 23:34:15,567 [INFO] CodeEngine:255 - oldGeneratedFile, C:\programing\Embedded\projects_stm32\MeteoStation\MeteoStation\MXTmpFiles\fatfs_ext_vars.tmp_save
2026-01-21 23:34:15,617 [INFO] CodeEngine:279 - Generated code: C:\programing\Embedded\projects_stm32\MeteoStation\MeteoStation\MXTmpFiles\fatfs_ext_vars.tmp
2026-01-21 23:34:15,625 [INFO] CodeEngine:255 - oldGeneratedFile, C:\programing\Embedded\projects_stm32\MeteoStation\MeteoStation\MXTmpFiles\fatfs_inc.tmp_save
2026-01-21 23:34:15,685 [INFO] CodeEngine:279 - Generated code: C:\programing\Embedded\projects_stm32\MeteoStation\MeteoStation\MXTmpFiles\fatfs_inc.tmp
2026-01-21 23:34:15,720 [INFO] CodeEngine:255 - oldGeneratedFile, C:\programing\Embedded\projects_stm32\MeteoStation\MeteoStation\FATFS\Target\ffconf.h_save
2026-01-21 23:34:15,821 [INFO] CodeEngine:279 - Generated code: C:\programing\Embedded\projects_stm32\MeteoStation\MeteoStation\FATFS\Target\ffconf.h
2026-01-21 23:34:15,856 [INFO] CodeEngine:255 - oldGeneratedFile, C:\programing\Embedded\projects_stm32\MeteoStation\MeteoStation\FATFS\Target\bsp_driver_sd.c_save
2026-01-21 23:34:15,935 [INFO] CodeEngine:279 - Generated code: C:\programing\Embedded\projects_stm32\MeteoStation\MeteoStation\FATFS\Target\bsp_driver_sd.c
2026-01-21 23:34:15,969 [INFO] CodeEngine:255 - oldGeneratedFile, C:\programing\Embedded\projects_stm32\MeteoStation\MeteoStation\FATFS\Target\bsp_driver_sd.h_save
2026-01-21 23:34:16,037 [INFO] CodeEngine:279 - Generated code: C:\programing\Embedded\projects_stm32\MeteoStation\MeteoStation\FATFS\Target\bsp_driver_sd.h
2026-01-21 23:34:16,062 [INFO] CodeEngine:255 - oldGeneratedFile, C:\programing\Embedded\projects_stm32\MeteoStation\MeteoStation\FATFS\Target\sd_diskio.h_save
2026-01-21 23:34:16,127 [INFO] CodeEngine:279 - Generated code: C:\programing\Embedded\projects_stm32\MeteoStation\MeteoStation\FATFS\Target\sd_diskio.h
2026-01-21 23:34:16,153 [INFO] CodeEngine:255 - oldGeneratedFile, C:\programing\Embedded\projects_stm32\MeteoStation\MeteoStation\FATFS\Target\sd_diskio.c_save
2026-01-21 23:34:16,244 [INFO] CodeEngine:279 - Generated code: C:\programing\Embedded\projects_stm32\MeteoStation\MeteoStation\FATFS\Target\sd_diskio.c
2026-01-21 23:34:16,280 [INFO] CodeEngine:255 - oldGeneratedFile, C:\programing\Embedded\projects_stm32\MeteoStation\MeteoStation\FATFS\App\fatfs.c_save
2026-01-21 23:34:16,356 [INFO] CodeEngine:279 - Generated code: C:\programing\Embedded\projects_stm32\MeteoStation\MeteoStation\FATFS\App\fatfs.c
2026-01-21 23:34:16,379 [INFO] CodeEngine:255 - oldGeneratedFile, C:\programing\Embedded\projects_stm32\MeteoStation\MeteoStation\FATFS\App\fatfs.h_save
2026-01-21 23:34:16,454 [INFO] CodeEngine:279 - Generated code: C:\programing\Embedded\projects_stm32\MeteoStation\MeteoStation\FATFS\App\fatfs.h
2026-01-21 23:34:16,477 [INFO] CodeEngine:255 - oldGeneratedFile, C:\programing\Embedded\projects_stm32\MeteoStation\MeteoStation\FATFS\Target\fatfs_platform.c_save
2026-01-21 23:34:16,541 [INFO] CodeEngine:279 - Generated code: C:\programing\Embedded\projects_stm32\MeteoStation\MeteoStation\FATFS\Target\fatfs_platform.c
2026-01-21 23:34:16,562 [INFO] CodeEngine:255 - oldGeneratedFile, C:\programing\Embedded\projects_stm32\MeteoStation\MeteoStation\FATFS\Target\fatfs_platform.h_save
2026-01-21 23:34:16,632 [INFO] CodeEngine:279 - Generated code: C:\programing\Embedded\projects_stm32\MeteoStation\MeteoStation\FATFS\Target\fatfs_platform.h
2026-01-21 23:34:16,667 [INFO] CodeEngine:255 - oldGeneratedFile, C:\programing\Embedded\projects_stm32\MeteoStation\MeteoStation\Core\Src\stm32f4xx_it.c_save
2026-01-21 23:34:16,766 [INFO] CodeEngine:279 - Generated code: C:\programing\Embedded\projects_stm32\MeteoStation\MeteoStation\Core\Src\stm32f4xx_it.c
2026-01-21 23:34:16,791 [INFO] CodeEngine:255 - oldGeneratedFile, C:\programing\Embedded\projects_stm32\MeteoStation\MeteoStation\Core\Inc\stm32f4xx_it.h_save
2026-01-21 23:34:16,867 [INFO] CodeEngine:279 - Generated code: C:\programing\Embedded\projects_stm32\MeteoStation\MeteoStation\Core\Inc\stm32f4xx_it.h
2026-01-21 23:34:16,897 [INFO] CodeEngine:255 - oldGeneratedFile, C:\programing\Embedded\projects_stm32\MeteoStation\MeteoStation\Core\Src\stm32f4xx_hal_msp.c_save
2026-01-21 23:34:17,019 [INFO] CodeEngine:279 - Generated code: C:\programing\Embedded\projects_stm32\MeteoStation\MeteoStation\Core\Src\stm32f4xx_hal_msp.c
2026-01-21 23:34:17,043 [INFO] CodeEngine:255 - oldGeneratedFile, C:\programing\Embedded\projects_stm32\MeteoStation\MeteoStation\MXTmpFiles\system.tmp_save
2026-01-21 23:34:17,100 [INFO] CodeEngine:279 - Generated code: C:\programing\Embedded\projects_stm32\MeteoStation\MeteoStation\MXTmpFiles\system.tmp
2026-01-21 23:34:17,125 [INFO] CodeEngine:255 - oldGeneratedFile, C:\programing\Embedded\projects_stm32\MeteoStation\MeteoStation\Core\Src\stm32f4xx_hal_timebase_tim.c_save
2026-01-21 23:34:17,205 [INFO] CodeEngine:279 - Generated code: C:\programing\Embedded\projects_stm32\MeteoStation\MeteoStation\Core\Src\stm32f4xx_hal_timebase_tim.c
2026-01-21 23:34:17,233 [INFO] CodeEngine:311 - oldGeneratedFile, C:\programing\Embedded\projects_stm32\MeteoStation\MeteoStation\Core\Inc\stm32f4xx_hal_conf.h_save
2026-01-21 23:34:17,309 [INFO] CodeEngine:335 - Generated code: C:\programing\Embedded\projects_stm32\MeteoStation\MeteoStation\Core\Inc\stm32f4xx_hal_conf.h
2026-01-21 23:34:17,343 [WARN] IPConfigManager:3431 - IP not found : TIM
2026-01-21 23:34:17,344 [WARN] CodeGenerator:3760 - IP not found : null
2026-01-21 23:34:17,375 [INFO] CodeEngine:255 - oldGeneratedFile, C:\programing\Embedded\projects_stm32\MeteoStation\MeteoStation\Core\Inc\main.h_save
2026-01-21 23:34:17,467 [INFO] CodeEngine:279 - Generated code: C:\programing\Embedded\projects_stm32\MeteoStation\MeteoStation\Core\Inc\main.h
2026-01-21 23:34:17,494 [INFO] CodeEngine:255 - oldGeneratedFile, C:\programing\Embedded\projects_stm32\MeteoStation\MeteoStation\Core\Src\main.c_save
2026-01-21 23:34:17,637 [INFO] CodeEngine:279 - Generated code: C:\programing\Embedded\projects_stm32\MeteoStation\MeteoStation\Core\Src\main.c
2026-01-21 23:34:18,260 [INFO] ProjectBuilder:3064 - Time for Copy HAL[1] : 210mS.
2026-01-21 23:34:18,269 [INFO] ProjectBuilder:4404 - Project Generator version: 4.1.0
2026-01-21 23:34:18,466 [INFO] ConfigFileManager:1457 - The Die is : DIE413
2026-01-21 23:34:18,490 [INFO] ApiDbMcu:507 - Load IP Config File for FREERTOS
2026-01-21 23:34:18,509 [INFO] ApiDbMcu:507 - Load IP Config File for LIBJPEG
2026-01-21 23:34:18,535 [INFO] ApiDbMcu:507 - Load IP Config File for LWIP
2026-01-21 23:34:18,555 [INFO] ApiDbMcu:507 - Load IP Config File for MBEDTLS
2026-01-21 23:34:18,574 [INFO] ApiDbMcu:507 - Load IP Config File for USB_DEVICE
2026-01-21 23:34:18,595 [INFO] ApiDbMcu:507 - Load IP Config File for USB_HOST
2026-01-21 23:34:19,601 [INFO] LogOutputStream:77 - [STDOUT_REDIRECT] 
2026-01-21 23:34:22,323 [INFO] ProjectBuilder:4626 - Time for Generating toolchain IDE Files: 4054mS.
2026-01-21 23:34:22,324 [INFO] ProjectBuilder:2935 - Time for Copy CMSIS : 1mS.
2026-01-21 23:34:22,327 [INFO] ProjectBuilder:2935 - Time for Copy CMSIS : 1mS.
2026-01-21 23:56:51,037 [INFO] NvicIntPanel:101 - NVIC parent = com.st.microxplorer.plugins.ip.nvic.MultiNvicIntPanel[,0,0,0x0,invalid,layout=javax.swing.BoxLayout,alignmentX=0.0,alignmentY=0.0,border=,flags=9,maximumSize=,minimumSize=,preferredSize=]
2026-01-21 23:56:51,127 [INFO] NvicIntPanel:101 - NVIC parent = com.st.microxplorer.plugins.ip.nvic.MultiNvicIntPanel[,0,0,0x0,invalid,layout=javax.swing.BoxLayout,alignmentX=0.0,alignmentY=0.0,border=,flags=9,maximumSize=,minimumSize=,preferredSize=]
2026-01-21 23:56:53,617 [INFO] UtilMem:75 - End SaveConfig() Used Memory: 740938608 Bytes (1073741824)
2026-01-21 23:56:54,621 [INFO] UtilMem:75 - End SaveConfig() Used Memory: 771873648 Bytes (1073741824)
2026-01-21 23:56:55,898 [INFO] UtilMem:75 - End SaveConfig() Used Memory: 879876976 Bytes (1073741824)
2026-01-21 23:56:56,162 [INFO] BlockDiagram:2759 - set Specific Code input for plugin: SPI
2026-01-21 23:56:56,162 [INFO] BlockDiagram:2759 - set Specific Code input for plugin: SDIO
2026-01-21 23:56:56,162 [INFO] BlockDiagram:2759 - set Specific Code input for plugin: TIM1_8
2026-01-21 23:56:56,162 [INFO] BlockDiagram:2759 - set Specific Code input for plugin: SYS
2026-01-21 23:56:56,162 [INFO] BlockDiagram:2759 - set Specific Code input for plugin: RCC
2026-01-21 23:56:56,163 [INFO] BlockDiagram:2759 - set Specific Code input for plugin: I2C
2026-01-21 23:56:56,163 [INFO] BlockDiagram:2759 - set Specific Code input for plugin: NVIC
2026-01-21 23:56:56,163 [INFO] BlockDiagram:2759 - set Specific Code input for plugin: USART
2026-01-21 23:56:56,163 [INFO] BlockDiagram:2759 - set Specific Code input for plugin: DMA
2026-01-21 23:56:56,163 [INFO] BlockDiagram:2759 - set Specific Code input for plugin: GPIO
2026-01-21 23:56:56,163 [INFO] BlockDiagram:2759 - set Specific Code input for plugin: FATFS
2026-01-21 23:56:56,165 [INFO] CodeGenerator:799 - code generatio: config db path: C:\ST\STM32CubeIDE_1.13.0\STM32CubeIDE\plugins\com.st.stm32cube.common.mx_6.9.0.202307051724\\db\
2026-01-21 23:56:56,169 [WARN] IP:2114 - I2C_Coeff_DF not found: check if there is a RefParameter without a condition.
2026-01-21 23:56:56,169 [WARN] IP:2114 - Analog_Filter not found: check if there is a RefParameter without a condition.
2026-01-21 23:56:56,204 [INFO] Argument:319 - Argument : hdmavalue: null
2026-01-21 23:56:56,204 [INFO] Argument:321 - 	 sub Args: 
2026-01-21 23:56:56,204 [INFO] Argument:319 - Argument : Instancevalue: DMA2_Stream3
2026-01-21 23:56:56,204 [INFO] Argument:329 - Argument : Instancevalue: DMA2_Stream3
2026-01-21 23:56:56,204 [INFO] Argument:319 - Argument : Initvalue: null
2026-01-21 23:56:56,204 [INFO] Argument:321 - 	 sub Args: 
2026-01-21 23:56:56,204 [INFO] Argument:319 - Argument : Channelvalue: DMA_CHANNEL_4
2026-01-21 23:56:56,204 [INFO] Argument:329 - Argument : Channelvalue: DMA_CHANNEL_4
2026-01-21 23:56:56,204 [INFO] Argument:319 - Argument : Directionvalue: DMA_MEMORY_TO_PERIPH
2026-01-21 23:56:56,204 [INFO] Argument:329 - Argument : Directionvalue: DMA_MEMORY_TO_PERIPH
2026-01-21 23:56:56,204 [INFO] Argument:319 - Argument : PeriphIncvalue: DMA_PINC_DISABLE
2026-01-21 23:56:56,204 [INFO] Argument:329 - Argument : PeriphIncvalue: DMA_PINC_DISABLE
2026-01-21 23:56:56,204 [INFO] Argument:319 - Argument : MemIncvalue: DMA_MINC_ENABLE
2026-01-21 23:56:56,204 [INFO] Argument:329 - Argument : MemIncvalue: DMA_MINC_ENABLE
2026-01-21 23:56:56,204 [INFO] Argument:319 - Argument : PeriphDataAlignmentvalue: DMA_PDATAALIGN_WORD
2026-01-21 23:56:56,204 [INFO] Argument:329 - Argument : PeriphDataAlignmentvalue: DMA_PDATAALIGN_WORD
2026-01-21 23:56:56,204 [INFO] Argument:319 - Argument : MemDataAlignmentvalue: DMA_MDATAALIGN_WORD
2026-01-21 23:56:56,204 [INFO] Argument:329 - Argument : MemDataAlignmentvalue: DMA_MDATAALIGN_WORD
2026-01-21 23:56:56,204 [INFO] Argument:319 - Argument : Modevalue: DMA_PFCTRL
2026-01-21 23:56:56,204 [INFO] Argument:329 - Argument : Modevalue: DMA_PFCTRL
2026-01-21 23:56:56,204 [INFO] Argument:319 - Argument : Priorityvalue: DMA_PRIORITY_LOW
2026-01-21 23:56:56,205 [INFO] Argument:329 - Argument : Priorityvalue: DMA_PRIORITY_LOW
2026-01-21 23:56:56,205 [INFO] Argument:319 - Argument : FIFOModevalue: DMA_FIFOMODE_ENABLE
2026-01-21 23:56:56,205 [INFO] Argument:329 - Argument : FIFOModevalue: DMA_FIFOMODE_ENABLE
2026-01-21 23:56:56,205 [INFO] Argument:319 - Argument : FIFOThresholdvalue: DMA_FIFO_THRESHOLD_FULL
2026-01-21 23:56:56,205 [INFO] Argument:329 - Argument : FIFOThresholdvalue: DMA_FIFO_THRESHOLD_FULL
2026-01-21 23:56:56,205 [INFO] Argument:319 - Argument : MemBurstvalue: DMA_MBURST_INC4
2026-01-21 23:56:56,205 [INFO] Argument:329 - Argument : MemBurstvalue: DMA_MBURST_INC4
2026-01-21 23:56:56,205 [INFO] Argument:319 - Argument : PeriphBurstvalue: DMA_PBURST_INC4
2026-01-21 23:56:56,205 [INFO] Argument:329 - Argument : PeriphBurstvalue: DMA_PBURST_INC4
2026-01-21 23:56:56,205 [INFO] Argument:319 - Argument : Lockvalue: null
2026-01-21 23:56:56,205 [INFO] Argument:329 - Argument : Lockvalue: null
2026-01-21 23:56:56,205 [INFO] Argument:319 - Argument : Statevalue: null
2026-01-21 23:56:56,205 [INFO] Argument:329 - Argument : Statevalue: null
2026-01-21 23:56:56,205 [INFO] Argument:319 - Argument : Parentvalue: null
2026-01-21 23:56:56,205 [INFO] Argument:329 - Argument : Parentvalue: null
2026-01-21 23:56:56,205 [INFO] Argument:319 - Argument : XferCpltCallbackvalue: null
2026-01-21 23:56:56,205 [INFO] Argument:329 - Argument : XferCpltCallbackvalue: null
2026-01-21 23:56:56,205 [INFO] Argument:319 - Argument : XferHalfCpltCallbackvalue: null
2026-01-21 23:56:56,205 [INFO] Argument:329 - Argument : XferHalfCpltCallbackvalue: null
2026-01-21 23:56:56,205 [INFO] Argument:319 - Argument : XferM1CpltCallbackvalue: null
2026-01-21 23:56:56,205 [INFO] Argument:329 - Argument : XferM1CpltCallbackvalue: null
2026-01-21 23:56:56,205 [INFO] Argument:319 - Argument : XferErrorCallbackvalue: null
2026-01-21 23:56:56,205 [INFO] Argument:329 - Argument : XferErrorCallbackvalue: null
2026-01-21 23:56:56,205 [INFO] Argument:319 - Argument : ErrorCodevalue: null
2026-01-21 23:56:56,205 [INFO] Argument:329 - Argument : ErrorCodevalue: null
2026-01-21 23:56:56,205 [INFO] Argument:319 - Argument : hdmavalue: null
2026-01-21 23:56:56,205 [INFO] Argument:321 - 	 sub Args: 
2026-01-21 23:56:56,205 [INFO] Argument:319 - Argument : Instancevalue: DMA2_Stream6
2026-01-21 23:56:56,206 [INFO] Argument:329 - Argument : Instancevalue: DMA2_Stream6
2026-01-21 23:56:56,206 [INFO] Argument:319 - Argument : Initvalue: null
2026-01-21 23:56:56,206 [INFO] Argument:321 - 	 sub Args: 
2026-01-21 23:56:56,206 [INFO] Argument:319 - Argument : Channelvalue: DMA_CHANNEL_4
2026-01-21 23:56:56,206 [INFO] Argument:329 - Argument : Channelvalue: DMA_CHANNEL_4
2026-01-21 23:56:56,206 [INFO] Argument:319 - Argument : Directionvalue: DMA_PERIPH_TO_MEMORY
2026-01-21 23:56:56,206 [INFO] Argument:329 - Argument : Directionvalue: DMA_PERIPH_TO_MEMORY
2026-01-21 23:56:56,206 [INFO] Argument:319 - Argument : PeriphIncvalue: DMA_PINC_DISABLE
2026-01-21 23:56:56,206 [INFO] Argument:329 - Argument : PeriphIncvalue: DMA_PINC_DISABLE
2026-01-21 23:56:56,206 [INFO] Argument:319 - Argument : MemIncvalue: DMA_MINC_ENABLE
2026-01-21 23:56:56,206 [INFO] Argument:329 - Argument : MemIncvalue: DMA_MINC_ENABLE
2026-01-21 23:56:56,206 [INFO] Argument:319 - Argument : PeriphDataAlignmentvalue: DMA_PDATAALIGN_WORD
2026-01-21 23:56:56,206 [INFO] Argument:329 - Argument : PeriphDataAlignmentvalue: DMA_PDATAALIGN_WORD
2026-01-21 23:56:56,206 [INFO] Argument:319 - Argument : MemDataAlignmentvalue: DMA_MDATAALIGN_WORD
2026-01-21 23:56:56,206 [INFO] Argument:329 - Argument : MemDataAlignmentvalue: DMA_MDATAALIGN_WORD
2026-01-21 23:56:56,206 [INFO] Argument:319 - Argument : Modevalue: DMA_PFCTRL
2026-01-21 23:56:56,206 [INFO] Argument:329 - Argument : Modevalue: DMA_PFCTRL
2026-01-21 23:56:56,206 [INFO] Argument:319 - Argument : Priorityvalue: DMA_PRIORITY_LOW
2026-01-21 23:56:56,206 [INFO] Argument:329 - Argument : Priorityvalue: DMA_PRIORITY_LOW
2026-01-21 23:56:56,206 [INFO] Argument:319 - Argument : FIFOModevalue: DMA_FIFOMODE_ENABLE
2026-01-21 23:56:56,206 [INFO] Argument:329 - Argument : FIFOModevalue: DMA_FIFOMODE_ENABLE
2026-01-21 23:56:56,206 [INFO] Argument:319 - Argument : FIFOThresholdvalue: DMA_FIFO_THRESHOLD_FULL
2026-01-21 23:56:56,206 [INFO] Argument:329 - Argument : FIFOThresholdvalue: DMA_FIFO_THRESHOLD_FULL
2026-01-21 23:56:56,206 [INFO] Argument:319 - Argument : MemBurstvalue: DMA_MBURST_INC4
2026-01-21 23:56:56,206 [INFO] Argument:329 - Argument : MemBurstvalue: DMA_MBURST_INC4
2026-01-21 23:56:56,206 [INFO] Argument:319 - Argument : PeriphBurstvalue: DMA_PBURST_INC4
2026-01-21 23:56:56,206 [INFO] Argument:329 - Argument : PeriphBurstvalue: DMA_PBURST_INC4
2026-01-21 23:56:56,206 [INFO] Argument:319 - Argument : Lockvalue: null
2026-01-21 23:56:56,206 [INFO] Argument:329 - Argument : Lockvalue: null
2026-01-21 23:56:56,206 [INFO] Argument:319 - Argument : Statevalue: null
2026-01-21 23:56:56,206 [INFO] Argument:329 - Argument : Statevalue: null
2026-01-21 23:56:56,206 [INFO] Argument:319 - Argument : Parentvalue: null
2026-01-21 23:56:56,206 [INFO] Argument:329 - Argument : Parentvalue: null
2026-01-21 23:56:56,206 [INFO] Argument:319 - Argument : XferCpltCallbackvalue: null
2026-01-21 23:56:56,206 [INFO] Argument:329 - Argument : XferCpltCallbackvalue: null
2026-01-21 23:56:56,206 [INFO] Argument:319 - Argument : XferHalfCpltCallbackvalue: null
2026-01-21 23:56:56,206 [INFO] Argument:329 - Argument : XferHalfCpltCallbackvalue: null
2026-01-21 23:56:56,206 [INFO] Argument:319 - Argument : XferM1CpltCallbackvalue: null
2026-01-21 23:56:56,206 [INFO] Argument:329 - Argument : XferM1CpltCallbackvalue: null
2026-01-21 23:56:56,206 [INFO] Argument:319 - Argument : XferErrorCallbackvalue: null
2026-01-21 23:56:56,206 [INFO] Argument:329 - Argument : XferErrorCallbackvalue: null
2026-01-21 23:56:56,206 [INFO] Argument:319 - Argument : ErrorCodevalue: null
2026-01-21 23:56:56,206 [INFO] Argument:329 - Argument : ErrorCodevalue: null
2026-01-21 23:56:56,334 [INFO] CodeEngine:255 - oldGeneratedFile, C:\programing\Embedded\projects_stm32\MeteoStation\MeteoStation\MXTmpFiles\license.tmp_save
2026-01-21 23:56:56,457 [INFO] CodeEngine:279 - Generated code: C:\programing\Embedded\projects_stm32\MeteoStation\MeteoStation\MXTmpFiles\license.tmp
2026-01-21 23:56:56,491 [INFO] CodeEngine:255 - oldGeneratedFile, C:\programing\Embedded\projects_stm32\MeteoStation\MeteoStation\MXTmpFiles\gpio.tmp_save
2026-01-21 23:56:56,652 [INFO] CodeEngine:279 - Generated code: C:\programing\Embedded\projects_stm32\MeteoStation\MeteoStation\MXTmpFiles\gpio.tmp
2026-01-21 23:56:57,061 [INFO] CodeEngine:255 - oldGeneratedFile, C:\programing\Embedded\projects_stm32\MeteoStation\MeteoStation\MXTmpFiles\fatfs_HalInit.tmp_save
2026-01-21 23:56:57,146 [INFO] CodeEngine:279 - Generated code: C:\programing\Embedded\projects_stm32\MeteoStation\MeteoStation\MXTmpFiles\fatfs_HalInit.tmp
2026-01-21 23:56:57,151 [INFO] CodeEngine:255 - oldGeneratedFile, C:\programing\Embedded\projects_stm32\MeteoStation\MeteoStation\MXTmpFiles\fatfs_vars.tmp_save
2026-01-21 23:56:57,194 [INFO] CodeEngine:279 - Generated code: C:\programing\Embedded\projects_stm32\MeteoStation\MeteoStation\MXTmpFiles\fatfs_vars.tmp
2026-01-21 23:56:57,199 [INFO] CodeEngine:255 - oldGeneratedFile, C:\programing\Embedded\projects_stm32\MeteoStation\MeteoStation\MXTmpFiles\fatfs_ext_vars.tmp_save
2026-01-21 23:56:57,246 [INFO] CodeEngine:279 - Generated code: C:\programing\Embedded\projects_stm32\MeteoStation\MeteoStation\MXTmpFiles\fatfs_ext_vars.tmp
2026-01-21 23:56:57,250 [INFO] CodeEngine:255 - oldGeneratedFile, C:\programing\Embedded\projects_stm32\MeteoStation\MeteoStation\MXTmpFiles\fatfs_inc.tmp_save
2026-01-21 23:56:57,296 [INFO] CodeEngine:279 - Generated code: C:\programing\Embedded\projects_stm32\MeteoStation\MeteoStation\MXTmpFiles\fatfs_inc.tmp
2026-01-21 23:56:57,330 [INFO] CodeEngine:255 - oldGeneratedFile, C:\programing\Embedded\projects_stm32\MeteoStation\MeteoStation\MXTmpFiles\dma.tmp_save
2026-01-21 23:56:57,388 [INFO] CodeEngine:279 - Generated code: C:\programing\Embedded\projects_stm32\MeteoStation\MeteoStation\MXTmpFiles\dma.tmp
2026-01-21 23:56:57,391 [INFO] CodeEngine:255 - oldGeneratedFile, C:\programing\Embedded\projects_stm32\MeteoStation\MeteoStation\MXTmpFiles\dma_GV.tmp_save
2026-01-21 23:56:57,440 [INFO] CodeEngine:279 - Generated code: C:\programing\Embedded\projects_stm32\MeteoStation\MeteoStation\MXTmpFiles\dma_GV.tmp
2026-01-21 23:56:57,456 [INFO] CodeEngine:255 - oldGeneratedFile, C:\programing\Embedded\projects_stm32\MeteoStation\MeteoStation\MXTmpFiles\fatfs_HalInit.tmp_save
2026-01-21 23:56:57,534 [INFO] CodeEngine:279 - Generated code: C:\programing\Embedded\projects_stm32\MeteoStation\MeteoStation\MXTmpFiles\fatfs_HalInit.tmp
2026-01-21 23:56:57,541 [INFO] CodeEngine:255 - oldGeneratedFile, C:\programing\Embedded\projects_stm32\MeteoStation\MeteoStation\MXTmpFiles\fatfs_vars.tmp_save
2026-01-21 23:56:57,595 [INFO] CodeEngine:279 - Generated code: C:\programing\Embedded\projects_stm32\MeteoStation\MeteoStation\MXTmpFiles\fatfs_vars.tmp
2026-01-21 23:56:57,599 [INFO] CodeEngine:255 - oldGeneratedFile, C:\programing\Embedded\projects_stm32\MeteoStation\MeteoStation\MXTmpFiles\fatfs_ext_vars.tmp_save
2026-01-21 23:56:57,651 [INFO] CodeEngine:279 - Generated code: C:\programing\Embedded\projects_stm32\MeteoStation\MeteoStation\MXTmpFiles\fatfs_ext_vars.tmp
2026-01-21 23:56:57,677 [INFO] CodeEngine:255 - oldGeneratedFile, C:\programing\Embedded\projects_stm32\MeteoStation\MeteoStation\MXTmpFiles\fatfs_inc.tmp_save
2026-01-21 23:56:57,717 [INFO] CodeEngine:279 - Generated code: C:\programing\Embedded\projects_stm32\MeteoStation\MeteoStation\MXTmpFiles\fatfs_inc.tmp
2026-01-21 23:56:57,736 [INFO] CodeEngine:255 - oldGeneratedFile, C:\programing\Embedded\projects_stm32\MeteoStation\MeteoStation\FATFS\Target\ffconf.h_save
2026-01-21 23:56:57,842 [INFO] CodeEngine:279 - Generated code: C:\programing\Embedded\projects_stm32\MeteoStation\MeteoStation\FATFS\Target\ffconf.h
2026-01-21 23:56:57,869 [INFO] CodeEngine:255 - oldGeneratedFile, C:\programing\Embedded\projects_stm32\MeteoStation\MeteoStation\FATFS\Target\bsp_driver_sd.c_save
2026-01-21 23:56:57,951 [INFO] CodeEngine:279 - Generated code: C:\programing\Embedded\projects_stm32\MeteoStation\MeteoStation\FATFS\Target\bsp_driver_sd.c
2026-01-21 23:56:57,965 [INFO] CodeEngine:255 - oldGeneratedFile, C:\programing\Embedded\projects_stm32\MeteoStation\MeteoStation\FATFS\Target\bsp_driver_sd.h_save
2026-01-21 23:56:58,005 [INFO] CodeEngine:279 - Generated code: C:\programing\Embedded\projects_stm32\MeteoStation\MeteoStation\FATFS\Target\bsp_driver_sd.h
2026-01-21 23:56:58,010 [INFO] CodeEngine:255 - oldGeneratedFile, C:\programing\Embedded\projects_stm32\MeteoStation\MeteoStation\FATFS\Target\sd_diskio.h_save
2026-01-21 23:56:58,051 [INFO] CodeEngine:279 - Generated code: C:\programing\Embedded\projects_stm32\MeteoStation\MeteoStation\FATFS\Target\sd_diskio.h
2026-01-21 23:56:58,066 [INFO] CodeEngine:255 - oldGeneratedFile, C:\programing\Embedded\projects_stm32\MeteoStation\MeteoStation\FATFS\Target\sd_diskio.c_save
2026-01-21 23:56:58,160 [INFO] CodeEngine:279 - Generated code: C:\programing\Embedded\projects_stm32\MeteoStation\MeteoStation\FATFS\Target\sd_diskio.c
2026-01-21 23:56:58,178 [INFO] CodeEngine:255 - oldGeneratedFile, C:\programing\Embedded\projects_stm32\MeteoStation\MeteoStation\FATFS\App\fatfs.c_save
2026-01-21 23:56:58,229 [INFO] CodeEngine:279 - Generated code: C:\programing\Embedded\projects_stm32\MeteoStation\MeteoStation\FATFS\App\fatfs.c
2026-01-21 23:56:58,234 [INFO] CodeEngine:255 - oldGeneratedFile, C:\programing\Embedded\projects_stm32\MeteoStation\MeteoStation\FATFS\App\fatfs.h_save
2026-01-21 23:56:58,290 [INFO] CodeEngine:279 - Generated code: C:\programing\Embedded\projects_stm32\MeteoStation\MeteoStation\FATFS\App\fatfs.h
2026-01-21 23:56:58,294 [INFO] CodeEngine:255 - oldGeneratedFile, C:\programing\Embedded\projects_stm32\MeteoStation\MeteoStation\FATFS\Target\fatfs_platform.c_save
2026-01-21 23:56:58,349 [INFO] CodeEngine:279 - Generated code: C:\programing\Embedded\projects_stm32\MeteoStation\MeteoStation\FATFS\Target\fatfs_platform.c
2026-01-21 23:56:58,354 [INFO] CodeEngine:255 - oldGeneratedFile, C:\programing\Embedded\projects_stm32\MeteoStation\MeteoStation\FATFS\Target\fatfs_platform.h_save
2026-01-21 23:56:58,397 [INFO] CodeEngine:279 - Generated code: C:\programing\Embedded\projects_stm32\MeteoStation\MeteoStation\FATFS\Target\fatfs_platform.h
2026-01-21 23:56:58,421 [INFO] CodeEngine:255 - oldGeneratedFile, C:\programing\Embedded\projects_stm32\MeteoStation\MeteoStation\Core\Src\stm32f4xx_it.c_save
2026-01-21 23:56:58,517 [INFO] CodeEngine:279 - Generated code: C:\programing\Embedded\projects_stm32\MeteoStation\MeteoStation\Core\Src\stm32f4xx_it.c
2026-01-21 23:56:58,522 [INFO] CodeEngine:255 - oldGeneratedFile, C:\programing\Embedded\projects_stm32\MeteoStation\MeteoStation\Core\Inc\stm32f4xx_it.h_save
2026-01-21 23:56:58,561 [INFO] CodeEngine:279 - Generated code: C:\programing\Embedded\projects_stm32\MeteoStation\MeteoStation\Core\Inc\stm32f4xx_it.h
2026-01-21 23:56:58,583 [INFO] CodeEngine:255 - oldGeneratedFile, C:\programing\Embedded\projects_stm32\MeteoStation\MeteoStation\Core\Src\stm32f4xx_hal_msp.c_save
2026-01-21 23:56:58,703 [INFO] CodeEngine:279 - Generated code: C:\programing\Embedded\projects_stm32\MeteoStation\MeteoStation\Core\Src\stm32f4xx_hal_msp.c
2026-01-21 23:56:58,716 [INFO] CodeEngine:255 - oldGeneratedFile, C:\programing\Embedded\projects_stm32\MeteoStation\MeteoStation\MXTmpFiles\system.tmp_save
2026-01-21 23:56:58,758 [INFO] CodeEngine:279 - Generated code: C:\programing\Embedded\projects_stm32\MeteoStation\MeteoStation\MXTmpFiles\system.tmp
2026-01-21 23:56:58,773 [INFO] CodeEngine:255 - oldGeneratedFile, C:\programing\Embedded\projects_stm32\MeteoStation\MeteoStation\Core\Src\stm32f4xx_hal_timebase_tim.c_save
2026-01-21 23:56:58,816 [INFO] CodeEngine:279 - Generated code: C:\programing\Embedded\projects_stm32\MeteoStation\MeteoStation\Core\Src\stm32f4xx_hal_timebase_tim.c
2026-01-21 23:56:58,834 [INFO] CodeEngine:311 - oldGeneratedFile, C:\programing\Embedded\projects_stm32\MeteoStation\MeteoStation\Core\Inc\stm32f4xx_hal_conf.h_save
2026-01-21 23:56:58,945 [INFO] CodeEngine:335 - Generated code: C:\programing\Embedded\projects_stm32\MeteoStation\MeteoStation\Core\Inc\stm32f4xx_hal_conf.h
2026-01-21 23:56:58,980 [WARN] IPConfigManager:3431 - IP not found : TIM
2026-01-21 23:56:58,981 [WARN] CodeGenerator:3760 - IP not found : null
2026-01-21 23:56:59,011 [INFO] CodeEngine:255 - oldGeneratedFile, C:\programing\Embedded\projects_stm32\MeteoStation\MeteoStation\Core\Inc\main.h_save
2026-01-21 23:56:59,102 [INFO] CodeEngine:279 - Generated code: C:\programing\Embedded\projects_stm32\MeteoStation\MeteoStation\Core\Inc\main.h
2026-01-21 23:56:59,118 [INFO] CodeEngine:255 - oldGeneratedFile, C:\programing\Embedded\projects_stm32\MeteoStation\MeteoStation\Core\Src\main.c_save
2026-01-21 23:56:59,284 [INFO] CodeEngine:279 - Generated code: C:\programing\Embedded\projects_stm32\MeteoStation\MeteoStation\Core\Src\main.c
2026-01-21 23:56:59,796 [INFO] ProjectBuilder:3064 - Time for Copy HAL[1] : 245mS.
2026-01-21 23:56:59,801 [INFO] ProjectBuilder:4404 - Project Generator version: 4.1.0
2026-01-21 23:56:59,962 [INFO] ConfigFileManager:1457 - The Die is : DIE413
2026-01-21 23:57:01,442 [INFO] ProjectBuilder:4626 - Time for Generating toolchain IDE Files: 1641mS.
2026-01-21 23:57:01,443 [INFO] ProjectBuilder:2935 - Time for Copy CMSIS : 1mS.
2026-01-21 23:57:01,450 [INFO] ProjectBuilder:2935 - Time for Copy CMSIS : 0mS.
