2025-12-07 11:07:32,432 [ERROR] ConfigurationRetriever:142 - IOException on connection: sw-center.st.com
2025-12-07 11:07:32,444 [ERROR] ConfigurationRetriever:142 - IOException on connection: sw-center.st.com
2025-12-07 11:07:32,444 [ERROR] ConfigurationRetriever:142 - IOException on connection: sw-center.st.com
2025-12-07 11:16:14,854 [ERROR] ConfigurationRetriever:142 - IOException on connection: sw-center.st.com
2025-12-07 11:16:14,854 [ERROR] ConfigurationRetriever:142 - IOException on connection: sw-center.st.com
2025-12-07 11:16:14,854 [ERROR] ConfigurationRetriever:142 - IOException on connection: sw-center.st.com
2025-12-07 11:16:56,325 [ERROR] ConfigurationRetriever:142 - IOException on connection: sw-center.st.com
2025-12-07 11:16:56,326 [ERROR] ConfigurationRetriever:142 - IOException on connection: sw-center.st.com
2025-12-07 11:16:56,326 [ERROR] ConfigurationRetriever:142 - IOException on connection: sw-center.st.com
2025-12-07 11:20:05,997 [ERROR] ConfigurationRetriever:142 - IOException on connection: sw-center.st.com
2025-12-07 11:20:05,998 [ERROR] ConfigurationRetriever:142 - IOException on connection: sw-center.st.com
2025-12-07 11:20:05,998 [ERROR] ConfigurationRetriever:142 - IOException on connection: sw-center.st.com
2025-12-07 11:22:13,209 [ERROR] ConfigurationRetriever:142 - IOException on connection: sw-center.st.com
2025-12-07 11:22:13,210 [ERROR] ConfigurationRetriever:142 - IOException on connection: sw-center.st.com
2025-12-07 11:22:13,210 [ERROR] ConfigurationRetriever:142 - IOException on connection: sw-center.st.com
2025-12-07 11:22:13,414 [ERROR] ConfigurationRetriever:142 - IOException on connection: sw-center.st.com
2025-12-07 11:22:13,414 [ERROR] ConfigurationRetriever:142 - IOException on connection: sw-center.st.com
2025-12-07 11:22:13,415 [ERROR] ConfigurationRetriever:142 - IOException on connection: sw-center.st.com
2025-12-07 11:26:46,617 [ERROR] ConfigurationRetriever:142 - IOException on connection: sw-center.st.com
2025-12-07 11:26:46,617 [ERROR] ConfigurationRetriever:142 - IOException on connection: sw-center.st.com
2025-12-07 11:26:46,618 [ERROR] ConfigurationRetriever:142 - IOException on connection: sw-center.st.com
2025-12-07 11:26:46,793 [ERROR] ConfigurationRetriever:142 - IOException on connection: sw-center.st.com
2025-12-07 11:26:46,793 [ERROR] ConfigurationRetriever:142 - IOException on connection: sw-center.st.com
2025-12-07 11:26:46,793 [ERROR] ConfigurationRetriever:142 - IOException on connection: sw-center.st.com
2025-12-07 11:29:52,542 [ERROR] ConfigurationRetriever:142 - IOException on connection: sw-center.st.com
2025-12-07 11:29:52,542 [ERROR] ConfigurationRetriever:142 - IOException on connection: sw-center.st.com
2025-12-07 11:29:52,542 [ERROR] ConfigurationRetriever:142 - IOException on connection: sw-center.st.com
2025-12-07 12:04:08,500 [ERROR] ConfigurationRetriever:142 - IOException on connection: Connect timed out
2025-12-07 12:04:10,501 [ERROR] ConfigurationRetriever:142 - IOException on connection: Connect timed out
2025-12-07 12:04:12,501 [ERROR] ConfigurationRetriever:142 - IOException on connection: Connect timed out
2025-12-07 12:05:49,233 [ERROR] ConfigurationRetriever:142 - IOException on connection: Read timed out
2025-12-07 12:05:51,234 [ERROR] ConfigurationRetriever:142 - IOException on connection: Connect timed out
2025-12-07 12:05:53,246 [ERROR] ConfigurationRetriever:142 - IOException on connection: Connect timed out
2025-12-07 12:05:57,203 [ERROR] ConfigurationRetriever:142 - IOException on connection: Read timed out
2025-12-07 12:05:59,212 [ERROR] ConfigurationRetriever:142 - IOException on connection: Connect timed out
2025-12-07 12:09:58,292 [ERROR] ConfigurationRetriever:142 - IOException on connection: Read timed out
2025-12-07 14:59:19,015 [INFO] Activator:176 - 


2025-12-07 14:59:19,017 [INFO] Activator:177 - !SESSION log4j initialized
2025-12-07 14:59:23,394 [INFO] LogOutputStream:77 - [STDOUT_REDIRECT] 
2025-12-07 14:59:25,068 [INFO] ApplicationProperties:184 - Using Application install path: C:\ST\STM32CubeIDE_1.13.0\STM32CubeIDE\plugins\com.st.stm32cube.common.mx_6.9.0.202307051724
2025-12-07 14:59:25,089 [INFO] DbMcusXml:78 - Set database path to: C:\ST\STM32CubeIDE_1.13.0\STM32CubeIDE\plugins\com.st.stm32cube.common.mx_6.9.0.202307051724\\db\/mcu/
2025-12-07 14:59:25,090 [INFO] ApiDb:274 - Set plugin database path to: C:\ST\STM32CubeIDE_1.13.0\STM32CubeIDE\plugins\com.st.stm32cube.common.mx_6.9.0.202307051724\\db\/plugins/boardmanager/
2025-12-07 14:59:25,090 [WARN] ApiDb:259 - Overriding images path with different value:  => C:\ST\STM32CubeIDE_1.13.0\STM32CubeIDE\plugins\com.st.stm32cube.common.mx_6.9.0.202307051724\\db\/plugins/mcufinder/images/
2025-12-07 14:59:25,098 [INFO] ApiDb:250 - Set database path to: C:\Users\bogda\.stmcufinder\plugins\mcufinder//mcu/
2025-12-07 14:59:25,100 [INFO] DbMcusAds:125 - Set database path to: C:\Users\bogda\.stmcufinder\plugins\mcufinder//mcu/
2025-12-07 14:59:25,102 [INFO] CrossReferenceDbSqlite:203 - Set database path to: C:\Users\bogda\.stmcufinder\plugins\mcufinder//mcu/cs/
2025-12-07 14:59:25,185 [INFO] RulesReader:64 - Compatibility file has been processed (293 Rules)
2025-12-07 14:59:25,251 [INFO] DbMcusXml:78 - Set database path to: C:\ST\STM32CubeIDE_1.13.0\STM32CubeIDE\plugins\com.st.stm32cube.common.mx_6.9.0.202307051724\\db\/mcu/
2025-12-07 14:59:25,253 [INFO] ApiDb:274 - Set plugin database path to: C:\ST\STM32CubeIDE_1.13.0\STM32CubeIDE\plugins\com.st.stm32cube.common.mx_6.9.0.202307051724\\db\/plugins/boardmanager/
2025-12-07 14:59:25,253 [INFO] ApiDb:261 - Set plugin images path to: C:\ST\STM32CubeIDE_1.13.0\STM32CubeIDE\plugins\com.st.stm32cube.common.mx_6.9.0.202307051724\\db\/plugins/mcufinder/images/
2025-12-07 14:59:25,253 [WARN] DbFile:41 - Overriding database path with different value: C:\Users\bogda\.stmcufinder\plugins\mcufinder/ => C:\Users\bogda\.stmcufinder\plugins\mcufinder
2025-12-07 14:59:25,253 [INFO] ApiDb:250 - Set database path to: C:\Users\bogda\.stmcufinder\plugins\mcufinder//mcu/
2025-12-07 14:59:25,253 [WARN] DbFile:41 - Overriding database path with different value: C:\Users\bogda\.stmcufinder\plugins\mcufinder/ => C:\Users\bogda\.stmcufinder\plugins\mcufinder
2025-12-07 14:59:25,253 [INFO] DbMcusAds:125 - Set database path to: C:\Users\bogda\.stmcufinder\plugins\mcufinder//mcu/
2025-12-07 14:59:25,253 [WARN] DbFile:41 - Overriding database path with different value: C:\Users\bogda\.stmcufinder\plugins\mcufinder/ => C:\Users\bogda\.stmcufinder\plugins\mcufinder
2025-12-07 14:59:25,253 [WARN] DbFile:41 - Overriding database path with different value: C:\Users\bogda\.stmcufinder\plugins\mcufinder/ => C:\Users\bogda\.stmcufinder\plugins\mcufinder
2025-12-07 14:59:25,253 [INFO] CrossReferenceDbSqlite:203 - Set database path to: C:\Users\bogda\.stmcufinder\plugins\mcufinder//mcu/cs/
2025-12-07 14:59:25,310 [INFO] MainPanel:262 - HeapMemory: 268435456
2025-12-07 14:59:25,355 [INFO] DbMcusXml:78 - Set database path to: C:\ST\STM32CubeIDE_1.13.0\STM32CubeIDE\plugins\com.st.stm32cube.common.mx_6.9.0.202307051724\\db\/mcu/
2025-12-07 14:59:25,355 [INFO] ApiDb:274 - Set plugin database path to: C:\ST\STM32CubeIDE_1.13.0\STM32CubeIDE\plugins\com.st.stm32cube.common.mx_6.9.0.202307051724\\db\/plugins/boardmanager/
2025-12-07 14:59:25,355 [INFO] ApiDb:261 - Set plugin images path to: C:\ST\STM32CubeIDE_1.13.0\STM32CubeIDE\plugins\com.st.stm32cube.common.mx_6.9.0.202307051724\\db\/plugins/mcufinder/images/
2025-12-07 14:59:25,355 [WARN] DbFile:41 - Overriding database path with different value: C:\Users\bogda\.stmcufinder\plugins\mcufinder/ => C:\Users\bogda\.stmcufinder\plugins\mcufinder
2025-12-07 14:59:25,355 [INFO] ApiDb:250 - Set database path to: C:\Users\bogda\.stmcufinder\plugins\mcufinder//mcu/
2025-12-07 14:59:25,357 [WARN] DbFile:41 - Overriding database path with different value: C:\Users\bogda\.stmcufinder\plugins\mcufinder/ => C:\Users\bogda\.stmcufinder\plugins\mcufinder
2025-12-07 14:59:25,357 [INFO] DbMcusAds:125 - Set database path to: C:\Users\bogda\.stmcufinder\plugins\mcufinder//mcu/
2025-12-07 14:59:25,357 [WARN] DbFile:41 - Overriding database path with different value: C:\Users\bogda\.stmcufinder\plugins\mcufinder/ => C:\Users\bogda\.stmcufinder\plugins\mcufinder
2025-12-07 14:59:25,357 [WARN] DbFile:41 - Overriding database path with different value: C:\Users\bogda\.stmcufinder\plugins\mcufinder/ => C:\Users\bogda\.stmcufinder\plugins\mcufinder
2025-12-07 14:59:25,357 [INFO] CrossReferenceDbSqlite:203 - Set database path to: C:\Users\bogda\.stmcufinder\plugins\mcufinder//mcu/cs/
2025-12-07 14:59:25,371 [INFO] ApplicationProperties:184 - Using Application install path: C:\ST\STM32CubeIDE_1.13.0\STM32CubeIDE\plugins\com.st.stm32cube.common.mx_6.9.0.202307051724
2025-12-07 14:59:25,373 [INFO] PluginManage:196 - Search for loadable plugins [exclusion list=, ]
2025-12-07 14:59:25,374 [INFO] PluginManage:310 - Check plugin analytics
2025-12-07 14:59:25,512 [INFO] AnalyticsPlugin:253 - Accepted Software Licenses: 
2025-12-07 14:59:25,513 [INFO] AnalyticsPlugin:255 - Accepted CMSIS Pack Licenses: 
2025-12-07 14:59:25,513 [INFO] AnalyticsPlugin:257 - Accepted Firmware Licenses: FW.F4.1.27.0,FW.H7.1.11.0
2025-12-07 14:59:25,515 [INFO] PluginManage:359 - Loaded plugin analytics (category:tool,tabindex:-1)
2025-12-07 14:59:25,515 [INFO] PluginManage:310 - Check plugin cadmodel
2025-12-07 14:59:25,520 [INFO] CADModel:105 - Init CAD model plugin
2025-12-07 14:59:25,520 [INFO] PluginManage:359 - Loaded plugin cadmodel (category:power,tabindex:5)
2025-12-07 14:59:25,520 [INFO] PluginManage:310 - Check plugin clock
2025-12-07 14:59:25,531 [INFO] PluginManage:359 - Loaded plugin clock (category:base,tabindex:2)
2025-12-07 14:59:25,531 [INFO] PluginManage:310 - Check plugin ddr
2025-12-07 14:59:25,532 [INFO] PluginManage:359 - Loaded plugin ddr (category:tool,tabindex:6)
2025-12-07 14:59:25,532 [INFO] PluginManage:310 - Check plugin filemanager
2025-12-07 14:59:25,632 [INFO] PluginManage:359 - Loaded plugin filemanager (category:base,tabindex:10)
2025-12-07 14:59:25,632 [INFO] PluginManage:310 - Check plugin ipmanager
2025-12-07 14:59:25,637 [INFO] PluginManage:359 - Loaded plugin ipmanager (category:base,tabindex:5)
2025-12-07 14:59:25,637 [INFO] PluginManage:310 - Check plugin lpbam
2025-12-07 14:59:25,643 [INFO] PluginManage:359 - Loaded plugin lpbam (category:base,tabindex:0)
2025-12-07 14:59:25,643 [INFO] PluginManage:310 - Check plugin memorymap
2025-12-07 14:59:25,651 [INFO] PluginManage:359 - Loaded plugin memorymap (category:base,tabindex:4)
2025-12-07 14:59:25,651 [INFO] PluginManage:310 - Check plugin pinoutandconfiguration
2025-12-07 14:59:25,657 [INFO] PluginManage:359 - Loaded plugin pinoutandconfiguration (category:base,tabindex:1)
2025-12-07 14:59:25,657 [INFO] PluginManage:310 - Check plugin pinoutconfig
2025-12-07 14:59:25,729 [WARN] SupportedApi:132 - Cannot load RTOS API schema: s4s-elt-must-match.1: The content of 'definitions' must match (annotation?, (simpleType | complexType)?, (unique | key | keyref)*)). A problem was found starting at: attribute.
2025-12-07 14:59:25,815 [INFO] PluginManage:359 - Loaded plugin pinoutconfig (category:base,tabindex:0)
2025-12-07 14:59:25,815 [INFO] PluginManage:310 - Check plugin power
2025-12-07 14:59:25,824 [INFO] PluginManage:359 - Loaded plugin power (category:power,tabindex:4)
2025-12-07 14:59:25,824 [INFO] PluginManage:310 - Check plugin projectmanager
2025-12-07 14:59:25,834 [INFO] PluginManage:359 - Loaded plugin projectmanager (category:projectmanager,tabindex:3)
2025-12-07 14:59:25,834 [INFO] PluginManage:310 - Check plugin thirdparty
2025-12-07 14:59:25,931 [INFO] PluginManage:359 - Loaded plugin thirdparty (category:base,tabindex:-1)
2025-12-07 14:59:25,931 [INFO] PluginManage:310 - Check plugin tools
2025-12-07 14:59:25,931 [WARN] IntegrityCheckThread:84 - waiting for thirdparty lock release [integrity check]
2025-12-07 14:59:25,931 [INFO] IntegrityCheckThread:86 - entering critical section [integrity check]
2025-12-07 14:59:25,932 [INFO] ThirdPartyUpdaterWithRetryManager:70 - Updater plugin not ready yet. [1/15]
2025-12-07 14:59:25,933 [INFO] PluginManage:359 - Loaded plugin tools (category:base,tabindex:7)
2025-12-07 14:59:25,933 [INFO] PluginManage:310 - Check plugin tutovideos
2025-12-07 14:59:26,050 [INFO] PluginManage:359 - Loaded plugin tutovideos (category:base,tabindex:-1)
2025-12-07 14:59:26,051 [INFO] PluginManage:310 - Check plugin updater
2025-12-07 14:59:26,058 [INFO] PluginManage:359 - Loaded plugin updater (category:base,tabindex:12)
2025-12-07 14:59:26,058 [INFO] PluginManage:310 - Check plugin userauth
2025-12-07 14:59:26,060 [INFO] UserAuth:113 - Init User Auth plugin
2025-12-07 14:59:26,061 [INFO] PluginManage:359 - Loaded plugin userauth (category:base,tabindex:14)
2025-12-07 14:59:26,061 [INFO] PluginManage:283 - PluginManage : Loaded plugins [17]
2025-12-07 14:59:26,207 [INFO] PinOutPanel:1499 - setPackage(No Configuration,No Configuration)
2025-12-07 14:59:26,285 [INFO] CADModel:165 - CPN selected for project level
2025-12-07 14:59:26,286 [INFO] CADModel:114 - Register for checkConnection events
2025-12-07 14:59:26,297 [INFO] IPUIPlugin:80 - create IPUIPlugin
2025-12-07 14:59:26,298 [INFO] PluginManager:220 - loadIPPluginJar : add adc
2025-12-07 14:59:26,299 [INFO] IPUIPlugin:80 - create IPUIPlugin
2025-12-07 14:59:26,299 [INFO] PluginManager:220 - loadIPPluginJar : add aes
2025-12-07 14:59:26,301 [INFO] IPUIPlugin:80 - create IPUIPlugin
2025-12-07 14:59:26,301 [INFO] PluginManager:220 - loadIPPluginJar : add can
2025-12-07 14:59:26,302 [INFO] IPUIPlugin:80 - create IPUIPlugin
2025-12-07 14:59:26,303 [INFO] PluginManager:220 - loadIPPluginJar : add comp
2025-12-07 14:59:26,305 [INFO] IPUIPlugin:80 - create IPUIPlugin
2025-12-07 14:59:26,305 [INFO] PluginManager:220 - loadIPPluginJar : add cryp
2025-12-07 14:59:26,306 [INFO] IPUIPlugin:80 - create IPUIPlugin
2025-12-07 14:59:26,306 [INFO] PluginManager:220 - loadIPPluginJar : add dfsdm
2025-12-07 14:59:26,309 [INFO] IPUIPlugin:80 - create IPUIPlugin
2025-12-07 14:59:26,310 [INFO] PluginManager:220 - loadIPPluginJar : add dma
2025-12-07 14:59:26,312 [INFO] IPUIPlugin:80 - create IPUIPlugin
2025-12-07 14:59:26,312 [INFO] PluginManager:220 - loadIPPluginJar : add dma3
2025-12-07 14:59:26,313 [INFO] IPUIPlugin:80 - create IPUIPlugin
2025-12-07 14:59:26,313 [INFO] PluginManager:220 - loadIPPluginJar : add fatfs
2025-12-07 14:59:26,315 [INFO] IPUIPlugin:80 - create IPUIPlugin
2025-12-07 14:59:26,315 [INFO] PluginManager:220 - loadIPPluginJar : add fmc
2025-12-07 14:59:26,318 [INFO] IPUIPlugin:80 - create IPUIPlugin
2025-12-07 14:59:26,318 [INFO] PluginManager:220 - loadIPPluginJar : add freertos
2025-12-07 14:59:26,320 [INFO] IPUIPlugin:80 - create IPUIPlugin
2025-12-07 14:59:26,320 [INFO] PluginManager:220 - loadIPPluginJar : add genericplugin
2025-12-07 14:59:26,321 [INFO] IPUIPlugin:80 - create IPUIPlugin
2025-12-07 14:59:26,321 [INFO] PluginManager:220 - loadIPPluginJar : add gfxmmu
2025-12-07 14:59:26,324 [INFO] IPUIPlugin:80 - create IPUIPlugin
2025-12-07 14:59:26,324 [INFO] PluginManager:220 - loadIPPluginJar : add gic
2025-12-07 14:59:26,328 [INFO] IPUIPlugin:80 - create IPUIPlugin
2025-12-07 14:59:26,328 [INFO] PluginManager:220 - loadIPPluginJar : add gpio
2025-12-07 14:59:26,329 [INFO] IPUIPlugin:80 - create IPUIPlugin
2025-12-07 14:59:26,329 [INFO] PluginManager:220 - loadIPPluginJar : add gtzc
2025-12-07 14:59:26,330 [INFO] IPUIPlugin:80 - create IPUIPlugin
2025-12-07 14:59:26,330 [INFO] PluginManager:220 - loadIPPluginJar : add hash
2025-12-07 14:59:26,332 [INFO] IPUIPlugin:80 - create IPUIPlugin
2025-12-07 14:59:26,332 [INFO] PluginManager:220 - loadIPPluginJar : add i2c
2025-12-07 14:59:26,334 [INFO] IPUIPlugin:80 - create IPUIPlugin
2025-12-07 14:59:26,334 [INFO] PluginManager:220 - loadIPPluginJar : add i2s
2025-12-07 14:59:26,335 [INFO] IPUIPlugin:80 - create IPUIPlugin
2025-12-07 14:59:26,335 [INFO] PluginManager:220 - loadIPPluginJar : add i3c
2025-12-07 14:59:26,338 [INFO] IPUIPlugin:80 - create IPUIPlugin
2025-12-07 14:59:26,338 [INFO] PluginManager:220 - loadIPPluginJar : add ipddr
2025-12-07 14:59:26,342 [INFO] IPUIPlugin:80 - create IPUIPlugin
2025-12-07 14:59:26,343 [INFO] PluginManager:220 - loadIPPluginJar : add linkedlist
2025-12-07 14:59:26,344 [INFO] IPUIPlugin:80 - create IPUIPlugin
2025-12-07 14:59:26,344 [INFO] PluginManager:220 - loadIPPluginJar : add lorawan
2025-12-07 14:59:26,345 [INFO] IPUIPlugin:80 - create IPUIPlugin
2025-12-07 14:59:26,345 [INFO] PluginManager:220 - loadIPPluginJar : add ltdc
2025-12-07 14:59:26,349 [INFO] IPUIPlugin:80 - create IPUIPlugin
2025-12-07 14:59:26,349 [INFO] PluginManager:220 - loadIPPluginJar : add mdma
2025-12-07 14:59:26,352 [INFO] IPUIPlugin:80 - create IPUIPlugin
2025-12-07 14:59:26,352 [INFO] PluginManager:220 - loadIPPluginJar : add nvic
2025-12-07 14:59:26,354 [INFO] IPUIPlugin:80 - create IPUIPlugin
2025-12-07 14:59:26,354 [INFO] PluginManager:220 - loadIPPluginJar : add opamp
2025-12-07 14:59:26,357 [INFO] IPUIPlugin:80 - create IPUIPlugin
2025-12-07 14:59:26,357 [INFO] PluginManager:220 - loadIPPluginJar : add openamp
2025-12-07 14:59:26,358 [INFO] IPUIPlugin:80 - create IPUIPlugin
2025-12-07 14:59:26,358 [INFO] PluginManager:220 - loadIPPluginJar : add pdm2pcm
2025-12-07 14:59:26,361 [INFO] IPUIPlugin:80 - create IPUIPlugin
2025-12-07 14:59:26,363 [INFO] PluginManager:220 - loadIPPluginJar : add plateformsettings
2025-12-07 14:59:26,364 [INFO] IPUIPlugin:80 - create IPUIPlugin
2025-12-07 14:59:26,364 [INFO] PluginManager:220 - loadIPPluginJar : add quadspi
2025-12-07 14:59:26,366 [INFO] IPUIPlugin:80 - create IPUIPlugin
2025-12-07 14:59:26,366 [INFO] PluginManager:220 - loadIPPluginJar : add resmgrutility
2025-12-07 14:59:26,374 [INFO] IPUIPlugin:80 - create IPUIPlugin
2025-12-07 14:59:26,375 [INFO] PluginManager:220 - loadIPPluginJar : add sai
2025-12-07 14:59:26,376 [INFO] IPUIPlugin:80 - create IPUIPlugin
2025-12-07 14:59:26,376 [INFO] PluginManager:220 - loadIPPluginJar : add spi
2025-12-07 14:59:26,379 [INFO] IPUIPlugin:80 - create IPUIPlugin
2025-12-07 14:59:26,379 [INFO] PluginManager:220 - loadIPPluginJar : add stm32_wpan
2025-12-07 14:59:26,380 [INFO] IPUIPlugin:80 - create IPUIPlugin
2025-12-07 14:59:26,380 [INFO] PluginManager:220 - loadIPPluginJar : add tim
2025-12-07 14:59:26,383 [INFO] IPUIPlugin:80 - create IPUIPlugin
2025-12-07 14:59:26,383 [INFO] PluginManager:220 - loadIPPluginJar : add touchsensing
2025-12-07 14:59:26,384 [INFO] IPUIPlugin:80 - create IPUIPlugin
2025-12-07 14:59:26,384 [INFO] PluginManager:220 - loadIPPluginJar : add tracer_emb
2025-12-07 14:59:26,388 [INFO] IPUIPlugin:80 - create IPUIPlugin
2025-12-07 14:59:26,388 [INFO] PluginManager:220 - loadIPPluginJar : add ts
2025-12-07 14:59:26,390 [INFO] IPUIPlugin:80 - create IPUIPlugin
2025-12-07 14:59:26,390 [INFO] PluginManager:220 - loadIPPluginJar : add tsc
2025-12-07 14:59:26,391 [INFO] IPUIPlugin:80 - create IPUIPlugin
2025-12-07 14:59:26,391 [INFO] PluginManager:220 - loadIPPluginJar : add ucpd
2025-12-07 14:59:26,393 [INFO] IPUIPlugin:80 - create IPUIPlugin
2025-12-07 14:59:26,393 [INFO] PluginManager:220 - loadIPPluginJar : add usart
2025-12-07 14:59:26,395 [INFO] IPUIPlugin:80 - create IPUIPlugin
2025-12-07 14:59:26,396 [INFO] PluginManager:220 - loadIPPluginJar : add usbx
2025-12-07 14:59:26,518 [INFO] CADModel:165 - CPN selected for project level
2025-12-07 14:59:26,518 [INFO] CADModel:114 - Register for checkConnection events
2025-12-07 14:59:26,518 [FATAL] Updater:308 - Updater called before beeing initialized
2025-12-07 14:59:26,518 [ERROR] CADModel:125 - Updater not yet initialized, retry later 
2025-12-07 14:59:26,618 [INFO] CADModel:165 - CPN selected for project level
2025-12-07 14:59:26,618 [INFO] CADModel:114 - Register for checkConnection events
2025-12-07 14:59:26,618 [FATAL] Updater:308 - Updater called before beeing initialized
2025-12-07 14:59:26,618 [ERROR] CADModel:125 - Updater not yet initialized, retry later 
2025-12-07 14:59:26,621 [FATAL] Updater:308 - Updater called before beeing initialized
2025-12-07 14:59:26,692 [FATAL] Updater:308 - Updater called before beeing initialized
2025-12-07 14:59:26,695 [INFO] DbMcusAds:53 - JSON generation date=Tue Nov 25 16:08:32 EET 2025 (1764079712835)
2025-12-07 14:59:26,695 [FATAL] Updater:308 - Updater called before beeing initialized
2025-12-07 14:59:26,717 [WARN] DetailPanel:346 - Failed to get advertising image, set to default
2025-12-07 14:59:26,806 [FATAL] Updater:308 - Updater called before beeing initialized
2025-12-07 14:59:26,808 [FATAL] Updater:308 - Updater called before beeing initialized
2025-12-07 14:59:26,809 [FATAL] Updater:308 - Updater called before beeing initialized
2025-12-07 14:59:26,809 [WARN] DetailPanel:346 - Failed to get advertising image, set to default
2025-12-07 14:59:26,811 [FATAL] Updater:308 - Updater called before beeing initialized
2025-12-07 14:59:26,843 [ERROR] Updater:1120 - MainUpdater not yet initialized. External WinMGr cannot be set.
2025-12-07 14:59:26,844 [INFO] Updater:1056 - Updater Version found : 6.9.0
2025-12-07 14:59:26,856 [INFO] ApplicationProperties:184 - Using Application install path: C:\ST\STM32CubeIDE_1.13.0\STM32CubeIDE\plugins\com.st.stm32cube.common.mx_6.9.0.202307051724
2025-12-07 14:59:27,322 [INFO] MainUpdater:2868 - connection check result : 10
2025-12-07 14:59:27,322 [INFO] MainUpdater:285 - Updater Check For Update Now.
2025-12-07 14:59:27,322 [INFO] MicroXplorer:498 - Change Database Version : DB.6.0.90
2025-12-07 14:59:27,326 [INFO] McuFinderGlobals:63 - Set McuFinder mode to 2 (CubeIDE integrated)
2025-12-07 14:59:27,493 [INFO] CheckServerUpdateThread:120 - End of CheckServer Thread
2025-12-07 14:59:29,013 [ERROR] Engine:466 - C:\Users\bogda\.stm32cubemx\thirdparties\pdsc\WES.I-CUBE-Cesium.1.4.0.pdsc: PDSC version is not supported
2025-12-07 14:59:29,015 [ERROR] Engine:466 - C:\Users\bogda\.stm32cubemx\thirdparties\pdsc\STMicroelectronics.X-CUBE-FREERTOS.1.4.0.pdsc: PDSC version is not supported
2025-12-07 14:59:29,096 [WARN] PackLoader:240 - Cannot read IP mode file for STMicroelectronics.X-CUBE-MEMS1.12.0.0
2025-12-07 14:59:29,171 [WARN] PackLoader:240 - Cannot read IP mode file for STMicroelectronics.X-CUBE-TOUCHGFX.4.26.0
2025-12-07 14:59:29,172 [INFO] ThirdParty:978 - Integrity check success = true
2025-12-07 14:59:29,172 [INFO] IntegrityCheckThread:100 - exiting critical section [integrity check]
2025-12-07 14:59:29,174 [INFO] IntegrityCheckThread:103 - End integrity checks thread
2025-12-07 14:59:48,297 [ERROR] LogOutputStream:75 - [STDERR_REDIRECT] SLF4J: Failed to load class "org.slf4j.impl.StaticLoggerBinder".
2025-12-07 14:59:48,298 [ERROR] LogOutputStream:75 - [STDERR_REDIRECT] SLF4J: Defaulting to no-operation (NOP) logger implementation
2025-12-07 14:59:48,298 [ERROR] LogOutputStream:75 - [STDERR_REDIRECT] SLF4J: See http://www.slf4j.org/codes.html#StaticLoggerBinder for further details.
2025-12-07 15:09:33,557 [INFO] McuFinderGlobals:63 - Set McuFinder mode to 2 (CubeIDE integrated)
2025-12-07 15:09:33,561 [INFO] MainUpdater:2868 - connection check result : 10
2025-12-07 15:09:33,562 [INFO] MainUpdater:2868 - connection check result : 10
2025-12-07 15:09:33,585 [INFO] MicroXplorer:468 - Change Database Path : 
2025-12-07 15:09:33,587 [INFO] MicroXplorer:498 - Change Database Version : DB.6.0.90
2025-12-07 15:09:33,589 [WARN] ThirdParty:871 - waiting for thirdparty lock release [close project]
2025-12-07 15:09:33,589 [INFO] ThirdParty:873 - entering critical section [close project]
2025-12-07 15:09:33,589 [INFO] ThirdParty:883 - exiting critical section [close project]
2025-12-07 15:09:33,590 [INFO] PinOutPanel:1499 - setPackage(No Configuration,No Configuration)
2025-12-07 15:09:33,595 [INFO] UtilMem:75 - Begin LoadConfig() Used Memory: 750587944 Bytes (1073741824)
2025-12-07 15:09:33,597 [INFO] MicroXplorer:468 - Change Database Path : 
2025-12-07 15:09:33,597 [INFO] MicroXplorer:498 - Change Database Version : DB.6.0.90
2025-12-07 15:09:33,597 [INFO] OpenFileManager:308 - Change cursor
2025-12-07 15:09:33,616 [INFO] Mcu:1946 - Initializing MCU STM32F407V(E-G)Tx STM32F407VGTx STM32F407VGT6
2025-12-07 15:09:34,820 [INFO] Context:659 - Trying to add GPIOservice into a context  which must be forbidden
2025-12-07 15:09:35,355 [INFO] RtosManager:555 - Registered RTOS mode: class=CMSIS, group=RTOS, mode=CMSIS_V1, owner=FREERTOS
2025-12-07 15:09:35,355 [INFO] RtosManager:555 - Registered RTOS mode: class=CMSIS, group=RTOS2, mode=CMSIS_V2, owner=FREERTOS
2025-12-07 15:09:35,355 [INFO] RtosManager:555 - Registered RTOS mode: class=RTOS, group=Core, mode=CMSIS_V1, owner=FREERTOS
2025-12-07 15:09:35,355 [INFO] RtosManager:555 - Registered RTOS mode: class=RTOS, group=Core, mode=CMSIS_V2, owner=FREERTOS
2025-12-07 15:09:35,355 [WARN] ModelIntegratedComponent:184 - Missing modes for component STMicroelectronics:FreeRTOS:0.0.1:STMicroelectronics:RTOS:FreeRTOS:Core:::10.2.0:
2025-12-07 15:09:35,357 [WARN] ModelIntegratedComponent:63 - No mode defined for component null
2025-12-07 15:09:35,357 [WARN] ModelIntegratedComponent:63 - No mode defined for component null
2025-12-07 15:09:35,357 [WARN] ModelIntegratedComponent:63 - No mode defined for component null
2025-12-07 15:09:35,357 [WARN] ModelIntegratedComponent:63 - No mode defined for component null
2025-12-07 15:09:35,357 [WARN] ModelIntegratedComponent:63 - No mode defined for component null
2025-12-07 15:09:35,357 [WARN] ModelIntegratedComponent:63 - No mode defined for component null
2025-12-07 15:09:35,357 [WARN] ModelIntegratedComponent:63 - No mode defined for component null
2025-12-07 15:09:35,358 [WARN] ModelIntegratedComponent:63 - No mode defined for component null
2025-12-07 15:09:35,358 [WARN] ModelIntegratedComponent:63 - No mode defined for component null
2025-12-07 15:09:35,358 [WARN] ModelIntegratedComponent:63 - No mode defined for component null
2025-12-07 15:09:35,358 [WARN] ModelIntegratedComponent:63 - No mode defined for component null
2025-12-07 15:09:35,358 [WARN] ModelIntegratedComponent:63 - No mode defined for component null
2025-12-07 15:09:35,358 [WARN] ModelIntegratedComponent:63 - No mode defined for component null
2025-12-07 15:09:35,358 [WARN] ModelIntegratedComponent:63 - No mode defined for component null
2025-12-07 15:09:35,358 [WARN] ModelIntegratedComponent:63 - No mode defined for component null
2025-12-07 15:09:35,358 [WARN] ModelIntegratedComponent:63 - No mode defined for component null
2025-12-07 15:09:35,358 [WARN] ModelIntegratedComponent:63 - No mode defined for component null
2025-12-07 15:09:35,358 [WARN] ModelIntegratedComponent:63 - No mode defined for component null
2025-12-07 15:09:35,358 [WARN] ModelIntegratedComponent:63 - No mode defined for component null
2025-12-07 15:09:35,358 [WARN] ModelIntegratedComponent:63 - No mode defined for component null
2025-12-07 15:09:35,358 [WARN] ModelIntegratedComponent:63 - No mode defined for component null
2025-12-07 15:09:35,358 [WARN] ModelIntegratedComponent:63 - No mode defined for component null
2025-12-07 15:09:35,359 [WARN] ModelIntegratedComponent:63 - No mode defined for component null
2025-12-07 15:09:35,359 [WARN] ModelIntegratedComponent:63 - No mode defined for component null
2025-12-07 15:09:35,359 [WARN] ModelIntegratedComponent:63 - No mode defined for component null
2025-12-07 15:09:35,359 [WARN] ModelIntegratedComponent:63 - No mode defined for component null
2025-12-07 15:09:35,359 [WARN] ModelIntegratedComponent:63 - No mode defined for component null
2025-12-07 15:09:35,359 [WARN] ModelIntegratedComponent:63 - No mode defined for component null
2025-12-07 15:09:35,359 [WARN] ModelIntegratedComponent:63 - No mode defined for component null
2025-12-07 15:09:35,359 [WARN] ModelIntegratedComponent:63 - No mode defined for component null
2025-12-07 15:09:35,359 [WARN] ModelIntegratedComponent:63 - No mode defined for component null
2025-12-07 15:09:35,360 [WARN] ModelIntegratedComponent:63 - No mode defined for component null
2025-12-07 15:09:35,360 [WARN] ModelIntegratedComponent:63 - No mode defined for component null
2025-12-07 15:09:35,370 [INFO] ThirdPartyModel:298 - Start build external matchings
2025-12-07 15:09:35,412 [INFO] ThirdPartyModel:316 - End build external matchings
2025-12-07 15:09:35,418 [INFO] ImportTextPane:194 - (OptionalMessage_ERROR) IP (RCC) : Parameter (RTCHSEDivFreq_Value) has invalid value (4000000)
2025-12-07 15:09:35,702 [INFO] UtilMem:75 - End LoadConfig() Used Memory: 666684048 Bytes (1073741824)
2025-12-07 15:09:35,836 [INFO] ApiDb:581 - Connected to CubeFinder SQLite database (C:\Users\bogda\.stmcufinder\plugins\mcufinder\mcu\cube-finder-db.db)
2025-12-07 15:09:35,884 [INFO] ApiDb:668 - CubeFinder database Data Model version=2.1
2025-12-07 15:09:35,884 [INFO] ApiDb:669 - CubeFinder database Configuration version=3.0.39
2025-12-07 15:09:35,885 [INFO] ApiDb:670 - CubeFinder database generation date=2025-11-05 (1762334721)
2025-12-07 15:09:35,885 [INFO] ApiDb:671 - CubeFinder database FW Pack versions=[FP-ATR-ASTRA1_V2.0.0, FP-SNS-FLIGHT1_V5.1.0, FP-SNS-MOTENV1_V5.1.0, FP-SNS-MOTENVWB1_V1.4.0, FP-SNS-SMARTAG2_V1.2.0, FP-SNS-STBOX1_V2.1.0, STM32Cube_FW_C0_V1.4.0, STM32Cube_FW_F4_V1.28.3, STM32Cube_FW_F7_V1.17.4, STM32Cube_FW_G0_V1.6.2, STM32Cube_FW_G4_V1.6.1, STM32Cube_FW_H5_V1.5.1, STM32Cube_FW_H7RS_V1.3.0, STM32Cube_FW_H7_V1.12.1, STM32Cube_FW_L0_V1.12.2, STM32Cube_FW_L4_V1.18.1, STM32Cube_FW_L5_V1.6.0, STM32Cube_FW_N6_V1.3.0, STM32Cube_FW_U0_V1.3.0, STM32Cube_FW_U3_V1.2.1, STM32Cube_FW_U5_V1.8.0, STM32Cube_FW_WB0_V1.4.0, STM32Cube_FW_WBA_V1.8.0, STM32Cube_FW_WB_V1.24.0, STM32Cube_FW_WL3_V1.3.0, STM32Cube_FW_WL_V1.4.0, X-CUBE-ALGOBUILD_V1.4.0, X-CUBE-ALS_V1.0.2, X-CUBE-AZRTOS-F4_V1.1.0, X-CUBE-AZRTOS-F7_V1.1.0, X-CUBE-AZRTOS-G0_V1.1.0, X-CUBE-AZRTOS-G4_V2.0.0, X-CUBE-AZRTOS-H7RS_V1.1.0, X-CUBE-AZRTOS-H7_V3.4.0, X-CUBE-AZRTOS-L4_V2.0.0, X-CUBE-AZRTOS-L5_V2.0.0, X-CUBE-AZRTOS-WB_V2.0.0, X-CUBE-AZRTOS-WL_V2.0.0, X-CUBE-BLE1_V7.1.0, X-CUBE-BLE2_V3.3.0, X-CUBE-BLEMGR_V4.1.0, X-CUBE-EEPRMA1_V5.2.0, X-CUBE-FREERTOS_V1.3.1, X-CUBE-GNSS1_V6.0.0, X-CUBE-MEMS1_V11.3.0, X-CUBE-NFC4_V3.0.0, X-CUBE-NFC7_V2.0.0, X-CUBE-SFXS2LP1_V4.0.0, X-CUBE-ST67W61_V1.1.0, X-CUBE-SUBG2_V5.0.0, X-CUBE-TOF1_V3.4.3]
2025-12-07 15:09:37,401 [INFO] ApiDb:240 - Found 323 in-development CPN: [B-G473E-ZEST1S, B-WB1M-WPAN1, B-WL5M-SUBG1, NUCLEO-C031C6, NUCLEO-H503RB, NUCLEO-H563ZI, NUCLEO-U545RE-Q, NUCLEO-U5A5ZJ-Q, NUCLEO-WBA52CG, STEVAL-PROTEUS1, STEVAL-SMARTAG2, STEVAL-STWINBX1, STM320518-EVAL, STM32C0116-DK, STM32C011D6Y3TR, STM32C011D6Y6TR, STM32C011F4P3, STM32C011F4P6, STM32C011F4U3, STM32C011F4U6TR, STM32C011F6P3, STM32C011F6P6, STM32C011F6U3, STM32C011F6U6TR, STM32C011J4M3, STM32C011J4M6, STM32C011J6M3, STM32C011J6M6, STM32C0316-DK, STM32C031C4T3, STM32C031C4T6, STM32C031C4U3, STM32C031C4U6, STM32C031C6T3, STM32C031C6T6, STM32C031C6U3, STM32C031C6U6, STM32C031F4P3, STM32C031F4P6, STM32C031F6P3, STM32C031F6P6, STM32C031G4U3, STM32C031G4U6, STM32C031G6U3, STM32C031G6U6, STM32C031K4T3, STM32C031K4T6, STM32C031K4U3, STM32C031K4U6, STM32C031K6T3, STM32C031K6T6, STM32C031K6U3, STM32C031K6U6, STM32G071K8TXN, STM32G071K8UXN, STM32G081GBU6N, STM32G081KBT6N, STM32G081KBUXN, STM32G0B1CCT6N, STM32G0B1KCT6, STM32G0B1NEY6TR, STM32G0B1RCT6N, STM32G0C1CCT6, STM32G0C1CCT6N, STM32G0C1CCU6N, STM32G0C1CET6N, STM32G0C1CEU6N, STM32G0C1KCT6, STM32G0C1NEY6TR, STM32G0C1RCI6N, STM32G0C1RCT6N, STM32G0C1REI6N, STM32G0C1RET6N, STM32G0C1VCI6, STM32G0C1VEI6, STM32G471CCT6, STM32G471CCU6, STM32G471CET3, STM32G471CET6, STM32G471CEU3, STM32G471CEU6, STM32G471MCT6, STM32G471MET3, STM32G471MET6, STM32G471MEY6TR, STM32G471QCT6, STM32G471QET3, STM32G471RCT6, STM32G471RET3, STM32G471RET6, STM32G471VCH6, STM32G471VCI6, STM32G471VCT6, STM32G471VEH3, STM32G471VEH6, STM32G471VEI3, STM32G471VEI6, STM32G471VET3, STM32G471VET6, STM32G474CCT6, STM32H503CBT6, STM32H503CBU6, STM32H503EBY6TR, STM32H503KBU6, STM32H503RBT6, STM32H562AGI6, STM32H562AII6, STM32H562IGK6, STM32H562IGT6, STM32H562IIK6, STM32H562IIT6, STM32H562RGT6, STM32H562RGV6, STM32H562RIT6, STM32H562RIV6, STM32H562VGT6, STM32H562VIT6, STM32H562ZGT6, STM32H562ZIT6, STM32H563AGI6, STM32H563AII3Q, STM32H563AII6, STM32H563IGK6, STM32H563IGT6, STM32H563IIK3Q, STM32H563IIK6, STM32H563IIT3Q, STM32H563IIT6, STM32H563MIY3QTR, STM32H563RGT6, STM32H563RGV6, STM32H563RIT6, STM32H563RIV6, STM32H563VGT6, STM32H563VIT3Q, STM32H563VIT6, STM32H563ZGT6, STM32H563ZIT3Q, STM32H563ZIT6, STM32H573AII3Q, STM32H573AII6, STM32H573I-DK, STM32H573IIK3Q, STM32H573IIK6, STM32H573IIT3Q, STM32H573IIT6, STM32H573MIY3QTR, STM32H573RIT6, STM32H573RIV6, STM32H573VIT3Q, STM32H573VIT6, STM32H573ZIT3Q, STM32H573ZIT6, STM32L4R5QGI6STR, STM32MP131AAE3, STM32MP131AAF3, STM32MP131AAG3, STM32MP131CAE3, STM32MP131CAF3, STM32MP131CAG3, STM32MP131DAE7, STM32MP131DAF7, STM32MP131DAG7, STM32MP131FAE7, STM32MP131FAF7, STM32MP131FAG7, STM32MP133AAE3, STM32MP133AAF3, STM32MP133AAG3, STM32MP133CAE3, STM32MP133CAF3, STM32MP133CAG3, STM32MP133DAE7, STM32MP133DAF7, STM32MP133DAG7, STM32MP133FAE7, STM32MP133FAF7, STM32MP133FAG7, STM32MP135AAE3, STM32MP135AAF3, STM32MP135AAG3, STM32MP135CAE3, STM32MP135CAF3, STM32MP135CAG3, STM32MP135DAE7, STM32MP135DAF7, STM32MP135DAG7, STM32MP135F-DK, STM32MP135FAE7, STM32MP135FAF7, STM32MP135FAF7T, STM32MP135FAF7U, STM32MP135FAG7, STM32U535CBT6, STM32U535CBT6Q, STM32U535CBU6, STM32U535CBU6Q, STM32U535CCT6, STM32U535CCT6Q, STM32U535CCU6, STM32U535CCU6Q, STM32U535CET6, STM32U535CET6Q, STM32U535CEU6, STM32U535CEU6Q, STM32U535JEY6QTR, STM32U535NCY6QTR, STM32U535NEY6QTR, STM32U535RBI6, STM32U535RBI6Q, STM32U535RBT6, STM32U535RBT6Q, STM32U535RCI6, STM32U535RCI6Q, STM32U535RCT6, STM32U535RCT6Q, STM32U535REI6, STM32U535REI6Q, STM32U535RET6, STM32U535RET6Q, STM32U535VCI6, STM32U535VCI6Q, STM32U535VCT6, STM32U535VCT6Q, STM32U535VEI6, STM32U535VEI6Q, STM32U535VET6, STM32U535VET6Q, STM32U545CET6, STM32U545CET6Q, STM32U545CEU6, STM32U545CEU6Q, STM32U545JEY6QTR, STM32U545NEY6QTR, STM32U545REI6, STM32U545REI6Q, STM32U545RET6, STM32U545RET6Q, STM32U545VEI6, STM32U545VEI6Q, STM32U545VET6, STM32U545VET6Q, STM32U595AIH6, STM32U595AIH6Q, STM32U595AJH6, STM32U595AJH6Q, STM32U595QII6, STM32U595QII6Q, STM32U595QJI6, STM32U595QJI6Q, STM32U595RIT6, STM32U595RIT6Q, STM32U595RJT6, STM32U595RJT6Q, STM32U595VIT6, STM32U595VIT6Q, STM32U595VJT6, STM32U595VJT6Q, STM32U595ZIT6, STM32U595ZIT6Q, STM32U595ZIY6QTR, STM32U595ZJT6, STM32U595ZJT6Q, STM32U595ZJY6QTR, STM32U599BJY6QTR, STM32U599NIH6Q, STM32U599NJH6Q, STM32U599VIT6Q, STM32U599VJT6, STM32U599VJT6Q, STM32U599ZIT6Q, STM32U599ZIY6QTR, STM32U599ZJT6Q, STM32U599ZJY6QTR, STM32U5A5AJH6, STM32U5A5AJH6Q, STM32U5A5QJI6, STM32U5A5QJI6Q, STM32U5A5RJT6, STM32U5A5RJT6Q, STM32U5A5VJT6, STM32U5A5VJT6Q, STM32U5A5ZJT6, STM32U5A5ZJT6Q, STM32U5A5ZJY6QTR, STM32U5A9BJY6QTR, STM32U5A9J-DK, STM32U5A9NJH6Q, STM32U5A9VJT6Q, STM32U5A9ZJT6Q, STM32U5A9ZJY6QTR, STM32U5F7VIT6, STM32U5F7VIT6Q, STM32U5F7VJT6, STM32U5F7VJT6Q, STM32U5F9BJY6QTR, STM32U5F9NJH6Q, STM32U5F9VIT6Q, STM32U5F9VJT6Q, STM32U5F9ZIJ6QTR, STM32U5F9ZIT6Q, STM32U5F9ZJJ6QTR, STM32U5F9ZJT6Q, STM32U5G7VJT6, STM32U5G7VJT6Q, STM32U5G9BJY6QTR, STM32U5G9J-DK1, STM32U5G9J-DK2, STM32U5G9NJH6Q, STM32U5G9VJT6Q, STM32U5G9ZJJ6QTR, STM32U5G9ZJT6Q, STM32WB1MMCH6, STM32WBA52CEU6, STM32WBA52CEU6T, STM32WBA52CGU6, STM32WBA52CGU6T, STM32WBA52KEU6, STM32WBA52KEU6T, STM32WBA52KGU6, STM32WBA52KGU6T, STM32WL5MOCH6, STM32WL5MOCH6TR]
2025-12-07 15:09:37,408 [INFO] DbMcus:217 - Found 4801 MCUs, 4801 are supported
2025-12-07 15:09:37,408 [INFO] ApiDb:423 - Load user favorites file C:\Users\bogda/.stm32cubeide/favorites.mcus.txt: 0 item(s)
2025-12-07 15:09:37,409 [INFO] ApiDb:427 - User favorites MCUs=[]
2025-12-07 15:09:37,409 [INFO] DbMcus:223 - Set 0 / 0 favorites MCUs
2025-12-07 15:09:37,749 [WARN] ThirdParty:833 - waiting for thirdparty lock release [change project]
2025-12-07 15:09:37,749 [INFO] ThirdParty:835 - entering critical section [change project]
2025-12-07 15:09:37,749 [INFO] ThirdParty:1030 - CMSIS Pack Vendor :STMicroelectronics USBPD 4.1
2025-12-07 15:09:37,749 [INFO] ThirdParty:1030 - CMSIS Pack Vendor :STMicroelectronics ThreadX 1.0.0
2025-12-07 15:09:37,749 [INFO] ThirdParty:1030 - CMSIS Pack Vendor :STMicroelectronics X-CUBE-MEMS1 12.0.0
2025-12-07 15:09:37,749 [INFO] ThirdParty:1030 - CMSIS Pack Vendor :STMicroelectronics USB_HOST 2.0.0
2025-12-07 15:09:37,749 [INFO] ThirdParty:1030 - CMSIS Pack Vendor :STMicroelectronics LIBJPEG 8.0.0
2025-12-07 15:09:37,749 [INFO] ThirdParty:1030 - CMSIS Pack Vendor :STMicroelectronics FreeRTOS 0.0.1
2025-12-07 15:09:37,749 [INFO] ThirdParty:1030 - CMSIS Pack Vendor :STMicroelectronics USB_DEVICE 1.0.0
2025-12-07 15:09:37,749 [INFO] ThirdParty:1030 - CMSIS Pack Vendor :STMicroelectronics STM32_WPAN 1.0.0
2025-12-07 15:09:37,749 [INFO] ThirdParty:1030 - CMSIS Pack Vendor :STMicroelectronics USB_DEVICE 3.0.0
2025-12-07 15:09:37,749 [INFO] ThirdParty:1030 - CMSIS Pack Vendor :STMicroelectronics HAL Drivers 0.0.0
2025-12-07 15:09:37,749 [INFO] ThirdParty:1030 - CMSIS Pack Vendor :STMicroelectronics MBEDTLS 2.16.2
2025-12-07 15:09:37,749 [INFO] ThirdParty:1030 - CMSIS Pack Vendor :STMicroelectronics ThreadX 0.0.2
2025-12-07 15:09:37,749 [INFO] ThirdParty:1030 - CMSIS Pack Vendor :STMicroelectronics lwIP 2.0.3
2025-12-07 15:09:37,749 [INFO] ThirdParty:1030 - CMSIS Pack Vendor :STMicroelectronics lwIP 2.1.2
2025-12-07 15:09:37,749 [INFO] ThirdParty:1030 - CMSIS Pack Vendor :STMicroelectronics MBEDTLS 2.14.1
2025-12-07 15:09:37,749 [INFO] ThirdParty:1030 - CMSIS Pack Vendor :STMicroelectronics USB_HOST 1.0.0
2025-12-07 15:09:37,750 [INFO] ThirdParty:1030 - CMSIS Pack Vendor :STMicroelectronics X-CUBE-TOUCHGFX 4.26.0
2025-12-07 15:09:37,750 [INFO] ThirdParty:1030 - CMSIS Pack Vendor :STMicroelectronics PDM2PCM 3.1.0
2025-12-07 15:09:37,750 [INFO] ThirdParty:1030 - CMSIS Pack Vendor :STMicroelectronics PDM2PCM 3.2.0
2025-12-07 15:09:37,750 [INFO] ThirdParty:1030 - CMSIS Pack Vendor :STMicroelectronics USB_DEVICE 2.0.0
2025-12-07 15:09:37,750 [INFO] ThirdParty:1030 - CMSIS Pack Vendor :STMicroelectronics PDM2PCM 3.3.0
2025-12-07 15:09:37,750 [INFO] ThirdParty:841 - exiting critical section [change project]
2025-12-07 15:09:38,115 [INFO] PinOutPanel:1499 - setPackage(No Configuration,No Configuration)
2025-12-07 15:09:38,118 [INFO] PinOutPanel:1499 - setPackage(STM32F407VGTx,LQFP100)
2025-12-07 15:09:38,507 [INFO] UtilMem:75 - Before build in PCC Used Memory: 714322280 Bytes (1073741824)
2025-12-07 15:09:39,459 [INFO] UtilMem:75 - After build in PCC Used Memory: 781953384 Bytes (1073741824)
2025-12-07 15:09:39,646 [INFO] ApiDbMcu:507 - Load IP Config File for USB_HOST
2025-12-07 15:09:39,647 [WARN] BspModel:444 - BSP dependency skipped because of component: name='IOExpander', api='Unknown'
2025-12-07 15:09:39,678 [INFO] IPUIPlugin:80 - create IPUIPlugin
2025-12-07 15:09:39,679 [INFO] IPUIPlugin:80 - create IPUIPlugin
2025-12-07 15:09:39,679 [INFO] IPUIPlugin:80 - create IPUIPlugin
2025-12-07 15:09:39,680 [INFO] IPUIPlugin:80 - create IPUIPlugin
2025-12-07 15:09:39,680 [INFO] IPUIPlugin:80 - create IPUIPlugin
2025-12-07 15:09:39,680 [INFO] IPUIPlugin:80 - create IPUIPlugin
2025-12-07 15:09:39,680 [INFO] IPUIPlugin:80 - create IPUIPlugin
2025-12-07 15:09:39,680 [INFO] IPUIPlugin:80 - create IPUIPlugin
2025-12-07 15:09:39,680 [INFO] IPUIPlugin:80 - create IPUIPlugin
2025-12-07 15:09:39,681 [INFO] IPUIPlugin:80 - create IPUIPlugin
2025-12-07 15:09:39,681 [INFO] IPUIPlugin:80 - create IPUIPlugin
2025-12-07 15:09:39,681 [INFO] IPUIPlugin:80 - create IPUIPlugin
2025-12-07 15:09:39,681 [INFO] IPUIPlugin:80 - create IPUIPlugin
2025-12-07 15:09:39,681 [INFO] IPUIPlugin:80 - create IPUIPlugin
2025-12-07 15:09:39,681 [INFO] IPUIPlugin:80 - create IPUIPlugin
2025-12-07 15:09:39,681 [INFO] IPUIPlugin:80 - create IPUIPlugin
2025-12-07 15:09:39,681 [INFO] IPUIPlugin:80 - create IPUIPlugin
2025-12-07 15:09:39,681 [INFO] IPUIPlugin:80 - create IPUIPlugin
2025-12-07 15:09:39,681 [INFO] IPUIPlugin:80 - create IPUIPlugin
2025-12-07 15:09:39,681 [INFO] IPUIPlugin:80 - create IPUIPlugin
2025-12-07 15:09:39,681 [INFO] IPUIPlugin:80 - create IPUIPlugin
2025-12-07 15:09:39,682 [INFO] IPUIPlugin:80 - create IPUIPlugin
2025-12-07 15:09:39,682 [INFO] IPUIPlugin:80 - create IPUIPlugin
2025-12-07 15:09:39,682 [INFO] IPUIPlugin:80 - create IPUIPlugin
2025-12-07 15:09:39,683 [INFO] IPUIPlugin:80 - create IPUIPlugin
2025-12-07 15:09:39,683 [INFO] IPUIPlugin:80 - create IPUIPlugin
2025-12-07 15:09:39,683 [INFO] IPUIPlugin:80 - create IPUIPlugin
2025-12-07 15:09:39,683 [INFO] IPUIPlugin:80 - create IPUIPlugin
2025-12-07 15:09:39,684 [INFO] IPUIPlugin:80 - create IPUIPlugin
2025-12-07 15:09:39,684 [INFO] IPUIPlugin:80 - create IPUIPlugin
2025-12-07 15:09:39,684 [INFO] IPUIPlugin:80 - create IPUIPlugin
2025-12-07 15:09:39,684 [INFO] IPUIPlugin:80 - create IPUIPlugin
2025-12-07 15:09:39,684 [INFO] IPUIPlugin:80 - create IPUIPlugin
2025-12-07 15:09:39,684 [INFO] IPUIPlugin:80 - create IPUIPlugin
2025-12-07 15:09:39,684 [INFO] IPUIPlugin:80 - create IPUIPlugin
2025-12-07 15:09:39,684 [INFO] IPUIPlugin:80 - create IPUIPlugin
2025-12-07 15:09:39,684 [INFO] IPUIPlugin:80 - create IPUIPlugin
2025-12-07 15:09:39,685 [INFO] IPUIPlugin:80 - create IPUIPlugin
2025-12-07 15:09:39,685 [INFO] IPUIPlugin:80 - create IPUIPlugin
2025-12-07 15:09:39,685 [INFO] IPUIPlugin:80 - create IPUIPlugin
2025-12-07 15:09:39,685 [INFO] IPUIPlugin:80 - create IPUIPlugin
2025-12-07 15:09:39,686 [INFO] IPUIPlugin:80 - create IPUIPlugin
2025-12-07 15:09:39,686 [INFO] IPUIPlugin:80 - create IPUIPlugin
2025-12-07 15:09:39,686 [INFO] IPUIPlugin:80 - create IPUIPlugin
2025-12-07 15:09:39,686 [INFO] IPUIPlugin:80 - create IPUIPlugin
2025-12-07 15:09:39,686 [INFO] IPUIPlugin:80 - create IPUIPlugin
2025-12-07 15:09:39,686 [INFO] IPUIPlugin:80 - create IPUIPlugin
2025-12-07 15:09:39,687 [INFO] IPUIPlugin:80 - create IPUIPlugin
2025-12-07 15:09:39,687 [INFO] IPUIPlugin:80 - create IPUIPlugin
2025-12-07 15:09:39,687 [INFO] IPUIPlugin:80 - create IPUIPlugin
2025-12-07 15:09:39,687 [INFO] IPUIPlugin:80 - create IPUIPlugin
2025-12-07 15:09:39,687 [INFO] IPUIPlugin:80 - create IPUIPlugin
2025-12-07 15:09:39,689 [INFO] IPUIPlugin:80 - create IPUIPlugin
2025-12-07 15:09:39,689 [INFO] IPUIPlugin:80 - create IPUIPlugin
2025-12-07 15:09:39,689 [INFO] IPUIPlugin:80 - create IPUIPlugin
2025-12-07 15:09:39,690 [INFO] IPUIPlugin:80 - create IPUIPlugin
2025-12-07 15:09:39,690 [INFO] IPUIPlugin:80 - create IPUIPlugin
2025-12-07 15:09:39,691 [INFO] IPUIPlugin:80 - create IPUIPlugin
2025-12-07 15:09:39,706 [INFO] ApiDbMcu:507 - Load IP Config File for PDM2PCM
2025-12-07 15:09:39,724 [WARN] IP:2114 - I2C_Coeff_DF not found: check if there is a RefParameter without a condition.
2025-12-07 15:09:39,724 [WARN] IP:2114 - Analog_Filter not found: check if there is a RefParameter without a condition.
2025-12-07 15:09:39,738 [INFO] I2sManager:658 - 9.6E7
2025-12-07 15:09:39,739 [INFO] I2sManager:195 - I2S Clock Value : 9.6E7
2025-12-07 15:09:39,743 [INFO] I2sManager:553 - AudioClock : 93750Divider : 2Odd : 0
2025-12-07 15:09:39,961 [INFO] CADModel:165 - CPN selected for project levelSTM32F407VGT6
2025-12-07 15:09:39,963 [INFO] CADModel:114 - Register for checkConnection events
2025-12-07 15:09:40,001 [INFO] OpenFileManager:328 - Restore cursor
2025-12-07 15:09:40,282 [WARN] IP:2114 - I2C_Coeff_DF not found: check if there is a RefParameter without a condition.
2025-12-07 15:09:40,282 [WARN] IP:2114 - Analog_Filter not found: check if there is a RefParameter without a condition.
2025-12-07 15:09:40,283 [WARN] IP:2114 - I2C_Coeff_DF not found: check if there is a RefParameter without a condition.
2025-12-07 15:09:40,283 [WARN] IP:2114 - Analog_Filter not found: check if there is a RefParameter without a condition.
2025-12-07 15:10:11,072 [INFO] NvicIntPanel:101 - NVIC parent = com.st.microxplorer.plugins.ip.nvic.MultiNvicIntPanel[,0,0,450x161,layout=javax.swing.BoxLayout,alignmentX=0.0,alignmentY=0.0,border=,flags=9,maximumSize=,minimumSize=,preferredSize=]
2025-12-07 21:25:09,662 [ERROR] ConfigurationRetriever:142 - IOException on connection: sw-center.st.com
2025-12-07 21:25:09,663 [ERROR] ConfigurationRetriever:142 - IOException on connection: sw-center.st.com
2025-12-07 21:25:09,663 [ERROR] ConfigurationRetriever:142 - IOException on connection: sw-center.st.com
