2025-11-28 13:19:31,088 [ERROR] ConfigurationRetriever:142 - IOException on connection: sw-center.st.com
2025-11-28 13:19:31,130 [ERROR] ConfigurationRetriever:142 - IOException on connection: sw-center.st.com
2025-11-28 13:19:31,130 [ERROR] ConfigurationRetriever:142 - IOException on connection: sw-center.st.com
2025-11-28 13:20:09,701 [ERROR] ConfigurationRetriever:142 - IOException on connection: sw-center.st.com
2025-11-28 13:20:09,702 [ERROR] ConfigurationRetriever:142 - IOException on connection: sw-center.st.com
2025-11-28 13:20:09,702 [ERROR] ConfigurationRetriever:142 - IOException on connection: sw-center.st.com
2025-11-28 13:21:14,245 [ERROR] ConfigurationRetriever:142 - IOException on connection: sw-center.st.com
2025-11-28 13:21:14,245 [ERROR] ConfigurationRetriever:142 - IOException on connection: sw-center.st.com
2025-11-28 13:21:14,245 [ERROR] ConfigurationRetriever:142 - IOException on connection: sw-center.st.com
2025-11-28 13:21:14,391 [ERROR] ConfigurationRetriever:142 - IOException on connection: sw-center.st.com
2025-11-28 13:21:14,391 [ERROR] ConfigurationRetriever:142 - IOException on connection: sw-center.st.com
2025-11-28 13:21:14,392 [ERROR] ConfigurationRetriever:142 - IOException on connection: sw-center.st.com
2025-11-28 13:33:28,793 [ERROR] ConfigurationRetriever:142 - IOException on connection: sw-center.st.com
2025-11-28 13:33:28,794 [ERROR] ConfigurationRetriever:142 - IOException on connection: sw-center.st.com
2025-11-28 13:33:28,794 [ERROR] ConfigurationRetriever:142 - IOException on connection: sw-center.st.com
2025-11-28 13:33:38,731 [ERROR] ConfigurationRetriever:142 - IOException on connection: sw-center.st.com
2025-11-28 13:33:38,731 [ERROR] ConfigurationRetriever:142 - IOException on connection: sw-center.st.com
2025-11-28 13:33:38,731 [ERROR] ConfigurationRetriever:142 - IOException on connection: sw-center.st.com
2025-11-28 13:33:39,959 [ERROR] ConfigurationRetriever:142 - IOException on connection: sw-center.st.com
2025-11-28 13:33:39,960 [ERROR] ConfigurationRetriever:142 - IOException on connection: sw-center.st.com
2025-11-28 13:33:39,960 [ERROR] ConfigurationRetriever:142 - IOException on connection: sw-center.st.com
2025-11-28 13:34:24,532 [ERROR] ConfigurationRetriever:142 - IOException on connection: sw-center.st.com
2025-11-28 13:34:24,533 [ERROR] ConfigurationRetriever:142 - IOException on connection: sw-center.st.com
2025-11-28 13:34:24,533 [ERROR] ConfigurationRetriever:142 - IOException on connection: sw-center.st.com
2025-11-28 13:36:04,025 [ERROR] ConfigurationRetriever:142 - IOException on connection: sw-center.st.com
2025-11-28 13:36:04,026 [ERROR] ConfigurationRetriever:142 - IOException on connection: sw-center.st.com
2025-11-28 13:36:04,026 [ERROR] ConfigurationRetriever:142 - IOException on connection: sw-center.st.com
2025-11-28 13:37:54,513 [ERROR] ConfigurationRetriever:142 - IOException on connection: sw-center.st.com
2025-11-28 13:37:54,514 [ERROR] ConfigurationRetriever:142 - IOException on connection: sw-center.st.com
2025-11-28 13:37:54,514 [ERROR] ConfigurationRetriever:142 - IOException on connection: sw-center.st.com
2025-11-28 13:38:29,407 [ERROR] ConfigurationRetriever:142 - IOException on connection: sw-center.st.com
2025-11-28 13:38:29,407 [ERROR] ConfigurationRetriever:142 - IOException on connection: sw-center.st.com
2025-11-28 13:38:29,407 [ERROR] ConfigurationRetriever:142 - IOException on connection: sw-center.st.com
2025-11-28 13:38:54,342 [ERROR] ConfigurationRetriever:142 - IOException on connection: sw-center.st.com
2025-11-28 13:38:54,342 [ERROR] ConfigurationRetriever:142 - IOException on connection: sw-center.st.com
2025-11-28 13:38:54,342 [ERROR] ConfigurationRetriever:142 - IOException on connection: sw-center.st.com
2025-11-28 13:39:15,364 [ERROR] ConfigurationRetriever:142 - IOException on connection: sw-center.st.com
2025-11-28 13:39:15,365 [ERROR] ConfigurationRetriever:142 - IOException on connection: sw-center.st.com
2025-11-28 13:39:15,365 [ERROR] ConfigurationRetriever:142 - IOException on connection: sw-center.st.com
2025-11-28 13:40:37,175 [ERROR] ConfigurationRetriever:142 - IOException on connection: sw-center.st.com
2025-11-28 13:40:37,175 [ERROR] ConfigurationRetriever:142 - IOException on connection: sw-center.st.com
2025-11-28 13:40:37,175 [ERROR] ConfigurationRetriever:142 - IOException on connection: sw-center.st.com
2025-11-28 13:46:30,946 [ERROR] ConfigurationRetriever:142 - IOException on connection: Connect timed out
2025-11-28 13:46:32,958 [ERROR] ConfigurationRetriever:142 - IOException on connection: Connect timed out
2025-11-28 13:46:34,959 [ERROR] ConfigurationRetriever:142 - IOException on connection: Connect timed out
2025-11-28 13:49:27,303 [ERROR] ConfigurationRetriever:142 - IOException on connection: Connect timed out
2025-11-28 13:49:29,306 [ERROR] ConfigurationRetriever:142 - IOException on connection: Connect timed out
2025-11-28 13:49:31,306 [ERROR] ConfigurationRetriever:142 - IOException on connection: Connect timed out
2025-11-28 13:49:33,323 [ERROR] ConfigurationRetriever:142 - IOException on connection: Connect timed out
2025-11-28 13:49:35,324 [ERROR] ConfigurationRetriever:142 - IOException on connection: Connect timed out
2025-11-28 13:49:37,325 [ERROR] ConfigurationRetriever:142 - IOException on connection: Connect timed out
2025-11-28 13:52:39,940 [ERROR] ConfigurationRetriever:142 - IOException on connection: Connect timed out
2025-11-28 13:52:41,941 [ERROR] ConfigurationRetriever:142 - IOException on connection: Connect timed out
2025-11-28 13:52:43,942 [ERROR] ConfigurationRetriever:142 - IOException on connection: Connect timed out
2025-11-28 13:52:45,958 [ERROR] ConfigurationRetriever:142 - IOException on connection: Connect timed out
2025-11-28 13:52:47,958 [ERROR] ConfigurationRetriever:142 - IOException on connection: Connect timed out
2025-11-28 13:52:49,959 [ERROR] ConfigurationRetriever:142 - IOException on connection: Connect timed out
2025-11-28 13:53:40,296 [ERROR] ConfigurationRetriever:142 - IOException on connection: Connect timed out
2025-11-28 13:53:42,297 [ERROR] ConfigurationRetriever:142 - IOException on connection: Connect timed out
2025-11-28 13:53:44,298 [ERROR] ConfigurationRetriever:142 - IOException on connection: Connect timed out
2025-11-28 13:58:21,025 [ERROR] ConfigurationRetriever:142 - IOException on connection: Connect timed out
2025-11-28 13:58:23,026 [ERROR] ConfigurationRetriever:142 - IOException on connection: Connect timed out
2025-11-28 13:58:25,027 [ERROR] ConfigurationRetriever:142 - IOException on connection: Connect timed out
2025-11-28 13:58:27,044 [ERROR] ConfigurationRetriever:142 - IOException on connection: Connect timed out
2025-11-28 13:58:29,045 [ERROR] ConfigurationRetriever:142 - IOException on connection: Connect timed out
2025-11-28 13:58:31,046 [ERROR] ConfigurationRetriever:142 - IOException on connection: Connect timed out
2025-11-28 14:01:17,793 [ERROR] ConfigurationRetriever:142 - IOException on connection: Connect timed out
2025-11-28 14:01:19,793 [ERROR] ConfigurationRetriever:142 - IOException on connection: Connect timed out
2025-11-28 14:01:21,794 [ERROR] ConfigurationRetriever:142 - IOException on connection: Connect timed out
2025-11-28 14:01:23,803 [ERROR] ConfigurationRetriever:142 - IOException on connection: Connect timed out
2025-11-28 14:01:25,804 [ERROR] ConfigurationRetriever:142 - IOException on connection: Connect timed out
2025-11-28 14:01:27,805 [ERROR] ConfigurationRetriever:142 - IOException on connection: Connect timed out
2025-11-28 14:05:02,727 [ERROR] ConfigurationRetriever:142 - IOException on connection: Connect timed out
2025-11-28 14:05:04,728 [ERROR] ConfigurationRetriever:142 - IOException on connection: Connect timed out
2025-11-28 14:05:06,728 [ERROR] ConfigurationRetriever:142 - IOException on connection: Connect timed out
2025-11-28 14:05:08,737 [ERROR] ConfigurationRetriever:142 - IOException on connection: Connect timed out
2025-11-28 14:05:10,737 [ERROR] ConfigurationRetriever:142 - IOException on connection: Connect timed out
2025-11-28 14:05:12,738 [ERROR] ConfigurationRetriever:142 - IOException on connection: Connect timed out
2025-11-28 14:11:03,421 [ERROR] ConfigurationRetriever:142 - IOException on connection: Connect timed out
2025-11-28 14:11:05,421 [ERROR] ConfigurationRetriever:142 - IOException on connection: Connect timed out
2025-11-28 14:11:07,422 [ERROR] ConfigurationRetriever:142 - IOException on connection: Connect timed out
2025-11-28 14:11:09,437 [ERROR] ConfigurationRetriever:142 - IOException on connection: Connect timed out
2025-11-28 14:11:11,438 [ERROR] ConfigurationRetriever:142 - IOException on connection: Connect timed out
2025-11-28 14:11:13,439 [ERROR] ConfigurationRetriever:142 - IOException on connection: Connect timed out
2025-11-28 14:13:00,809 [ERROR] ConfigurationRetriever:142 - IOException on connection: Connect timed out
2025-11-28 14:13:02,810 [ERROR] ConfigurationRetriever:142 - IOException on connection: Connect timed out
2025-11-28 14:13:04,810 [ERROR] ConfigurationRetriever:142 - IOException on connection: Connect timed out
2025-11-28 14:13:06,828 [ERROR] ConfigurationRetriever:142 - IOException on connection: Connect timed out
2025-11-28 14:13:08,828 [ERROR] ConfigurationRetriever:142 - IOException on connection: Connect timed out
2025-11-28 14:13:10,829 [ERROR] ConfigurationRetriever:142 - IOException on connection: Connect timed out
2025-11-28 14:13:45,174 [ERROR] ConfigurationRetriever:142 - IOException on connection: Connect timed out
2025-11-28 14:13:47,175 [ERROR] ConfigurationRetriever:142 - IOException on connection: Connect timed out
2025-11-28 14:13:49,175 [ERROR] ConfigurationRetriever:142 - IOException on connection: Connect timed out
2025-11-28 14:13:51,182 [ERROR] ConfigurationRetriever:142 - IOException on connection: Connect timed out
2025-11-28 14:13:53,183 [ERROR] ConfigurationRetriever:142 - IOException on connection: Connect timed out
2025-11-28 14:13:55,183 [ERROR] ConfigurationRetriever:142 - IOException on connection: Connect timed out
2025-11-28 14:14:44,079 [ERROR] ConfigurationRetriever:142 - IOException on connection: Connect timed out
2025-11-28 14:14:46,080 [ERROR] ConfigurationRetriever:142 - IOException on connection: Connect timed out
2025-11-28 14:14:48,081 [ERROR] ConfigurationRetriever:142 - IOException on connection: Connect timed out
2025-11-28 14:14:50,089 [ERROR] ConfigurationRetriever:142 - IOException on connection: Connect timed out
2025-11-28 14:14:52,090 [ERROR] ConfigurationRetriever:142 - IOException on connection: Connect timed out
2025-11-28 14:14:54,091 [ERROR] ConfigurationRetriever:142 - IOException on connection: Connect timed out
2025-11-28 14:14:59,203 [ERROR] ConfigurationRetriever:142 - IOException on connection: Connect timed out
2025-11-28 14:15:01,203 [ERROR] ConfigurationRetriever:142 - IOException on connection: Connect timed out
2025-11-28 14:15:03,205 [ERROR] ConfigurationRetriever:142 - IOException on connection: Connect timed out
2025-11-28 14:16:53,378 [ERROR] ConfigurationRetriever:142 - IOException on connection: Connect timed out
2025-11-28 14:16:55,378 [ERROR] ConfigurationRetriever:142 - IOException on connection: Connect timed out
2025-11-28 14:16:57,379 [ERROR] ConfigurationRetriever:142 - IOException on connection: Connect timed out
2025-11-28 14:16:59,388 [ERROR] ConfigurationRetriever:142 - IOException on connection: Connect timed out
2025-11-28 14:17:01,389 [ERROR] ConfigurationRetriever:142 - IOException on connection: Connect timed out
2025-11-28 14:17:03,389 [ERROR] ConfigurationRetriever:142 - IOException on connection: Connect timed out
2025-11-28 14:19:36,062 [ERROR] ConfigurationRetriever:142 - IOException on connection: Connect timed out
2025-11-28 14:19:38,063 [ERROR] ConfigurationRetriever:142 - IOException on connection: Connect timed out
2025-11-28 14:19:40,064 [ERROR] ConfigurationRetriever:142 - IOException on connection: Connect timed out
2025-11-28 14:19:42,073 [ERROR] ConfigurationRetriever:142 - IOException on connection: Connect timed out
2025-11-28 14:19:44,074 [ERROR] ConfigurationRetriever:142 - IOException on connection: Connect timed out
2025-11-28 14:19:46,075 [ERROR] ConfigurationRetriever:142 - IOException on connection: Connect timed out
2025-11-28 14:20:15,139 [ERROR] ConfigurationRetriever:142 - IOException on connection: Connect timed out
2025-11-28 14:20:17,140 [ERROR] ConfigurationRetriever:142 - IOException on connection: Connect timed out
2025-11-28 14:20:19,141 [ERROR] ConfigurationRetriever:142 - IOException on connection: Connect timed out
2025-11-28 14:21:51,964 [ERROR] ConfigurationRetriever:142 - IOException on connection: Connect timed out
2025-11-28 14:21:53,965 [ERROR] ConfigurationRetriever:142 - IOException on connection: Connect timed out
2025-11-28 14:21:55,965 [ERROR] ConfigurationRetriever:142 - IOException on connection: Connect timed out
2025-11-28 14:21:57,972 [ERROR] ConfigurationRetriever:142 - IOException on connection: Connect timed out
2025-11-28 14:21:59,973 [ERROR] ConfigurationRetriever:142 - IOException on connection: Connect timed out
2025-11-28 14:22:01,973 [ERROR] ConfigurationRetriever:142 - IOException on connection: Connect timed out
2025-11-28 14:22:17,205 [ERROR] ConfigurationRetriever:142 - IOException on connection: Connect timed out
2025-11-28 14:22:19,205 [ERROR] ConfigurationRetriever:142 - IOException on connection: Connect timed out
2025-11-28 14:22:21,206 [ERROR] ConfigurationRetriever:142 - IOException on connection: Connect timed out
2025-11-28 14:24:11,660 [ERROR] ConfigurationRetriever:142 - IOException on connection: Connect timed out
2025-11-28 14:24:13,661 [ERROR] ConfigurationRetriever:142 - IOException on connection: Connect timed out
2025-11-28 14:24:15,662 [ERROR] ConfigurationRetriever:142 - IOException on connection: Connect timed out
2025-11-28 14:25:20,465 [ERROR] ConfigurationRetriever:142 - IOException on connection: Connect timed out
2025-11-28 14:25:22,466 [ERROR] ConfigurationRetriever:142 - IOException on connection: Connect timed out
2025-11-28 14:25:24,467 [ERROR] ConfigurationRetriever:142 - IOException on connection: Connect timed out
2025-11-28 14:25:26,481 [ERROR] ConfigurationRetriever:142 - IOException on connection: Connect timed out
2025-11-28 14:25:28,482 [ERROR] ConfigurationRetriever:142 - IOException on connection: Connect timed out
2025-11-28 14:25:30,483 [ERROR] ConfigurationRetriever:142 - IOException on connection: Connect timed out
2025-11-28 14:26:03,097 [ERROR] ConfigurationRetriever:142 - IOException on connection: Connect timed out
2025-11-28 14:26:05,098 [ERROR] ConfigurationRetriever:142 - IOException on connection: Connect timed out
2025-11-28 14:26:07,099 [ERROR] ConfigurationRetriever:142 - IOException on connection: Connect timed out
2025-11-28 14:26:09,107 [ERROR] ConfigurationRetriever:142 - IOException on connection: Connect timed out
2025-11-28 14:26:11,108 [ERROR] ConfigurationRetriever:142 - IOException on connection: Connect timed out
2025-11-28 14:26:13,108 [ERROR] ConfigurationRetriever:142 - IOException on connection: Connect timed out
2025-11-28 14:29:15,322 [ERROR] ConfigurationRetriever:142 - IOException on connection: Connect timed out
2025-11-28 14:29:17,323 [ERROR] ConfigurationRetriever:142 - IOException on connection: Connect timed out
2025-11-28 14:29:19,323 [ERROR] ConfigurationRetriever:142 - IOException on connection: Connect timed out
2025-11-28 14:29:21,340 [ERROR] ConfigurationRetriever:142 - IOException on connection: Connect timed out
2025-11-28 14:29:23,342 [ERROR] ConfigurationRetriever:142 - IOException on connection: Connect timed out
2025-11-28 14:29:25,341 [ERROR] ConfigurationRetriever:142 - IOException on connection: Connect timed out
2025-11-28 21:08:08,353 [ERROR] LogOutputStream:75 - [STDERR_REDIRECT] 
2025-11-28 21:09:23,697 [INFO] Activator:176 - 


2025-11-28 21:09:23,698 [INFO] Activator:177 - !SESSION log4j initialized
2025-11-28 21:09:28,054 [INFO] LogOutputStream:77 - [STDOUT_REDIRECT] 
2025-11-28 21:09:29,049 [INFO] ApplicationProperties:184 - Using Application install path: C:\ST\STM32CubeIDE_1.13.0\STM32CubeIDE\plugins\com.st.stm32cube.common.mx_6.9.0.202307051724
2025-11-28 21:09:29,117 [INFO] DbMcusXml:78 - Set database path to: C:\ST\STM32CubeIDE_1.13.0\STM32CubeIDE\plugins\com.st.stm32cube.common.mx_6.9.0.202307051724\\db\/mcu/
2025-11-28 21:09:29,118 [INFO] ApiDb:274 - Set plugin database path to: C:\ST\STM32CubeIDE_1.13.0\STM32CubeIDE\plugins\com.st.stm32cube.common.mx_6.9.0.202307051724\\db\/plugins/boardmanager/
2025-11-28 21:09:29,118 [WARN] ApiDb:259 - Overriding images path with different value:  => C:\ST\STM32CubeIDE_1.13.0\STM32CubeIDE\plugins\com.st.stm32cube.common.mx_6.9.0.202307051724\\db\/plugins/mcufinder/images/
2025-11-28 21:09:29,137 [INFO] ApiDb:250 - Set database path to: C:\Users\bogda\.stmcufinder\plugins\mcufinder//mcu/
2025-11-28 21:09:29,141 [INFO] DbMcusAds:125 - Set database path to: C:\Users\bogda\.stmcufinder\plugins\mcufinder//mcu/
2025-11-28 21:09:29,145 [INFO] CrossReferenceDbSqlite:203 - Set database path to: C:\Users\bogda\.stmcufinder\plugins\mcufinder//mcu/cs/
2025-11-28 21:09:29,368 [INFO] RulesReader:64 - Compatibility file has been processed (293 Rules)
2025-11-28 21:09:29,526 [INFO] DbMcusXml:78 - Set database path to: C:\ST\STM32CubeIDE_1.13.0\STM32CubeIDE\plugins\com.st.stm32cube.common.mx_6.9.0.202307051724\\db\/mcu/
2025-11-28 21:09:29,527 [INFO] ApiDb:274 - Set plugin database path to: C:\ST\STM32CubeIDE_1.13.0\STM32CubeIDE\plugins\com.st.stm32cube.common.mx_6.9.0.202307051724\\db\/plugins/boardmanager/
2025-11-28 21:09:29,527 [INFO] ApiDb:261 - Set plugin images path to: C:\ST\STM32CubeIDE_1.13.0\STM32CubeIDE\plugins\com.st.stm32cube.common.mx_6.9.0.202307051724\\db\/plugins/mcufinder/images/
2025-11-28 21:09:29,528 [WARN] DbFile:41 - Overriding database path with different value: C:\Users\bogda\.stmcufinder\plugins\mcufinder/ => C:\Users\bogda\.stmcufinder\plugins\mcufinder
2025-11-28 21:09:29,528 [INFO] ApiDb:250 - Set database path to: C:\Users\bogda\.stmcufinder\plugins\mcufinder//mcu/
2025-11-28 21:09:29,528 [WARN] DbFile:41 - Overriding database path with different value: C:\Users\bogda\.stmcufinder\plugins\mcufinder/ => C:\Users\bogda\.stmcufinder\plugins\mcufinder
2025-11-28 21:09:29,528 [INFO] DbMcusAds:125 - Set database path to: C:\Users\bogda\.stmcufinder\plugins\mcufinder//mcu/
2025-11-28 21:09:29,528 [WARN] DbFile:41 - Overriding database path with different value: C:\Users\bogda\.stmcufinder\plugins\mcufinder/ => C:\Users\bogda\.stmcufinder\plugins\mcufinder
2025-11-28 21:09:29,528 [WARN] DbFile:41 - Overriding database path with different value: C:\Users\bogda\.stmcufinder\plugins\mcufinder/ => C:\Users\bogda\.stmcufinder\plugins\mcufinder
2025-11-28 21:09:29,528 [INFO] CrossReferenceDbSqlite:203 - Set database path to: C:\Users\bogda\.stmcufinder\plugins\mcufinder//mcu/cs/
2025-11-28 21:09:29,668 [INFO] MainPanel:262 - HeapMemory: 268435456
2025-11-28 21:09:29,834 [INFO] DbMcusXml:78 - Set database path to: C:\ST\STM32CubeIDE_1.13.0\STM32CubeIDE\plugins\com.st.stm32cube.common.mx_6.9.0.202307051724\\db\/mcu/
2025-11-28 21:09:29,834 [INFO] ApiDb:274 - Set plugin database path to: C:\ST\STM32CubeIDE_1.13.0\STM32CubeIDE\plugins\com.st.stm32cube.common.mx_6.9.0.202307051724\\db\/plugins/boardmanager/
2025-11-28 21:09:29,834 [INFO] ApiDb:261 - Set plugin images path to: C:\ST\STM32CubeIDE_1.13.0\STM32CubeIDE\plugins\com.st.stm32cube.common.mx_6.9.0.202307051724\\db\/plugins/mcufinder/images/
2025-11-28 21:09:29,835 [WARN] DbFile:41 - Overriding database path with different value: C:\Users\bogda\.stmcufinder\plugins\mcufinder/ => C:\Users\bogda\.stmcufinder\plugins\mcufinder
2025-11-28 21:09:29,835 [INFO] ApiDb:250 - Set database path to: C:\Users\bogda\.stmcufinder\plugins\mcufinder//mcu/
2025-11-28 21:09:29,835 [WARN] DbFile:41 - Overriding database path with different value: C:\Users\bogda\.stmcufinder\plugins\mcufinder/ => C:\Users\bogda\.stmcufinder\plugins\mcufinder
2025-11-28 21:09:29,835 [INFO] DbMcusAds:125 - Set database path to: C:\Users\bogda\.stmcufinder\plugins\mcufinder//mcu/
2025-11-28 21:09:29,835 [WARN] DbFile:41 - Overriding database path with different value: C:\Users\bogda\.stmcufinder\plugins\mcufinder/ => C:\Users\bogda\.stmcufinder\plugins\mcufinder
2025-11-28 21:09:29,835 [WARN] DbFile:41 - Overriding database path with different value: C:\Users\bogda\.stmcufinder\plugins\mcufinder/ => C:\Users\bogda\.stmcufinder\plugins\mcufinder
2025-11-28 21:09:29,835 [INFO] CrossReferenceDbSqlite:203 - Set database path to: C:\Users\bogda\.stmcufinder\plugins\mcufinder//mcu/cs/
2025-11-28 21:09:29,868 [INFO] ApplicationProperties:184 - Using Application install path: C:\ST\STM32CubeIDE_1.13.0\STM32CubeIDE\plugins\com.st.stm32cube.common.mx_6.9.0.202307051724
2025-11-28 21:09:29,872 [INFO] PluginManage:196 - Search for loadable plugins [exclusion list=, ]
2025-11-28 21:09:29,874 [INFO] PluginManage:310 - Check plugin analytics
2025-11-28 21:09:30,256 [INFO] AnalyticsPlugin:253 - Accepted Software Licenses: 
2025-11-28 21:09:30,256 [INFO] AnalyticsPlugin:255 - Accepted CMSIS Pack Licenses: 
2025-11-28 21:09:30,257 [INFO] AnalyticsPlugin:257 - Accepted Firmware Licenses: FW.F4.1.27.0
2025-11-28 21:09:30,261 [INFO] PluginManage:359 - Loaded plugin analytics (category:tool,tabindex:-1)
2025-11-28 21:09:30,261 [INFO] PluginManage:310 - Check plugin cadmodel
2025-11-28 21:09:30,270 [INFO] CADModel:105 - Init CAD model plugin
2025-11-28 21:09:30,270 [INFO] PluginManage:359 - Loaded plugin cadmodel (category:power,tabindex:5)
2025-11-28 21:09:30,271 [INFO] PluginManage:310 - Check plugin clock
2025-11-28 21:09:30,286 [INFO] PluginManage:359 - Loaded plugin clock (category:base,tabindex:2)
2025-11-28 21:09:30,288 [INFO] PluginManage:310 - Check plugin ddr
2025-11-28 21:09:30,294 [INFO] PluginManage:359 - Loaded plugin ddr (category:tool,tabindex:6)
2025-11-28 21:09:30,294 [INFO] PluginManage:310 - Check plugin filemanager
2025-11-28 21:09:30,553 [INFO] PluginManage:359 - Loaded plugin filemanager (category:base,tabindex:10)
2025-11-28 21:09:30,555 [INFO] PluginManage:310 - Check plugin ipmanager
2025-11-28 21:09:30,567 [INFO] PluginManage:359 - Loaded plugin ipmanager (category:base,tabindex:5)
2025-11-28 21:09:30,567 [INFO] PluginManage:310 - Check plugin lpbam
2025-11-28 21:09:30,581 [INFO] PluginManage:359 - Loaded plugin lpbam (category:base,tabindex:0)
2025-11-28 21:09:30,581 [INFO] PluginManage:310 - Check plugin memorymap
2025-11-28 21:09:30,613 [INFO] PluginManage:359 - Loaded plugin memorymap (category:base,tabindex:4)
2025-11-28 21:09:30,613 [INFO] PluginManage:310 - Check plugin pinoutandconfiguration
2025-11-28 21:09:30,634 [INFO] PluginManage:359 - Loaded plugin pinoutandconfiguration (category:base,tabindex:1)
2025-11-28 21:09:30,634 [INFO] PluginManage:310 - Check plugin pinoutconfig
2025-11-28 21:09:30,841 [WARN] SupportedApi:132 - Cannot load RTOS API schema: s4s-elt-must-match.1: The content of 'definitions' must match (annotation?, (simpleType | complexType)?, (unique | key | keyref)*)). A problem was found starting at: attribute.
2025-11-28 21:09:31,456 [INFO] PluginManage:359 - Loaded plugin pinoutconfig (category:base,tabindex:0)
2025-11-28 21:09:31,457 [INFO] PluginManage:310 - Check plugin power
2025-11-28 21:09:31,492 [INFO] PluginManage:359 - Loaded plugin power (category:power,tabindex:4)
2025-11-28 21:09:31,492 [INFO] PluginManage:310 - Check plugin projectmanager
2025-11-28 21:09:31,551 [INFO] PluginManage:359 - Loaded plugin projectmanager (category:projectmanager,tabindex:3)
2025-11-28 21:09:31,552 [INFO] PluginManage:310 - Check plugin thirdparty
2025-11-28 21:09:32,165 [INFO] PluginManage:359 - Loaded plugin thirdparty (category:base,tabindex:-1)
2025-11-28 21:09:32,165 [WARN] IntegrityCheckThread:84 - waiting for thirdparty lock release [integrity check]
2025-11-28 21:09:32,166 [INFO] PluginManage:310 - Check plugin tools
2025-11-28 21:09:32,166 [INFO] IntegrityCheckThread:86 - entering critical section [integrity check]
2025-11-28 21:09:32,167 [INFO] ThirdPartyUpdaterWithRetryManager:70 - Updater plugin not ready yet. [1/15]
2025-11-28 21:09:32,171 [INFO] PluginManage:359 - Loaded plugin tools (category:base,tabindex:7)
2025-11-28 21:09:32,171 [INFO] PluginManage:310 - Check plugin tutovideos
2025-11-28 21:09:33,052 [INFO] PluginManage:359 - Loaded plugin tutovideos (category:base,tabindex:-1)
2025-11-28 21:09:33,059 [INFO] PluginManage:310 - Check plugin updater
2025-11-28 21:09:33,099 [INFO] PluginManage:359 - Loaded plugin updater (category:base,tabindex:12)
2025-11-28 21:09:33,100 [INFO] PluginManage:310 - Check plugin userauth
2025-11-28 21:09:33,114 [INFO] UserAuth:113 - Init User Auth plugin
2025-11-28 21:09:33,114 [INFO] PluginManage:359 - Loaded plugin userauth (category:base,tabindex:14)
2025-11-28 21:09:33,115 [INFO] PluginManage:283 - PluginManage : Loaded plugins [17]
2025-11-28 21:09:33,811 [INFO] PinOutPanel:1499 - setPackage(No Configuration,No Configuration)
2025-11-28 21:09:34,116 [INFO] CADModel:165 - CPN selected for project level
2025-11-28 21:09:34,117 [INFO] CADModel:114 - Register for checkConnection events
2025-11-28 21:09:34,157 [INFO] IPUIPlugin:80 - create IPUIPlugin
2025-11-28 21:09:34,157 [INFO] PluginManager:220 - loadIPPluginJar : add adc
2025-11-28 21:09:34,162 [INFO] IPUIPlugin:80 - create IPUIPlugin
2025-11-28 21:09:34,162 [INFO] PluginManager:220 - loadIPPluginJar : add aes
2025-11-28 21:09:34,168 [INFO] IPUIPlugin:80 - create IPUIPlugin
2025-11-28 21:09:34,168 [INFO] PluginManager:220 - loadIPPluginJar : add can
2025-11-28 21:09:34,178 [INFO] IPUIPlugin:80 - create IPUIPlugin
2025-11-28 21:09:34,179 [INFO] PluginManager:220 - loadIPPluginJar : add comp
2025-11-28 21:09:34,186 [INFO] IPUIPlugin:80 - create IPUIPlugin
2025-11-28 21:09:34,187 [INFO] PluginManager:220 - loadIPPluginJar : add cryp
2025-11-28 21:09:34,191 [INFO] IPUIPlugin:80 - create IPUIPlugin
2025-11-28 21:09:34,191 [INFO] PluginManager:220 - loadIPPluginJar : add dfsdm
2025-11-28 21:09:34,199 [INFO] IPUIPlugin:80 - create IPUIPlugin
2025-11-28 21:09:34,201 [INFO] PluginManager:220 - loadIPPluginJar : add dma
2025-11-28 21:09:34,206 [INFO] IPUIPlugin:80 - create IPUIPlugin
2025-11-28 21:09:34,207 [INFO] PluginManager:220 - loadIPPluginJar : add dma3
2025-11-28 21:09:34,210 [INFO] IPUIPlugin:80 - create IPUIPlugin
2025-11-28 21:09:34,210 [INFO] PluginManager:220 - loadIPPluginJar : add fatfs
2025-11-28 21:09:34,218 [INFO] IPUIPlugin:80 - create IPUIPlugin
2025-11-28 21:09:34,218 [INFO] PluginManager:220 - loadIPPluginJar : add fmc
2025-11-28 21:09:34,227 [INFO] IPUIPlugin:80 - create IPUIPlugin
2025-11-28 21:09:34,227 [INFO] PluginManager:220 - loadIPPluginJar : add freertos
2025-11-28 21:09:34,230 [INFO] IPUIPlugin:80 - create IPUIPlugin
2025-11-28 21:09:34,231 [INFO] PluginManager:220 - loadIPPluginJar : add genericplugin
2025-11-28 21:09:34,235 [INFO] IPUIPlugin:80 - create IPUIPlugin
2025-11-28 21:09:34,235 [INFO] PluginManager:220 - loadIPPluginJar : add gfxmmu
2025-11-28 21:09:34,243 [INFO] IPUIPlugin:80 - create IPUIPlugin
2025-11-28 21:09:34,244 [INFO] PluginManager:220 - loadIPPluginJar : add gic
2025-11-28 21:09:34,252 [INFO] IPUIPlugin:80 - create IPUIPlugin
2025-11-28 21:09:34,253 [INFO] PluginManager:220 - loadIPPluginJar : add gpio
2025-11-28 21:09:34,258 [INFO] IPUIPlugin:80 - create IPUIPlugin
2025-11-28 21:09:34,258 [INFO] PluginManager:220 - loadIPPluginJar : add gtzc
2025-11-28 21:09:34,262 [INFO] IPUIPlugin:80 - create IPUIPlugin
2025-11-28 21:09:34,263 [INFO] PluginManager:220 - loadIPPluginJar : add hash
2025-11-28 21:09:34,269 [INFO] IPUIPlugin:80 - create IPUIPlugin
2025-11-28 21:09:34,269 [INFO] PluginManager:220 - loadIPPluginJar : add i2c
2025-11-28 21:09:34,275 [INFO] IPUIPlugin:80 - create IPUIPlugin
2025-11-28 21:09:34,275 [INFO] PluginManager:220 - loadIPPluginJar : add i2s
2025-11-28 21:09:34,280 [INFO] IPUIPlugin:80 - create IPUIPlugin
2025-11-28 21:09:34,280 [INFO] PluginManager:220 - loadIPPluginJar : add i3c
2025-11-28 21:09:34,285 [INFO] IPUIPlugin:80 - create IPUIPlugin
2025-11-28 21:09:34,285 [INFO] PluginManager:220 - loadIPPluginJar : add ipddr
2025-11-28 21:09:34,296 [INFO] IPUIPlugin:80 - create IPUIPlugin
2025-11-28 21:09:34,297 [INFO] PluginManager:220 - loadIPPluginJar : add linkedlist
2025-11-28 21:09:34,301 [INFO] IPUIPlugin:80 - create IPUIPlugin
2025-11-28 21:09:34,302 [INFO] PluginManager:220 - loadIPPluginJar : add lorawan
2025-11-28 21:09:34,304 [INFO] IPUIPlugin:80 - create IPUIPlugin
2025-11-28 21:09:34,304 [INFO] PluginManager:220 - loadIPPluginJar : add ltdc
2025-11-28 21:09:34,316 [INFO] IPUIPlugin:80 - create IPUIPlugin
2025-11-28 21:09:34,317 [INFO] PluginManager:220 - loadIPPluginJar : add mdma
2025-11-28 21:09:34,323 [INFO] IPUIPlugin:80 - create IPUIPlugin
2025-11-28 21:09:34,323 [INFO] PluginManager:220 - loadIPPluginJar : add nvic
2025-11-28 21:09:34,330 [INFO] IPUIPlugin:80 - create IPUIPlugin
2025-11-28 21:09:34,330 [INFO] PluginManager:220 - loadIPPluginJar : add opamp
2025-11-28 21:09:34,336 [INFO] IPUIPlugin:80 - create IPUIPlugin
2025-11-28 21:09:34,337 [INFO] PluginManager:220 - loadIPPluginJar : add openamp
2025-11-28 21:09:34,343 [INFO] IPUIPlugin:80 - create IPUIPlugin
2025-11-28 21:09:34,343 [INFO] PluginManager:220 - loadIPPluginJar : add pdm2pcm
2025-11-28 21:09:34,355 [INFO] IPUIPlugin:80 - create IPUIPlugin
2025-11-28 21:09:34,361 [INFO] PluginManager:220 - loadIPPluginJar : add plateformsettings
2025-11-28 21:09:34,363 [INFO] IPUIPlugin:80 - create IPUIPlugin
2025-11-28 21:09:34,363 [INFO] PluginManager:220 - loadIPPluginJar : add quadspi
2025-11-28 21:09:34,368 [INFO] IPUIPlugin:80 - create IPUIPlugin
2025-11-28 21:09:34,368 [INFO] PluginManager:220 - loadIPPluginJar : add resmgrutility
2025-11-28 21:09:34,375 [INFO] IPUIPlugin:80 - create IPUIPlugin
2025-11-28 21:09:34,375 [INFO] PluginManager:220 - loadIPPluginJar : add sai
2025-11-28 21:09:34,379 [INFO] IPUIPlugin:80 - create IPUIPlugin
2025-11-28 21:09:34,379 [INFO] PluginManager:220 - loadIPPluginJar : add spi
2025-11-28 21:09:34,387 [INFO] IPUIPlugin:80 - create IPUIPlugin
2025-11-28 21:09:34,388 [INFO] PluginManager:220 - loadIPPluginJar : add stm32_wpan
2025-11-28 21:09:34,391 [INFO] IPUIPlugin:80 - create IPUIPlugin
2025-11-28 21:09:34,392 [INFO] PluginManager:220 - loadIPPluginJar : add tim
2025-11-28 21:09:34,397 [INFO] IPUIPlugin:80 - create IPUIPlugin
2025-11-28 21:09:34,397 [INFO] PluginManager:220 - loadIPPluginJar : add touchsensing
2025-11-28 21:09:34,402 [INFO] IPUIPlugin:80 - create IPUIPlugin
2025-11-28 21:09:34,402 [INFO] PluginManager:220 - loadIPPluginJar : add tracer_emb
2025-11-28 21:09:34,406 [INFO] IPUIPlugin:80 - create IPUIPlugin
2025-11-28 21:09:34,406 [INFO] PluginManager:220 - loadIPPluginJar : add ts
2025-11-28 21:09:34,409 [INFO] IPUIPlugin:80 - create IPUIPlugin
2025-11-28 21:09:34,409 [INFO] PluginManager:220 - loadIPPluginJar : add tsc
2025-11-28 21:09:34,413 [INFO] IPUIPlugin:80 - create IPUIPlugin
2025-11-28 21:09:34,413 [INFO] PluginManager:220 - loadIPPluginJar : add ucpd
2025-11-28 21:09:34,421 [INFO] IPUIPlugin:80 - create IPUIPlugin
2025-11-28 21:09:34,421 [INFO] PluginManager:220 - loadIPPluginJar : add usart
2025-11-28 21:09:34,432 [INFO] IPUIPlugin:80 - create IPUIPlugin
2025-11-28 21:09:34,433 [INFO] PluginManager:220 - loadIPPluginJar : add usbx
2025-11-28 21:09:34,691 [INFO] CADModel:165 - CPN selected for project level
2025-11-28 21:09:34,692 [INFO] CADModel:114 - Register for checkConnection events
2025-11-28 21:09:34,692 [FATAL] Updater:308 - Updater called before beeing initialized
2025-11-28 21:09:34,692 [ERROR] CADModel:125 - Updater not yet initialized, retry later 
2025-11-28 21:09:35,181 [INFO] ThirdPartyUpdaterWithRetryManager:70 - Updater plugin not ready yet. [2/15]
2025-11-28 21:09:35,182 [INFO] CADModel:165 - CPN selected for project level
2025-11-28 21:09:35,182 [INFO] CADModel:114 - Register for checkConnection events
2025-11-28 21:09:35,182 [FATAL] Updater:308 - Updater called before beeing initialized
2025-11-28 21:09:35,182 [ERROR] CADModel:125 - Updater not yet initialized, retry later 
2025-11-28 21:09:35,188 [FATAL] Updater:308 - Updater called before beeing initialized
2025-11-28 21:09:35,425 [FATAL] Updater:308 - Updater called before beeing initialized
2025-11-28 21:09:35,435 [INFO] DbMcusAds:53 - JSON generation date=Tue Nov 25 16:08:32 EET 2025 (1764079712316)
2025-11-28 21:09:35,435 [FATAL] Updater:308 - Updater called before beeing initialized
2025-11-28 21:09:35,491 [WARN] DetailPanel:346 - Failed to get advertising image, set to default
2025-11-28 21:09:35,677 [FATAL] Updater:308 - Updater called before beeing initialized
2025-11-28 21:09:35,682 [FATAL] Updater:308 - Updater called before beeing initialized
2025-11-28 21:09:35,683 [FATAL] Updater:308 - Updater called before beeing initialized
2025-11-28 21:09:35,683 [WARN] DetailPanel:346 - Failed to get advertising image, set to default
2025-11-28 21:09:35,684 [FATAL] Updater:308 - Updater called before beeing initialized
2025-11-28 21:09:35,767 [ERROR] Updater:1120 - MainUpdater not yet initialized. External WinMGr cannot be set.
2025-11-28 21:09:35,772 [INFO] Updater:1056 - Updater Version found : 6.9.0
2025-11-28 21:09:35,819 [INFO] ApplicationProperties:184 - Using Application install path: C:\ST\STM32CubeIDE_1.13.0\STM32CubeIDE\plugins\com.st.stm32cube.common.mx_6.9.0.202307051724
2025-11-28 21:09:36,330 [INFO] MainUpdater:2868 - connection check result : 10
2025-11-28 21:09:36,332 [INFO] MainUpdater:285 - Updater Check For Update Now.
2025-11-28 21:09:36,332 [INFO] MicroXplorer:498 - Change Database Version : DB.6.0.90
2025-11-28 21:09:36,337 [INFO] McuFinderGlobals:63 - Set McuFinder mode to 2 (CubeIDE integrated)
2025-11-28 21:09:36,337 [INFO] UserAuth:179 - activating auth plugin
2025-11-28 21:09:36,340 [INFO] UserAuth:393 - Internet connection configuration mode: 1
2025-11-28 21:09:36,366 [INFO] JxBrowserEngine:151 - Initiate JxBrowser Engine with user profile folder
2025-11-28 21:09:36,543 [INFO] CheckServerUpdateThread:120 - End of CheckServer Thread
2025-11-28 21:09:37,093 [INFO] WebApp:157 - Instantiating new browser for Auth
2025-11-28 21:09:37,659 [INFO] WebApp:753 - Register for checkConnection events
2025-11-28 21:09:37,659 [INFO] WebApp:390 - Apply proxy settings
2025-11-28 21:09:37,659 [INFO] WebApp:475 - Chromium requires no authentication
2025-11-28 21:09:37,666 [INFO] WebApp:418 - Direct internet connection detected
2025-11-28 21:09:37,813 [INFO] WebApp:188 - Starting web application
2025-11-28 21:09:37,814 [INFO] WebApp:520 - Web application path used C:\ST\STM32CubeIDE_1.13.0\STM32CubeIDE\plugins\com.st.stm32cube.common.mx_6.9.0.202307051724\db\plugins\mcufinder\reactClient1\index.html
2025-11-28 21:09:38,363 [ERROR] Engine:466 - C:\Users\bogda\.stm32cubemx\thirdparties\pdsc\WES.I-CUBE-Cesium.1.4.0.pdsc: PDSC version is not supported
2025-11-28 21:09:38,367 [ERROR] Engine:466 - C:\Users\bogda\.stm32cubemx\thirdparties\pdsc\STMicroelectronics.X-CUBE-FREERTOS.1.4.0.pdsc: PDSC version is not supported
2025-11-28 21:09:38,567 [WARN] PackLoader:240 - Cannot read IP mode file for STMicroelectronics.X-CUBE-MEMS1.12.0.0
2025-11-28 21:09:38,769 [WARN] PackLoader:240 - Cannot read IP mode file for STMicroelectronics.X-CUBE-TOUCHGFX.4.26.0
2025-11-28 21:09:38,777 [INFO] ThirdParty:978 - Integrity check success = true
2025-11-28 21:09:38,777 [INFO] IntegrityCheckThread:100 - exiting critical section [integrity check]
2025-11-28 21:09:38,777 [INFO] IntegrityCheckThread:103 - End integrity checks thread
2025-11-28 21:09:58,754 [ERROR] LogOutputStream:75 - [STDERR_REDIRECT] SLF4J: Failed to load class "org.slf4j.impl.StaticLoggerBinder".
2025-11-28 21:09:58,754 [ERROR] LogOutputStream:75 - [STDERR_REDIRECT] SLF4J: Defaulting to no-operation (NOP) logger implementation
2025-11-28 21:09:58,756 [ERROR] LogOutputStream:75 - [STDERR_REDIRECT] SLF4J: See http://www.slf4j.org/codes.html#StaticLoggerBinder for further details.
2025-11-28 21:16:04,173 [INFO] McuFinderGlobals:63 - Set McuFinder mode to 2 (CubeIDE integrated)
2025-11-28 21:16:04,205 [INFO] MainUpdater:2868 - connection check result : 10
2025-11-28 21:16:04,212 [INFO] MainUpdater:2868 - connection check result : 10
2025-11-28 21:16:04,375 [INFO] MicroXplorer:468 - Change Database Path : 
2025-11-28 21:16:04,375 [INFO] MicroXplorer:498 - Change Database Version : DB.6.0.90
2025-11-28 21:16:04,378 [WARN] ThirdParty:871 - waiting for thirdparty lock release [close project]
2025-11-28 21:16:04,378 [INFO] ThirdParty:873 - entering critical section [close project]
2025-11-28 21:16:04,379 [INFO] ThirdParty:883 - exiting critical section [close project]
2025-11-28 21:16:04,379 [INFO] PinOutPanel:1499 - setPackage(No Configuration,No Configuration)
2025-11-28 21:16:04,393 [INFO] UtilMem:75 - Begin LoadConfig() Used Memory: 894161496 Bytes (1073741824)
2025-11-28 21:16:04,394 [INFO] MicroXplorer:468 - Change Database Path : 
2025-11-28 21:16:04,394 [INFO] MicroXplorer:498 - Change Database Version : DB.6.0.90
2025-11-28 21:16:04,394 [INFO] OpenFileManager:308 - Change cursor
2025-11-28 21:16:04,431 [INFO] Mcu:1946 - Initializing MCU STM32F407V(E-G)Tx STM32F407VGTx STM32F407VGT6
2025-11-28 21:16:05,907 [INFO] Context:659 - Trying to add GPIOservice into a context  which must be forbidden
2025-11-28 21:16:06,388 [INFO] RtosManager:555 - Registered RTOS mode: class=CMSIS, group=RTOS, mode=CMSIS_V1, owner=FREERTOS
2025-11-28 21:16:06,388 [INFO] RtosManager:555 - Registered RTOS mode: class=CMSIS, group=RTOS2, mode=CMSIS_V2, owner=FREERTOS
2025-11-28 21:16:06,388 [INFO] RtosManager:555 - Registered RTOS mode: class=RTOS, group=Core, mode=CMSIS_V1, owner=FREERTOS
2025-11-28 21:16:06,388 [INFO] RtosManager:555 - Registered RTOS mode: class=RTOS, group=Core, mode=CMSIS_V2, owner=FREERTOS
2025-11-28 21:16:06,388 [WARN] ModelIntegratedComponent:184 - Missing modes for component STMicroelectronics:FreeRTOS:0.0.1:STMicroelectronics:RTOS:FreeRTOS:Core:::10.2.0:
2025-11-28 21:16:06,391 [WARN] ModelIntegratedComponent:63 - No mode defined for component null
2025-11-28 21:16:06,391 [WARN] ModelIntegratedComponent:63 - No mode defined for component null
2025-11-28 21:16:06,391 [WARN] ModelIntegratedComponent:63 - No mode defined for component null
2025-11-28 21:16:06,391 [WARN] ModelIntegratedComponent:63 - No mode defined for component null
2025-11-28 21:16:06,391 [WARN] ModelIntegratedComponent:63 - No mode defined for component null
2025-11-28 21:16:06,391 [WARN] ModelIntegratedComponent:63 - No mode defined for component null
2025-11-28 21:16:06,391 [WARN] ModelIntegratedComponent:63 - No mode defined for component null
2025-11-28 21:16:06,391 [WARN] ModelIntegratedComponent:63 - No mode defined for component null
2025-11-28 21:16:06,391 [WARN] ModelIntegratedComponent:63 - No mode defined for component null
2025-11-28 21:16:06,391 [WARN] ModelIntegratedComponent:63 - No mode defined for component null
2025-11-28 21:16:06,392 [WARN] ModelIntegratedComponent:63 - No mode defined for component null
2025-11-28 21:16:06,392 [WARN] ModelIntegratedComponent:63 - No mode defined for component null
2025-11-28 21:16:06,392 [WARN] ModelIntegratedComponent:63 - No mode defined for component null
2025-11-28 21:16:06,392 [WARN] ModelIntegratedComponent:63 - No mode defined for component null
2025-11-28 21:16:06,392 [WARN] ModelIntegratedComponent:63 - No mode defined for component null
2025-11-28 21:16:06,392 [WARN] ModelIntegratedComponent:63 - No mode defined for component null
2025-11-28 21:16:06,392 [WARN] ModelIntegratedComponent:63 - No mode defined for component null
2025-11-28 21:16:06,392 [WARN] ModelIntegratedComponent:63 - No mode defined for component null
2025-11-28 21:16:06,392 [WARN] ModelIntegratedComponent:63 - No mode defined for component null
2025-11-28 21:16:06,392 [WARN] ModelIntegratedComponent:63 - No mode defined for component null
2025-11-28 21:16:06,392 [WARN] ModelIntegratedComponent:63 - No mode defined for component null
2025-11-28 21:16:06,392 [WARN] ModelIntegratedComponent:63 - No mode defined for component null
2025-11-28 21:16:06,392 [WARN] ModelIntegratedComponent:63 - No mode defined for component null
2025-11-28 21:16:06,392 [WARN] ModelIntegratedComponent:63 - No mode defined for component null
2025-11-28 21:16:06,392 [WARN] ModelIntegratedComponent:63 - No mode defined for component null
2025-11-28 21:16:06,392 [WARN] ModelIntegratedComponent:63 - No mode defined for component null
2025-11-28 21:16:06,392 [WARN] ModelIntegratedComponent:63 - No mode defined for component null
2025-11-28 21:16:06,393 [WARN] ModelIntegratedComponent:63 - No mode defined for component null
2025-11-28 21:16:06,393 [WARN] ModelIntegratedComponent:63 - No mode defined for component null
2025-11-28 21:16:06,393 [WARN] ModelIntegratedComponent:63 - No mode defined for component null
2025-11-28 21:16:06,393 [WARN] ModelIntegratedComponent:63 - No mode defined for component null
2025-11-28 21:16:06,393 [WARN] ModelIntegratedComponent:63 - No mode defined for component null
2025-11-28 21:16:06,393 [WARN] ModelIntegratedComponent:63 - No mode defined for component null
2025-11-28 21:16:06,400 [INFO] ThirdPartyModel:298 - Start build external matchings
2025-11-28 21:16:06,462 [INFO] ThirdPartyModel:316 - End build external matchings
2025-11-28 21:16:06,470 [INFO] ImportTextPane:194 - (OptionalMessage_ERROR) IP (RCC) : Parameter (RTCHSEDivFreq_Value) has invalid value (4000000)
2025-11-28 21:16:06,802 [INFO] UtilMem:75 - End LoadConfig() Used Memory: 854566576 Bytes (1073741824)
2025-11-28 21:16:07,028 [INFO] ApiDb:581 - Connected to CubeFinder SQLite database (C:\Users\bogda\.stmcufinder\plugins\mcufinder\mcu\cube-finder-db.db)
2025-11-28 21:16:07,091 [INFO] ApiDb:668 - CubeFinder database Data Model version=2.1
2025-11-28 21:16:07,091 [INFO] ApiDb:669 - CubeFinder database Configuration version=3.0.39
2025-11-28 21:16:07,092 [INFO] ApiDb:670 - CubeFinder database generation date=2025-11-05 (1762334721)
2025-11-28 21:16:07,092 [INFO] ApiDb:671 - CubeFinder database FW Pack versions=[FP-ATR-ASTRA1_V2.0.0, FP-SNS-FLIGHT1_V5.1.0, FP-SNS-MOTENV1_V5.1.0, FP-SNS-MOTENVWB1_V1.4.0, FP-SNS-SMARTAG2_V1.2.0, FP-SNS-STBOX1_V2.1.0, STM32Cube_FW_C0_V1.4.0, STM32Cube_FW_F4_V1.28.3, STM32Cube_FW_F7_V1.17.4, STM32Cube_FW_G0_V1.6.2, STM32Cube_FW_G4_V1.6.1, STM32Cube_FW_H5_V1.5.1, STM32Cube_FW_H7RS_V1.3.0, STM32Cube_FW_H7_V1.12.1, STM32Cube_FW_L0_V1.12.2, STM32Cube_FW_L4_V1.18.1, STM32Cube_FW_L5_V1.6.0, STM32Cube_FW_N6_V1.3.0, STM32Cube_FW_U0_V1.3.0, STM32Cube_FW_U3_V1.2.1, STM32Cube_FW_U5_V1.8.0, STM32Cube_FW_WB0_V1.4.0, STM32Cube_FW_WBA_V1.8.0, STM32Cube_FW_WB_V1.24.0, STM32Cube_FW_WL3_V1.3.0, STM32Cube_FW_WL_V1.4.0, X-CUBE-ALGOBUILD_V1.4.0, X-CUBE-ALS_V1.0.2, X-CUBE-AZRTOS-F4_V1.1.0, X-CUBE-AZRTOS-F7_V1.1.0, X-CUBE-AZRTOS-G0_V1.1.0, X-CUBE-AZRTOS-G4_V2.0.0, X-CUBE-AZRTOS-H7RS_V1.1.0, X-CUBE-AZRTOS-H7_V3.4.0, X-CUBE-AZRTOS-L4_V2.0.0, X-CUBE-AZRTOS-L5_V2.0.0, X-CUBE-AZRTOS-WB_V2.0.0, X-CUBE-AZRTOS-WL_V2.0.0, X-CUBE-BLE1_V7.1.0, X-CUBE-BLE2_V3.3.0, X-CUBE-BLEMGR_V4.1.0, X-CUBE-EEPRMA1_V5.2.0, X-CUBE-FREERTOS_V1.3.1, X-CUBE-GNSS1_V6.0.0, X-CUBE-MEMS1_V11.3.0, X-CUBE-NFC4_V3.0.0, X-CUBE-NFC7_V2.0.0, X-CUBE-SFXS2LP1_V4.0.0, X-CUBE-ST67W61_V1.1.0, X-CUBE-SUBG2_V5.0.0, X-CUBE-TOF1_V3.4.3]
2025-11-28 21:16:08,824 [INFO] ApiDb:240 - Found 323 in-development CPN: [B-G473E-ZEST1S, B-WB1M-WPAN1, B-WL5M-SUBG1, NUCLEO-C031C6, NUCLEO-H503RB, NUCLEO-H563ZI, NUCLEO-U545RE-Q, NUCLEO-U5A5ZJ-Q, NUCLEO-WBA52CG, STEVAL-PROTEUS1, STEVAL-SMARTAG2, STEVAL-STWINBX1, STM320518-EVAL, STM32C0116-DK, STM32C011D6Y3TR, STM32C011D6Y6TR, STM32C011F4P3, STM32C011F4P6, STM32C011F4U3, STM32C011F4U6TR, STM32C011F6P3, STM32C011F6P6, STM32C011F6U3, STM32C011F6U6TR, STM32C011J4M3, STM32C011J4M6, STM32C011J6M3, STM32C011J6M6, STM32C0316-DK, STM32C031C4T3, STM32C031C4T6, STM32C031C4U3, STM32C031C4U6, STM32C031C6T3, STM32C031C6T6, STM32C031C6U3, STM32C031C6U6, STM32C031F4P3, STM32C031F4P6, STM32C031F6P3, STM32C031F6P6, STM32C031G4U3, STM32C031G4U6, STM32C031G6U3, STM32C031G6U6, STM32C031K4T3, STM32C031K4T6, STM32C031K4U3, STM32C031K4U6, STM32C031K6T3, STM32C031K6T6, STM32C031K6U3, STM32C031K6U6, STM32G071K8TXN, STM32G071K8UXN, STM32G081GBU6N, STM32G081KBT6N, STM32G081KBUXN, STM32G0B1CCT6N, STM32G0B1KCT6, STM32G0B1NEY6TR, STM32G0B1RCT6N, STM32G0C1CCT6, STM32G0C1CCT6N, STM32G0C1CCU6N, STM32G0C1CET6N, STM32G0C1CEU6N, STM32G0C1KCT6, STM32G0C1NEY6TR, STM32G0C1RCI6N, STM32G0C1RCT6N, STM32G0C1REI6N, STM32G0C1RET6N, STM32G0C1VCI6, STM32G0C1VEI6, STM32G471CCT6, STM32G471CCU6, STM32G471CET3, STM32G471CET6, STM32G471CEU3, STM32G471CEU6, STM32G471MCT6, STM32G471MET3, STM32G471MET6, STM32G471MEY6TR, STM32G471QCT6, STM32G471QET3, STM32G471RCT6, STM32G471RET3, STM32G471RET6, STM32G471VCH6, STM32G471VCI6, STM32G471VCT6, STM32G471VEH3, STM32G471VEH6, STM32G471VEI3, STM32G471VEI6, STM32G471VET3, STM32G471VET6, STM32G474CCT6, STM32H503CBT6, STM32H503CBU6, STM32H503EBY6TR, STM32H503KBU6, STM32H503RBT6, STM32H562AGI6, STM32H562AII6, STM32H562IGK6, STM32H562IGT6, STM32H562IIK6, STM32H562IIT6, STM32H562RGT6, STM32H562RGV6, STM32H562RIT6, STM32H562RIV6, STM32H562VGT6, STM32H562VIT6, STM32H562ZGT6, STM32H562ZIT6, STM32H563AGI6, STM32H563AII3Q, STM32H563AII6, STM32H563IGK6, STM32H563IGT6, STM32H563IIK3Q, STM32H563IIK6, STM32H563IIT3Q, STM32H563IIT6, STM32H563MIY3QTR, STM32H563RGT6, STM32H563RGV6, STM32H563RIT6, STM32H563RIV6, STM32H563VGT6, STM32H563VIT3Q, STM32H563VIT6, STM32H563ZGT6, STM32H563ZIT3Q, STM32H563ZIT6, STM32H573AII3Q, STM32H573AII6, STM32H573I-DK, STM32H573IIK3Q, STM32H573IIK6, STM32H573IIT3Q, STM32H573IIT6, STM32H573MIY3QTR, STM32H573RIT6, STM32H573RIV6, STM32H573VIT3Q, STM32H573VIT6, STM32H573ZIT3Q, STM32H573ZIT6, STM32L4R5QGI6STR, STM32MP131AAE3, STM32MP131AAF3, STM32MP131AAG3, STM32MP131CAE3, STM32MP131CAF3, STM32MP131CAG3, STM32MP131DAE7, STM32MP131DAF7, STM32MP131DAG7, STM32MP131FAE7, STM32MP131FAF7, STM32MP131FAG7, STM32MP133AAE3, STM32MP133AAF3, STM32MP133AAG3, STM32MP133CAE3, STM32MP133CAF3, STM32MP133CAG3, STM32MP133DAE7, STM32MP133DAF7, STM32MP133DAG7, STM32MP133FAE7, STM32MP133FAF7, STM32MP133FAG7, STM32MP135AAE3, STM32MP135AAF3, STM32MP135AAG3, STM32MP135CAE3, STM32MP135CAF3, STM32MP135CAG3, STM32MP135DAE7, STM32MP135DAF7, STM32MP135DAG7, STM32MP135F-DK, STM32MP135FAE7, STM32MP135FAF7, STM32MP135FAF7T, STM32MP135FAF7U, STM32MP135FAG7, STM32U535CBT6, STM32U535CBT6Q, STM32U535CBU6, STM32U535CBU6Q, STM32U535CCT6, STM32U535CCT6Q, STM32U535CCU6, STM32U535CCU6Q, STM32U535CET6, STM32U535CET6Q, STM32U535CEU6, STM32U535CEU6Q, STM32U535JEY6QTR, STM32U535NCY6QTR, STM32U535NEY6QTR, STM32U535RBI6, STM32U535RBI6Q, STM32U535RBT6, STM32U535RBT6Q, STM32U535RCI6, STM32U535RCI6Q, STM32U535RCT6, STM32U535RCT6Q, STM32U535REI6, STM32U535REI6Q, STM32U535RET6, STM32U535RET6Q, STM32U535VCI6, STM32U535VCI6Q, STM32U535VCT6, STM32U535VCT6Q, STM32U535VEI6, STM32U535VEI6Q, STM32U535VET6, STM32U535VET6Q, STM32U545CET6, STM32U545CET6Q, STM32U545CEU6, STM32U545CEU6Q, STM32U545JEY6QTR, STM32U545NEY6QTR, STM32U545REI6, STM32U545REI6Q, STM32U545RET6, STM32U545RET6Q, STM32U545VEI6, STM32U545VEI6Q, STM32U545VET6, STM32U545VET6Q, STM32U595AIH6, STM32U595AIH6Q, STM32U595AJH6, STM32U595AJH6Q, STM32U595QII6, STM32U595QII6Q, STM32U595QJI6, STM32U595QJI6Q, STM32U595RIT6, STM32U595RIT6Q, STM32U595RJT6, STM32U595RJT6Q, STM32U595VIT6, STM32U595VIT6Q, STM32U595VJT6, STM32U595VJT6Q, STM32U595ZIT6, STM32U595ZIT6Q, STM32U595ZIY6QTR, STM32U595ZJT6, STM32U595ZJT6Q, STM32U595ZJY6QTR, STM32U599BJY6QTR, STM32U599NIH6Q, STM32U599NJH6Q, STM32U599VIT6Q, STM32U599VJT6, STM32U599VJT6Q, STM32U599ZIT6Q, STM32U599ZIY6QTR, STM32U599ZJT6Q, STM32U599ZJY6QTR, STM32U5A5AJH6, STM32U5A5AJH6Q, STM32U5A5QJI6, STM32U5A5QJI6Q, STM32U5A5RJT6, STM32U5A5RJT6Q, STM32U5A5VJT6, STM32U5A5VJT6Q, STM32U5A5ZJT6, STM32U5A5ZJT6Q, STM32U5A5ZJY6QTR, STM32U5A9BJY6QTR, STM32U5A9J-DK, STM32U5A9NJH6Q, STM32U5A9VJT6Q, STM32U5A9ZJT6Q, STM32U5A9ZJY6QTR, STM32U5F7VIT6, STM32U5F7VIT6Q, STM32U5F7VJT6, STM32U5F7VJT6Q, STM32U5F9BJY6QTR, STM32U5F9NJH6Q, STM32U5F9VIT6Q, STM32U5F9VJT6Q, STM32U5F9ZIJ6QTR, STM32U5F9ZIT6Q, STM32U5F9ZJJ6QTR, STM32U5F9ZJT6Q, STM32U5G7VJT6, STM32U5G7VJT6Q, STM32U5G9BJY6QTR, STM32U5G9J-DK1, STM32U5G9J-DK2, STM32U5G9NJH6Q, STM32U5G9VJT6Q, STM32U5G9ZJJ6QTR, STM32U5G9ZJT6Q, STM32WB1MMCH6, STM32WBA52CEU6, STM32WBA52CEU6T, STM32WBA52CGU6, STM32WBA52CGU6T, STM32WBA52KEU6, STM32WBA52KEU6T, STM32WBA52KGU6, STM32WBA52KGU6T, STM32WL5MOCH6, STM32WL5MOCH6TR]
2025-11-28 21:16:08,828 [INFO] DbMcus:217 - Found 4801 MCUs, 4801 are supported
2025-11-28 21:16:08,829 [INFO] ApiDb:423 - Load user favorites file C:\Users\bogda/.stm32cubeide/favorites.mcus.txt: 0 item(s)
2025-11-28 21:16:08,829 [INFO] ApiDb:427 - User favorites MCUs=[]
2025-11-28 21:16:08,829 [INFO] DbMcus:223 - Set 0 / 0 favorites MCUs
2025-11-28 21:16:09,196 [WARN] ThirdParty:833 - waiting for thirdparty lock release [change project]
2025-11-28 21:16:09,196 [INFO] ThirdParty:835 - entering critical section [change project]
2025-11-28 21:16:09,196 [INFO] ThirdParty:1030 - CMSIS Pack Vendor :STMicroelectronics USBPD 4.1
2025-11-28 21:16:09,196 [INFO] ThirdParty:1030 - CMSIS Pack Vendor :STMicroelectronics ThreadX 1.0.0
2025-11-28 21:16:09,196 [INFO] ThirdParty:1030 - CMSIS Pack Vendor :STMicroelectronics X-CUBE-MEMS1 12.0.0
2025-11-28 21:16:09,196 [INFO] ThirdParty:1030 - CMSIS Pack Vendor :STMicroelectronics USB_HOST 2.0.0
2025-11-28 21:16:09,196 [INFO] ThirdParty:1030 - CMSIS Pack Vendor :STMicroelectronics LIBJPEG 8.0.0
2025-11-28 21:16:09,196 [INFO] ThirdParty:1030 - CMSIS Pack Vendor :STMicroelectronics FreeRTOS 0.0.1
2025-11-28 21:16:09,196 [INFO] ThirdParty:1030 - CMSIS Pack Vendor :STMicroelectronics USB_DEVICE 1.0.0
2025-11-28 21:16:09,196 [INFO] ThirdParty:1030 - CMSIS Pack Vendor :STMicroelectronics STM32_WPAN 1.0.0
2025-11-28 21:16:09,196 [INFO] ThirdParty:1030 - CMSIS Pack Vendor :STMicroelectronics USB_DEVICE 3.0.0
2025-11-28 21:16:09,196 [INFO] ThirdParty:1030 - CMSIS Pack Vendor :STMicroelectronics HAL Drivers 0.0.0
2025-11-28 21:16:09,196 [INFO] ThirdParty:1030 - CMSIS Pack Vendor :STMicroelectronics MBEDTLS 2.16.2
2025-11-28 21:16:09,196 [INFO] ThirdParty:1030 - CMSIS Pack Vendor :STMicroelectronics ThreadX 0.0.2
2025-11-28 21:16:09,196 [INFO] ThirdParty:1030 - CMSIS Pack Vendor :STMicroelectronics lwIP 2.0.3
2025-11-28 21:16:09,196 [INFO] ThirdParty:1030 - CMSIS Pack Vendor :STMicroelectronics lwIP 2.1.2
2025-11-28 21:16:09,196 [INFO] ThirdParty:1030 - CMSIS Pack Vendor :STMicroelectronics MBEDTLS 2.14.1
2025-11-28 21:16:09,196 [INFO] ThirdParty:1030 - CMSIS Pack Vendor :STMicroelectronics USB_HOST 1.0.0
2025-11-28 21:16:09,196 [INFO] ThirdParty:1030 - CMSIS Pack Vendor :STMicroelectronics X-CUBE-TOUCHGFX 4.26.0
2025-11-28 21:16:09,196 [INFO] ThirdParty:1030 - CMSIS Pack Vendor :STMicroelectronics PDM2PCM 3.1.0
2025-11-28 21:16:09,196 [INFO] ThirdParty:1030 - CMSIS Pack Vendor :STMicroelectronics PDM2PCM 3.2.0
2025-11-28 21:16:09,196 [INFO] ThirdParty:1030 - CMSIS Pack Vendor :STMicroelectronics USB_DEVICE 2.0.0
2025-11-28 21:16:09,196 [INFO] ThirdParty:1030 - CMSIS Pack Vendor :STMicroelectronics PDM2PCM 3.3.0
2025-11-28 21:16:09,196 [INFO] ThirdParty:841 - exiting critical section [change project]
2025-11-28 21:16:09,454 [INFO] PinOutPanel:1499 - setPackage(No Configuration,No Configuration)
2025-11-28 21:16:09,455 [INFO] PinOutPanel:1499 - setPackage(STM32F407VGTx,LQFP100)
2025-11-28 21:16:09,752 [INFO] UtilMem:75 - Before build in PCC Used Memory: 921984704 Bytes (1073741824)
2025-11-28 21:16:10,525 [INFO] UtilMem:75 - After build in PCC Used Memory: 746466472 Bytes (1073741824)
2025-11-28 21:16:10,662 [INFO] ApiDbMcu:507 - Load IP Config File for USB_HOST
2025-11-28 21:16:10,663 [WARN] BspModel:444 - BSP dependency skipped because of component: name='IOExpander', api='Unknown'
2025-11-28 21:16:10,683 [INFO] IPUIPlugin:80 - create IPUIPlugin
2025-11-28 21:16:10,683 [INFO] IPUIPlugin:80 - create IPUIPlugin
2025-11-28 21:16:10,683 [INFO] IPUIPlugin:80 - create IPUIPlugin
2025-11-28 21:16:10,683 [INFO] IPUIPlugin:80 - create IPUIPlugin
2025-11-28 21:16:10,683 [INFO] IPUIPlugin:80 - create IPUIPlugin
2025-11-28 21:16:10,683 [INFO] IPUIPlugin:80 - create IPUIPlugin
2025-11-28 21:16:10,683 [INFO] IPUIPlugin:80 - create IPUIPlugin
2025-11-28 21:16:10,683 [INFO] IPUIPlugin:80 - create IPUIPlugin
2025-11-28 21:16:10,683 [INFO] IPUIPlugin:80 - create IPUIPlugin
2025-11-28 21:16:10,684 [INFO] IPUIPlugin:80 - create IPUIPlugin
2025-11-28 21:16:10,684 [INFO] IPUIPlugin:80 - create IPUIPlugin
2025-11-28 21:16:10,684 [INFO] IPUIPlugin:80 - create IPUIPlugin
2025-11-28 21:16:10,684 [INFO] IPUIPlugin:80 - create IPUIPlugin
2025-11-28 21:16:10,684 [INFO] IPUIPlugin:80 - create IPUIPlugin
2025-11-28 21:16:10,684 [INFO] IPUIPlugin:80 - create IPUIPlugin
2025-11-28 21:16:10,684 [INFO] IPUIPlugin:80 - create IPUIPlugin
2025-11-28 21:16:10,684 [INFO] IPUIPlugin:80 - create IPUIPlugin
2025-11-28 21:16:10,684 [INFO] IPUIPlugin:80 - create IPUIPlugin
2025-11-28 21:16:10,684 [INFO] IPUIPlugin:80 - create IPUIPlugin
2025-11-28 21:16:10,684 [INFO] IPUIPlugin:80 - create IPUIPlugin
2025-11-28 21:16:10,684 [INFO] IPUIPlugin:80 - create IPUIPlugin
2025-11-28 21:16:10,684 [INFO] IPUIPlugin:80 - create IPUIPlugin
2025-11-28 21:16:10,684 [INFO] IPUIPlugin:80 - create IPUIPlugin
2025-11-28 21:16:10,684 [INFO] IPUIPlugin:80 - create IPUIPlugin
2025-11-28 21:16:10,685 [INFO] IPUIPlugin:80 - create IPUIPlugin
2025-11-28 21:16:10,685 [INFO] IPUIPlugin:80 - create IPUIPlugin
2025-11-28 21:16:10,685 [INFO] IPUIPlugin:80 - create IPUIPlugin
2025-11-28 21:16:10,685 [INFO] IPUIPlugin:80 - create IPUIPlugin
2025-11-28 21:16:10,685 [INFO] IPUIPlugin:80 - create IPUIPlugin
2025-11-28 21:16:10,685 [INFO] IPUIPlugin:80 - create IPUIPlugin
2025-11-28 21:16:10,685 [INFO] IPUIPlugin:80 - create IPUIPlugin
2025-11-28 21:16:10,685 [INFO] IPUIPlugin:80 - create IPUIPlugin
2025-11-28 21:16:10,685 [INFO] IPUIPlugin:80 - create IPUIPlugin
2025-11-28 21:16:10,685 [INFO] IPUIPlugin:80 - create IPUIPlugin
2025-11-28 21:16:10,686 [INFO] IPUIPlugin:80 - create IPUIPlugin
2025-11-28 21:16:10,686 [INFO] IPUIPlugin:80 - create IPUIPlugin
2025-11-28 21:16:10,686 [INFO] IPUIPlugin:80 - create IPUIPlugin
2025-11-28 21:16:10,686 [INFO] IPUIPlugin:80 - create IPUIPlugin
2025-11-28 21:16:10,686 [INFO] IPUIPlugin:80 - create IPUIPlugin
2025-11-28 21:16:10,686 [INFO] IPUIPlugin:80 - create IPUIPlugin
2025-11-28 21:16:10,686 [INFO] IPUIPlugin:80 - create IPUIPlugin
2025-11-28 21:16:10,686 [INFO] IPUIPlugin:80 - create IPUIPlugin
2025-11-28 21:16:10,687 [INFO] IPUIPlugin:80 - create IPUIPlugin
2025-11-28 21:16:10,687 [INFO] IPUIPlugin:80 - create IPUIPlugin
2025-11-28 21:16:10,687 [INFO] IPUIPlugin:80 - create IPUIPlugin
2025-11-28 21:16:10,687 [INFO] IPUIPlugin:80 - create IPUIPlugin
2025-11-28 21:16:10,687 [INFO] IPUIPlugin:80 - create IPUIPlugin
2025-11-28 21:16:10,687 [INFO] IPUIPlugin:80 - create IPUIPlugin
2025-11-28 21:16:10,687 [INFO] IPUIPlugin:80 - create IPUIPlugin
2025-11-28 21:16:10,687 [INFO] IPUIPlugin:80 - create IPUIPlugin
2025-11-28 21:16:10,688 [INFO] IPUIPlugin:80 - create IPUIPlugin
2025-11-28 21:16:10,688 [INFO] IPUIPlugin:80 - create IPUIPlugin
2025-11-28 21:16:10,688 [INFO] IPUIPlugin:80 - create IPUIPlugin
2025-11-28 21:16:10,688 [INFO] IPUIPlugin:80 - create IPUIPlugin
2025-11-28 21:16:10,688 [INFO] IPUIPlugin:80 - create IPUIPlugin
2025-11-28 21:16:10,689 [INFO] IPUIPlugin:80 - create IPUIPlugin
2025-11-28 21:16:10,689 [INFO] IPUIPlugin:80 - create IPUIPlugin
2025-11-28 21:16:10,689 [INFO] IPUIPlugin:80 - create IPUIPlugin
2025-11-28 21:16:10,713 [INFO] ApiDbMcu:507 - Load IP Config File for PDM2PCM
2025-11-28 21:16:10,718 [WARN] IP:2114 - I2C_Coeff_DF not found: check if there is a RefParameter without a condition.
2025-11-28 21:16:10,718 [WARN] IP:2114 - Analog_Filter not found: check if there is a RefParameter without a condition.
2025-11-28 21:16:10,725 [INFO] I2sManager:658 - 9.6E7
2025-11-28 21:16:10,726 [INFO] I2sManager:195 - I2S Clock Value : 9.6E7
2025-11-28 21:16:10,727 [INFO] I2sManager:553 - AudioClock : 93750Divider : 2Odd : 0
2025-11-28 21:16:10,913 [INFO] CADModel:165 - CPN selected for project levelSTM32F407VGT6
2025-11-28 21:16:10,913 [INFO] CADModel:114 - Register for checkConnection events
2025-11-28 21:16:10,976 [INFO] OpenFileManager:328 - Restore cursor
2025-11-28 21:16:11,111 [WARN] IP:2114 - I2C_Coeff_DF not found: check if there is a RefParameter without a condition.
2025-11-28 21:16:11,111 [WARN] IP:2114 - Analog_Filter not found: check if there is a RefParameter without a condition.
2025-11-28 21:16:11,112 [WARN] IP:2114 - I2C_Coeff_DF not found: check if there is a RefParameter without a condition.
2025-11-28 21:16:11,112 [WARN] IP:2114 - Analog_Filter not found: check if there is a RefParameter without a condition.
2025-11-28 21:18:29,938 [ERROR] LogOutputStream:75 - [STDERR_REDIRECT] 
2025-11-28 22:03:17,598 [INFO] Activator:176 - 


2025-11-28 22:03:17,600 [INFO] Activator:177 - !SESSION log4j initialized
2025-11-28 22:03:21,843 [INFO] LogOutputStream:77 - [STDOUT_REDIRECT] 
2025-11-28 22:03:23,071 [INFO] ApplicationProperties:184 - Using Application install path: C:\ST\STM32CubeIDE_1.13.0\STM32CubeIDE\plugins\com.st.stm32cube.common.mx_6.9.0.202307051724
2025-11-28 22:03:23,102 [INFO] DbMcusXml:78 - Set database path to: C:\ST\STM32CubeIDE_1.13.0\STM32CubeIDE\plugins\com.st.stm32cube.common.mx_6.9.0.202307051724\\db\/mcu/
2025-11-28 22:03:23,104 [INFO] ApiDb:274 - Set plugin database path to: C:\ST\STM32CubeIDE_1.13.0\STM32CubeIDE\plugins\com.st.stm32cube.common.mx_6.9.0.202307051724\\db\/plugins/boardmanager/
2025-11-28 22:03:23,105 [WARN] ApiDb:259 - Overriding images path with different value:  => C:\ST\STM32CubeIDE_1.13.0\STM32CubeIDE\plugins\com.st.stm32cube.common.mx_6.9.0.202307051724\\db\/plugins/mcufinder/images/
2025-11-28 22:03:23,121 [INFO] ApiDb:250 - Set database path to: C:\Users\bogda\.stmcufinder\plugins\mcufinder//mcu/
2025-11-28 22:03:23,122 [INFO] DbMcusAds:125 - Set database path to: C:\Users\bogda\.stmcufinder\plugins\mcufinder//mcu/
2025-11-28 22:03:23,128 [INFO] CrossReferenceDbSqlite:203 - Set database path to: C:\Users\bogda\.stmcufinder\plugins\mcufinder//mcu/cs/
2025-11-28 22:03:23,363 [INFO] RulesReader:64 - Compatibility file has been processed (293 Rules)
2025-11-28 22:03:23,524 [INFO] DbMcusXml:78 - Set database path to: C:\ST\STM32CubeIDE_1.13.0\STM32CubeIDE\plugins\com.st.stm32cube.common.mx_6.9.0.202307051724\\db\/mcu/
2025-11-28 22:03:23,525 [INFO] ApiDb:274 - Set plugin database path to: C:\ST\STM32CubeIDE_1.13.0\STM32CubeIDE\plugins\com.st.stm32cube.common.mx_6.9.0.202307051724\\db\/plugins/boardmanager/
2025-11-28 22:03:23,525 [INFO] ApiDb:261 - Set plugin images path to: C:\ST\STM32CubeIDE_1.13.0\STM32CubeIDE\plugins\com.st.stm32cube.common.mx_6.9.0.202307051724\\db\/plugins/mcufinder/images/
2025-11-28 22:03:23,525 [WARN] DbFile:41 - Overriding database path with different value: C:\Users\bogda\.stmcufinder\plugins\mcufinder/ => C:\Users\bogda\.stmcufinder\plugins\mcufinder
2025-11-28 22:03:23,525 [INFO] ApiDb:250 - Set database path to: C:\Users\bogda\.stmcufinder\plugins\mcufinder//mcu/
2025-11-28 22:03:23,525 [WARN] DbFile:41 - Overriding database path with different value: C:\Users\bogda\.stmcufinder\plugins\mcufinder/ => C:\Users\bogda\.stmcufinder\plugins\mcufinder
2025-11-28 22:03:23,525 [INFO] DbMcusAds:125 - Set database path to: C:\Users\bogda\.stmcufinder\plugins\mcufinder//mcu/
2025-11-28 22:03:23,525 [WARN] DbFile:41 - Overriding database path with different value: C:\Users\bogda\.stmcufinder\plugins\mcufinder/ => C:\Users\bogda\.stmcufinder\plugins\mcufinder
2025-11-28 22:03:23,525 [WARN] DbFile:41 - Overriding database path with different value: C:\Users\bogda\.stmcufinder\plugins\mcufinder/ => C:\Users\bogda\.stmcufinder\plugins\mcufinder
2025-11-28 22:03:23,525 [INFO] CrossReferenceDbSqlite:203 - Set database path to: C:\Users\bogda\.stmcufinder\plugins\mcufinder//mcu/cs/
2025-11-28 22:03:23,668 [INFO] MainPanel:262 - HeapMemory: 268435456
2025-11-28 22:03:23,855 [INFO] DbMcusXml:78 - Set database path to: C:\ST\STM32CubeIDE_1.13.0\STM32CubeIDE\plugins\com.st.stm32cube.common.mx_6.9.0.202307051724\\db\/mcu/
2025-11-28 22:03:23,856 [INFO] ApiDb:274 - Set plugin database path to: C:\ST\STM32CubeIDE_1.13.0\STM32CubeIDE\plugins\com.st.stm32cube.common.mx_6.9.0.202307051724\\db\/plugins/boardmanager/
2025-11-28 22:03:23,856 [INFO] ApiDb:261 - Set plugin images path to: C:\ST\STM32CubeIDE_1.13.0\STM32CubeIDE\plugins\com.st.stm32cube.common.mx_6.9.0.202307051724\\db\/plugins/mcufinder/images/
2025-11-28 22:03:23,857 [WARN] DbFile:41 - Overriding database path with different value: C:\Users\bogda\.stmcufinder\plugins\mcufinder/ => C:\Users\bogda\.stmcufinder\plugins\mcufinder
2025-11-28 22:03:23,857 [INFO] ApiDb:250 - Set database path to: C:\Users\bogda\.stmcufinder\plugins\mcufinder//mcu/
2025-11-28 22:03:23,857 [WARN] DbFile:41 - Overriding database path with different value: C:\Users\bogda\.stmcufinder\plugins\mcufinder/ => C:\Users\bogda\.stmcufinder\plugins\mcufinder
2025-11-28 22:03:23,857 [INFO] DbMcusAds:125 - Set database path to: C:\Users\bogda\.stmcufinder\plugins\mcufinder//mcu/
2025-11-28 22:03:23,857 [WARN] DbFile:41 - Overriding database path with different value: C:\Users\bogda\.stmcufinder\plugins\mcufinder/ => C:\Users\bogda\.stmcufinder\plugins\mcufinder
2025-11-28 22:03:23,857 [WARN] DbFile:41 - Overriding database path with different value: C:\Users\bogda\.stmcufinder\plugins\mcufinder/ => C:\Users\bogda\.stmcufinder\plugins\mcufinder
2025-11-28 22:03:23,857 [INFO] CrossReferenceDbSqlite:203 - Set database path to: C:\Users\bogda\.stmcufinder\plugins\mcufinder//mcu/cs/
2025-11-28 22:03:23,889 [INFO] ApplicationProperties:184 - Using Application install path: C:\ST\STM32CubeIDE_1.13.0\STM32CubeIDE\plugins\com.st.stm32cube.common.mx_6.9.0.202307051724
2025-11-28 22:03:23,894 [INFO] PluginManage:196 - Search for loadable plugins [exclusion list=, ]
2025-11-28 22:03:23,898 [INFO] PluginManage:310 - Check plugin analytics
2025-11-28 22:03:24,211 [INFO] AnalyticsPlugin:253 - Accepted Software Licenses: 
2025-11-28 22:03:24,212 [INFO] AnalyticsPlugin:255 - Accepted CMSIS Pack Licenses: 
2025-11-28 22:03:24,212 [INFO] AnalyticsPlugin:257 - Accepted Firmware Licenses: FW.F4.1.27.0
2025-11-28 22:03:24,215 [INFO] PluginManage:359 - Loaded plugin analytics (category:tool,tabindex:-1)
2025-11-28 22:03:24,216 [INFO] PluginManage:310 - Check plugin cadmodel
2025-11-28 22:03:24,221 [INFO] CADModel:105 - Init CAD model plugin
2025-11-28 22:03:24,221 [INFO] PluginManage:359 - Loaded plugin cadmodel (category:power,tabindex:5)
2025-11-28 22:03:24,223 [INFO] PluginManage:310 - Check plugin clock
2025-11-28 22:03:24,240 [INFO] PluginManage:359 - Loaded plugin clock (category:base,tabindex:2)
2025-11-28 22:03:24,241 [INFO] PluginManage:310 - Check plugin ddr
2025-11-28 22:03:24,246 [INFO] PluginManage:359 - Loaded plugin ddr (category:tool,tabindex:6)
2025-11-28 22:03:24,246 [INFO] PluginManage:310 - Check plugin filemanager
2025-11-28 22:03:24,537 [INFO] PluginManage:359 - Loaded plugin filemanager (category:base,tabindex:10)
2025-11-28 22:03:24,537 [INFO] PluginManage:310 - Check plugin ipmanager
2025-11-28 22:03:24,548 [INFO] PluginManage:359 - Loaded plugin ipmanager (category:base,tabindex:5)
2025-11-28 22:03:24,548 [INFO] PluginManage:310 - Check plugin lpbam
2025-11-28 22:03:24,561 [INFO] PluginManage:359 - Loaded plugin lpbam (category:base,tabindex:0)
2025-11-28 22:03:24,561 [INFO] PluginManage:310 - Check plugin memorymap
2025-11-28 22:03:24,597 [INFO] PluginManage:359 - Loaded plugin memorymap (category:base,tabindex:4)
2025-11-28 22:03:24,597 [INFO] PluginManage:310 - Check plugin pinoutandconfiguration
2025-11-28 22:03:24,616 [INFO] PluginManage:359 - Loaded plugin pinoutandconfiguration (category:base,tabindex:1)
2025-11-28 22:03:24,618 [INFO] PluginManage:310 - Check plugin pinoutconfig
2025-11-28 22:03:24,784 [WARN] SupportedApi:132 - Cannot load RTOS API schema: s4s-elt-must-match.1: The content of 'definitions' must match (annotation?, (simpleType | complexType)?, (unique | key | keyref)*)). A problem was found starting at: attribute.
2025-11-28 22:03:25,129 [INFO] PluginManage:359 - Loaded plugin pinoutconfig (category:base,tabindex:0)
2025-11-28 22:03:25,129 [INFO] PluginManage:310 - Check plugin power
2025-11-28 22:03:25,143 [INFO] PluginManage:359 - Loaded plugin power (category:power,tabindex:4)
2025-11-28 22:03:25,143 [INFO] PluginManage:310 - Check plugin projectmanager
2025-11-28 22:03:25,180 [INFO] PluginManage:359 - Loaded plugin projectmanager (category:projectmanager,tabindex:3)
2025-11-28 22:03:25,182 [INFO] PluginManage:310 - Check plugin thirdparty
2025-11-28 22:03:25,385 [WARN] IntegrityCheckThread:84 - waiting for thirdparty lock release [integrity check]
2025-11-28 22:03:25,387 [INFO] IntegrityCheckThread:86 - entering critical section [integrity check]
2025-11-28 22:03:25,387 [INFO] PluginManage:359 - Loaded plugin thirdparty (category:base,tabindex:-1)
2025-11-28 22:03:25,387 [INFO] PluginManage:310 - Check plugin tools
2025-11-28 22:03:25,387 [INFO] ThirdPartyUpdaterWithRetryManager:70 - Updater plugin not ready yet. [1/15]
2025-11-28 22:03:25,391 [INFO] PluginManage:359 - Loaded plugin tools (category:base,tabindex:7)
2025-11-28 22:03:25,391 [INFO] PluginManage:310 - Check plugin tutovideos
2025-11-28 22:03:25,783 [INFO] PluginManage:359 - Loaded plugin tutovideos (category:base,tabindex:-1)
2025-11-28 22:03:25,783 [INFO] PluginManage:310 - Check plugin updater
2025-11-28 22:03:25,800 [INFO] PluginManage:359 - Loaded plugin updater (category:base,tabindex:12)
2025-11-28 22:03:25,800 [INFO] PluginManage:310 - Check plugin userauth
2025-11-28 22:03:25,808 [INFO] UserAuth:113 - Init User Auth plugin
2025-11-28 22:03:25,809 [INFO] PluginManage:359 - Loaded plugin userauth (category:base,tabindex:14)
2025-11-28 22:03:25,810 [INFO] PluginManage:283 - PluginManage : Loaded plugins [17]
2025-11-28 22:03:26,209 [INFO] PinOutPanel:1499 - setPackage(No Configuration,No Configuration)
2025-11-28 22:03:26,395 [INFO] CADModel:165 - CPN selected for project level
2025-11-28 22:03:26,395 [INFO] CADModel:114 - Register for checkConnection events
2025-11-28 22:03:26,418 [INFO] IPUIPlugin:80 - create IPUIPlugin
2025-11-28 22:03:26,418 [INFO] PluginManager:220 - loadIPPluginJar : add adc
2025-11-28 22:03:26,424 [INFO] IPUIPlugin:80 - create IPUIPlugin
2025-11-28 22:03:26,424 [INFO] PluginManager:220 - loadIPPluginJar : add aes
2025-11-28 22:03:26,427 [INFO] IPUIPlugin:80 - create IPUIPlugin
2025-11-28 22:03:26,428 [INFO] PluginManager:220 - loadIPPluginJar : add can
2025-11-28 22:03:26,431 [INFO] IPUIPlugin:80 - create IPUIPlugin
2025-11-28 22:03:26,432 [INFO] PluginManager:220 - loadIPPluginJar : add comp
2025-11-28 22:03:26,436 [INFO] IPUIPlugin:80 - create IPUIPlugin
2025-11-28 22:03:26,436 [INFO] PluginManager:220 - loadIPPluginJar : add cryp
2025-11-28 22:03:26,440 [INFO] IPUIPlugin:80 - create IPUIPlugin
2025-11-28 22:03:26,440 [INFO] PluginManager:220 - loadIPPluginJar : add dfsdm
2025-11-28 22:03:26,451 [INFO] IPUIPlugin:80 - create IPUIPlugin
2025-11-28 22:03:26,452 [INFO] PluginManager:220 - loadIPPluginJar : add dma
2025-11-28 22:03:26,457 [INFO] IPUIPlugin:80 - create IPUIPlugin
2025-11-28 22:03:26,458 [INFO] PluginManager:220 - loadIPPluginJar : add dma3
2025-11-28 22:03:26,461 [INFO] IPUIPlugin:80 - create IPUIPlugin
2025-11-28 22:03:26,461 [INFO] PluginManager:220 - loadIPPluginJar : add fatfs
2025-11-28 22:03:26,469 [INFO] IPUIPlugin:80 - create IPUIPlugin
2025-11-28 22:03:26,470 [INFO] PluginManager:220 - loadIPPluginJar : add fmc
2025-11-28 22:03:26,476 [INFO] IPUIPlugin:80 - create IPUIPlugin
2025-11-28 22:03:26,476 [INFO] PluginManager:220 - loadIPPluginJar : add freertos
2025-11-28 22:03:26,478 [INFO] IPUIPlugin:80 - create IPUIPlugin
2025-11-28 22:03:26,478 [INFO] PluginManager:220 - loadIPPluginJar : add genericplugin
2025-11-28 22:03:26,481 [INFO] IPUIPlugin:80 - create IPUIPlugin
2025-11-28 22:03:26,481 [INFO] PluginManager:220 - loadIPPluginJar : add gfxmmu
2025-11-28 22:03:26,489 [INFO] IPUIPlugin:80 - create IPUIPlugin
2025-11-28 22:03:26,489 [INFO] PluginManager:220 - loadIPPluginJar : add gic
2025-11-28 22:03:26,495 [INFO] IPUIPlugin:80 - create IPUIPlugin
2025-11-28 22:03:26,495 [INFO] PluginManager:220 - loadIPPluginJar : add gpio
2025-11-28 22:03:26,498 [INFO] IPUIPlugin:80 - create IPUIPlugin
2025-11-28 22:03:26,498 [INFO] PluginManager:220 - loadIPPluginJar : add gtzc
2025-11-28 22:03:26,502 [INFO] IPUIPlugin:80 - create IPUIPlugin
2025-11-28 22:03:26,503 [INFO] PluginManager:220 - loadIPPluginJar : add hash
2025-11-28 22:03:26,506 [INFO] IPUIPlugin:80 - create IPUIPlugin
2025-11-28 22:03:26,506 [INFO] PluginManager:220 - loadIPPluginJar : add i2c
2025-11-28 22:03:26,510 [INFO] IPUIPlugin:80 - create IPUIPlugin
2025-11-28 22:03:26,510 [INFO] PluginManager:220 - loadIPPluginJar : add i2s
2025-11-28 22:03:26,514 [INFO] IPUIPlugin:80 - create IPUIPlugin
2025-11-28 22:03:26,515 [INFO] PluginManager:220 - loadIPPluginJar : add i3c
2025-11-28 22:03:26,522 [INFO] IPUIPlugin:80 - create IPUIPlugin
2025-11-28 22:03:26,522 [INFO] PluginManager:220 - loadIPPluginJar : add ipddr
2025-11-28 22:03:26,531 [INFO] IPUIPlugin:80 - create IPUIPlugin
2025-11-28 22:03:26,531 [INFO] PluginManager:220 - loadIPPluginJar : add linkedlist
2025-11-28 22:03:26,535 [INFO] IPUIPlugin:80 - create IPUIPlugin
2025-11-28 22:03:26,535 [INFO] PluginManager:220 - loadIPPluginJar : add lorawan
2025-11-28 22:03:26,537 [INFO] IPUIPlugin:80 - create IPUIPlugin
2025-11-28 22:03:26,537 [INFO] PluginManager:220 - loadIPPluginJar : add ltdc
2025-11-28 22:03:26,546 [INFO] IPUIPlugin:80 - create IPUIPlugin
2025-11-28 22:03:26,546 [INFO] PluginManager:220 - loadIPPluginJar : add mdma
2025-11-28 22:03:26,552 [INFO] IPUIPlugin:80 - create IPUIPlugin
2025-11-28 22:03:26,552 [INFO] PluginManager:220 - loadIPPluginJar : add nvic
2025-11-28 22:03:26,556 [INFO] IPUIPlugin:80 - create IPUIPlugin
2025-11-28 22:03:26,556 [INFO] PluginManager:220 - loadIPPluginJar : add opamp
2025-11-28 22:03:26,563 [INFO] IPUIPlugin:80 - create IPUIPlugin
2025-11-28 22:03:26,563 [INFO] PluginManager:220 - loadIPPluginJar : add openamp
2025-11-28 22:03:26,567 [INFO] IPUIPlugin:80 - create IPUIPlugin
2025-11-28 22:03:26,567 [INFO] PluginManager:220 - loadIPPluginJar : add pdm2pcm
2025-11-28 22:03:26,575 [INFO] IPUIPlugin:80 - create IPUIPlugin
2025-11-28 22:03:26,583 [INFO] PluginManager:220 - loadIPPluginJar : add plateformsettings
2025-11-28 22:03:26,585 [INFO] IPUIPlugin:80 - create IPUIPlugin
2025-11-28 22:03:26,586 [INFO] PluginManager:220 - loadIPPluginJar : add quadspi
2025-11-28 22:03:26,591 [INFO] IPUIPlugin:80 - create IPUIPlugin
2025-11-28 22:03:26,591 [INFO] PluginManager:220 - loadIPPluginJar : add resmgrutility
2025-11-28 22:03:26,595 [INFO] IPUIPlugin:80 - create IPUIPlugin
2025-11-28 22:03:26,595 [INFO] PluginManager:220 - loadIPPluginJar : add sai
2025-11-28 22:03:26,598 [INFO] IPUIPlugin:80 - create IPUIPlugin
2025-11-28 22:03:26,599 [INFO] PluginManager:220 - loadIPPluginJar : add spi
2025-11-28 22:03:26,603 [INFO] IPUIPlugin:80 - create IPUIPlugin
2025-11-28 22:03:26,603 [INFO] PluginManager:220 - loadIPPluginJar : add stm32_wpan
2025-11-28 22:03:26,605 [INFO] IPUIPlugin:80 - create IPUIPlugin
2025-11-28 22:03:26,605 [INFO] PluginManager:220 - loadIPPluginJar : add tim
2025-11-28 22:03:26,608 [INFO] IPUIPlugin:80 - create IPUIPlugin
2025-11-28 22:03:26,608 [INFO] PluginManager:220 - loadIPPluginJar : add touchsensing
2025-11-28 22:03:26,610 [INFO] IPUIPlugin:80 - create IPUIPlugin
2025-11-28 22:03:26,610 [INFO] PluginManager:220 - loadIPPluginJar : add tracer_emb
2025-11-28 22:03:26,611 [INFO] IPUIPlugin:80 - create IPUIPlugin
2025-11-28 22:03:26,611 [INFO] PluginManager:220 - loadIPPluginJar : add ts
2025-11-28 22:03:26,613 [INFO] IPUIPlugin:80 - create IPUIPlugin
2025-11-28 22:03:26,614 [INFO] PluginManager:220 - loadIPPluginJar : add tsc
2025-11-28 22:03:26,616 [INFO] IPUIPlugin:80 - create IPUIPlugin
2025-11-28 22:03:26,618 [INFO] PluginManager:220 - loadIPPluginJar : add ucpd
2025-11-28 22:03:26,621 [INFO] IPUIPlugin:80 - create IPUIPlugin
2025-11-28 22:03:26,621 [INFO] PluginManager:220 - loadIPPluginJar : add usart
2025-11-28 22:03:26,624 [INFO] IPUIPlugin:80 - create IPUIPlugin
2025-11-28 22:03:26,624 [INFO] PluginManager:220 - loadIPPluginJar : add usbx
2025-11-28 22:03:26,777 [INFO] CADModel:165 - CPN selected for project level
2025-11-28 22:03:26,778 [INFO] CADModel:114 - Register for checkConnection events
2025-11-28 22:03:26,778 [FATAL] Updater:308 - Updater called before beeing initialized
2025-11-28 22:03:26,778 [ERROR] CADModel:125 - Updater not yet initialized, retry later 
2025-11-28 22:03:26,908 [INFO] CADModel:165 - CPN selected for project level
2025-11-28 22:03:26,908 [INFO] CADModel:114 - Register for checkConnection events
2025-11-28 22:03:26,908 [FATAL] Updater:308 - Updater called before beeing initialized
2025-11-28 22:03:26,908 [ERROR] CADModel:125 - Updater not yet initialized, retry later 
2025-11-28 22:03:26,912 [FATAL] Updater:308 - Updater called before beeing initialized
2025-11-28 22:03:26,997 [FATAL] Updater:308 - Updater called before beeing initialized
2025-11-28 22:03:27,009 [INFO] DbMcusAds:53 - JSON generation date=Tue Nov 25 16:08:32 EET 2025 (1764079712316)
2025-11-28 22:03:27,010 [FATAL] Updater:308 - Updater called before beeing initialized
2025-11-28 22:03:27,052 [WARN] DetailPanel:346 - Failed to get advertising image, set to default
2025-11-28 22:03:27,133 [FATAL] Updater:308 - Updater called before beeing initialized
2025-11-28 22:03:27,136 [FATAL] Updater:308 - Updater called before beeing initialized
2025-11-28 22:03:27,136 [FATAL] Updater:308 - Updater called before beeing initialized
2025-11-28 22:03:27,136 [WARN] DetailPanel:346 - Failed to get advertising image, set to default
2025-11-28 22:03:27,137 [FATAL] Updater:308 - Updater called before beeing initialized
2025-11-28 22:03:27,187 [ERROR] Updater:1120 - MainUpdater not yet initialized. External WinMGr cannot be set.
2025-11-28 22:03:27,189 [INFO] Updater:1056 - Updater Version found : 6.9.0
2025-11-28 22:03:27,217 [INFO] ApplicationProperties:184 - Using Application install path: C:\ST\STM32CubeIDE_1.13.0\STM32CubeIDE\plugins\com.st.stm32cube.common.mx_6.9.0.202307051724
2025-11-28 22:03:27,581 [INFO] MainUpdater:2868 - connection check result : 10
2025-11-28 22:03:27,583 [INFO] MainUpdater:285 - Updater Check For Update Now.
2025-11-28 22:03:27,583 [INFO] MicroXplorer:498 - Change Database Version : DB.6.0.90
2025-11-28 22:03:27,596 [INFO] McuFinderGlobals:63 - Set McuFinder mode to 2 (CubeIDE integrated)
2025-11-28 22:03:27,596 [INFO] UserAuth:179 - activating auth plugin
2025-11-28 22:03:27,600 [INFO] UserAuth:393 - Internet connection configuration mode: 1
2025-11-28 22:03:27,632 [INFO] JxBrowserEngine:151 - Initiate JxBrowser Engine with user profile folder
2025-11-28 22:03:27,768 [INFO] CheckServerUpdateThread:120 - End of CheckServer Thread
2025-11-28 22:03:28,320 [INFO] WebApp:157 - Instantiating new browser for Auth
2025-11-28 22:03:28,513 [ERROR] Engine:466 - C:\Users\bogda\.stm32cubemx\thirdparties\pdsc\WES.I-CUBE-Cesium.1.4.0.pdsc: PDSC version is not supported
2025-11-28 22:03:28,517 [ERROR] Engine:466 - C:\Users\bogda\.stm32cubemx\thirdparties\pdsc\STMicroelectronics.X-CUBE-FREERTOS.1.4.0.pdsc: PDSC version is not supported
2025-11-28 22:03:28,631 [WARN] PackLoader:240 - Cannot read IP mode file for STMicroelectronics.X-CUBE-MEMS1.12.0.0
2025-11-28 22:03:28,716 [WARN] PackLoader:240 - Cannot read IP mode file for STMicroelectronics.X-CUBE-TOUCHGFX.4.26.0
2025-11-28 22:03:28,718 [INFO] ThirdParty:978 - Integrity check success = true
2025-11-28 22:03:28,718 [INFO] IntegrityCheckThread:100 - exiting critical section [integrity check]
2025-11-28 22:03:28,718 [INFO] IntegrityCheckThread:103 - End integrity checks thread
2025-11-28 22:03:29,099 [INFO] WebApp:753 - Register for checkConnection events
2025-11-28 22:03:29,099 [INFO] WebApp:390 - Apply proxy settings
2025-11-28 22:03:29,099 [INFO] WebApp:475 - Chromium requires no authentication
2025-11-28 22:03:29,106 [INFO] WebApp:418 - Direct internet connection detected
2025-11-28 22:03:29,214 [INFO] WebApp:188 - Starting web application
2025-11-28 22:03:29,214 [INFO] WebApp:520 - Web application path used C:\ST\STM32CubeIDE_1.13.0\STM32CubeIDE\plugins\com.st.stm32cube.common.mx_6.9.0.202307051724\db\plugins\mcufinder\reactClient1\index.html
2025-11-28 22:03:49,675 [ERROR] LogOutputStream:75 - [STDERR_REDIRECT] SLF4J: Failed to load class "org.slf4j.impl.StaticLoggerBinder".
2025-11-28 22:03:49,675 [ERROR] LogOutputStream:75 - [STDERR_REDIRECT] SLF4J: Defaulting to no-operation (NOP) logger implementation
2025-11-28 22:03:49,676 [ERROR] LogOutputStream:75 - [STDERR_REDIRECT] SLF4J: See http://www.slf4j.org/codes.html#StaticLoggerBinder for further details.
2025-11-28 22:52:09,660 [ERROR] LogOutputStream:75 - [STDERR_REDIRECT] 
2025-11-28 23:33:17,321 [INFO] Activator:176 - 


2025-11-28 23:33:17,322 [INFO] Activator:177 - !SESSION log4j initialized
2025-11-28 23:33:22,596 [INFO] LogOutputStream:77 - [STDOUT_REDIRECT] 
2025-11-28 23:33:25,785 [INFO] ApplicationProperties:184 - Using Application install path: C:\ST\STM32CubeIDE_1.13.0\STM32CubeIDE\plugins\com.st.stm32cube.common.mx_6.9.0.202307051724
2025-11-28 23:33:25,808 [INFO] DbMcusXml:78 - Set database path to: C:\ST\STM32CubeIDE_1.13.0\STM32CubeIDE\plugins\com.st.stm32cube.common.mx_6.9.0.202307051724\\db\/mcu/
2025-11-28 23:33:25,809 [INFO] ApiDb:274 - Set plugin database path to: C:\ST\STM32CubeIDE_1.13.0\STM32CubeIDE\plugins\com.st.stm32cube.common.mx_6.9.0.202307051724\\db\/plugins/boardmanager/
2025-11-28 23:33:25,809 [WARN] ApiDb:259 - Overriding images path with different value:  => C:\ST\STM32CubeIDE_1.13.0\STM32CubeIDE\plugins\com.st.stm32cube.common.mx_6.9.0.202307051724\\db\/plugins/mcufinder/images/
2025-11-28 23:33:25,821 [INFO] ApiDb:250 - Set database path to: C:\Users\bogda\.stmcufinder\plugins\mcufinder//mcu/
2025-11-28 23:33:25,823 [INFO] DbMcusAds:125 - Set database path to: C:\Users\bogda\.stmcufinder\plugins\mcufinder//mcu/
2025-11-28 23:33:25,827 [INFO] CrossReferenceDbSqlite:203 - Set database path to: C:\Users\bogda\.stmcufinder\plugins\mcufinder//mcu/cs/
2025-11-28 23:33:25,985 [INFO] RulesReader:64 - Compatibility file has been processed (293 Rules)
2025-11-28 23:33:26,098 [INFO] DbMcusXml:78 - Set database path to: C:\ST\STM32CubeIDE_1.13.0\STM32CubeIDE\plugins\com.st.stm32cube.common.mx_6.9.0.202307051724\\db\/mcu/
2025-11-28 23:33:26,098 [INFO] ApiDb:274 - Set plugin database path to: C:\ST\STM32CubeIDE_1.13.0\STM32CubeIDE\plugins\com.st.stm32cube.common.mx_6.9.0.202307051724\\db\/plugins/boardmanager/
2025-11-28 23:33:26,098 [INFO] ApiDb:261 - Set plugin images path to: C:\ST\STM32CubeIDE_1.13.0\STM32CubeIDE\plugins\com.st.stm32cube.common.mx_6.9.0.202307051724\\db\/plugins/mcufinder/images/
2025-11-28 23:33:26,099 [WARN] DbFile:41 - Overriding database path with different value: C:\Users\bogda\.stmcufinder\plugins\mcufinder/ => C:\Users\bogda\.stmcufinder\plugins\mcufinder
2025-11-28 23:33:26,099 [INFO] ApiDb:250 - Set database path to: C:\Users\bogda\.stmcufinder\plugins\mcufinder//mcu/
2025-11-28 23:33:26,099 [WARN] DbFile:41 - Overriding database path with different value: C:\Users\bogda\.stmcufinder\plugins\mcufinder/ => C:\Users\bogda\.stmcufinder\plugins\mcufinder
2025-11-28 23:33:26,099 [INFO] DbMcusAds:125 - Set database path to: C:\Users\bogda\.stmcufinder\plugins\mcufinder//mcu/
2025-11-28 23:33:26,099 [WARN] DbFile:41 - Overriding database path with different value: C:\Users\bogda\.stmcufinder\plugins\mcufinder/ => C:\Users\bogda\.stmcufinder\plugins\mcufinder
2025-11-28 23:33:26,099 [WARN] DbFile:41 - Overriding database path with different value: C:\Users\bogda\.stmcufinder\plugins\mcufinder/ => C:\Users\bogda\.stmcufinder\plugins\mcufinder
2025-11-28 23:33:26,100 [INFO] CrossReferenceDbSqlite:203 - Set database path to: C:\Users\bogda\.stmcufinder\plugins\mcufinder//mcu/cs/
2025-11-28 23:33:26,208 [INFO] MainPanel:262 - HeapMemory: 268435456
2025-11-28 23:33:26,353 [INFO] DbMcusXml:78 - Set database path to: C:\ST\STM32CubeIDE_1.13.0\STM32CubeIDE\plugins\com.st.stm32cube.common.mx_6.9.0.202307051724\\db\/mcu/
2025-11-28 23:33:26,353 [INFO] ApiDb:274 - Set plugin database path to: C:\ST\STM32CubeIDE_1.13.0\STM32CubeIDE\plugins\com.st.stm32cube.common.mx_6.9.0.202307051724\\db\/plugins/boardmanager/
2025-11-28 23:33:26,353 [INFO] ApiDb:261 - Set plugin images path to: C:\ST\STM32CubeIDE_1.13.0\STM32CubeIDE\plugins\com.st.stm32cube.common.mx_6.9.0.202307051724\\db\/plugins/mcufinder/images/
2025-11-28 23:33:26,354 [WARN] DbFile:41 - Overriding database path with different value: C:\Users\bogda\.stmcufinder\plugins\mcufinder/ => C:\Users\bogda\.stmcufinder\plugins\mcufinder
2025-11-28 23:33:26,355 [INFO] ApiDb:250 - Set database path to: C:\Users\bogda\.stmcufinder\plugins\mcufinder//mcu/
2025-11-28 23:33:26,355 [WARN] DbFile:41 - Overriding database path with different value: C:\Users\bogda\.stmcufinder\plugins\mcufinder/ => C:\Users\bogda\.stmcufinder\plugins\mcufinder
2025-11-28 23:33:26,355 [INFO] DbMcusAds:125 - Set database path to: C:\Users\bogda\.stmcufinder\plugins\mcufinder//mcu/
2025-11-28 23:33:26,355 [WARN] DbFile:41 - Overriding database path with different value: C:\Users\bogda\.stmcufinder\plugins\mcufinder/ => C:\Users\bogda\.stmcufinder\plugins\mcufinder
2025-11-28 23:33:26,355 [WARN] DbFile:41 - Overriding database path with different value: C:\Users\bogda\.stmcufinder\plugins\mcufinder/ => C:\Users\bogda\.stmcufinder\plugins\mcufinder
2025-11-28 23:33:26,355 [INFO] CrossReferenceDbSqlite:203 - Set database path to: C:\Users\bogda\.stmcufinder\plugins\mcufinder//mcu/cs/
2025-11-28 23:33:26,385 [INFO] ApplicationProperties:184 - Using Application install path: C:\ST\STM32CubeIDE_1.13.0\STM32CubeIDE\plugins\com.st.stm32cube.common.mx_6.9.0.202307051724
2025-11-28 23:33:26,386 [INFO] PluginManage:196 - Search for loadable plugins [exclusion list=, ]
2025-11-28 23:33:26,389 [INFO] PluginManage:310 - Check plugin analytics
2025-11-28 23:33:26,569 [INFO] AnalyticsPlugin:253 - Accepted Software Licenses: 
2025-11-28 23:33:26,570 [INFO] AnalyticsPlugin:255 - Accepted CMSIS Pack Licenses: 
2025-11-28 23:33:26,571 [INFO] AnalyticsPlugin:257 - Accepted Firmware Licenses: FW.F4.1.27.0
2025-11-28 23:33:26,572 [INFO] PluginManage:359 - Loaded plugin analytics (category:tool,tabindex:-1)
2025-11-28 23:33:26,572 [INFO] PluginManage:310 - Check plugin cadmodel
2025-11-28 23:33:26,578 [INFO] CADModel:105 - Init CAD model plugin
2025-11-28 23:33:26,578 [INFO] PluginManage:359 - Loaded plugin cadmodel (category:power,tabindex:5)
2025-11-28 23:33:26,579 [INFO] PluginManage:310 - Check plugin clock
2025-11-28 23:33:26,588 [INFO] PluginManage:359 - Loaded plugin clock (category:base,tabindex:2)
2025-11-28 23:33:26,589 [INFO] PluginManage:310 - Check plugin ddr
2025-11-28 23:33:26,591 [INFO] PluginManage:359 - Loaded plugin ddr (category:tool,tabindex:6)
2025-11-28 23:33:26,591 [INFO] PluginManage:310 - Check plugin filemanager
2025-11-28 23:33:26,706 [INFO] PluginManage:359 - Loaded plugin filemanager (category:base,tabindex:10)
2025-11-28 23:33:26,706 [INFO] PluginManage:310 - Check plugin ipmanager
2025-11-28 23:33:26,712 [INFO] PluginManage:359 - Loaded plugin ipmanager (category:base,tabindex:5)
2025-11-28 23:33:26,712 [INFO] PluginManage:310 - Check plugin lpbam
2025-11-28 23:33:26,720 [INFO] PluginManage:359 - Loaded plugin lpbam (category:base,tabindex:0)
2025-11-28 23:33:26,720 [INFO] PluginManage:310 - Check plugin memorymap
2025-11-28 23:33:26,734 [INFO] PluginManage:359 - Loaded plugin memorymap (category:base,tabindex:4)
2025-11-28 23:33:26,734 [INFO] PluginManage:310 - Check plugin pinoutandconfiguration
2025-11-28 23:33:26,740 [INFO] PluginManage:359 - Loaded plugin pinoutandconfiguration (category:base,tabindex:1)
2025-11-28 23:33:26,741 [INFO] PluginManage:310 - Check plugin pinoutconfig
2025-11-28 23:33:26,813 [WARN] SupportedApi:132 - Cannot load RTOS API schema: s4s-elt-must-match.1: The content of 'definitions' must match (annotation?, (simpleType | complexType)?, (unique | key | keyref)*)). A problem was found starting at: attribute.
2025-11-28 23:33:26,924 [INFO] PluginManage:359 - Loaded plugin pinoutconfig (category:base,tabindex:0)
2025-11-28 23:33:26,925 [INFO] PluginManage:310 - Check plugin power
2025-11-28 23:33:26,931 [INFO] PluginManage:359 - Loaded plugin power (category:power,tabindex:4)
2025-11-28 23:33:26,932 [INFO] PluginManage:310 - Check plugin projectmanager
2025-11-28 23:33:26,941 [INFO] PluginManage:359 - Loaded plugin projectmanager (category:projectmanager,tabindex:3)
2025-11-28 23:33:26,941 [INFO] PluginManage:310 - Check plugin thirdparty
2025-11-28 23:33:27,237 [WARN] IntegrityCheckThread:84 - waiting for thirdparty lock release [integrity check]
2025-11-28 23:33:27,237 [INFO] PluginManage:359 - Loaded plugin thirdparty (category:base,tabindex:-1)
2025-11-28 23:33:27,237 [INFO] IntegrityCheckThread:86 - entering critical section [integrity check]
2025-11-28 23:33:27,238 [INFO] PluginManage:310 - Check plugin tools
2025-11-28 23:33:27,238 [INFO] ThirdPartyUpdaterWithRetryManager:70 - Updater plugin not ready yet. [1/15]
2025-11-28 23:33:27,240 [INFO] PluginManage:359 - Loaded plugin tools (category:base,tabindex:7)
2025-11-28 23:33:27,240 [INFO] PluginManage:310 - Check plugin tutovideos
2025-11-28 23:33:27,459 [INFO] PluginManage:359 - Loaded plugin tutovideos (category:base,tabindex:-1)
2025-11-28 23:33:27,459 [INFO] PluginManage:310 - Check plugin updater
2025-11-28 23:33:27,467 [INFO] PluginManage:359 - Loaded plugin updater (category:base,tabindex:12)
2025-11-28 23:33:27,467 [INFO] PluginManage:310 - Check plugin userauth
2025-11-28 23:33:27,473 [INFO] UserAuth:113 - Init User Auth plugin
2025-11-28 23:33:27,473 [INFO] PluginManage:359 - Loaded plugin userauth (category:base,tabindex:14)
2025-11-28 23:33:27,473 [INFO] PluginManage:283 - PluginManage : Loaded plugins [17]
2025-11-28 23:33:27,655 [INFO] PinOutPanel:1499 - setPackage(No Configuration,No Configuration)
2025-11-28 23:33:27,735 [INFO] CADModel:165 - CPN selected for project level
2025-11-28 23:33:27,736 [INFO] CADModel:114 - Register for checkConnection events
2025-11-28 23:33:27,748 [INFO] IPUIPlugin:80 - create IPUIPlugin
2025-11-28 23:33:27,748 [INFO] PluginManager:220 - loadIPPluginJar : add adc
2025-11-28 23:33:27,749 [INFO] IPUIPlugin:80 - create IPUIPlugin
2025-11-28 23:33:27,749 [INFO] PluginManager:220 - loadIPPluginJar : add aes
2025-11-28 23:33:27,750 [INFO] IPUIPlugin:80 - create IPUIPlugin
2025-11-28 23:33:27,751 [INFO] PluginManager:220 - loadIPPluginJar : add can
2025-11-28 23:33:27,751 [INFO] IPUIPlugin:80 - create IPUIPlugin
2025-11-28 23:33:27,751 [INFO] PluginManager:220 - loadIPPluginJar : add comp
2025-11-28 23:33:27,754 [INFO] IPUIPlugin:80 - create IPUIPlugin
2025-11-28 23:33:27,754 [INFO] PluginManager:220 - loadIPPluginJar : add cryp
2025-11-28 23:33:27,755 [INFO] IPUIPlugin:80 - create IPUIPlugin
2025-11-28 23:33:27,755 [INFO] PluginManager:220 - loadIPPluginJar : add dfsdm
2025-11-28 23:33:27,759 [INFO] IPUIPlugin:80 - create IPUIPlugin
2025-11-28 23:33:27,759 [INFO] PluginManager:220 - loadIPPluginJar : add dma
2025-11-28 23:33:27,761 [INFO] IPUIPlugin:80 - create IPUIPlugin
2025-11-28 23:33:27,761 [INFO] PluginManager:220 - loadIPPluginJar : add dma3
2025-11-28 23:33:27,761 [INFO] IPUIPlugin:80 - create IPUIPlugin
2025-11-28 23:33:27,761 [INFO] PluginManager:220 - loadIPPluginJar : add fatfs
2025-11-28 23:33:27,764 [INFO] IPUIPlugin:80 - create IPUIPlugin
2025-11-28 23:33:27,764 [INFO] PluginManager:220 - loadIPPluginJar : add fmc
2025-11-28 23:33:27,767 [INFO] IPUIPlugin:80 - create IPUIPlugin
2025-11-28 23:33:27,767 [INFO] PluginManager:220 - loadIPPluginJar : add freertos
2025-11-28 23:33:27,768 [INFO] IPUIPlugin:80 - create IPUIPlugin
2025-11-28 23:33:27,768 [INFO] PluginManager:220 - loadIPPluginJar : add genericplugin
2025-11-28 23:33:27,769 [INFO] IPUIPlugin:80 - create IPUIPlugin
2025-11-28 23:33:27,769 [INFO] PluginManager:220 - loadIPPluginJar : add gfxmmu
2025-11-28 23:33:27,771 [INFO] IPUIPlugin:80 - create IPUIPlugin
2025-11-28 23:33:27,771 [INFO] PluginManager:220 - loadIPPluginJar : add gic
2025-11-28 23:33:27,774 [INFO] IPUIPlugin:80 - create IPUIPlugin
2025-11-28 23:33:27,775 [INFO] PluginManager:220 - loadIPPluginJar : add gpio
2025-11-28 23:33:27,776 [INFO] IPUIPlugin:80 - create IPUIPlugin
2025-11-28 23:33:27,776 [INFO] PluginManager:220 - loadIPPluginJar : add gtzc
2025-11-28 23:33:27,777 [INFO] IPUIPlugin:80 - create IPUIPlugin
2025-11-28 23:33:27,777 [INFO] PluginManager:220 - loadIPPluginJar : add hash
2025-11-28 23:33:27,779 [INFO] IPUIPlugin:80 - create IPUIPlugin
2025-11-28 23:33:27,779 [INFO] PluginManager:220 - loadIPPluginJar : add i2c
2025-11-28 23:33:27,780 [INFO] IPUIPlugin:80 - create IPUIPlugin
2025-11-28 23:33:27,780 [INFO] PluginManager:220 - loadIPPluginJar : add i2s
2025-11-28 23:33:27,782 [INFO] IPUIPlugin:80 - create IPUIPlugin
2025-11-28 23:33:27,783 [INFO] PluginManager:220 - loadIPPluginJar : add i3c
2025-11-28 23:33:27,878 [INFO] IPUIPlugin:80 - create IPUIPlugin
2025-11-28 23:33:27,878 [INFO] PluginManager:220 - loadIPPluginJar : add ipddr
2025-11-28 23:33:27,886 [INFO] IPUIPlugin:80 - create IPUIPlugin
2025-11-28 23:33:27,886 [INFO] PluginManager:220 - loadIPPluginJar : add linkedlist
2025-11-28 23:33:27,887 [INFO] IPUIPlugin:80 - create IPUIPlugin
2025-11-28 23:33:27,888 [INFO] PluginManager:220 - loadIPPluginJar : add lorawan
2025-11-28 23:33:27,889 [INFO] IPUIPlugin:80 - create IPUIPlugin
2025-11-28 23:33:27,889 [INFO] PluginManager:220 - loadIPPluginJar : add ltdc
2025-11-28 23:33:27,893 [INFO] IPUIPlugin:80 - create IPUIPlugin
2025-11-28 23:33:27,894 [INFO] PluginManager:220 - loadIPPluginJar : add mdma
2025-11-28 23:33:27,896 [INFO] IPUIPlugin:80 - create IPUIPlugin
2025-11-28 23:33:27,896 [INFO] PluginManager:220 - loadIPPluginJar : add nvic
2025-11-28 23:33:27,898 [INFO] IPUIPlugin:80 - create IPUIPlugin
2025-11-28 23:33:27,898 [INFO] PluginManager:220 - loadIPPluginJar : add opamp
2025-11-28 23:33:27,900 [INFO] IPUIPlugin:80 - create IPUIPlugin
2025-11-28 23:33:27,900 [INFO] PluginManager:220 - loadIPPluginJar : add openamp
2025-11-28 23:33:27,901 [INFO] IPUIPlugin:80 - create IPUIPlugin
2025-11-28 23:33:27,901 [INFO] PluginManager:220 - loadIPPluginJar : add pdm2pcm
2025-11-28 23:33:27,904 [INFO] IPUIPlugin:80 - create IPUIPlugin
2025-11-28 23:33:27,906 [INFO] PluginManager:220 - loadIPPluginJar : add plateformsettings
2025-11-28 23:33:27,907 [INFO] IPUIPlugin:80 - create IPUIPlugin
2025-11-28 23:33:27,907 [INFO] PluginManager:220 - loadIPPluginJar : add quadspi
2025-11-28 23:33:27,908 [INFO] IPUIPlugin:80 - create IPUIPlugin
2025-11-28 23:33:27,908 [INFO] PluginManager:220 - loadIPPluginJar : add resmgrutility
2025-11-28 23:33:27,909 [INFO] IPUIPlugin:80 - create IPUIPlugin
2025-11-28 23:33:27,910 [INFO] PluginManager:220 - loadIPPluginJar : add sai
2025-11-28 23:33:27,910 [INFO] IPUIPlugin:80 - create IPUIPlugin
2025-11-28 23:33:27,912 [INFO] PluginManager:220 - loadIPPluginJar : add spi
2025-11-28 23:33:27,914 [INFO] IPUIPlugin:80 - create IPUIPlugin
2025-11-28 23:33:27,914 [INFO] PluginManager:220 - loadIPPluginJar : add stm32_wpan
2025-11-28 23:33:27,915 [INFO] IPUIPlugin:80 - create IPUIPlugin
2025-11-28 23:33:27,915 [INFO] PluginManager:220 - loadIPPluginJar : add tim
2025-11-28 23:33:27,916 [INFO] IPUIPlugin:80 - create IPUIPlugin
2025-11-28 23:33:27,916 [INFO] PluginManager:220 - loadIPPluginJar : add touchsensing
2025-11-28 23:33:27,917 [INFO] IPUIPlugin:80 - create IPUIPlugin
2025-11-28 23:33:27,917 [INFO] PluginManager:220 - loadIPPluginJar : add tracer_emb
2025-11-28 23:33:27,918 [INFO] IPUIPlugin:80 - create IPUIPlugin
2025-11-28 23:33:27,918 [INFO] PluginManager:220 - loadIPPluginJar : add ts
2025-11-28 23:33:27,919 [INFO] IPUIPlugin:80 - create IPUIPlugin
2025-11-28 23:33:27,919 [INFO] PluginManager:220 - loadIPPluginJar : add tsc
2025-11-28 23:33:27,920 [INFO] IPUIPlugin:80 - create IPUIPlugin
2025-11-28 23:33:27,920 [INFO] PluginManager:220 - loadIPPluginJar : add ucpd
2025-11-28 23:33:27,921 [INFO] IPUIPlugin:80 - create IPUIPlugin
2025-11-28 23:33:27,921 [INFO] PluginManager:220 - loadIPPluginJar : add usart
2025-11-28 23:33:27,922 [INFO] IPUIPlugin:80 - create IPUIPlugin
2025-11-28 23:33:27,922 [INFO] PluginManager:220 - loadIPPluginJar : add usbx
2025-11-28 23:33:28,024 [INFO] CADModel:165 - CPN selected for project level
2025-11-28 23:33:28,025 [INFO] CADModel:114 - Register for checkConnection events
2025-11-28 23:33:28,025 [FATAL] Updater:308 - Updater called before beeing initialized
2025-11-28 23:33:28,025 [ERROR] CADModel:125 - Updater not yet initialized, retry later 
2025-11-28 23:33:28,157 [INFO] CADModel:165 - CPN selected for project level
2025-11-28 23:33:28,157 [INFO] CADModel:114 - Register for checkConnection events
2025-11-28 23:33:28,157 [FATAL] Updater:308 - Updater called before beeing initialized
2025-11-28 23:33:28,157 [ERROR] CADModel:125 - Updater not yet initialized, retry later 
2025-11-28 23:33:28,161 [FATAL] Updater:308 - Updater called before beeing initialized
2025-11-28 23:33:28,246 [FATAL] Updater:308 - Updater called before beeing initialized
2025-11-28 23:33:28,252 [INFO] DbMcusAds:53 - JSON generation date=Tue Nov 25 16:08:32 EET 2025 (1764079712316)
2025-11-28 23:33:28,252 [FATAL] Updater:308 - Updater called before beeing initialized
2025-11-28 23:33:28,278 [WARN] DetailPanel:346 - Failed to get advertising image, set to default
2025-11-28 23:33:28,343 [FATAL] Updater:308 - Updater called before beeing initialized
2025-11-28 23:33:28,344 [FATAL] Updater:308 - Updater called before beeing initialized
2025-11-28 23:33:28,344 [FATAL] Updater:308 - Updater called before beeing initialized
2025-11-28 23:33:28,345 [WARN] DetailPanel:346 - Failed to get advertising image, set to default
2025-11-28 23:33:28,345 [FATAL] Updater:308 - Updater called before beeing initialized
2025-11-28 23:33:28,399 [ERROR] Updater:1120 - MainUpdater not yet initialized. External WinMGr cannot be set.
2025-11-28 23:33:28,413 [INFO] Updater:1056 - Updater Version found : 6.9.0
2025-11-28 23:33:28,436 [INFO] ApplicationProperties:184 - Using Application install path: C:\ST\STM32CubeIDE_1.13.0\STM32CubeIDE\plugins\com.st.stm32cube.common.mx_6.9.0.202307051724
2025-11-28 23:33:28,722 [INFO] MainUpdater:2868 - connection check result : 10
2025-11-28 23:33:28,724 [INFO] MainUpdater:285 - Updater Check For Update Now.
2025-11-28 23:33:28,724 [INFO] MicroXplorer:498 - Change Database Version : DB.6.0.90
2025-11-28 23:33:28,731 [INFO] McuFinderGlobals:63 - Set McuFinder mode to 2 (CubeIDE integrated)
2025-11-28 23:33:28,732 [INFO] UserAuth:179 - activating auth plugin
2025-11-28 23:33:28,735 [INFO] UserAuth:393 - Internet connection configuration mode: 1
2025-11-28 23:33:28,774 [INFO] JxBrowserEngine:151 - Initiate JxBrowser Engine with user profile folder
2025-11-28 23:33:28,925 [INFO] CheckServerUpdateThread:120 - End of CheckServer Thread
2025-11-28 23:33:30,375 [ERROR] Engine:466 - C:\Users\bogda\.stm32cubemx\thirdparties\pdsc\WES.I-CUBE-Cesium.1.4.0.pdsc: PDSC version is not supported
2025-11-28 23:33:30,388 [ERROR] Engine:466 - C:\Users\bogda\.stm32cubemx\thirdparties\pdsc\STMicroelectronics.X-CUBE-FREERTOS.1.4.0.pdsc: PDSC version is not supported
2025-11-28 23:33:30,502 [WARN] PackLoader:240 - Cannot read IP mode file for STMicroelectronics.X-CUBE-MEMS1.12.0.0
2025-11-28 23:33:30,523 [INFO] WebApp:157 - Instantiating new browser for Auth
2025-11-28 23:33:30,631 [WARN] PackLoader:240 - Cannot read IP mode file for STMicroelectronics.X-CUBE-TOUCHGFX.4.26.0
2025-11-28 23:33:30,634 [INFO] ThirdParty:978 - Integrity check success = true
2025-11-28 23:33:30,635 [INFO] IntegrityCheckThread:100 - exiting critical section [integrity check]
2025-11-28 23:33:30,635 [INFO] IntegrityCheckThread:103 - End integrity checks thread
2025-11-28 23:33:31,153 [INFO] WebApp:753 - Register for checkConnection events
2025-11-28 23:33:31,154 [INFO] WebApp:390 - Apply proxy settings
2025-11-28 23:33:31,154 [INFO] WebApp:475 - Chromium requires no authentication
2025-11-28 23:33:31,160 [INFO] WebApp:418 - Direct internet connection detected
2025-11-28 23:33:31,287 [INFO] WebApp:188 - Starting web application
2025-11-28 23:33:31,288 [INFO] WebApp:520 - Web application path used C:\ST\STM32CubeIDE_1.13.0\STM32CubeIDE\plugins\com.st.stm32cube.common.mx_6.9.0.202307051724\db\plugins\mcufinder\reactClient1\index.html
2025-11-28 23:33:51,921 [ERROR] LogOutputStream:75 - [STDERR_REDIRECT] SLF4J: Failed to load class "org.slf4j.impl.StaticLoggerBinder".
2025-11-28 23:33:51,921 [ERROR] LogOutputStream:75 - [STDERR_REDIRECT] SLF4J: Defaulting to no-operation (NOP) logger implementation
2025-11-28 23:33:51,922 [ERROR] LogOutputStream:75 - [STDERR_REDIRECT] SLF4J: See http://www.slf4j.org/codes.html#StaticLoggerBinder for further details.
