2025-12-31 10:07:28,326 [INFO] Activator:176 - 


2025-12-31 10:07:28,331 [INFO] Activator:177 - !SESSION log4j initialized
2025-12-31 10:07:34,108 [INFO] LogOutputStream:77 - [STDOUT_REDIRECT] 
2025-12-31 10:07:37,107 [INFO] ApplicationProperties:184 - Using Application install path: C:\ST\STM32CubeIDE_1.13.0\STM32CubeIDE\plugins\com.st.stm32cube.common.mx_6.9.0.202307051724
2025-12-31 10:07:37,127 [INFO] DbMcusXml:78 - Set database path to: C:\ST\STM32CubeIDE_1.13.0\STM32CubeIDE\plugins\com.st.stm32cube.common.mx_6.9.0.202307051724\\db\/mcu/
2025-12-31 10:07:37,127 [INFO] ApiDb:274 - Set plugin database path to: C:\ST\STM32CubeIDE_1.13.0\STM32CubeIDE\plugins\com.st.stm32cube.common.mx_6.9.0.202307051724\\db\/plugins/boardmanager/
2025-12-31 10:07:37,128 [WARN] ApiDb:259 - Overriding images path with different value:  => C:\ST\STM32CubeIDE_1.13.0\STM32CubeIDE\plugins\com.st.stm32cube.common.mx_6.9.0.202307051724\\db\/plugins/mcufinder/images/
2025-12-31 10:07:37,139 [INFO] ApiDb:250 - Set database path to: C:\Users\bogda\.stmcufinder\plugins\mcufinder//mcu/
2025-12-31 10:07:37,140 [INFO] DbMcusAds:125 - Set database path to: C:\Users\bogda\.stmcufinder\plugins\mcufinder//mcu/
2025-12-31 10:07:37,142 [INFO] CrossReferenceDbSqlite:203 - Set database path to: C:\Users\bogda\.stmcufinder\plugins\mcufinder//mcu/cs/
2025-12-31 10:07:37,249 [INFO] RulesReader:64 - Compatibility file has been processed (293 Rules)
2025-12-31 10:07:37,330 [INFO] DbMcusXml:78 - Set database path to: C:\ST\STM32CubeIDE_1.13.0\STM32CubeIDE\plugins\com.st.stm32cube.common.mx_6.9.0.202307051724\\db\/mcu/
2025-12-31 10:07:37,330 [INFO] ApiDb:274 - Set plugin database path to: C:\ST\STM32CubeIDE_1.13.0\STM32CubeIDE\plugins\com.st.stm32cube.common.mx_6.9.0.202307051724\\db\/plugins/boardmanager/
2025-12-31 10:07:37,330 [INFO] ApiDb:261 - Set plugin images path to: C:\ST\STM32CubeIDE_1.13.0\STM32CubeIDE\plugins\com.st.stm32cube.common.mx_6.9.0.202307051724\\db\/plugins/mcufinder/images/
2025-12-31 10:07:37,331 [WARN] DbFile:41 - Overriding database path with different value: C:\Users\bogda\.stmcufinder\plugins\mcufinder/ => C:\Users\bogda\.stmcufinder\plugins\mcufinder
2025-12-31 10:07:37,331 [INFO] ApiDb:250 - Set database path to: C:\Users\bogda\.stmcufinder\plugins\mcufinder//mcu/
2025-12-31 10:07:37,331 [WARN] DbFile:41 - Overriding database path with different value: C:\Users\bogda\.stmcufinder\plugins\mcufinder/ => C:\Users\bogda\.stmcufinder\plugins\mcufinder
2025-12-31 10:07:37,331 [INFO] DbMcusAds:125 - Set database path to: C:\Users\bogda\.stmcufinder\plugins\mcufinder//mcu/
2025-12-31 10:07:37,331 [WARN] DbFile:41 - Overriding database path with different value: C:\Users\bogda\.stmcufinder\plugins\mcufinder/ => C:\Users\bogda\.stmcufinder\plugins\mcufinder
2025-12-31 10:07:37,331 [WARN] DbFile:41 - Overriding database path with different value: C:\Users\bogda\.stmcufinder\plugins\mcufinder/ => C:\Users\bogda\.stmcufinder\plugins\mcufinder
2025-12-31 10:07:37,331 [INFO] CrossReferenceDbSqlite:203 - Set database path to: C:\Users\bogda\.stmcufinder\plugins\mcufinder//mcu/cs/
2025-12-31 10:07:37,414 [INFO] MainPanel:262 - HeapMemory: 268435456
2025-12-31 10:07:37,505 [INFO] DbMcusXml:78 - Set database path to: C:\ST\STM32CubeIDE_1.13.0\STM32CubeIDE\plugins\com.st.stm32cube.common.mx_6.9.0.202307051724\\db\/mcu/
2025-12-31 10:07:37,505 [INFO] ApiDb:274 - Set plugin database path to: C:\ST\STM32CubeIDE_1.13.0\STM32CubeIDE\plugins\com.st.stm32cube.common.mx_6.9.0.202307051724\\db\/plugins/boardmanager/
2025-12-31 10:07:37,505 [INFO] ApiDb:261 - Set plugin images path to: C:\ST\STM32CubeIDE_1.13.0\STM32CubeIDE\plugins\com.st.stm32cube.common.mx_6.9.0.202307051724\\db\/plugins/mcufinder/images/
2025-12-31 10:07:37,505 [WARN] DbFile:41 - Overriding database path with different value: C:\Users\bogda\.stmcufinder\plugins\mcufinder/ => C:\Users\bogda\.stmcufinder\plugins\mcufinder
2025-12-31 10:07:37,505 [INFO] ApiDb:250 - Set database path to: C:\Users\bogda\.stmcufinder\plugins\mcufinder//mcu/
2025-12-31 10:07:37,505 [WARN] DbFile:41 - Overriding database path with different value: C:\Users\bogda\.stmcufinder\plugins\mcufinder/ => C:\Users\bogda\.stmcufinder\plugins\mcufinder
2025-12-31 10:07:37,506 [INFO] DbMcusAds:125 - Set database path to: C:\Users\bogda\.stmcufinder\plugins\mcufinder//mcu/
2025-12-31 10:07:37,506 [WARN] DbFile:41 - Overriding database path with different value: C:\Users\bogda\.stmcufinder\plugins\mcufinder/ => C:\Users\bogda\.stmcufinder\plugins\mcufinder
2025-12-31 10:07:37,506 [WARN] DbFile:41 - Overriding database path with different value: C:\Users\bogda\.stmcufinder\plugins\mcufinder/ => C:\Users\bogda\.stmcufinder\plugins\mcufinder
2025-12-31 10:07:37,506 [INFO] CrossReferenceDbSqlite:203 - Set database path to: C:\Users\bogda\.stmcufinder\plugins\mcufinder//mcu/cs/
2025-12-31 10:07:37,524 [INFO] ApplicationProperties:184 - Using Application install path: C:\ST\STM32CubeIDE_1.13.0\STM32CubeIDE\plugins\com.st.stm32cube.common.mx_6.9.0.202307051724
2025-12-31 10:07:37,525 [INFO] PluginManage:196 - Search for loadable plugins [exclusion list=, ]
2025-12-31 10:07:37,526 [INFO] PluginManage:310 - Check plugin analytics
2025-12-31 10:07:37,673 [INFO] AnalyticsPlugin:253 - Accepted Software Licenses: 
2025-12-31 10:07:37,673 [INFO] AnalyticsPlugin:255 - Accepted CMSIS Pack Licenses: 
2025-12-31 10:07:37,673 [INFO] AnalyticsPlugin:257 - Accepted Firmware Licenses: FW.F4.1.27.0,FW.H7.1.11.0
2025-12-31 10:07:37,677 [INFO] PluginManage:359 - Loaded plugin analytics (category:tool,tabindex:-1)
2025-12-31 10:07:37,679 [INFO] PluginManage:310 - Check plugin cadmodel
2025-12-31 10:07:37,698 [INFO] CADModel:105 - Init CAD model plugin
2025-12-31 10:07:37,698 [INFO] PluginManage:359 - Loaded plugin cadmodel (category:power,tabindex:5)
2025-12-31 10:07:37,698 [INFO] PluginManage:310 - Check plugin clock
2025-12-31 10:07:37,721 [INFO] PluginManage:359 - Loaded plugin clock (category:base,tabindex:2)
2025-12-31 10:07:37,721 [INFO] PluginManage:310 - Check plugin ddr
2025-12-31 10:07:37,724 [INFO] PluginManage:359 - Loaded plugin ddr (category:tool,tabindex:6)
2025-12-31 10:07:37,724 [INFO] PluginManage:310 - Check plugin filemanager
2025-12-31 10:07:37,880 [INFO] PluginManage:359 - Loaded plugin filemanager (category:base,tabindex:10)
2025-12-31 10:07:37,881 [INFO] PluginManage:310 - Check plugin ipmanager
2025-12-31 10:07:37,890 [INFO] PluginManage:359 - Loaded plugin ipmanager (category:base,tabindex:5)
2025-12-31 10:07:37,890 [INFO] PluginManage:310 - Check plugin lpbam
2025-12-31 10:07:37,916 [INFO] PluginManage:359 - Loaded plugin lpbam (category:base,tabindex:0)
2025-12-31 10:07:37,916 [INFO] PluginManage:310 - Check plugin memorymap
2025-12-31 10:07:37,948 [INFO] PluginManage:359 - Loaded plugin memorymap (category:base,tabindex:4)
2025-12-31 10:07:37,948 [INFO] PluginManage:310 - Check plugin pinoutandconfiguration
2025-12-31 10:07:37,980 [INFO] PluginManage:359 - Loaded plugin pinoutandconfiguration (category:base,tabindex:1)
2025-12-31 10:07:37,980 [INFO] PluginManage:310 - Check plugin pinoutconfig
2025-12-31 10:07:38,092 [WARN] SupportedApi:132 - Cannot load RTOS API schema: s4s-elt-must-match.1: The content of 'definitions' must match (annotation?, (simpleType | complexType)?, (unique | key | keyref)*)). A problem was found starting at: attribute.
2025-12-31 10:07:38,263 [INFO] PluginManage:359 - Loaded plugin pinoutconfig (category:base,tabindex:0)
2025-12-31 10:07:38,264 [INFO] PluginManage:310 - Check plugin power
2025-12-31 10:07:38,288 [INFO] PluginManage:359 - Loaded plugin power (category:power,tabindex:4)
2025-12-31 10:07:38,288 [INFO] PluginManage:310 - Check plugin projectmanager
2025-12-31 10:07:38,303 [INFO] PluginManage:359 - Loaded plugin projectmanager (category:projectmanager,tabindex:3)
2025-12-31 10:07:38,303 [INFO] PluginManage:310 - Check plugin thirdparty
2025-12-31 10:07:38,620 [INFO] PluginManage:359 - Loaded plugin thirdparty (category:base,tabindex:-1)
2025-12-31 10:07:38,620 [WARN] IntegrityCheckThread:84 - waiting for thirdparty lock release [integrity check]
2025-12-31 10:07:38,620 [INFO] PluginManage:310 - Check plugin tools
2025-12-31 10:07:38,620 [INFO] IntegrityCheckThread:86 - entering critical section [integrity check]
2025-12-31 10:07:38,622 [INFO] ThirdPartyUpdaterWithRetryManager:70 - Updater plugin not ready yet. [1/15]
2025-12-31 10:07:38,667 [INFO] PluginManage:359 - Loaded plugin tools (category:base,tabindex:7)
2025-12-31 10:07:38,667 [INFO] PluginManage:310 - Check plugin tutovideos
2025-12-31 10:07:38,844 [INFO] PluginManage:359 - Loaded plugin tutovideos (category:base,tabindex:-1)
2025-12-31 10:07:38,844 [INFO] PluginManage:310 - Check plugin updater
2025-12-31 10:07:38,854 [INFO] PluginManage:359 - Loaded plugin updater (category:base,tabindex:12)
2025-12-31 10:07:38,854 [INFO] PluginManage:310 - Check plugin userauth
2025-12-31 10:07:38,859 [INFO] UserAuth:113 - Init User Auth plugin
2025-12-31 10:07:38,859 [INFO] PluginManage:359 - Loaded plugin userauth (category:base,tabindex:14)
2025-12-31 10:07:38,859 [INFO] PluginManage:283 - PluginManage : Loaded plugins [17]
2025-12-31 10:07:39,054 [INFO] PinOutPanel:1499 - setPackage(No Configuration,No Configuration)
2025-12-31 10:07:39,169 [INFO] CADModel:165 - CPN selected for project level
2025-12-31 10:07:39,170 [INFO] CADModel:114 - Register for checkConnection events
2025-12-31 10:07:39,202 [INFO] IPUIPlugin:80 - create IPUIPlugin
2025-12-31 10:07:39,202 [INFO] PluginManager:220 - loadIPPluginJar : add adc
2025-12-31 10:07:39,251 [INFO] IPUIPlugin:80 - create IPUIPlugin
2025-12-31 10:07:39,251 [INFO] PluginManager:220 - loadIPPluginJar : add aes
2025-12-31 10:07:39,299 [INFO] IPUIPlugin:80 - create IPUIPlugin
2025-12-31 10:07:39,299 [INFO] PluginManager:220 - loadIPPluginJar : add can
2025-12-31 10:07:39,330 [INFO] IPUIPlugin:80 - create IPUIPlugin
2025-12-31 10:07:39,330 [INFO] PluginManager:220 - loadIPPluginJar : add comp
2025-12-31 10:07:39,373 [INFO] IPUIPlugin:80 - create IPUIPlugin
2025-12-31 10:07:39,373 [INFO] PluginManager:220 - loadIPPluginJar : add cryp
2025-12-31 10:07:39,412 [INFO] IPUIPlugin:80 - create IPUIPlugin
2025-12-31 10:07:39,412 [INFO] PluginManager:220 - loadIPPluginJar : add dfsdm
2025-12-31 10:07:39,429 [INFO] IPUIPlugin:80 - create IPUIPlugin
2025-12-31 10:07:39,430 [INFO] PluginManager:220 - loadIPPluginJar : add dma
2025-12-31 10:07:39,485 [INFO] IPUIPlugin:80 - create IPUIPlugin
2025-12-31 10:07:39,485 [INFO] PluginManager:220 - loadIPPluginJar : add dma3
2025-12-31 10:07:39,512 [INFO] IPUIPlugin:80 - create IPUIPlugin
2025-12-31 10:07:39,512 [INFO] PluginManager:220 - loadIPPluginJar : add fatfs
2025-12-31 10:07:39,574 [INFO] IPUIPlugin:80 - create IPUIPlugin
2025-12-31 10:07:39,574 [INFO] PluginManager:220 - loadIPPluginJar : add fmc
2025-12-31 10:07:39,592 [INFO] IPUIPlugin:80 - create IPUIPlugin
2025-12-31 10:07:39,592 [INFO] PluginManager:220 - loadIPPluginJar : add freertos
2025-12-31 10:07:39,620 [INFO] IPUIPlugin:80 - create IPUIPlugin
2025-12-31 10:07:39,620 [INFO] PluginManager:220 - loadIPPluginJar : add genericplugin
2025-12-31 10:07:39,739 [INFO] IPUIPlugin:80 - create IPUIPlugin
2025-12-31 10:07:39,740 [INFO] PluginManager:220 - loadIPPluginJar : add gfxmmu
2025-12-31 10:07:39,913 [INFO] IPUIPlugin:80 - create IPUIPlugin
2025-12-31 10:07:39,914 [INFO] PluginManager:220 - loadIPPluginJar : add gic
2025-12-31 10:07:39,930 [INFO] IPUIPlugin:80 - create IPUIPlugin
2025-12-31 10:07:39,930 [INFO] PluginManager:220 - loadIPPluginJar : add gpio
2025-12-31 10:07:40,032 [INFO] IPUIPlugin:80 - create IPUIPlugin
2025-12-31 10:07:40,032 [INFO] PluginManager:220 - loadIPPluginJar : add gtzc
2025-12-31 10:07:40,073 [INFO] IPUIPlugin:80 - create IPUIPlugin
2025-12-31 10:07:40,073 [INFO] PluginManager:220 - loadIPPluginJar : add hash
2025-12-31 10:07:40,143 [INFO] IPUIPlugin:80 - create IPUIPlugin
2025-12-31 10:07:40,144 [INFO] PluginManager:220 - loadIPPluginJar : add i2c
2025-12-31 10:07:40,203 [INFO] IPUIPlugin:80 - create IPUIPlugin
2025-12-31 10:07:40,203 [INFO] PluginManager:220 - loadIPPluginJar : add i2s
2025-12-31 10:07:40,256 [INFO] IPUIPlugin:80 - create IPUIPlugin
2025-12-31 10:07:40,256 [INFO] PluginManager:220 - loadIPPluginJar : add i3c
2025-12-31 10:07:40,371 [INFO] IPUIPlugin:80 - create IPUIPlugin
2025-12-31 10:07:40,372 [INFO] PluginManager:220 - loadIPPluginJar : add ipddr
2025-12-31 10:07:40,490 [INFO] IPUIPlugin:80 - create IPUIPlugin
2025-12-31 10:07:40,490 [INFO] PluginManager:220 - loadIPPluginJar : add linkedlist
2025-12-31 10:07:40,539 [INFO] IPUIPlugin:80 - create IPUIPlugin
2025-12-31 10:07:40,539 [INFO] PluginManager:220 - loadIPPluginJar : add lorawan
2025-12-31 10:07:40,583 [INFO] IPUIPlugin:80 - create IPUIPlugin
2025-12-31 10:07:40,583 [INFO] PluginManager:220 - loadIPPluginJar : add ltdc
2025-12-31 10:07:40,600 [INFO] IPUIPlugin:80 - create IPUIPlugin
2025-12-31 10:07:40,601 [INFO] PluginManager:220 - loadIPPluginJar : add mdma
2025-12-31 10:07:40,617 [INFO] IPUIPlugin:80 - create IPUIPlugin
2025-12-31 10:07:40,617 [INFO] PluginManager:220 - loadIPPluginJar : add nvic
2025-12-31 10:07:40,662 [INFO] IPUIPlugin:80 - create IPUIPlugin
2025-12-31 10:07:40,662 [INFO] PluginManager:220 - loadIPPluginJar : add opamp
2025-12-31 10:07:40,739 [INFO] IPUIPlugin:80 - create IPUIPlugin
2025-12-31 10:07:40,740 [INFO] PluginManager:220 - loadIPPluginJar : add openamp
2025-12-31 10:07:40,792 [INFO] IPUIPlugin:80 - create IPUIPlugin
2025-12-31 10:07:40,792 [INFO] PluginManager:220 - loadIPPluginJar : add pdm2pcm
2025-12-31 10:07:40,809 [INFO] IPUIPlugin:80 - create IPUIPlugin
2025-12-31 10:07:40,810 [INFO] PluginManager:220 - loadIPPluginJar : add plateformsettings
2025-12-31 10:07:40,841 [INFO] IPUIPlugin:80 - create IPUIPlugin
2025-12-31 10:07:40,841 [INFO] PluginManager:220 - loadIPPluginJar : add quadspi
2025-12-31 10:07:40,855 [INFO] IPUIPlugin:80 - create IPUIPlugin
2025-12-31 10:07:40,855 [INFO] PluginManager:220 - loadIPPluginJar : add resmgrutility
2025-12-31 10:07:40,911 [INFO] IPUIPlugin:80 - create IPUIPlugin
2025-12-31 10:07:40,911 [INFO] PluginManager:220 - loadIPPluginJar : add sai
2025-12-31 10:07:40,956 [INFO] IPUIPlugin:80 - create IPUIPlugin
2025-12-31 10:07:40,956 [INFO] PluginManager:220 - loadIPPluginJar : add spi
2025-12-31 10:07:41,019 [INFO] IPUIPlugin:80 - create IPUIPlugin
2025-12-31 10:07:41,019 [INFO] PluginManager:220 - loadIPPluginJar : add stm32_wpan
2025-12-31 10:07:41,051 [INFO] IPUIPlugin:80 - create IPUIPlugin
2025-12-31 10:07:41,052 [INFO] PluginManager:220 - loadIPPluginJar : add tim
2025-12-31 10:07:41,119 [INFO] IPUIPlugin:80 - create IPUIPlugin
2025-12-31 10:07:41,119 [INFO] PluginManager:220 - loadIPPluginJar : add touchsensing
2025-12-31 10:07:41,149 [INFO] IPUIPlugin:80 - create IPUIPlugin
2025-12-31 10:07:41,149 [INFO] PluginManager:220 - loadIPPluginJar : add tracer_emb
2025-12-31 10:07:41,183 [INFO] IPUIPlugin:80 - create IPUIPlugin
2025-12-31 10:07:41,183 [INFO] PluginManager:220 - loadIPPluginJar : add ts
2025-12-31 10:07:41,214 [INFO] IPUIPlugin:80 - create IPUIPlugin
2025-12-31 10:07:41,214 [INFO] PluginManager:220 - loadIPPluginJar : add tsc
2025-12-31 10:07:41,242 [INFO] IPUIPlugin:80 - create IPUIPlugin
2025-12-31 10:07:41,242 [INFO] PluginManager:220 - loadIPPluginJar : add ucpd
2025-12-31 10:07:41,294 [INFO] IPUIPlugin:80 - create IPUIPlugin
2025-12-31 10:07:41,294 [INFO] PluginManager:220 - loadIPPluginJar : add usart
2025-12-31 10:07:41,345 [INFO] IPUIPlugin:80 - create IPUIPlugin
2025-12-31 10:07:41,345 [INFO] PluginManager:220 - loadIPPluginJar : add usbx
2025-12-31 10:07:41,458 [INFO] CADModel:165 - CPN selected for project level
2025-12-31 10:07:41,458 [INFO] CADModel:114 - Register for checkConnection events
2025-12-31 10:07:41,458 [FATAL] Updater:308 - Updater called before beeing initialized
2025-12-31 10:07:41,458 [ERROR] CADModel:125 - Updater not yet initialized, retry later 
2025-12-31 10:07:41,578 [INFO] CADModel:165 - CPN selected for project level
2025-12-31 10:07:41,579 [INFO] CADModel:114 - Register for checkConnection events
2025-12-31 10:07:41,579 [FATAL] Updater:308 - Updater called before beeing initialized
2025-12-31 10:07:41,579 [ERROR] CADModel:125 - Updater not yet initialized, retry later 
2025-12-31 10:07:41,583 [FATAL] Updater:308 - Updater called before beeing initialized
2025-12-31 10:07:41,638 [INFO] ThirdPartyUpdaterWithRetryManager:70 - Updater plugin not ready yet. [2/15]
2025-12-31 10:07:41,665 [FATAL] Updater:308 - Updater called before beeing initialized
2025-12-31 10:07:41,678 [INFO] DbMcusAds:53 - JSON generation date=Tue Dec 16 01:11:46 EET 2025 (1765840306612)
2025-12-31 10:07:41,678 [FATAL] Updater:308 - Updater called before beeing initialized
2025-12-31 10:07:41,708 [WARN] DetailPanel:346 - Failed to get advertising image, set to default
2025-12-31 10:07:41,791 [FATAL] Updater:308 - Updater called before beeing initialized
2025-12-31 10:07:41,793 [FATAL] Updater:308 - Updater called before beeing initialized
2025-12-31 10:07:41,793 [FATAL] Updater:308 - Updater called before beeing initialized
2025-12-31 10:07:41,793 [WARN] DetailPanel:346 - Failed to get advertising image, set to default
2025-12-31 10:07:41,794 [FATAL] Updater:308 - Updater called before beeing initialized
2025-12-31 10:07:41,870 [ERROR] Updater:1120 - MainUpdater not yet initialized. External WinMGr cannot be set.
2025-12-31 10:07:41,889 [INFO] Updater:1056 - Updater Version found : 6.9.0
2025-12-31 10:07:41,915 [INFO] ApplicationProperties:184 - Using Application install path: C:\ST\STM32CubeIDE_1.13.0\STM32CubeIDE\plugins\com.st.stm32cube.common.mx_6.9.0.202307051724
2025-12-31 10:07:42,280 [INFO] MainUpdater:2868 - connection check result : 10
2025-12-31 10:07:42,281 [INFO] MainUpdater:285 - Updater Check For Update Now.
2025-12-31 10:07:42,283 [INFO] MicroXplorer:498 - Change Database Version : DB.6.0.90
2025-12-31 10:07:42,325 [INFO] McuFinderGlobals:63 - Set McuFinder mode to 2 (CubeIDE integrated)
2025-12-31 10:07:42,588 [INFO] CheckServerUpdateThread:120 - End of CheckServer Thread
2025-12-31 10:07:44,749 [ERROR] Engine:466 - C:\Users\bogda\.stm32cubemx\thirdparties\pdsc\WES.I-CUBE-Cesium.1.4.0.pdsc: PDSC version is not supported
2025-12-31 10:07:44,764 [ERROR] Engine:466 - C:\Users\bogda\.stm32cubemx\thirdparties\pdsc\STMicroelectronics.X-CUBE-FREERTOS.1.4.0.pdsc: PDSC version is not supported
2025-12-31 10:07:44,896 [WARN] PackLoader:240 - Cannot read IP mode file for STMicroelectronics.X-CUBE-MEMS1.12.0.0
2025-12-31 10:07:45,017 [WARN] PackLoader:240 - Cannot read IP mode file for STMicroelectronics.X-CUBE-TOUCHGFX.4.26.0
2025-12-31 10:07:45,018 [INFO] ThirdParty:978 - Integrity check success = true
2025-12-31 10:07:45,018 [INFO] IntegrityCheckThread:100 - exiting critical section [integrity check]
2025-12-31 10:07:45,019 [INFO] IntegrityCheckThread:103 - End integrity checks thread
2025-12-31 10:41:46,974 [INFO] Activator:176 - 


2025-12-31 10:41:46,975 [INFO] Activator:177 - !SESSION log4j initialized
2025-12-31 10:41:51,593 [INFO] LogOutputStream:77 - [STDOUT_REDIRECT] 
2025-12-31 10:41:52,631 [INFO] ApplicationProperties:184 - Using Application install path: C:\ST\STM32CubeIDE_1.13.0\STM32CubeIDE\plugins\com.st.stm32cube.common.mx_6.9.0.202307051724
2025-12-31 10:41:52,645 [INFO] DbMcusXml:78 - Set database path to: C:\ST\STM32CubeIDE_1.13.0\STM32CubeIDE\plugins\com.st.stm32cube.common.mx_6.9.0.202307051724\\db\/mcu/
2025-12-31 10:41:52,645 [INFO] ApiDb:274 - Set plugin database path to: C:\ST\STM32CubeIDE_1.13.0\STM32CubeIDE\plugins\com.st.stm32cube.common.mx_6.9.0.202307051724\\db\/plugins/boardmanager/
2025-12-31 10:41:52,646 [WARN] ApiDb:259 - Overriding images path with different value:  => C:\ST\STM32CubeIDE_1.13.0\STM32CubeIDE\plugins\com.st.stm32cube.common.mx_6.9.0.202307051724\\db\/plugins/mcufinder/images/
2025-12-31 10:41:52,657 [INFO] ApiDb:250 - Set database path to: C:\Users\bogda\.stmcufinder\plugins\mcufinder//mcu/
2025-12-31 10:41:52,658 [INFO] DbMcusAds:125 - Set database path to: C:\Users\bogda\.stmcufinder\plugins\mcufinder//mcu/
2025-12-31 10:41:52,660 [INFO] CrossReferenceDbSqlite:203 - Set database path to: C:\Users\bogda\.stmcufinder\plugins\mcufinder//mcu/cs/
2025-12-31 10:41:52,747 [INFO] RulesReader:64 - Compatibility file has been processed (293 Rules)
2025-12-31 10:41:52,848 [INFO] DbMcusXml:78 - Set database path to: C:\ST\STM32CubeIDE_1.13.0\STM32CubeIDE\plugins\com.st.stm32cube.common.mx_6.9.0.202307051724\\db\/mcu/
2025-12-31 10:41:52,848 [INFO] ApiDb:274 - Set plugin database path to: C:\ST\STM32CubeIDE_1.13.0\STM32CubeIDE\plugins\com.st.stm32cube.common.mx_6.9.0.202307051724\\db\/plugins/boardmanager/
2025-12-31 10:41:52,848 [INFO] ApiDb:261 - Set plugin images path to: C:\ST\STM32CubeIDE_1.13.0\STM32CubeIDE\plugins\com.st.stm32cube.common.mx_6.9.0.202307051724\\db\/plugins/mcufinder/images/
2025-12-31 10:41:52,848 [WARN] DbFile:41 - Overriding database path with different value: C:\Users\bogda\.stmcufinder\plugins\mcufinder/ => C:\Users\bogda\.stmcufinder\plugins\mcufinder
2025-12-31 10:41:52,848 [INFO] ApiDb:250 - Set database path to: C:\Users\bogda\.stmcufinder\plugins\mcufinder//mcu/
2025-12-31 10:41:52,848 [WARN] DbFile:41 - Overriding database path with different value: C:\Users\bogda\.stmcufinder\plugins\mcufinder/ => C:\Users\bogda\.stmcufinder\plugins\mcufinder
2025-12-31 10:41:52,848 [INFO] DbMcusAds:125 - Set database path to: C:\Users\bogda\.stmcufinder\plugins\mcufinder//mcu/
2025-12-31 10:41:52,849 [WARN] DbFile:41 - Overriding database path with different value: C:\Users\bogda\.stmcufinder\plugins\mcufinder/ => C:\Users\bogda\.stmcufinder\plugins\mcufinder
2025-12-31 10:41:52,849 [WARN] DbFile:41 - Overriding database path with different value: C:\Users\bogda\.stmcufinder\plugins\mcufinder/ => C:\Users\bogda\.stmcufinder\plugins\mcufinder
2025-12-31 10:41:52,849 [INFO] CrossReferenceDbSqlite:203 - Set database path to: C:\Users\bogda\.stmcufinder\plugins\mcufinder//mcu/cs/
2025-12-31 10:41:52,934 [INFO] MainPanel:262 - HeapMemory: 268435456
2025-12-31 10:41:53,008 [INFO] DbMcusXml:78 - Set database path to: C:\ST\STM32CubeIDE_1.13.0\STM32CubeIDE\plugins\com.st.stm32cube.common.mx_6.9.0.202307051724\\db\/mcu/
2025-12-31 10:41:53,010 [INFO] ApiDb:274 - Set plugin database path to: C:\ST\STM32CubeIDE_1.13.0\STM32CubeIDE\plugins\com.st.stm32cube.common.mx_6.9.0.202307051724\\db\/plugins/boardmanager/
2025-12-31 10:41:53,010 [INFO] ApiDb:261 - Set plugin images path to: C:\ST\STM32CubeIDE_1.13.0\STM32CubeIDE\plugins\com.st.stm32cube.common.mx_6.9.0.202307051724\\db\/plugins/mcufinder/images/
2025-12-31 10:41:53,010 [WARN] DbFile:41 - Overriding database path with different value: C:\Users\bogda\.stmcufinder\plugins\mcufinder/ => C:\Users\bogda\.stmcufinder\plugins\mcufinder
2025-12-31 10:41:53,010 [INFO] ApiDb:250 - Set database path to: C:\Users\bogda\.stmcufinder\plugins\mcufinder//mcu/
2025-12-31 10:41:53,010 [WARN] DbFile:41 - Overriding database path with different value: C:\Users\bogda\.stmcufinder\plugins\mcufinder/ => C:\Users\bogda\.stmcufinder\plugins\mcufinder
2025-12-31 10:41:53,010 [INFO] DbMcusAds:125 - Set database path to: C:\Users\bogda\.stmcufinder\plugins\mcufinder//mcu/
2025-12-31 10:41:53,010 [WARN] DbFile:41 - Overriding database path with different value: C:\Users\bogda\.stmcufinder\plugins\mcufinder/ => C:\Users\bogda\.stmcufinder\plugins\mcufinder
2025-12-31 10:41:53,010 [WARN] DbFile:41 - Overriding database path with different value: C:\Users\bogda\.stmcufinder\plugins\mcufinder/ => C:\Users\bogda\.stmcufinder\plugins\mcufinder
2025-12-31 10:41:53,010 [INFO] CrossReferenceDbSqlite:203 - Set database path to: C:\Users\bogda\.stmcufinder\plugins\mcufinder//mcu/cs/
2025-12-31 10:41:53,025 [INFO] ApplicationProperties:184 - Using Application install path: C:\ST\STM32CubeIDE_1.13.0\STM32CubeIDE\plugins\com.st.stm32cube.common.mx_6.9.0.202307051724
2025-12-31 10:41:53,027 [INFO] PluginManage:196 - Search for loadable plugins [exclusion list=, ]
2025-12-31 10:41:53,028 [INFO] PluginManage:310 - Check plugin analytics
2025-12-31 10:41:53,192 [INFO] AnalyticsPlugin:253 - Accepted Software Licenses: 
2025-12-31 10:41:53,192 [INFO] AnalyticsPlugin:255 - Accepted CMSIS Pack Licenses: 
2025-12-31 10:41:53,192 [INFO] AnalyticsPlugin:257 - Accepted Firmware Licenses: FW.F4.1.27.0,FW.H7.1.11.0
2025-12-31 10:41:53,195 [INFO] PluginManage:359 - Loaded plugin analytics (category:tool,tabindex:-1)
2025-12-31 10:41:53,196 [INFO] PluginManage:310 - Check plugin cadmodel
2025-12-31 10:41:53,204 [INFO] CADModel:105 - Init CAD model plugin
2025-12-31 10:41:53,204 [INFO] PluginManage:359 - Loaded plugin cadmodel (category:power,tabindex:5)
2025-12-31 10:41:53,205 [INFO] PluginManage:310 - Check plugin clock
2025-12-31 10:41:53,219 [INFO] PluginManage:359 - Loaded plugin clock (category:base,tabindex:2)
2025-12-31 10:41:53,219 [INFO] PluginManage:310 - Check plugin ddr
2025-12-31 10:41:53,222 [INFO] PluginManage:359 - Loaded plugin ddr (category:tool,tabindex:6)
2025-12-31 10:41:53,222 [INFO] PluginManage:310 - Check plugin filemanager
2025-12-31 10:41:53,373 [INFO] PluginManage:359 - Loaded plugin filemanager (category:base,tabindex:10)
2025-12-31 10:41:53,373 [INFO] PluginManage:310 - Check plugin ipmanager
2025-12-31 10:41:53,382 [INFO] PluginManage:359 - Loaded plugin ipmanager (category:base,tabindex:5)
2025-12-31 10:41:53,384 [INFO] PluginManage:310 - Check plugin lpbam
2025-12-31 10:41:53,394 [INFO] PluginManage:359 - Loaded plugin lpbam (category:base,tabindex:0)
2025-12-31 10:41:53,395 [INFO] PluginManage:310 - Check plugin memorymap
2025-12-31 10:41:53,416 [INFO] PluginManage:359 - Loaded plugin memorymap (category:base,tabindex:4)
2025-12-31 10:41:53,416 [INFO] PluginManage:310 - Check plugin pinoutandconfiguration
2025-12-31 10:41:53,424 [INFO] PluginManage:359 - Loaded plugin pinoutandconfiguration (category:base,tabindex:1)
2025-12-31 10:41:53,424 [INFO] PluginManage:310 - Check plugin pinoutconfig
2025-12-31 10:41:53,504 [WARN] SupportedApi:132 - Cannot load RTOS API schema: s4s-elt-must-match.1: The content of 'definitions' must match (annotation?, (simpleType | complexType)?, (unique | key | keyref)*)). A problem was found starting at: attribute.
2025-12-31 10:41:53,631 [INFO] PluginManage:359 - Loaded plugin pinoutconfig (category:base,tabindex:0)
2025-12-31 10:41:53,631 [INFO] PluginManage:310 - Check plugin power
2025-12-31 10:41:53,643 [INFO] PluginManage:359 - Loaded plugin power (category:power,tabindex:4)
2025-12-31 10:41:53,644 [INFO] PluginManage:310 - Check plugin projectmanager
2025-12-31 10:41:53,658 [INFO] PluginManage:359 - Loaded plugin projectmanager (category:projectmanager,tabindex:3)
2025-12-31 10:41:53,658 [INFO] PluginManage:310 - Check plugin thirdparty
2025-12-31 10:41:53,790 [INFO] PluginManage:359 - Loaded plugin thirdparty (category:base,tabindex:-1)
2025-12-31 10:41:53,790 [WARN] IntegrityCheckThread:84 - waiting for thirdparty lock release [integrity check]
2025-12-31 10:41:53,791 [INFO] PluginManage:310 - Check plugin tools
2025-12-31 10:41:53,791 [INFO] IntegrityCheckThread:86 - entering critical section [integrity check]
2025-12-31 10:41:53,791 [INFO] ThirdPartyUpdaterWithRetryManager:70 - Updater plugin not ready yet. [1/15]
2025-12-31 10:41:53,794 [INFO] PluginManage:359 - Loaded plugin tools (category:base,tabindex:7)
2025-12-31 10:41:53,794 [INFO] PluginManage:310 - Check plugin tutovideos
2025-12-31 10:41:53,962 [INFO] PluginManage:359 - Loaded plugin tutovideos (category:base,tabindex:-1)
2025-12-31 10:41:53,962 [INFO] PluginManage:310 - Check plugin updater
2025-12-31 10:41:53,973 [INFO] PluginManage:359 - Loaded plugin updater (category:base,tabindex:12)
2025-12-31 10:41:53,973 [INFO] PluginManage:310 - Check plugin userauth
2025-12-31 10:41:53,978 [INFO] UserAuth:113 - Init User Auth plugin
2025-12-31 10:41:53,978 [INFO] PluginManage:359 - Loaded plugin userauth (category:base,tabindex:14)
2025-12-31 10:41:53,978 [INFO] PluginManage:283 - PluginManage : Loaded plugins [17]
2025-12-31 10:41:54,188 [INFO] PinOutPanel:1499 - setPackage(No Configuration,No Configuration)
2025-12-31 10:41:54,268 [INFO] CADModel:165 - CPN selected for project level
2025-12-31 10:41:54,269 [INFO] CADModel:114 - Register for checkConnection events
2025-12-31 10:41:54,283 [INFO] IPUIPlugin:80 - create IPUIPlugin
2025-12-31 10:41:54,283 [INFO] PluginManager:220 - loadIPPluginJar : add adc
2025-12-31 10:41:54,285 [INFO] IPUIPlugin:80 - create IPUIPlugin
2025-12-31 10:41:54,285 [INFO] PluginManager:220 - loadIPPluginJar : add aes
2025-12-31 10:41:54,287 [INFO] IPUIPlugin:80 - create IPUIPlugin
2025-12-31 10:41:54,287 [INFO] PluginManager:220 - loadIPPluginJar : add can
2025-12-31 10:41:54,289 [INFO] IPUIPlugin:80 - create IPUIPlugin
2025-12-31 10:41:54,289 [INFO] PluginManager:220 - loadIPPluginJar : add comp
2025-12-31 10:41:54,291 [INFO] IPUIPlugin:80 - create IPUIPlugin
2025-12-31 10:41:54,291 [INFO] PluginManager:220 - loadIPPluginJar : add cryp
2025-12-31 10:41:54,292 [INFO] IPUIPlugin:80 - create IPUIPlugin
2025-12-31 10:41:54,292 [INFO] PluginManager:220 - loadIPPluginJar : add dfsdm
2025-12-31 10:41:54,297 [INFO] IPUIPlugin:80 - create IPUIPlugin
2025-12-31 10:41:54,298 [INFO] PluginManager:220 - loadIPPluginJar : add dma
2025-12-31 10:41:54,300 [INFO] IPUIPlugin:80 - create IPUIPlugin
2025-12-31 10:41:54,300 [INFO] PluginManager:220 - loadIPPluginJar : add dma3
2025-12-31 10:41:54,301 [INFO] IPUIPlugin:80 - create IPUIPlugin
2025-12-31 10:41:54,301 [INFO] PluginManager:220 - loadIPPluginJar : add fatfs
2025-12-31 10:41:54,304 [INFO] IPUIPlugin:80 - create IPUIPlugin
2025-12-31 10:41:54,304 [INFO] PluginManager:220 - loadIPPluginJar : add fmc
2025-12-31 10:41:54,308 [INFO] IPUIPlugin:80 - create IPUIPlugin
2025-12-31 10:41:54,308 [INFO] PluginManager:220 - loadIPPluginJar : add freertos
2025-12-31 10:41:54,310 [INFO] IPUIPlugin:80 - create IPUIPlugin
2025-12-31 10:41:54,310 [INFO] PluginManager:220 - loadIPPluginJar : add genericplugin
2025-12-31 10:41:54,314 [INFO] IPUIPlugin:80 - create IPUIPlugin
2025-12-31 10:41:54,314 [INFO] PluginManager:220 - loadIPPluginJar : add gfxmmu
2025-12-31 10:41:54,317 [INFO] IPUIPlugin:80 - create IPUIPlugin
2025-12-31 10:41:54,317 [INFO] PluginManager:220 - loadIPPluginJar : add gic
2025-12-31 10:41:54,321 [INFO] IPUIPlugin:80 - create IPUIPlugin
2025-12-31 10:41:54,321 [INFO] PluginManager:220 - loadIPPluginJar : add gpio
2025-12-31 10:41:54,324 [INFO] IPUIPlugin:80 - create IPUIPlugin
2025-12-31 10:41:54,324 [INFO] PluginManager:220 - loadIPPluginJar : add gtzc
2025-12-31 10:41:54,326 [INFO] IPUIPlugin:80 - create IPUIPlugin
2025-12-31 10:41:54,326 [INFO] PluginManager:220 - loadIPPluginJar : add hash
2025-12-31 10:41:54,328 [INFO] IPUIPlugin:80 - create IPUIPlugin
2025-12-31 10:41:54,328 [INFO] PluginManager:220 - loadIPPluginJar : add i2c
2025-12-31 10:41:54,329 [INFO] IPUIPlugin:80 - create IPUIPlugin
2025-12-31 10:41:54,329 [INFO] PluginManager:220 - loadIPPluginJar : add i2s
2025-12-31 10:41:54,331 [INFO] IPUIPlugin:80 - create IPUIPlugin
2025-12-31 10:41:54,331 [INFO] PluginManager:220 - loadIPPluginJar : add i3c
2025-12-31 10:41:54,332 [INFO] IPUIPlugin:80 - create IPUIPlugin
2025-12-31 10:41:54,334 [INFO] PluginManager:220 - loadIPPluginJar : add ipddr
2025-12-31 10:41:54,340 [INFO] IPUIPlugin:80 - create IPUIPlugin
2025-12-31 10:41:54,340 [INFO] PluginManager:220 - loadIPPluginJar : add linkedlist
2025-12-31 10:41:54,343 [INFO] IPUIPlugin:80 - create IPUIPlugin
2025-12-31 10:41:54,343 [INFO] PluginManager:220 - loadIPPluginJar : add lorawan
2025-12-31 10:41:54,345 [INFO] IPUIPlugin:80 - create IPUIPlugin
2025-12-31 10:41:54,345 [INFO] PluginManager:220 - loadIPPluginJar : add ltdc
2025-12-31 10:41:54,349 [INFO] IPUIPlugin:80 - create IPUIPlugin
2025-12-31 10:41:54,349 [INFO] PluginManager:220 - loadIPPluginJar : add mdma
2025-12-31 10:41:54,353 [INFO] IPUIPlugin:80 - create IPUIPlugin
2025-12-31 10:41:54,353 [INFO] PluginManager:220 - loadIPPluginJar : add nvic
2025-12-31 10:41:54,355 [INFO] IPUIPlugin:80 - create IPUIPlugin
2025-12-31 10:41:54,355 [INFO] PluginManager:220 - loadIPPluginJar : add opamp
2025-12-31 10:41:54,358 [INFO] IPUIPlugin:80 - create IPUIPlugin
2025-12-31 10:41:54,358 [INFO] PluginManager:220 - loadIPPluginJar : add openamp
2025-12-31 10:41:54,360 [INFO] IPUIPlugin:80 - create IPUIPlugin
2025-12-31 10:41:54,360 [INFO] PluginManager:220 - loadIPPluginJar : add pdm2pcm
2025-12-31 10:41:54,365 [INFO] IPUIPlugin:80 - create IPUIPlugin
2025-12-31 10:41:54,367 [INFO] PluginManager:220 - loadIPPluginJar : add plateformsettings
2025-12-31 10:41:54,369 [INFO] IPUIPlugin:80 - create IPUIPlugin
2025-12-31 10:41:54,369 [INFO] PluginManager:220 - loadIPPluginJar : add quadspi
2025-12-31 10:41:54,373 [INFO] IPUIPlugin:80 - create IPUIPlugin
2025-12-31 10:41:54,373 [INFO] PluginManager:220 - loadIPPluginJar : add resmgrutility
2025-12-31 10:41:54,376 [INFO] IPUIPlugin:80 - create IPUIPlugin
2025-12-31 10:41:54,376 [INFO] PluginManager:220 - loadIPPluginJar : add sai
2025-12-31 10:41:54,378 [INFO] IPUIPlugin:80 - create IPUIPlugin
2025-12-31 10:41:54,378 [INFO] PluginManager:220 - loadIPPluginJar : add spi
2025-12-31 10:41:54,382 [INFO] IPUIPlugin:80 - create IPUIPlugin
2025-12-31 10:41:54,382 [INFO] PluginManager:220 - loadIPPluginJar : add stm32_wpan
2025-12-31 10:41:54,383 [INFO] IPUIPlugin:80 - create IPUIPlugin
2025-12-31 10:41:54,383 [INFO] PluginManager:220 - loadIPPluginJar : add tim
2025-12-31 10:41:54,386 [INFO] IPUIPlugin:80 - create IPUIPlugin
2025-12-31 10:41:54,386 [INFO] PluginManager:220 - loadIPPluginJar : add touchsensing
2025-12-31 10:41:54,387 [INFO] IPUIPlugin:80 - create IPUIPlugin
2025-12-31 10:41:54,387 [INFO] PluginManager:220 - loadIPPluginJar : add tracer_emb
2025-12-31 10:41:54,388 [INFO] IPUIPlugin:80 - create IPUIPlugin
2025-12-31 10:41:54,388 [INFO] PluginManager:220 - loadIPPluginJar : add ts
2025-12-31 10:41:54,389 [INFO] IPUIPlugin:80 - create IPUIPlugin
2025-12-31 10:41:54,389 [INFO] PluginManager:220 - loadIPPluginJar : add tsc
2025-12-31 10:41:54,391 [INFO] IPUIPlugin:80 - create IPUIPlugin
2025-12-31 10:41:54,391 [INFO] PluginManager:220 - loadIPPluginJar : add ucpd
2025-12-31 10:41:54,393 [INFO] IPUIPlugin:80 - create IPUIPlugin
2025-12-31 10:41:54,393 [INFO] PluginManager:220 - loadIPPluginJar : add usart
2025-12-31 10:41:54,394 [INFO] IPUIPlugin:80 - create IPUIPlugin
2025-12-31 10:41:54,395 [INFO] PluginManager:220 - loadIPPluginJar : add usbx
2025-12-31 10:41:54,498 [INFO] CADModel:165 - CPN selected for project level
2025-12-31 10:41:54,498 [INFO] CADModel:114 - Register for checkConnection events
2025-12-31 10:41:54,499 [FATAL] Updater:308 - Updater called before beeing initialized
2025-12-31 10:41:54,499 [ERROR] CADModel:125 - Updater not yet initialized, retry later 
2025-12-31 10:41:54,621 [INFO] CADModel:165 - CPN selected for project level
2025-12-31 10:41:54,622 [INFO] CADModel:114 - Register for checkConnection events
2025-12-31 10:41:54,622 [FATAL] Updater:308 - Updater called before beeing initialized
2025-12-31 10:41:54,622 [ERROR] CADModel:125 - Updater not yet initialized, retry later 
2025-12-31 10:41:54,624 [FATAL] Updater:308 - Updater called before beeing initialized
2025-12-31 10:41:54,718 [FATAL] Updater:308 - Updater called before beeing initialized
2025-12-31 10:41:54,725 [INFO] DbMcusAds:53 - JSON generation date=Tue Dec 16 01:11:46 EET 2025 (1765840306612)
2025-12-31 10:41:54,725 [FATAL] Updater:308 - Updater called before beeing initialized
2025-12-31 10:41:54,758 [WARN] DetailPanel:346 - Failed to get advertising image, set to default
2025-12-31 10:41:54,834 [FATAL] Updater:308 - Updater called before beeing initialized
2025-12-31 10:41:54,836 [FATAL] Updater:308 - Updater called before beeing initialized
2025-12-31 10:41:54,836 [FATAL] Updater:308 - Updater called before beeing initialized
2025-12-31 10:41:54,836 [WARN] DetailPanel:346 - Failed to get advertising image, set to default
2025-12-31 10:41:54,836 [FATAL] Updater:308 - Updater called before beeing initialized
2025-12-31 10:41:54,874 [ERROR] Updater:1120 - MainUpdater not yet initialized. External WinMGr cannot be set.
2025-12-31 10:41:54,876 [INFO] Updater:1056 - Updater Version found : 6.9.0
2025-12-31 10:41:54,894 [INFO] ApplicationProperties:184 - Using Application install path: C:\ST\STM32CubeIDE_1.13.0\STM32CubeIDE\plugins\com.st.stm32cube.common.mx_6.9.0.202307051724
2025-12-31 10:41:55,075 [INFO] MainUpdater:2868 - connection check result : 10
2025-12-31 10:41:55,076 [INFO] MainUpdater:285 - Updater Check For Update Now.
2025-12-31 10:41:55,076 [INFO] MicroXplorer:498 - Change Database Version : DB.6.0.90
2025-12-31 10:41:55,086 [INFO] McuFinderGlobals:63 - Set McuFinder mode to 2 (CubeIDE integrated)
2025-12-31 10:41:55,253 [INFO] CheckServerUpdateThread:120 - End of CheckServer Thread
2025-12-31 10:41:56,869 [ERROR] Engine:466 - C:\Users\bogda\.stm32cubemx\thirdparties\pdsc\WES.I-CUBE-Cesium.1.4.0.pdsc: PDSC version is not supported
2025-12-31 10:41:56,872 [ERROR] Engine:466 - C:\Users\bogda\.stm32cubemx\thirdparties\pdsc\STMicroelectronics.X-CUBE-FREERTOS.1.4.0.pdsc: PDSC version is not supported
2025-12-31 10:41:56,965 [WARN] PackLoader:240 - Cannot read IP mode file for STMicroelectronics.X-CUBE-MEMS1.12.0.0
2025-12-31 10:41:57,039 [WARN] PackLoader:240 - Cannot read IP mode file for STMicroelectronics.X-CUBE-TOUCHGFX.4.26.0
2025-12-31 10:41:57,040 [INFO] ThirdParty:978 - Integrity check success = true
2025-12-31 10:41:57,040 [INFO] IntegrityCheckThread:100 - exiting critical section [integrity check]
2025-12-31 10:41:57,040 [INFO] IntegrityCheckThread:103 - End integrity checks thread
2025-12-31 10:42:16,201 [ERROR] LogOutputStream:75 - [STDERR_REDIRECT] SLF4J: Failed to load class "org.slf4j.impl.StaticLoggerBinder".
2025-12-31 10:42:16,202 [ERROR] LogOutputStream:75 - [STDERR_REDIRECT] SLF4J: Defaulting to no-operation (NOP) logger implementation
2025-12-31 10:42:16,203 [ERROR] LogOutputStream:75 - [STDERR_REDIRECT] SLF4J: See http://www.slf4j.org/codes.html#StaticLoggerBinder for further details.
2025-12-31 11:06:27,265 [INFO] McuFinderGlobals:63 - Set McuFinder mode to 2 (CubeIDE integrated)
2025-12-31 11:06:27,297 [INFO] MainUpdater:2868 - connection check result : 10
2025-12-31 11:06:27,305 [INFO] MainUpdater:2868 - connection check result : 10
2025-12-31 11:06:27,488 [INFO] MicroXplorer:468 - Change Database Path : 
2025-12-31 11:06:27,488 [INFO] MicroXplorer:498 - Change Database Version : DB.6.0.90
2025-12-31 11:06:27,492 [WARN] ThirdParty:871 - waiting for thirdparty lock release [close project]
2025-12-31 11:06:27,492 [INFO] ThirdParty:873 - entering critical section [close project]
2025-12-31 11:06:27,493 [INFO] ThirdParty:883 - exiting critical section [close project]
2025-12-31 11:06:27,494 [INFO] PinOutPanel:1499 - setPackage(No Configuration,No Configuration)
2025-12-31 11:06:27,499 [INFO] UtilMem:75 - Begin LoadConfig() Used Memory: 802437832 Bytes (1073741824)
2025-12-31 11:06:27,500 [INFO] MicroXplorer:468 - Change Database Path : 
2025-12-31 11:06:27,500 [INFO] MicroXplorer:498 - Change Database Version : DB.6.0.90
2025-12-31 11:06:27,500 [INFO] OpenFileManager:308 - Change cursor
2025-12-31 11:06:27,532 [INFO] Mcu:1946 - Initializing MCU STM32F407V(E-G)Tx STM32F407VGTx STM32F407VGT6
2025-12-31 11:06:29,191 [INFO] Context:659 - Trying to add GPIOservice into a context  which must be forbidden
2025-12-31 11:06:29,650 [INFO] RtosManager:555 - Registered RTOS mode: class=CMSIS, group=RTOS, mode=CMSIS_V1, owner=FREERTOS
2025-12-31 11:06:29,650 [INFO] RtosManager:555 - Registered RTOS mode: class=CMSIS, group=RTOS2, mode=CMSIS_V2, owner=FREERTOS
2025-12-31 11:06:29,650 [INFO] RtosManager:555 - Registered RTOS mode: class=RTOS, group=Core, mode=CMSIS_V1, owner=FREERTOS
2025-12-31 11:06:29,650 [INFO] RtosManager:555 - Registered RTOS mode: class=RTOS, group=Core, mode=CMSIS_V2, owner=FREERTOS
2025-12-31 11:06:29,650 [WARN] ModelIntegratedComponent:184 - Missing modes for component STMicroelectronics:FreeRTOS:0.0.1:STMicroelectronics:RTOS:FreeRTOS:Core:::10.2.0:
2025-12-31 11:06:29,651 [WARN] ModelIntegratedComponent:63 - No mode defined for component null
2025-12-31 11:06:29,651 [WARN] ModelIntegratedComponent:63 - No mode defined for component null
2025-12-31 11:06:29,652 [WARN] ModelIntegratedComponent:63 - No mode defined for component null
2025-12-31 11:06:29,652 [WARN] ModelIntegratedComponent:63 - No mode defined for component null
2025-12-31 11:06:29,652 [WARN] ModelIntegratedComponent:63 - No mode defined for component null
2025-12-31 11:06:29,652 [WARN] ModelIntegratedComponent:63 - No mode defined for component null
2025-12-31 11:06:29,652 [WARN] ModelIntegratedComponent:63 - No mode defined for component null
2025-12-31 11:06:29,652 [WARN] ModelIntegratedComponent:63 - No mode defined for component null
2025-12-31 11:06:29,652 [WARN] ModelIntegratedComponent:63 - No mode defined for component null
2025-12-31 11:06:29,652 [WARN] ModelIntegratedComponent:63 - No mode defined for component null
2025-12-31 11:06:29,652 [WARN] ModelIntegratedComponent:63 - No mode defined for component null
2025-12-31 11:06:29,652 [WARN] ModelIntegratedComponent:63 - No mode defined for component null
2025-12-31 11:06:29,652 [WARN] ModelIntegratedComponent:63 - No mode defined for component null
2025-12-31 11:06:29,652 [WARN] ModelIntegratedComponent:63 - No mode defined for component null
2025-12-31 11:06:29,652 [WARN] ModelIntegratedComponent:63 - No mode defined for component null
2025-12-31 11:06:29,652 [WARN] ModelIntegratedComponent:63 - No mode defined for component null
2025-12-31 11:06:29,652 [WARN] ModelIntegratedComponent:63 - No mode defined for component null
2025-12-31 11:06:29,652 [WARN] ModelIntegratedComponent:63 - No mode defined for component null
2025-12-31 11:06:29,652 [WARN] ModelIntegratedComponent:63 - No mode defined for component null
2025-12-31 11:06:29,652 [WARN] ModelIntegratedComponent:63 - No mode defined for component null
2025-12-31 11:06:29,652 [WARN] ModelIntegratedComponent:63 - No mode defined for component null
2025-12-31 11:06:29,652 [WARN] ModelIntegratedComponent:63 - No mode defined for component null
2025-12-31 11:06:29,652 [WARN] ModelIntegratedComponent:63 - No mode defined for component null
2025-12-31 11:06:29,652 [WARN] ModelIntegratedComponent:63 - No mode defined for component null
2025-12-31 11:06:29,652 [WARN] ModelIntegratedComponent:63 - No mode defined for component null
2025-12-31 11:06:29,652 [WARN] ModelIntegratedComponent:63 - No mode defined for component null
2025-12-31 11:06:29,652 [WARN] ModelIntegratedComponent:63 - No mode defined for component null
2025-12-31 11:06:29,652 [WARN] ModelIntegratedComponent:63 - No mode defined for component null
2025-12-31 11:06:29,652 [WARN] ModelIntegratedComponent:63 - No mode defined for component null
2025-12-31 11:06:29,652 [WARN] ModelIntegratedComponent:63 - No mode defined for component null
2025-12-31 11:06:29,653 [WARN] ModelIntegratedComponent:63 - No mode defined for component null
2025-12-31 11:06:29,653 [WARN] ModelIntegratedComponent:63 - No mode defined for component null
2025-12-31 11:06:29,653 [WARN] ModelIntegratedComponent:63 - No mode defined for component null
2025-12-31 11:06:29,662 [INFO] ThirdPartyModel:298 - Start build external matchings
2025-12-31 11:06:29,693 [INFO] ThirdPartyModel:316 - End build external matchings
2025-12-31 11:06:29,705 [INFO] ImportTextPane:194 - (OptionalMessage_ERROR) IP (DMA) : Parameter (Instance) has Id (SDIO_TX) currently not set
2025-12-31 11:06:29,705 [INFO] ImportTextPane:194 - (OptionalMessage_ERROR) IP (DMA) : Parameter (Channel) has Id (SDIO_TX) currently not set
2025-12-31 11:06:29,705 [INFO] ImportTextPane:194 - (OptionalMessage_ERROR) IP (DMA) : Parameter (Direction) has Id (SDIO_TX) currently not set
2025-12-31 11:06:29,705 [INFO] ImportTextPane:194 - (OptionalMessage_ERROR) IP (DMA) : Parameter (PeriphInc) has Id (SDIO_TX) currently not set
2025-12-31 11:06:29,705 [INFO] ImportTextPane:194 - (OptionalMessage_ERROR) IP (DMA) : Parameter (MemInc) has Id (SDIO_TX) currently not set
2025-12-31 11:06:29,705 [INFO] ImportTextPane:194 - (OptionalMessage_ERROR) IP (DMA) : Parameter (PeriphDataAlignment) has Id (SDIO_TX) currently not set
2025-12-31 11:06:29,706 [INFO] ImportTextPane:194 - (OptionalMessage_ERROR) IP (DMA) : Parameter (MemDataAlignment) has Id (SDIO_TX) currently not set
2025-12-31 11:06:29,706 [INFO] ImportTextPane:194 - (OptionalMessage_ERROR) IP (DMA) : Parameter (Mode) has Id (SDIO_TX) currently not set
2025-12-31 11:06:29,706 [INFO] ImportTextPane:194 - (OptionalMessage_ERROR) IP (DMA) : Parameter (Priority) has Id (SDIO_TX) currently not set
2025-12-31 11:06:29,706 [INFO] ImportTextPane:194 - (OptionalMessage_ERROR) IP (DMA) : Parameter (FIFOMode) has Id (SDIO_TX) currently not set
2025-12-31 11:06:29,706 [INFO] ImportTextPane:194 - (OptionalMessage_ERROR) IP (DMA) : Parameter (FIFOThreshold) has Id (SDIO_TX) currently not set
2025-12-31 11:06:29,706 [INFO] ImportTextPane:194 - (OptionalMessage_ERROR) IP (DMA) : Parameter (FIFOThreshold) has invalid value (null)
2025-12-31 11:06:29,706 [INFO] ImportTextPane:194 - (OptionalMessage_ERROR) IP (DMA) : Parameter (MemBurst) has Id (SDIO_TX) currently not set
2025-12-31 11:06:29,706 [INFO] ImportTextPane:194 - (OptionalMessage_ERROR) IP (DMA) : Parameter (MemBurst) has invalid value (null)
2025-12-31 11:06:29,706 [INFO] ImportTextPane:194 - (OptionalMessage_ERROR) IP (DMA) : Parameter (PeriphBurst) has Id (SDIO_TX) currently not set
2025-12-31 11:06:29,706 [INFO] ImportTextPane:194 - (OptionalMessage_ERROR) IP (DMA) : Parameter (PeriphBurst) has invalid value (null)
2025-12-31 11:06:29,706 [INFO] ImportTextPane:194 - (OptionalMessage_ERROR) IP (DMA) : Parameter (Instance) has Id (SDIO_RX) currently not set
2025-12-31 11:06:29,706 [INFO] ImportTextPane:194 - (OptionalMessage_ERROR) IP (DMA) : Parameter (Channel) has Id (SDIO_RX) currently not set
2025-12-31 11:06:29,706 [INFO] ImportTextPane:194 - (OptionalMessage_ERROR) IP (DMA) : Parameter (Direction) has Id (SDIO_RX) currently not set
2025-12-31 11:06:29,706 [INFO] ImportTextPane:194 - (OptionalMessage_ERROR) IP (DMA) : Parameter (PeriphInc) has Id (SDIO_RX) currently not set
2025-12-31 11:06:29,706 [INFO] ImportTextPane:194 - (OptionalMessage_ERROR) IP (DMA) : Parameter (MemInc) has Id (SDIO_RX) currently not set
2025-12-31 11:06:29,706 [INFO] ImportTextPane:194 - (OptionalMessage_ERROR) IP (DMA) : Parameter (PeriphDataAlignment) has Id (SDIO_RX) currently not set
2025-12-31 11:06:29,706 [INFO] ImportTextPane:194 - (OptionalMessage_ERROR) IP (DMA) : Parameter (MemDataAlignment) has Id (SDIO_RX) currently not set
2025-12-31 11:06:29,706 [INFO] ImportTextPane:194 - (OptionalMessage_ERROR) IP (DMA) : Parameter (Mode) has Id (SDIO_RX) currently not set
2025-12-31 11:06:29,706 [INFO] ImportTextPane:194 - (OptionalMessage_ERROR) IP (DMA) : Parameter (Priority) has Id (SDIO_RX) currently not set
2025-12-31 11:06:29,706 [INFO] ImportTextPane:194 - (OptionalMessage_ERROR) IP (DMA) : Parameter (FIFOMode) has Id (SDIO_RX) currently not set
2025-12-31 11:06:29,706 [INFO] ImportTextPane:194 - (OptionalMessage_ERROR) IP (DMA) : Parameter (FIFOThreshold) has Id (SDIO_RX) currently not set
2025-12-31 11:06:29,706 [INFO] ImportTextPane:194 - (OptionalMessage_ERROR) IP (DMA) : Parameter (FIFOThreshold) has invalid value (null)
2025-12-31 11:06:29,706 [INFO] ImportTextPane:194 - (OptionalMessage_ERROR) IP (DMA) : Parameter (MemBurst) has Id (SDIO_RX) currently not set
2025-12-31 11:06:29,706 [INFO] ImportTextPane:194 - (OptionalMessage_ERROR) IP (DMA) : Parameter (MemBurst) has invalid value (null)
2025-12-31 11:06:29,706 [INFO] ImportTextPane:194 - (OptionalMessage_ERROR) IP (DMA) : Parameter (PeriphBurst) has Id (SDIO_RX) currently not set
2025-12-31 11:06:29,707 [INFO] ImportTextPane:194 - (OptionalMessage_ERROR) IP (DMA) : Parameter (PeriphBurst) has invalid value (null)
2025-12-31 11:06:30,038 [INFO] UtilMem:75 - End LoadConfig() Used Memory: 795687880 Bytes (1073741824)
2025-12-31 11:06:30,317 [INFO] ApiDb:581 - Connected to CubeFinder SQLite database (C:\Users\bogda\.stmcufinder\plugins\mcufinder\mcu\cube-finder-db.db)
2025-12-31 11:06:30,378 [INFO] ApiDb:668 - CubeFinder database Data Model version=2.1
2025-12-31 11:06:30,378 [INFO] ApiDb:669 - CubeFinder database Configuration version=3.0.39
2025-12-31 11:06:30,379 [INFO] ApiDb:670 - CubeFinder database generation date=2025-11-05 (1762334721)
2025-12-31 11:06:30,379 [INFO] ApiDb:671 - CubeFinder database FW Pack versions=[FP-ATR-ASTRA1_V2.0.0, FP-SNS-FLIGHT1_V5.1.0, FP-SNS-MOTENV1_V5.1.0, FP-SNS-MOTENVWB1_V1.4.0, FP-SNS-SMARTAG2_V1.2.0, FP-SNS-STBOX1_V2.1.0, STM32Cube_FW_C0_V1.4.0, STM32Cube_FW_F4_V1.28.3, STM32Cube_FW_F7_V1.17.4, STM32Cube_FW_G0_V1.6.2, STM32Cube_FW_G4_V1.6.1, STM32Cube_FW_H5_V1.5.1, STM32Cube_FW_H7RS_V1.3.0, STM32Cube_FW_H7_V1.12.1, STM32Cube_FW_L0_V1.12.2, STM32Cube_FW_L4_V1.18.1, STM32Cube_FW_L5_V1.6.0, STM32Cube_FW_N6_V1.3.0, STM32Cube_FW_U0_V1.3.0, STM32Cube_FW_U3_V1.2.1, STM32Cube_FW_U5_V1.8.0, STM32Cube_FW_WB0_V1.4.0, STM32Cube_FW_WBA_V1.8.0, STM32Cube_FW_WB_V1.24.0, STM32Cube_FW_WL3_V1.3.0, STM32Cube_FW_WL_V1.4.0, X-CUBE-ALGOBUILD_V1.4.0, X-CUBE-ALS_V1.0.2, X-CUBE-AZRTOS-F4_V1.1.0, X-CUBE-AZRTOS-F7_V1.1.0, X-CUBE-AZRTOS-G0_V1.1.0, X-CUBE-AZRTOS-G4_V2.0.0, X-CUBE-AZRTOS-H7RS_V1.1.0, X-CUBE-AZRTOS-H7_V3.4.0, X-CUBE-AZRTOS-L4_V2.0.0, X-CUBE-AZRTOS-L5_V2.0.0, X-CUBE-AZRTOS-WB_V2.0.0, X-CUBE-AZRTOS-WL_V2.0.0, X-CUBE-BLE1_V7.1.0, X-CUBE-BLE2_V3.3.0, X-CUBE-BLEMGR_V4.1.0, X-CUBE-EEPRMA1_V5.2.0, X-CUBE-FREERTOS_V1.3.1, X-CUBE-GNSS1_V6.0.0, X-CUBE-MEMS1_V11.3.0, X-CUBE-NFC4_V3.0.0, X-CUBE-NFC7_V2.0.0, X-CUBE-SFXS2LP1_V4.0.0, X-CUBE-ST67W61_V1.1.0, X-CUBE-SUBG2_V5.0.0, X-CUBE-TOF1_V3.4.3]
2025-12-31 11:06:32,232 [INFO] ApiDb:240 - Found 323 in-development CPN: [B-G473E-ZEST1S, B-WB1M-WPAN1, B-WL5M-SUBG1, NUCLEO-C031C6, NUCLEO-H503RB, NUCLEO-H563ZI, NUCLEO-U545RE-Q, NUCLEO-U5A5ZJ-Q, NUCLEO-WBA52CG, STEVAL-PROTEUS1, STEVAL-SMARTAG2, STEVAL-STWINBX1, STM320518-EVAL, STM32C0116-DK, STM32C011D6Y3TR, STM32C011D6Y6TR, STM32C011F4P3, STM32C011F4P6, STM32C011F4U3, STM32C011F4U6TR, STM32C011F6P3, STM32C011F6P6, STM32C011F6U3, STM32C011F6U6TR, STM32C011J4M3, STM32C011J4M6, STM32C011J6M3, STM32C011J6M6, STM32C0316-DK, STM32C031C4T3, STM32C031C4T6, STM32C031C4U3, STM32C031C4U6, STM32C031C6T3, STM32C031C6T6, STM32C031C6U3, STM32C031C6U6, STM32C031F4P3, STM32C031F4P6, STM32C031F6P3, STM32C031F6P6, STM32C031G4U3, STM32C031G4U6, STM32C031G6U3, STM32C031G6U6, STM32C031K4T3, STM32C031K4T6, STM32C031K4U3, STM32C031K4U6, STM32C031K6T3, STM32C031K6T6, STM32C031K6U3, STM32C031K6U6, STM32G071K8TXN, STM32G071K8UXN, STM32G081GBU6N, STM32G081KBT6N, STM32G081KBUXN, STM32G0B1CCT6N, STM32G0B1KCT6, STM32G0B1NEY6TR, STM32G0B1RCT6N, STM32G0C1CCT6, STM32G0C1CCT6N, STM32G0C1CCU6N, STM32G0C1CET6N, STM32G0C1CEU6N, STM32G0C1KCT6, STM32G0C1NEY6TR, STM32G0C1RCI6N, STM32G0C1RCT6N, STM32G0C1REI6N, STM32G0C1RET6N, STM32G0C1VCI6, STM32G0C1VEI6, STM32G471CCT6, STM32G471CCU6, STM32G471CET3, STM32G471CET6, STM32G471CEU3, STM32G471CEU6, STM32G471MCT6, STM32G471MET3, STM32G471MET6, STM32G471MEY6TR, STM32G471QCT6, STM32G471QET3, STM32G471RCT6, STM32G471RET3, STM32G471RET6, STM32G471VCH6, STM32G471VCI6, STM32G471VCT6, STM32G471VEH3, STM32G471VEH6, STM32G471VEI3, STM32G471VEI6, STM32G471VET3, STM32G471VET6, STM32G474CCT6, STM32H503CBT6, STM32H503CBU6, STM32H503EBY6TR, STM32H503KBU6, STM32H503RBT6, STM32H562AGI6, STM32H562AII6, STM32H562IGK6, STM32H562IGT6, STM32H562IIK6, STM32H562IIT6, STM32H562RGT6, STM32H562RGV6, STM32H562RIT6, STM32H562RIV6, STM32H562VGT6, STM32H562VIT6, STM32H562ZGT6, STM32H562ZIT6, STM32H563AGI6, STM32H563AII3Q, STM32H563AII6, STM32H563IGK6, STM32H563IGT6, STM32H563IIK3Q, STM32H563IIK6, STM32H563IIT3Q, STM32H563IIT6, STM32H563MIY3QTR, STM32H563RGT6, STM32H563RGV6, STM32H563RIT6, STM32H563RIV6, STM32H563VGT6, STM32H563VIT3Q, STM32H563VIT6, STM32H563ZGT6, STM32H563ZIT3Q, STM32H563ZIT6, STM32H573AII3Q, STM32H573AII6, STM32H573I-DK, STM32H573IIK3Q, STM32H573IIK6, STM32H573IIT3Q, STM32H573IIT6, STM32H573MIY3QTR, STM32H573RIT6, STM32H573RIV6, STM32H573VIT3Q, STM32H573VIT6, STM32H573ZIT3Q, STM32H573ZIT6, STM32L4R5QGI6STR, STM32MP131AAE3, STM32MP131AAF3, STM32MP131AAG3, STM32MP131CAE3, STM32MP131CAF3, STM32MP131CAG3, STM32MP131DAE7, STM32MP131DAF7, STM32MP131DAG7, STM32MP131FAE7, STM32MP131FAF7, STM32MP131FAG7, STM32MP133AAE3, STM32MP133AAF3, STM32MP133AAG3, STM32MP133CAE3, STM32MP133CAF3, STM32MP133CAG3, STM32MP133DAE7, STM32MP133DAF7, STM32MP133DAG7, STM32MP133FAE7, STM32MP133FAF7, STM32MP133FAG7, STM32MP135AAE3, STM32MP135AAF3, STM32MP135AAG3, STM32MP135CAE3, STM32MP135CAF3, STM32MP135CAG3, STM32MP135DAE7, STM32MP135DAF7, STM32MP135DAG7, STM32MP135F-DK, STM32MP135FAE7, STM32MP135FAF7, STM32MP135FAF7T, STM32MP135FAF7U, STM32MP135FAG7, STM32U535CBT6, STM32U535CBT6Q, STM32U535CBU6, STM32U535CBU6Q, STM32U535CCT6, STM32U535CCT6Q, STM32U535CCU6, STM32U535CCU6Q, STM32U535CET6, STM32U535CET6Q, STM32U535CEU6, STM32U535CEU6Q, STM32U535JEY6QTR, STM32U535NCY6QTR, STM32U535NEY6QTR, STM32U535RBI6, STM32U535RBI6Q, STM32U535RBT6, STM32U535RBT6Q, STM32U535RCI6, STM32U535RCI6Q, STM32U535RCT6, STM32U535RCT6Q, STM32U535REI6, STM32U535REI6Q, STM32U535RET6, STM32U535RET6Q, STM32U535VCI6, STM32U535VCI6Q, STM32U535VCT6, STM32U535VCT6Q, STM32U535VEI6, STM32U535VEI6Q, STM32U535VET6, STM32U535VET6Q, STM32U545CET6, STM32U545CET6Q, STM32U545CEU6, STM32U545CEU6Q, STM32U545JEY6QTR, STM32U545NEY6QTR, STM32U545REI6, STM32U545REI6Q, STM32U545RET6, STM32U545RET6Q, STM32U545VEI6, STM32U545VEI6Q, STM32U545VET6, STM32U545VET6Q, STM32U595AIH6, STM32U595AIH6Q, STM32U595AJH6, STM32U595AJH6Q, STM32U595QII6, STM32U595QII6Q, STM32U595QJI6, STM32U595QJI6Q, STM32U595RIT6, STM32U595RIT6Q, STM32U595RJT6, STM32U595RJT6Q, STM32U595VIT6, STM32U595VIT6Q, STM32U595VJT6, STM32U595VJT6Q, STM32U595ZIT6, STM32U595ZIT6Q, STM32U595ZIY6QTR, STM32U595ZJT6, STM32U595ZJT6Q, STM32U595ZJY6QTR, STM32U599BJY6QTR, STM32U599NIH6Q, STM32U599NJH6Q, STM32U599VIT6Q, STM32U599VJT6, STM32U599VJT6Q, STM32U599ZIT6Q, STM32U599ZIY6QTR, STM32U599ZJT6Q, STM32U599ZJY6QTR, STM32U5A5AJH6, STM32U5A5AJH6Q, STM32U5A5QJI6, STM32U5A5QJI6Q, STM32U5A5RJT6, STM32U5A5RJT6Q, STM32U5A5VJT6, STM32U5A5VJT6Q, STM32U5A5ZJT6, STM32U5A5ZJT6Q, STM32U5A5ZJY6QTR, STM32U5A9BJY6QTR, STM32U5A9J-DK, STM32U5A9NJH6Q, STM32U5A9VJT6Q, STM32U5A9ZJT6Q, STM32U5A9ZJY6QTR, STM32U5F7VIT6, STM32U5F7VIT6Q, STM32U5F7VJT6, STM32U5F7VJT6Q, STM32U5F9BJY6QTR, STM32U5F9NJH6Q, STM32U5F9VIT6Q, STM32U5F9VJT6Q, STM32U5F9ZIJ6QTR, STM32U5F9ZIT6Q, STM32U5F9ZJJ6QTR, STM32U5F9ZJT6Q, STM32U5G7VJT6, STM32U5G7VJT6Q, STM32U5G9BJY6QTR, STM32U5G9J-DK1, STM32U5G9J-DK2, STM32U5G9NJH6Q, STM32U5G9VJT6Q, STM32U5G9ZJJ6QTR, STM32U5G9ZJT6Q, STM32WB1MMCH6, STM32WBA52CEU6, STM32WBA52CEU6T, STM32WBA52CGU6, STM32WBA52CGU6T, STM32WBA52KEU6, STM32WBA52KEU6T, STM32WBA52KGU6, STM32WBA52KGU6T, STM32WL5MOCH6, STM32WL5MOCH6TR]
2025-12-31 11:06:32,238 [INFO] DbMcus:217 - Found 4801 MCUs, 4801 are supported
2025-12-31 11:06:32,239 [INFO] ApiDb:423 - Load user favorites file C:\Users\bogda/.stm32cubeide/favorites.mcus.txt: 0 item(s)
2025-12-31 11:06:32,239 [INFO] ApiDb:427 - User favorites MCUs=[]
2025-12-31 11:06:32,239 [INFO] DbMcus:223 - Set 0 / 0 favorites MCUs
2025-12-31 11:06:32,583 [WARN] ThirdParty:833 - waiting for thirdparty lock release [change project]
2025-12-31 11:06:32,583 [INFO] ThirdParty:835 - entering critical section [change project]
2025-12-31 11:06:32,583 [INFO] ThirdParty:1030 - CMSIS Pack Vendor :STMicroelectronics USBPD 4.1
2025-12-31 11:06:32,583 [INFO] ThirdParty:1030 - CMSIS Pack Vendor :STMicroelectronics ThreadX 1.0.0
2025-12-31 11:06:32,583 [INFO] ThirdParty:1030 - CMSIS Pack Vendor :STMicroelectronics X-CUBE-MEMS1 12.0.0
2025-12-31 11:06:32,583 [INFO] ThirdParty:1030 - CMSIS Pack Vendor :STMicroelectronics USB_HOST 2.0.0
2025-12-31 11:06:32,583 [INFO] ThirdParty:1030 - CMSIS Pack Vendor :STMicroelectronics LIBJPEG 8.0.0
2025-12-31 11:06:32,583 [INFO] ThirdParty:1030 - CMSIS Pack Vendor :STMicroelectronics FreeRTOS 0.0.1
2025-12-31 11:06:32,583 [INFO] ThirdParty:1030 - CMSIS Pack Vendor :STMicroelectronics USB_DEVICE 1.0.0
2025-12-31 11:06:32,583 [INFO] ThirdParty:1030 - CMSIS Pack Vendor :STMicroelectronics STM32_WPAN 1.0.0
2025-12-31 11:06:32,583 [INFO] ThirdParty:1030 - CMSIS Pack Vendor :STMicroelectronics USB_DEVICE 3.0.0
2025-12-31 11:06:32,583 [INFO] ThirdParty:1030 - CMSIS Pack Vendor :STMicroelectronics HAL Drivers 0.0.0
2025-12-31 11:06:32,583 [INFO] ThirdParty:1030 - CMSIS Pack Vendor :STMicroelectronics MBEDTLS 2.16.2
2025-12-31 11:06:32,583 [INFO] ThirdParty:1030 - CMSIS Pack Vendor :STMicroelectronics ThreadX 0.0.2
2025-12-31 11:06:32,583 [INFO] ThirdParty:1030 - CMSIS Pack Vendor :STMicroelectronics lwIP 2.0.3
2025-12-31 11:06:32,583 [INFO] ThirdParty:1030 - CMSIS Pack Vendor :STMicroelectronics lwIP 2.1.2
2025-12-31 11:06:32,583 [INFO] ThirdParty:1030 - CMSIS Pack Vendor :STMicroelectronics MBEDTLS 2.14.1
2025-12-31 11:06:32,583 [INFO] ThirdParty:1030 - CMSIS Pack Vendor :STMicroelectronics USB_HOST 1.0.0
2025-12-31 11:06:32,584 [INFO] ThirdParty:1030 - CMSIS Pack Vendor :STMicroelectronics X-CUBE-TOUCHGFX 4.26.0
2025-12-31 11:06:32,584 [INFO] ThirdParty:1030 - CMSIS Pack Vendor :STMicroelectronics PDM2PCM 3.1.0
2025-12-31 11:06:32,584 [INFO] ThirdParty:1030 - CMSIS Pack Vendor :STMicroelectronics PDM2PCM 3.2.0
2025-12-31 11:06:32,584 [INFO] ThirdParty:1030 - CMSIS Pack Vendor :STMicroelectronics USB_DEVICE 2.0.0
2025-12-31 11:06:32,584 [INFO] ThirdParty:1030 - CMSIS Pack Vendor :STMicroelectronics PDM2PCM 3.3.0
2025-12-31 11:06:32,584 [INFO] ThirdParty:841 - exiting critical section [change project]
2025-12-31 11:06:32,911 [INFO] PinOutPanel:1499 - setPackage(No Configuration,No Configuration)
2025-12-31 11:06:32,913 [INFO] PinOutPanel:1499 - setPackage(STM32F407VGTx,LQFP100)
2025-12-31 11:06:33,236 [INFO] UtilMem:75 - Before build in PCC Used Memory: 697458464 Bytes (1073741824)
2025-12-31 11:06:34,086 [INFO] UtilMem:75 - After build in PCC Used Memory: 768196080 Bytes (1073741824)
2025-12-31 11:06:34,214 [INFO] ApiDbMcu:507 - Load IP Config File for FATFS
2025-12-31 11:06:34,243 [INFO] IPUIPlugin:80 - create IPUIPlugin
2025-12-31 11:06:34,243 [INFO] IPUIPlugin:80 - create IPUIPlugin
2025-12-31 11:06:34,243 [INFO] IPUIPlugin:80 - create IPUIPlugin
2025-12-31 11:06:34,243 [INFO] IPUIPlugin:80 - create IPUIPlugin
2025-12-31 11:06:34,243 [INFO] IPUIPlugin:80 - create IPUIPlugin
2025-12-31 11:06:34,244 [INFO] IPUIPlugin:80 - create IPUIPlugin
2025-12-31 11:06:34,244 [INFO] IPUIPlugin:80 - create IPUIPlugin
2025-12-31 11:06:34,244 [INFO] IPUIPlugin:80 - create IPUIPlugin
2025-12-31 11:06:34,244 [INFO] IPUIPlugin:80 - create IPUIPlugin
2025-12-31 11:06:34,244 [INFO] IPUIPlugin:80 - create IPUIPlugin
2025-12-31 11:06:34,244 [INFO] IPUIPlugin:80 - create IPUIPlugin
2025-12-31 11:06:34,244 [INFO] IPUIPlugin:80 - create IPUIPlugin
2025-12-31 11:06:34,244 [INFO] IPUIPlugin:80 - create IPUIPlugin
2025-12-31 11:06:34,245 [INFO] IPUIPlugin:80 - create IPUIPlugin
2025-12-31 11:06:34,245 [INFO] IPUIPlugin:80 - create IPUIPlugin
2025-12-31 11:06:34,245 [INFO] IPUIPlugin:80 - create IPUIPlugin
2025-12-31 11:06:34,245 [INFO] IPUIPlugin:80 - create IPUIPlugin
2025-12-31 11:06:34,245 [INFO] IPUIPlugin:80 - create IPUIPlugin
2025-12-31 11:06:34,245 [INFO] IPUIPlugin:80 - create IPUIPlugin
2025-12-31 11:06:34,245 [INFO] IPUIPlugin:80 - create IPUIPlugin
2025-12-31 11:06:34,246 [INFO] IPUIPlugin:80 - create IPUIPlugin
2025-12-31 11:06:34,246 [INFO] IPUIPlugin:80 - create IPUIPlugin
2025-12-31 11:06:34,246 [INFO] IPUIPlugin:80 - create IPUIPlugin
2025-12-31 11:06:34,246 [INFO] IPUIPlugin:80 - create IPUIPlugin
2025-12-31 11:06:34,247 [INFO] IPUIPlugin:80 - create IPUIPlugin
2025-12-31 11:06:34,247 [INFO] IPUIPlugin:80 - create IPUIPlugin
2025-12-31 11:06:34,247 [INFO] IPUIPlugin:80 - create IPUIPlugin
2025-12-31 11:06:34,247 [INFO] IPUIPlugin:80 - create IPUIPlugin
2025-12-31 11:06:34,247 [INFO] IPUIPlugin:80 - create IPUIPlugin
2025-12-31 11:06:34,247 [INFO] IPUIPlugin:80 - create IPUIPlugin
2025-12-31 11:06:34,247 [INFO] IPUIPlugin:80 - create IPUIPlugin
2025-12-31 11:06:34,247 [INFO] IPUIPlugin:80 - create IPUIPlugin
2025-12-31 11:06:34,247 [INFO] IPUIPlugin:80 - create IPUIPlugin
2025-12-31 11:06:34,247 [INFO] IPUIPlugin:80 - create IPUIPlugin
2025-12-31 11:06:34,247 [INFO] IPUIPlugin:80 - create IPUIPlugin
2025-12-31 11:06:34,247 [INFO] IPUIPlugin:80 - create IPUIPlugin
2025-12-31 11:06:34,247 [INFO] IPUIPlugin:80 - create IPUIPlugin
2025-12-31 11:06:34,249 [INFO] IPUIPlugin:80 - create IPUIPlugin
2025-12-31 11:06:34,249 [INFO] IPUIPlugin:80 - create IPUIPlugin
2025-12-31 11:06:34,249 [INFO] IPUIPlugin:80 - create IPUIPlugin
2025-12-31 11:06:34,249 [INFO] IPUIPlugin:80 - create IPUIPlugin
2025-12-31 11:06:34,249 [INFO] IPUIPlugin:80 - create IPUIPlugin
2025-12-31 11:06:34,249 [INFO] IPUIPlugin:80 - create IPUIPlugin
2025-12-31 11:06:34,249 [INFO] IPUIPlugin:80 - create IPUIPlugin
2025-12-31 11:06:34,249 [INFO] IPUIPlugin:80 - create IPUIPlugin
2025-12-31 11:06:34,249 [INFO] IPUIPlugin:80 - create IPUIPlugin
2025-12-31 11:06:34,250 [INFO] IPUIPlugin:80 - create IPUIPlugin
2025-12-31 11:06:34,250 [INFO] IPUIPlugin:80 - create IPUIPlugin
2025-12-31 11:06:34,250 [INFO] IPUIPlugin:80 - create IPUIPlugin
2025-12-31 11:06:34,250 [INFO] IPUIPlugin:80 - create IPUIPlugin
2025-12-31 11:06:34,250 [INFO] IPUIPlugin:80 - create IPUIPlugin
2025-12-31 11:06:34,250 [INFO] IPUIPlugin:80 - create IPUIPlugin
2025-12-31 11:06:34,250 [INFO] IPUIPlugin:80 - create IPUIPlugin
2025-12-31 11:06:34,251 [INFO] IPUIPlugin:80 - create IPUIPlugin
2025-12-31 11:06:34,251 [INFO] IPUIPlugin:80 - create IPUIPlugin
2025-12-31 11:06:34,251 [INFO] IPUIPlugin:80 - create IPUIPlugin
2025-12-31 11:06:34,252 [INFO] IPUIPlugin:80 - create IPUIPlugin
2025-12-31 11:06:34,252 [INFO] IPUIPlugin:80 - create IPUIPlugin
2025-12-31 11:06:34,288 [INFO] ApiDbMcu:507 - Load IP Config File for PDM2PCM
2025-12-31 11:06:34,294 [WARN] IP:2114 - I2C_Coeff_DF not found: check if there is a RefParameter without a condition.
2025-12-31 11:06:34,295 [WARN] IP:2114 - Analog_Filter not found: check if there is a RefParameter without a condition.
2025-12-31 11:06:34,496 [INFO] CADModel:165 - CPN selected for project levelSTM32F407VGT6
2025-12-31 11:06:34,498 [INFO] CADModel:114 - Register for checkConnection events
2025-12-31 11:06:34,565 [INFO] OpenFileManager:328 - Restore cursor
2025-12-31 11:06:34,709 [WARN] IP:2114 - I2C_Coeff_DF not found: check if there is a RefParameter without a condition.
2025-12-31 11:06:34,709 [WARN] IP:2114 - Analog_Filter not found: check if there is a RefParameter without a condition.
2025-12-31 11:06:34,709 [WARN] IP:2114 - I2C_Coeff_DF not found: check if there is a RefParameter without a condition.
2025-12-31 11:06:34,709 [WARN] IP:2114 - Analog_Filter not found: check if there is a RefParameter without a condition.
2025-12-31 11:12:53,379 [INFO] UtilMem:75 - End SaveConfig() Used Memory: 792975360 Bytes (1073741824)
2025-12-31 11:12:54,544 [INFO] UtilMem:75 - End SaveConfig() Used Memory: 853266432 Bytes (1073741824)
2025-12-31 11:12:56,312 [INFO] UtilMem:75 - End SaveConfig() Used Memory: 936630272 Bytes (1073741824)
2025-12-31 11:12:56,727 [INFO] BlockDiagram:2759 - set Specific Code input for plugin: SPI
2025-12-31 11:12:56,728 [INFO] BlockDiagram:2759 - set Specific Code input for plugin: SDIO
2025-12-31 11:12:56,728 [INFO] BlockDiagram:2759 - set Specific Code input for plugin: TIM1_8
2025-12-31 11:12:56,728 [INFO] BlockDiagram:2759 - set Specific Code input for plugin: SYS
2025-12-31 11:12:56,728 [INFO] BlockDiagram:2759 - set Specific Code input for plugin: RCC
2025-12-31 11:12:56,728 [INFO] BlockDiagram:2759 - set Specific Code input for plugin: I2C
2025-12-31 11:12:56,728 [INFO] BlockDiagram:2759 - set Specific Code input for plugin: NVIC
2025-12-31 11:12:56,728 [INFO] BlockDiagram:2759 - set Specific Code input for plugin: USART
2025-12-31 11:12:56,728 [INFO] BlockDiagram:2759 - set Specific Code input for plugin: DMA
2025-12-31 11:12:56,728 [INFO] BlockDiagram:2759 - set Specific Code input for plugin: GPIO
2025-12-31 11:12:56,729 [INFO] BlockDiagram:2759 - set Specific Code input for plugin: FATFS
2025-12-31 11:12:56,730 [INFO] CodeGenerator:799 - code generatio: config db path: C:\ST\STM32CubeIDE_1.13.0\STM32CubeIDE\plugins\com.st.stm32cube.common.mx_6.9.0.202307051724\\db\
2025-12-31 11:12:56,743 [WARN] IP:2114 - I2C_Coeff_DF not found: check if there is a RefParameter without a condition.
2025-12-31 11:12:56,743 [WARN] IP:2114 - Analog_Filter not found: check if there is a RefParameter without a condition.
2025-12-31 11:12:57,062 [INFO] CodeEngine:255 - oldGeneratedFile, C:\programing\Embedded\projects_stm32\MeteoStation\MeteoStation\MXTmpFiles\license.tmp_save
2025-12-31 11:12:57,376 [INFO] CodeEngine:279 - Generated code: C:\programing\Embedded\projects_stm32\MeteoStation\MeteoStation\MXTmpFiles\license.tmp
2025-12-31 11:12:57,455 [INFO] CodeEngine:255 - oldGeneratedFile, C:\programing\Embedded\projects_stm32\MeteoStation\MeteoStation\MXTmpFiles\gpio.tmp_save
2025-12-31 11:12:57,583 [INFO] CodeEngine:279 - Generated code: C:\programing\Embedded\projects_stm32\MeteoStation\MeteoStation\MXTmpFiles\gpio.tmp
2025-12-31 11:12:58,253 [INFO] CodeEngine:255 - oldGeneratedFile, C:\programing\Embedded\projects_stm32\MeteoStation\MeteoStation\MXTmpFiles\fatfs_HalInit.tmp_save
2025-12-31 11:12:58,355 [INFO] CodeEngine:279 - Generated code: C:\programing\Embedded\projects_stm32\MeteoStation\MeteoStation\MXTmpFiles\fatfs_HalInit.tmp
2025-12-31 11:12:58,369 [INFO] CodeEngine:255 - oldGeneratedFile, C:\programing\Embedded\projects_stm32\MeteoStation\MeteoStation\MXTmpFiles\fatfs_vars.tmp_save
2025-12-31 11:12:58,439 [INFO] CodeEngine:279 - Generated code: C:\programing\Embedded\projects_stm32\MeteoStation\MeteoStation\MXTmpFiles\fatfs_vars.tmp
2025-12-31 11:12:58,456 [INFO] CodeEngine:255 - oldGeneratedFile, C:\programing\Embedded\projects_stm32\MeteoStation\MeteoStation\MXTmpFiles\fatfs_ext_vars.tmp_save
2025-12-31 11:12:58,527 [INFO] CodeEngine:279 - Generated code: C:\programing\Embedded\projects_stm32\MeteoStation\MeteoStation\MXTmpFiles\fatfs_ext_vars.tmp
2025-12-31 11:12:58,540 [INFO] CodeEngine:255 - oldGeneratedFile, C:\programing\Embedded\projects_stm32\MeteoStation\MeteoStation\MXTmpFiles\fatfs_inc.tmp_save
2025-12-31 11:12:58,598 [INFO] CodeEngine:279 - Generated code: C:\programing\Embedded\projects_stm32\MeteoStation\MeteoStation\MXTmpFiles\fatfs_inc.tmp
2025-12-31 11:12:58,635 [INFO] CodeEngine:255 - oldGeneratedFile, C:\programing\Embedded\projects_stm32\MeteoStation\MeteoStation\MXTmpFiles\dma.tmp_save
2025-12-31 11:12:58,710 [INFO] CodeEngine:279 - Generated code: C:\programing\Embedded\projects_stm32\MeteoStation\MeteoStation\MXTmpFiles\dma.tmp
2025-12-31 11:12:58,721 [INFO] CodeEngine:255 - oldGeneratedFile, C:\programing\Embedded\projects_stm32\MeteoStation\MeteoStation\MXTmpFiles\dma_GV.tmp_save
2025-12-31 11:12:58,781 [INFO] CodeEngine:279 - Generated code: C:\programing\Embedded\projects_stm32\MeteoStation\MeteoStation\MXTmpFiles\dma_GV.tmp
2025-12-31 11:12:58,790 [INFO] CodeEngine:255 - oldGeneratedFile, C:\programing\Embedded\projects_stm32\MeteoStation\MeteoStation\MXTmpFiles\fatfs_HalInit.tmp_save
2025-12-31 11:12:58,843 [INFO] CodeEngine:279 - Generated code: C:\programing\Embedded\projects_stm32\MeteoStation\MeteoStation\MXTmpFiles\fatfs_HalInit.tmp
2025-12-31 11:12:58,846 [INFO] CodeEngine:255 - oldGeneratedFile, C:\programing\Embedded\projects_stm32\MeteoStation\MeteoStation\MXTmpFiles\fatfs_vars.tmp_save
2025-12-31 11:12:58,888 [INFO] CodeEngine:279 - Generated code: C:\programing\Embedded\projects_stm32\MeteoStation\MeteoStation\MXTmpFiles\fatfs_vars.tmp
2025-12-31 11:12:58,891 [INFO] CodeEngine:255 - oldGeneratedFile, C:\programing\Embedded\projects_stm32\MeteoStation\MeteoStation\MXTmpFiles\fatfs_ext_vars.tmp_save
2025-12-31 11:12:58,929 [INFO] CodeEngine:279 - Generated code: C:\programing\Embedded\projects_stm32\MeteoStation\MeteoStation\MXTmpFiles\fatfs_ext_vars.tmp
2025-12-31 11:12:58,933 [INFO] CodeEngine:255 - oldGeneratedFile, C:\programing\Embedded\projects_stm32\MeteoStation\MeteoStation\MXTmpFiles\fatfs_inc.tmp_save
2025-12-31 11:12:58,972 [INFO] CodeEngine:279 - Generated code: C:\programing\Embedded\projects_stm32\MeteoStation\MeteoStation\MXTmpFiles\fatfs_inc.tmp
2025-12-31 11:12:58,998 [INFO] CodeEngine:255 - oldGeneratedFile, C:\programing\Embedded\projects_stm32\MeteoStation\MeteoStation\FATFS\Target\ffconf.h_save
2025-12-31 11:12:59,098 [INFO] CodeEngine:279 - Generated code: C:\programing\Embedded\projects_stm32\MeteoStation\MeteoStation\FATFS\Target\ffconf.h
2025-12-31 11:12:59,123 [INFO] CodeEngine:255 - oldGeneratedFile, C:\programing\Embedded\projects_stm32\MeteoStation\MeteoStation\FATFS\Target\bsp_driver_sd.c_save
2025-12-31 11:12:59,196 [INFO] CodeEngine:279 - Generated code: C:\programing\Embedded\projects_stm32\MeteoStation\MeteoStation\FATFS\Target\bsp_driver_sd.c
2025-12-31 11:12:59,220 [INFO] CodeEngine:255 - oldGeneratedFile, C:\programing\Embedded\projects_stm32\MeteoStation\MeteoStation\FATFS\Target\bsp_driver_sd.h_save
2025-12-31 11:12:59,277 [INFO] CodeEngine:279 - Generated code: C:\programing\Embedded\projects_stm32\MeteoStation\MeteoStation\FATFS\Target\bsp_driver_sd.h
2025-12-31 11:12:59,297 [INFO] CodeEngine:255 - oldGeneratedFile, C:\programing\Embedded\projects_stm32\MeteoStation\MeteoStation\FATFS\Target\sd_diskio.h_save
2025-12-31 11:12:59,351 [INFO] CodeEngine:279 - Generated code: C:\programing\Embedded\projects_stm32\MeteoStation\MeteoStation\FATFS\Target\sd_diskio.h
2025-12-31 11:12:59,373 [INFO] CodeEngine:255 - oldGeneratedFile, C:\programing\Embedded\projects_stm32\MeteoStation\MeteoStation\FATFS\Target\sd_diskio.c_save
2025-12-31 11:12:59,455 [INFO] CodeEngine:279 - Generated code: C:\programing\Embedded\projects_stm32\MeteoStation\MeteoStation\FATFS\Target\sd_diskio.c
2025-12-31 11:12:59,478 [INFO] CodeEngine:255 - oldGeneratedFile, C:\programing\Embedded\projects_stm32\MeteoStation\MeteoStation\FATFS\App\fatfs.c_save
2025-12-31 11:12:59,539 [INFO] CodeEngine:279 - Generated code: C:\programing\Embedded\projects_stm32\MeteoStation\MeteoStation\FATFS\App\fatfs.c
2025-12-31 11:12:59,559 [INFO] CodeEngine:255 - oldGeneratedFile, C:\programing\Embedded\projects_stm32\MeteoStation\MeteoStation\FATFS\App\fatfs.h_save
2025-12-31 11:12:59,622 [INFO] CodeEngine:279 - Generated code: C:\programing\Embedded\projects_stm32\MeteoStation\MeteoStation\FATFS\App\fatfs.h
2025-12-31 11:12:59,641 [INFO] CodeEngine:255 - oldGeneratedFile, C:\programing\Embedded\projects_stm32\MeteoStation\MeteoStation\FATFS\Target\fatfs_platform.c_save
2025-12-31 11:12:59,696 [INFO] CodeEngine:279 - Generated code: C:\programing\Embedded\projects_stm32\MeteoStation\MeteoStation\FATFS\Target\fatfs_platform.c
2025-12-31 11:12:59,717 [INFO] CodeEngine:255 - oldGeneratedFile, C:\programing\Embedded\projects_stm32\MeteoStation\MeteoStation\FATFS\Target\fatfs_platform.h_save
2025-12-31 11:12:59,770 [INFO] CodeEngine:279 - Generated code: C:\programing\Embedded\projects_stm32\MeteoStation\MeteoStation\FATFS\Target\fatfs_platform.h
2025-12-31 11:12:59,800 [INFO] CodeEngine:255 - oldGeneratedFile, C:\programing\Embedded\projects_stm32\MeteoStation\MeteoStation\Core\Src\stm32f4xx_it.c_save
2025-12-31 11:12:59,880 [INFO] CodeEngine:279 - Generated code: C:\programing\Embedded\projects_stm32\MeteoStation\MeteoStation\Core\Src\stm32f4xx_it.c
2025-12-31 11:12:59,903 [INFO] CodeEngine:255 - oldGeneratedFile, C:\programing\Embedded\projects_stm32\MeteoStation\MeteoStation\Core\Inc\stm32f4xx_it.h_save
2025-12-31 11:12:59,960 [INFO] CodeEngine:279 - Generated code: C:\programing\Embedded\projects_stm32\MeteoStation\MeteoStation\Core\Inc\stm32f4xx_it.h
2025-12-31 11:12:59,990 [INFO] CodeEngine:255 - oldGeneratedFile, C:\programing\Embedded\projects_stm32\MeteoStation\MeteoStation\Core\Src\stm32f4xx_hal_msp.c_save
2025-12-31 11:13:00,113 [INFO] CodeEngine:279 - Generated code: C:\programing\Embedded\projects_stm32\MeteoStation\MeteoStation\Core\Src\stm32f4xx_hal_msp.c
2025-12-31 11:13:00,133 [INFO] CodeEngine:255 - oldGeneratedFile, C:\programing\Embedded\projects_stm32\MeteoStation\MeteoStation\MXTmpFiles\system.tmp_save
2025-12-31 11:13:00,185 [INFO] CodeEngine:279 - Generated code: C:\programing\Embedded\projects_stm32\MeteoStation\MeteoStation\MXTmpFiles\system.tmp
2025-12-31 11:13:00,212 [INFO] CodeEngine:255 - oldGeneratedFile, C:\programing\Embedded\projects_stm32\MeteoStation\MeteoStation\Core\Src\stm32f4xx_hal_timebase_tim.c_save
2025-12-31 11:13:00,289 [INFO] CodeEngine:279 - Generated code: C:\programing\Embedded\projects_stm32\MeteoStation\MeteoStation\Core\Src\stm32f4xx_hal_timebase_tim.c
2025-12-31 11:13:00,316 [INFO] CodeEngine:311 - oldGeneratedFile, C:\programing\Embedded\projects_stm32\MeteoStation\MeteoStation\Core\Inc\stm32f4xx_hal_conf.h_save
2025-12-31 11:13:00,403 [INFO] CodeEngine:335 - Generated code: C:\programing\Embedded\projects_stm32\MeteoStation\MeteoStation\Core\Inc\stm32f4xx_hal_conf.h
2025-12-31 11:13:00,452 [WARN] IPConfigManager:3431 - IP not found : TIM
2025-12-31 11:13:00,453 [WARN] CodeGenerator:3760 - IP not found : null
2025-12-31 11:13:00,483 [INFO] CodeEngine:255 - oldGeneratedFile, C:\programing\Embedded\projects_stm32\MeteoStation\MeteoStation\Core\Inc\main.h_save
2025-12-31 11:13:00,587 [INFO] CodeEngine:279 - Generated code: C:\programing\Embedded\projects_stm32\MeteoStation\MeteoStation\Core\Inc\main.h
2025-12-31 11:13:00,619 [INFO] CodeEngine:255 - oldGeneratedFile, C:\programing\Embedded\projects_stm32\MeteoStation\MeteoStation\Core\Src\main.c_save
2025-12-31 11:13:00,809 [INFO] CodeEngine:279 - Generated code: C:\programing\Embedded\projects_stm32\MeteoStation\MeteoStation\Core\Src\main.c
2025-12-31 11:13:01,267 [INFO] ProjectBuilder:3064 - Time for Copy HAL[1] : 217mS.
2025-12-31 11:13:01,276 [INFO] ProjectBuilder:4404 - Project Generator version: 4.1.0
2025-12-31 11:13:01,450 [INFO] ConfigFileManager:1457 - The Die is : DIE413
2025-12-31 11:13:01,467 [INFO] ApiDbMcu:507 - Load IP Config File for FREERTOS
2025-12-31 11:13:01,480 [INFO] ApiDbMcu:507 - Load IP Config File for LIBJPEG
2025-12-31 11:13:01,494 [INFO] ApiDbMcu:507 - Load IP Config File for LWIP
2025-12-31 11:13:01,520 [INFO] ApiDbMcu:507 - Load IP Config File for MBEDTLS
2025-12-31 11:13:01,534 [INFO] ApiDbMcu:507 - Load IP Config File for USB_DEVICE
2025-12-31 11:13:01,551 [INFO] ApiDbMcu:507 - Load IP Config File for USB_HOST
2025-12-31 11:13:02,430 [INFO] LogOutputStream:77 - [STDOUT_REDIRECT] 
2025-12-31 11:13:04,087 [INFO] ProjectBuilder:4626 - Time for Generating toolchain IDE Files: 2811mS.
2025-12-31 11:13:04,088 [INFO] ProjectBuilder:2935 - Time for Copy CMSIS : 1mS.
2025-12-31 11:13:04,090 [INFO] ProjectBuilder:2935 - Time for Copy CMSIS : 0mS.
2025-12-31 12:11:42,400 [INFO] NvicIntPanel:101 - NVIC parent = com.st.microxplorer.plugins.ip.nvic.MultiNvicIntPanel[,0,0,0x0,invalid,layout=javax.swing.BoxLayout,alignmentX=0.0,alignmentY=0.0,border=,flags=9,maximumSize=,minimumSize=,preferredSize=]
