2025-12-06 21:00:18,220 [INFO] Activator:176 - 


2025-12-06 21:00:18,225 [INFO] Activator:177 - !SESSION log4j initialized
2025-12-06 21:00:24,263 [INFO] LogOutputStream:77 - [STDOUT_REDIRECT] 
2025-12-06 21:00:26,221 [INFO] ApplicationProperties:184 - Using Application install path: C:\ST\STM32CubeIDE_1.13.0\STM32CubeIDE\plugins\com.st.stm32cube.common.mx_6.9.0.202307051724
2025-12-06 21:00:26,234 [INFO] DbMcusXml:78 - Set database path to: C:\ST\STM32CubeIDE_1.13.0\STM32CubeIDE\plugins\com.st.stm32cube.common.mx_6.9.0.202307051724\\db\/mcu/
2025-12-06 21:00:26,234 [INFO] ApiDb:274 - Set plugin database path to: C:\ST\STM32CubeIDE_1.13.0\STM32CubeIDE\plugins\com.st.stm32cube.common.mx_6.9.0.202307051724\\db\/plugins/boardmanager/
2025-12-06 21:00:26,235 [WARN] ApiDb:259 - Overriding images path with different value:  => C:\ST\STM32CubeIDE_1.13.0\STM32CubeIDE\plugins\com.st.stm32cube.common.mx_6.9.0.202307051724\\db\/plugins/mcufinder/images/
2025-12-06 21:00:26,243 [INFO] ApiDb:250 - Set database path to: C:\Users\bogda\.stmcufinder\plugins\mcufinder//mcu/
2025-12-06 21:00:26,243 [INFO] DbMcusAds:125 - Set database path to: C:\Users\bogda\.stmcufinder\plugins\mcufinder//mcu/
2025-12-06 21:00:26,244 [INFO] CrossReferenceDbSqlite:203 - Set database path to: C:\Users\bogda\.stmcufinder\plugins\mcufinder//mcu/cs/
2025-12-06 21:00:26,324 [INFO] RulesReader:64 - Compatibility file has been processed (293 Rules)
2025-12-06 21:00:26,380 [INFO] DbMcusXml:78 - Set database path to: C:\ST\STM32CubeIDE_1.13.0\STM32CubeIDE\plugins\com.st.stm32cube.common.mx_6.9.0.202307051724\\db\/mcu/
2025-12-06 21:00:26,380 [INFO] ApiDb:274 - Set plugin database path to: C:\ST\STM32CubeIDE_1.13.0\STM32CubeIDE\plugins\com.st.stm32cube.common.mx_6.9.0.202307051724\\db\/plugins/boardmanager/
2025-12-06 21:00:26,380 [INFO] ApiDb:261 - Set plugin images path to: C:\ST\STM32CubeIDE_1.13.0\STM32CubeIDE\plugins\com.st.stm32cube.common.mx_6.9.0.202307051724\\db\/plugins/mcufinder/images/
2025-12-06 21:00:26,380 [WARN] DbFile:41 - Overriding database path with different value: C:\Users\bogda\.stmcufinder\plugins\mcufinder/ => C:\Users\bogda\.stmcufinder\plugins\mcufinder
2025-12-06 21:00:26,381 [INFO] ApiDb:250 - Set database path to: C:\Users\bogda\.stmcufinder\plugins\mcufinder//mcu/
2025-12-06 21:00:26,381 [WARN] DbFile:41 - Overriding database path with different value: C:\Users\bogda\.stmcufinder\plugins\mcufinder/ => C:\Users\bogda\.stmcufinder\plugins\mcufinder
2025-12-06 21:00:26,381 [INFO] DbMcusAds:125 - Set database path to: C:\Users\bogda\.stmcufinder\plugins\mcufinder//mcu/
2025-12-06 21:00:26,381 [WARN] DbFile:41 - Overriding database path with different value: C:\Users\bogda\.stmcufinder\plugins\mcufinder/ => C:\Users\bogda\.stmcufinder\plugins\mcufinder
2025-12-06 21:00:26,381 [WARN] DbFile:41 - Overriding database path with different value: C:\Users\bogda\.stmcufinder\plugins\mcufinder/ => C:\Users\bogda\.stmcufinder\plugins\mcufinder
2025-12-06 21:00:26,381 [INFO] CrossReferenceDbSqlite:203 - Set database path to: C:\Users\bogda\.stmcufinder\plugins\mcufinder//mcu/cs/
2025-12-06 21:00:26,440 [INFO] MainPanel:262 - HeapMemory: 268435456
2025-12-06 21:00:26,503 [INFO] DbMcusXml:78 - Set database path to: C:\ST\STM32CubeIDE_1.13.0\STM32CubeIDE\plugins\com.st.stm32cube.common.mx_6.9.0.202307051724\\db\/mcu/
2025-12-06 21:00:26,503 [INFO] ApiDb:274 - Set plugin database path to: C:\ST\STM32CubeIDE_1.13.0\STM32CubeIDE\plugins\com.st.stm32cube.common.mx_6.9.0.202307051724\\db\/plugins/boardmanager/
2025-12-06 21:00:26,503 [INFO] ApiDb:261 - Set plugin images path to: C:\ST\STM32CubeIDE_1.13.0\STM32CubeIDE\plugins\com.st.stm32cube.common.mx_6.9.0.202307051724\\db\/plugins/mcufinder/images/
2025-12-06 21:00:26,503 [WARN] DbFile:41 - Overriding database path with different value: C:\Users\bogda\.stmcufinder\plugins\mcufinder/ => C:\Users\bogda\.stmcufinder\plugins\mcufinder
2025-12-06 21:00:26,503 [INFO] ApiDb:250 - Set database path to: C:\Users\bogda\.stmcufinder\plugins\mcufinder//mcu/
2025-12-06 21:00:26,503 [WARN] DbFile:41 - Overriding database path with different value: C:\Users\bogda\.stmcufinder\plugins\mcufinder/ => C:\Users\bogda\.stmcufinder\plugins\mcufinder
2025-12-06 21:00:26,503 [INFO] DbMcusAds:125 - Set database path to: C:\Users\bogda\.stmcufinder\plugins\mcufinder//mcu/
2025-12-06 21:00:26,503 [WARN] DbFile:41 - Overriding database path with different value: C:\Users\bogda\.stmcufinder\plugins\mcufinder/ => C:\Users\bogda\.stmcufinder\plugins\mcufinder
2025-12-06 21:00:26,503 [WARN] DbFile:41 - Overriding database path with different value: C:\Users\bogda\.stmcufinder\plugins\mcufinder/ => C:\Users\bogda\.stmcufinder\plugins\mcufinder
2025-12-06 21:00:26,503 [INFO] CrossReferenceDbSqlite:203 - Set database path to: C:\Users\bogda\.stmcufinder\plugins\mcufinder//mcu/cs/
2025-12-06 21:00:26,516 [INFO] ApplicationProperties:184 - Using Application install path: C:\ST\STM32CubeIDE_1.13.0\STM32CubeIDE\plugins\com.st.stm32cube.common.mx_6.9.0.202307051724
2025-12-06 21:00:26,517 [INFO] PluginManage:196 - Search for loadable plugins [exclusion list=, ]
2025-12-06 21:00:26,518 [INFO] PluginManage:310 - Check plugin analytics
2025-12-06 21:00:26,640 [INFO] AnalyticsPlugin:253 - Accepted Software Licenses: 
2025-12-06 21:00:26,640 [INFO] AnalyticsPlugin:255 - Accepted CMSIS Pack Licenses: 
2025-12-06 21:00:26,641 [INFO] AnalyticsPlugin:257 - Accepted Firmware Licenses: FW.F4.1.27.0,FW.H7.1.11.0
2025-12-06 21:00:26,644 [INFO] PluginManage:359 - Loaded plugin analytics (category:tool,tabindex:-1)
2025-12-06 21:00:26,645 [INFO] PluginManage:310 - Check plugin cadmodel
2025-12-06 21:00:26,663 [INFO] CADModel:105 - Init CAD model plugin
2025-12-06 21:00:26,663 [INFO] PluginManage:359 - Loaded plugin cadmodel (category:power,tabindex:5)
2025-12-06 21:00:26,663 [INFO] PluginManage:310 - Check plugin clock
2025-12-06 21:00:26,683 [INFO] PluginManage:359 - Loaded plugin clock (category:base,tabindex:2)
2025-12-06 21:00:26,683 [INFO] PluginManage:310 - Check plugin ddr
2025-12-06 21:00:26,685 [INFO] PluginManage:359 - Loaded plugin ddr (category:tool,tabindex:6)
2025-12-06 21:00:26,685 [INFO] PluginManage:310 - Check plugin filemanager
2025-12-06 21:00:26,780 [INFO] PluginManage:359 - Loaded plugin filemanager (category:base,tabindex:10)
2025-12-06 21:00:26,780 [INFO] PluginManage:310 - Check plugin ipmanager
2025-12-06 21:00:26,785 [INFO] PluginManage:359 - Loaded plugin ipmanager (category:base,tabindex:5)
2025-12-06 21:00:26,785 [INFO] PluginManage:310 - Check plugin lpbam
2025-12-06 21:00:26,799 [INFO] PluginManage:359 - Loaded plugin lpbam (category:base,tabindex:0)
2025-12-06 21:00:26,799 [INFO] PluginManage:310 - Check plugin memorymap
2025-12-06 21:00:26,821 [INFO] PluginManage:359 - Loaded plugin memorymap (category:base,tabindex:4)
2025-12-06 21:00:26,821 [INFO] PluginManage:310 - Check plugin pinoutandconfiguration
2025-12-06 21:00:26,837 [INFO] PluginManage:359 - Loaded plugin pinoutandconfiguration (category:base,tabindex:1)
2025-12-06 21:00:26,837 [INFO] PluginManage:310 - Check plugin pinoutconfig
2025-12-06 21:00:26,912 [WARN] SupportedApi:132 - Cannot load RTOS API schema: s4s-elt-must-match.1: The content of 'definitions' must match (annotation?, (simpleType | complexType)?, (unique | key | keyref)*)). A problem was found starting at: attribute.
2025-12-06 21:00:27,013 [INFO] PluginManage:359 - Loaded plugin pinoutconfig (category:base,tabindex:0)
2025-12-06 21:00:27,013 [INFO] PluginManage:310 - Check plugin power
2025-12-06 21:00:27,031 [INFO] PluginManage:359 - Loaded plugin power (category:power,tabindex:4)
2025-12-06 21:00:27,031 [INFO] PluginManage:310 - Check plugin projectmanager
2025-12-06 21:00:27,042 [INFO] PluginManage:359 - Loaded plugin projectmanager (category:projectmanager,tabindex:3)
2025-12-06 21:00:27,042 [INFO] PluginManage:310 - Check plugin thirdparty
2025-12-06 21:00:27,287 [INFO] PluginManage:359 - Loaded plugin thirdparty (category:base,tabindex:-1)
2025-12-06 21:00:27,287 [WARN] IntegrityCheckThread:84 - waiting for thirdparty lock release [integrity check]
2025-12-06 21:00:27,287 [INFO] PluginManage:310 - Check plugin tools
2025-12-06 21:00:27,287 [INFO] IntegrityCheckThread:86 - entering critical section [integrity check]
2025-12-06 21:00:27,288 [INFO] ThirdPartyUpdaterWithRetryManager:70 - Updater plugin not ready yet. [1/15]
2025-12-06 21:00:27,321 [INFO] PluginManage:359 - Loaded plugin tools (category:base,tabindex:7)
2025-12-06 21:00:27,321 [INFO] PluginManage:310 - Check plugin tutovideos
2025-12-06 21:00:27,486 [INFO] PluginManage:359 - Loaded plugin tutovideos (category:base,tabindex:-1)
2025-12-06 21:00:27,486 [INFO] PluginManage:310 - Check plugin updater
2025-12-06 21:00:27,492 [INFO] PluginManage:359 - Loaded plugin updater (category:base,tabindex:12)
2025-12-06 21:00:27,492 [INFO] PluginManage:310 - Check plugin userauth
2025-12-06 21:00:27,496 [INFO] UserAuth:113 - Init User Auth plugin
2025-12-06 21:00:27,496 [INFO] PluginManage:359 - Loaded plugin userauth (category:base,tabindex:14)
2025-12-06 21:00:27,496 [INFO] PluginManage:283 - PluginManage : Loaded plugins [17]
2025-12-06 21:00:27,662 [INFO] PinOutPanel:1499 - setPackage(No Configuration,No Configuration)
2025-12-06 21:00:27,761 [INFO] CADModel:165 - CPN selected for project level
2025-12-06 21:00:27,761 [INFO] CADModel:114 - Register for checkConnection events
2025-12-06 21:00:27,784 [INFO] IPUIPlugin:80 - create IPUIPlugin
2025-12-06 21:00:27,784 [INFO] PluginManager:220 - loadIPPluginJar : add adc
2025-12-06 21:00:27,815 [INFO] IPUIPlugin:80 - create IPUIPlugin
2025-12-06 21:00:27,815 [INFO] PluginManager:220 - loadIPPluginJar : add aes
2025-12-06 21:00:27,851 [INFO] IPUIPlugin:80 - create IPUIPlugin
2025-12-06 21:00:27,851 [INFO] PluginManager:220 - loadIPPluginJar : add can
2025-12-06 21:00:27,875 [INFO] IPUIPlugin:80 - create IPUIPlugin
2025-12-06 21:00:27,876 [INFO] PluginManager:220 - loadIPPluginJar : add comp
2025-12-06 21:00:27,909 [INFO] IPUIPlugin:80 - create IPUIPlugin
2025-12-06 21:00:27,909 [INFO] PluginManager:220 - loadIPPluginJar : add cryp
2025-12-06 21:00:27,938 [INFO] IPUIPlugin:80 - create IPUIPlugin
2025-12-06 21:00:27,938 [INFO] PluginManager:220 - loadIPPluginJar : add dfsdm
2025-12-06 21:00:27,950 [INFO] IPUIPlugin:80 - create IPUIPlugin
2025-12-06 21:00:27,951 [INFO] PluginManager:220 - loadIPPluginJar : add dma
2025-12-06 21:00:27,991 [INFO] IPUIPlugin:80 - create IPUIPlugin
2025-12-06 21:00:27,991 [INFO] PluginManager:220 - loadIPPluginJar : add dma3
2025-12-06 21:00:28,010 [INFO] IPUIPlugin:80 - create IPUIPlugin
2025-12-06 21:00:28,010 [INFO] PluginManager:220 - loadIPPluginJar : add fatfs
2025-12-06 21:00:28,061 [INFO] IPUIPlugin:80 - create IPUIPlugin
2025-12-06 21:00:28,061 [INFO] PluginManager:220 - loadIPPluginJar : add fmc
2025-12-06 21:00:28,078 [INFO] IPUIPlugin:80 - create IPUIPlugin
2025-12-06 21:00:28,078 [INFO] PluginManager:220 - loadIPPluginJar : add freertos
2025-12-06 21:00:28,109 [INFO] IPUIPlugin:80 - create IPUIPlugin
2025-12-06 21:00:28,110 [INFO] PluginManager:220 - loadIPPluginJar : add genericplugin
2025-12-06 21:00:28,217 [INFO] IPUIPlugin:80 - create IPUIPlugin
2025-12-06 21:00:28,217 [INFO] PluginManager:220 - loadIPPluginJar : add gfxmmu
2025-12-06 21:00:28,364 [INFO] IPUIPlugin:80 - create IPUIPlugin
2025-12-06 21:00:28,364 [INFO] PluginManager:220 - loadIPPluginJar : add gic
2025-12-06 21:00:28,377 [INFO] IPUIPlugin:80 - create IPUIPlugin
2025-12-06 21:00:28,377 [INFO] PluginManager:220 - loadIPPluginJar : add gpio
2025-12-06 21:00:28,458 [INFO] IPUIPlugin:80 - create IPUIPlugin
2025-12-06 21:00:28,458 [INFO] PluginManager:220 - loadIPPluginJar : add gtzc
2025-12-06 21:00:28,490 [INFO] IPUIPlugin:80 - create IPUIPlugin
2025-12-06 21:00:28,490 [INFO] PluginManager:220 - loadIPPluginJar : add hash
2025-12-06 21:00:28,543 [INFO] IPUIPlugin:80 - create IPUIPlugin
2025-12-06 21:00:28,543 [INFO] PluginManager:220 - loadIPPluginJar : add i2c
2025-12-06 21:00:28,583 [INFO] IPUIPlugin:80 - create IPUIPlugin
2025-12-06 21:00:28,583 [INFO] PluginManager:220 - loadIPPluginJar : add i2s
2025-12-06 21:00:28,619 [INFO] IPUIPlugin:80 - create IPUIPlugin
2025-12-06 21:00:28,619 [INFO] PluginManager:220 - loadIPPluginJar : add i3c
2025-12-06 21:00:28,703 [INFO] IPUIPlugin:80 - create IPUIPlugin
2025-12-06 21:00:28,703 [INFO] PluginManager:220 - loadIPPluginJar : add ipddr
2025-12-06 21:00:28,786 [INFO] IPUIPlugin:80 - create IPUIPlugin
2025-12-06 21:00:28,786 [INFO] PluginManager:220 - loadIPPluginJar : add linkedlist
2025-12-06 21:00:28,819 [INFO] IPUIPlugin:80 - create IPUIPlugin
2025-12-06 21:00:28,819 [INFO] PluginManager:220 - loadIPPluginJar : add lorawan
2025-12-06 21:00:28,852 [INFO] IPUIPlugin:80 - create IPUIPlugin
2025-12-06 21:00:28,853 [INFO] PluginManager:220 - loadIPPluginJar : add ltdc
2025-12-06 21:00:28,866 [INFO] IPUIPlugin:80 - create IPUIPlugin
2025-12-06 21:00:28,867 [INFO] PluginManager:220 - loadIPPluginJar : add mdma
2025-12-06 21:00:28,878 [INFO] IPUIPlugin:80 - create IPUIPlugin
2025-12-06 21:00:28,878 [INFO] PluginManager:220 - loadIPPluginJar : add nvic
2025-12-06 21:00:28,912 [INFO] IPUIPlugin:80 - create IPUIPlugin
2025-12-06 21:00:28,912 [INFO] PluginManager:220 - loadIPPluginJar : add opamp
2025-12-06 21:00:28,973 [INFO] IPUIPlugin:80 - create IPUIPlugin
2025-12-06 21:00:28,973 [INFO] PluginManager:220 - loadIPPluginJar : add openamp
2025-12-06 21:00:29,015 [INFO] IPUIPlugin:80 - create IPUIPlugin
2025-12-06 21:00:29,015 [INFO] PluginManager:220 - loadIPPluginJar : add pdm2pcm
2025-12-06 21:00:29,029 [INFO] IPUIPlugin:80 - create IPUIPlugin
2025-12-06 21:00:29,030 [INFO] PluginManager:220 - loadIPPluginJar : add plateformsettings
2025-12-06 21:00:29,057 [INFO] IPUIPlugin:80 - create IPUIPlugin
2025-12-06 21:00:29,057 [INFO] PluginManager:220 - loadIPPluginJar : add quadspi
2025-12-06 21:00:29,068 [INFO] IPUIPlugin:80 - create IPUIPlugin
2025-12-06 21:00:29,068 [INFO] PluginManager:220 - loadIPPluginJar : add resmgrutility
2025-12-06 21:00:29,111 [INFO] IPUIPlugin:80 - create IPUIPlugin
2025-12-06 21:00:29,111 [INFO] PluginManager:220 - loadIPPluginJar : add sai
2025-12-06 21:00:29,143 [INFO] IPUIPlugin:80 - create IPUIPlugin
2025-12-06 21:00:29,143 [INFO] PluginManager:220 - loadIPPluginJar : add spi
2025-12-06 21:00:29,192 [INFO] IPUIPlugin:80 - create IPUIPlugin
2025-12-06 21:00:29,192 [INFO] PluginManager:220 - loadIPPluginJar : add stm32_wpan
2025-12-06 21:00:29,213 [INFO] IPUIPlugin:80 - create IPUIPlugin
2025-12-06 21:00:29,213 [INFO] PluginManager:220 - loadIPPluginJar : add tim
2025-12-06 21:00:29,260 [INFO] IPUIPlugin:80 - create IPUIPlugin
2025-12-06 21:00:29,260 [INFO] PluginManager:220 - loadIPPluginJar : add touchsensing
2025-12-06 21:00:29,283 [INFO] IPUIPlugin:80 - create IPUIPlugin
2025-12-06 21:00:29,283 [INFO] PluginManager:220 - loadIPPluginJar : add tracer_emb
2025-12-06 21:00:29,306 [INFO] IPUIPlugin:80 - create IPUIPlugin
2025-12-06 21:00:29,306 [INFO] PluginManager:220 - loadIPPluginJar : add ts
2025-12-06 21:00:29,328 [INFO] IPUIPlugin:80 - create IPUIPlugin
2025-12-06 21:00:29,328 [INFO] PluginManager:220 - loadIPPluginJar : add tsc
2025-12-06 21:00:29,348 [INFO] IPUIPlugin:80 - create IPUIPlugin
2025-12-06 21:00:29,348 [INFO] PluginManager:220 - loadIPPluginJar : add ucpd
2025-12-06 21:00:29,384 [INFO] IPUIPlugin:80 - create IPUIPlugin
2025-12-06 21:00:29,384 [INFO] PluginManager:220 - loadIPPluginJar : add usart
2025-12-06 21:00:29,421 [INFO] IPUIPlugin:80 - create IPUIPlugin
2025-12-06 21:00:29,421 [INFO] PluginManager:220 - loadIPPluginJar : add usbx
2025-12-06 21:00:29,527 [INFO] CADModel:165 - CPN selected for project level
2025-12-06 21:00:29,527 [INFO] CADModel:114 - Register for checkConnection events
2025-12-06 21:00:29,527 [FATAL] Updater:308 - Updater called before beeing initialized
2025-12-06 21:00:29,527 [ERROR] CADModel:125 - Updater not yet initialized, retry later 
2025-12-06 21:00:29,641 [INFO] CADModel:165 - CPN selected for project level
2025-12-06 21:00:29,641 [INFO] CADModel:114 - Register for checkConnection events
2025-12-06 21:00:29,641 [FATAL] Updater:308 - Updater called before beeing initialized
2025-12-06 21:00:29,641 [ERROR] CADModel:125 - Updater not yet initialized, retry later 
2025-12-06 21:00:29,644 [FATAL] Updater:308 - Updater called before beeing initialized
2025-12-06 21:00:29,711 [FATAL] Updater:308 - Updater called before beeing initialized
2025-12-06 21:00:29,723 [INFO] DbMcusAds:53 - JSON generation date=Tue Nov 25 16:08:32 EET 2025 (1764079712835)
2025-12-06 21:00:29,723 [FATAL] Updater:308 - Updater called before beeing initialized
2025-12-06 21:00:29,748 [WARN] DetailPanel:346 - Failed to get advertising image, set to default
2025-12-06 21:00:29,812 [FATAL] Updater:308 - Updater called before beeing initialized
2025-12-06 21:00:29,813 [FATAL] Updater:308 - Updater called before beeing initialized
2025-12-06 21:00:29,813 [FATAL] Updater:308 - Updater called before beeing initialized
2025-12-06 21:00:29,813 [WARN] DetailPanel:346 - Failed to get advertising image, set to default
2025-12-06 21:00:29,815 [FATAL] Updater:308 - Updater called before beeing initialized
2025-12-06 21:00:29,859 [ERROR] Updater:1120 - MainUpdater not yet initialized. External WinMGr cannot be set.
2025-12-06 21:00:29,870 [INFO] Updater:1056 - Updater Version found : 6.9.0
2025-12-06 21:00:29,882 [INFO] ApplicationProperties:184 - Using Application install path: C:\ST\STM32CubeIDE_1.13.0\STM32CubeIDE\plugins\com.st.stm32cube.common.mx_6.9.0.202307051724
2025-12-06 21:00:30,195 [INFO] MainUpdater:2868 - connection check result : 10
2025-12-06 21:00:30,196 [INFO] MainUpdater:285 - Updater Check For Update Now.
2025-12-06 21:00:30,196 [INFO] MicroXplorer:498 - Change Database Version : DB.6.0.90
2025-12-06 21:00:30,218 [INFO] McuFinderGlobals:63 - Set McuFinder mode to 2 (CubeIDE integrated)
2025-12-06 21:00:30,289 [WARN] MainUpdater:1189 - Updater busy. Cannot search thirdparties
2025-12-06 21:00:30,289 [INFO] ThirdPartyUpdaterWithRetryManager:96 - Updater plugin is busy. [1/15]
2025-12-06 21:00:30,392 [INFO] CheckServerUpdateThread:120 - End of CheckServer Thread
2025-12-06 21:00:33,396 [ERROR] Engine:466 - C:\Users\bogda\.stm32cubemx\thirdparties\pdsc\WES.I-CUBE-Cesium.1.4.0.pdsc: PDSC version is not supported
2025-12-06 21:00:33,409 [ERROR] Engine:466 - C:\Users\bogda\.stm32cubemx\thirdparties\pdsc\STMicroelectronics.X-CUBE-FREERTOS.1.4.0.pdsc: PDSC version is not supported
2025-12-06 21:00:33,513 [WARN] PackLoader:240 - Cannot read IP mode file for STMicroelectronics.X-CUBE-MEMS1.12.0.0
2025-12-06 21:00:33,614 [WARN] PackLoader:240 - Cannot read IP mode file for STMicroelectronics.X-CUBE-TOUCHGFX.4.26.0
2025-12-06 21:00:33,615 [INFO] ThirdParty:978 - Integrity check success = true
2025-12-06 21:00:33,615 [INFO] IntegrityCheckThread:100 - exiting critical section [integrity check]
2025-12-06 21:00:33,615 [INFO] IntegrityCheckThread:103 - End integrity checks thread
2025-12-06 21:00:52,321 [ERROR] LogOutputStream:75 - [STDERR_REDIRECT] SLF4J: Failed to load class "org.slf4j.impl.StaticLoggerBinder".
2025-12-06 21:00:52,321 [ERROR] LogOutputStream:75 - [STDERR_REDIRECT] SLF4J: Defaulting to no-operation (NOP) logger implementation
2025-12-06 21:00:52,321 [ERROR] LogOutputStream:75 - [STDERR_REDIRECT] SLF4J: See http://www.slf4j.org/codes.html#StaticLoggerBinder for further details.
2025-12-06 21:00:56,881 [INFO] McuFinderGlobals:63 - Set McuFinder mode to 2 (CubeIDE integrated)
2025-12-06 21:00:56,906 [INFO] MainUpdater:2868 - connection check result : 10
2025-12-06 21:00:56,913 [INFO] MainUpdater:2868 - connection check result : 10
2025-12-06 21:00:57,052 [INFO] MicroXplorer:468 - Change Database Path : 
2025-12-06 21:00:57,052 [INFO] MicroXplorer:498 - Change Database Version : DB.6.0.90
2025-12-06 21:00:57,054 [WARN] ThirdParty:871 - waiting for thirdparty lock release [close project]
2025-12-06 21:00:57,054 [INFO] ThirdParty:873 - entering critical section [close project]
2025-12-06 21:00:57,056 [INFO] ThirdParty:883 - exiting critical section [close project]
2025-12-06 21:00:57,056 [INFO] PinOutPanel:1499 - setPackage(No Configuration,No Configuration)
2025-12-06 21:00:57,061 [INFO] UtilMem:75 - Begin LoadConfig() Used Memory: 163314424 Bytes (268435456)
2025-12-06 21:00:57,062 [INFO] MicroXplorer:468 - Change Database Path : 
2025-12-06 21:00:57,062 [INFO] MicroXplorer:498 - Change Database Version : DB.6.0.90
2025-12-06 21:00:57,062 [INFO] OpenFileManager:308 - Change cursor
2025-12-06 21:00:57,101 [INFO] Mcu:1946 - Initializing MCU STM32F407V(E-G)Tx STM32F407VGTx STM32F407VGT6
2025-12-06 21:00:58,547 [INFO] Context:659 - Trying to add GPIOservice into a context  which must be forbidden
2025-12-06 21:00:59,091 [INFO] RtosManager:555 - Registered RTOS mode: class=CMSIS, group=RTOS, mode=CMSIS_V1, owner=FREERTOS
2025-12-06 21:00:59,091 [INFO] RtosManager:555 - Registered RTOS mode: class=CMSIS, group=RTOS2, mode=CMSIS_V2, owner=FREERTOS
2025-12-06 21:00:59,091 [INFO] RtosManager:555 - Registered RTOS mode: class=RTOS, group=Core, mode=CMSIS_V1, owner=FREERTOS
2025-12-06 21:00:59,091 [INFO] RtosManager:555 - Registered RTOS mode: class=RTOS, group=Core, mode=CMSIS_V2, owner=FREERTOS
2025-12-06 21:00:59,091 [WARN] ModelIntegratedComponent:184 - Missing modes for component STMicroelectronics:FreeRTOS:0.0.1:STMicroelectronics:RTOS:FreeRTOS:Core:::10.2.0:
2025-12-06 21:00:59,093 [WARN] ModelIntegratedComponent:63 - No mode defined for component null
2025-12-06 21:00:59,093 [WARN] ModelIntegratedComponent:63 - No mode defined for component null
2025-12-06 21:00:59,093 [WARN] ModelIntegratedComponent:63 - No mode defined for component null
2025-12-06 21:00:59,093 [WARN] ModelIntegratedComponent:63 - No mode defined for component null
2025-12-06 21:00:59,093 [WARN] ModelIntegratedComponent:63 - No mode defined for component null
2025-12-06 21:00:59,093 [WARN] ModelIntegratedComponent:63 - No mode defined for component null
2025-12-06 21:00:59,093 [WARN] ModelIntegratedComponent:63 - No mode defined for component null
2025-12-06 21:00:59,093 [WARN] ModelIntegratedComponent:63 - No mode defined for component null
2025-12-06 21:00:59,093 [WARN] ModelIntegratedComponent:63 - No mode defined for component null
2025-12-06 21:00:59,093 [WARN] ModelIntegratedComponent:63 - No mode defined for component null
2025-12-06 21:00:59,093 [WARN] ModelIntegratedComponent:63 - No mode defined for component null
2025-12-06 21:00:59,093 [WARN] ModelIntegratedComponent:63 - No mode defined for component null
2025-12-06 21:00:59,093 [WARN] ModelIntegratedComponent:63 - No mode defined for component null
2025-12-06 21:00:59,094 [WARN] ModelIntegratedComponent:63 - No mode defined for component null
2025-12-06 21:00:59,094 [WARN] ModelIntegratedComponent:63 - No mode defined for component null
2025-12-06 21:00:59,094 [WARN] ModelIntegratedComponent:63 - No mode defined for component null
2025-12-06 21:00:59,094 [WARN] ModelIntegratedComponent:63 - No mode defined for component null
2025-12-06 21:00:59,094 [WARN] ModelIntegratedComponent:63 - No mode defined for component null
2025-12-06 21:00:59,094 [WARN] ModelIntegratedComponent:63 - No mode defined for component null
2025-12-06 21:00:59,094 [WARN] ModelIntegratedComponent:63 - No mode defined for component null
2025-12-06 21:00:59,094 [WARN] ModelIntegratedComponent:63 - No mode defined for component null
2025-12-06 21:00:59,094 [WARN] ModelIntegratedComponent:63 - No mode defined for component null
2025-12-06 21:00:59,094 [WARN] ModelIntegratedComponent:63 - No mode defined for component null
2025-12-06 21:00:59,094 [WARN] ModelIntegratedComponent:63 - No mode defined for component null
2025-12-06 21:00:59,094 [WARN] ModelIntegratedComponent:63 - No mode defined for component null
2025-12-06 21:00:59,095 [WARN] ModelIntegratedComponent:63 - No mode defined for component null
2025-12-06 21:00:59,095 [WARN] ModelIntegratedComponent:63 - No mode defined for component null
2025-12-06 21:00:59,095 [WARN] ModelIntegratedComponent:63 - No mode defined for component null
2025-12-06 21:00:59,095 [WARN] ModelIntegratedComponent:63 - No mode defined for component null
2025-12-06 21:00:59,095 [WARN] ModelIntegratedComponent:63 - No mode defined for component null
2025-12-06 21:00:59,095 [WARN] ModelIntegratedComponent:63 - No mode defined for component null
2025-12-06 21:00:59,095 [WARN] ModelIntegratedComponent:63 - No mode defined for component null
2025-12-06 21:00:59,095 [WARN] ModelIntegratedComponent:63 - No mode defined for component null
2025-12-06 21:00:59,104 [INFO] ThirdPartyModel:298 - Start build external matchings
2025-12-06 21:00:59,137 [INFO] ThirdPartyModel:316 - End build external matchings
2025-12-06 21:00:59,146 [INFO] ImportTextPane:194 - (OptionalMessage_ERROR) IP (RCC) : Parameter (RTCHSEDivFreq_Value) has invalid value (4000000)
2025-12-06 21:00:59,442 [INFO] UtilMem:75 - End LoadConfig() Used Memory: 175652896 Bytes (478150656)
2025-12-06 21:00:59,568 [INFO] ApiDb:581 - Connected to CubeFinder SQLite database (C:\Users\bogda\.stmcufinder\plugins\mcufinder\mcu\cube-finder-db.db)
2025-12-06 21:00:59,633 [INFO] ApiDb:668 - CubeFinder database Data Model version=2.1
2025-12-06 21:00:59,633 [INFO] ApiDb:669 - CubeFinder database Configuration version=3.0.39
2025-12-06 21:00:59,634 [INFO] ApiDb:670 - CubeFinder database generation date=2025-11-05 (1762334721)
2025-12-06 21:00:59,634 [INFO] ApiDb:671 - CubeFinder database FW Pack versions=[FP-ATR-ASTRA1_V2.0.0, FP-SNS-FLIGHT1_V5.1.0, FP-SNS-MOTENV1_V5.1.0, FP-SNS-MOTENVWB1_V1.4.0, FP-SNS-SMARTAG2_V1.2.0, FP-SNS-STBOX1_V2.1.0, STM32Cube_FW_C0_V1.4.0, STM32Cube_FW_F4_V1.28.3, STM32Cube_FW_F7_V1.17.4, STM32Cube_FW_G0_V1.6.2, STM32Cube_FW_G4_V1.6.1, STM32Cube_FW_H5_V1.5.1, STM32Cube_FW_H7RS_V1.3.0, STM32Cube_FW_H7_V1.12.1, STM32Cube_FW_L0_V1.12.2, STM32Cube_FW_L4_V1.18.1, STM32Cube_FW_L5_V1.6.0, STM32Cube_FW_N6_V1.3.0, STM32Cube_FW_U0_V1.3.0, STM32Cube_FW_U3_V1.2.1, STM32Cube_FW_U5_V1.8.0, STM32Cube_FW_WB0_V1.4.0, STM32Cube_FW_WBA_V1.8.0, STM32Cube_FW_WB_V1.24.0, STM32Cube_FW_WL3_V1.3.0, STM32Cube_FW_WL_V1.4.0, X-CUBE-ALGOBUILD_V1.4.0, X-CUBE-ALS_V1.0.2, X-CUBE-AZRTOS-F4_V1.1.0, X-CUBE-AZRTOS-F7_V1.1.0, X-CUBE-AZRTOS-G0_V1.1.0, X-CUBE-AZRTOS-G4_V2.0.0, X-CUBE-AZRTOS-H7RS_V1.1.0, X-CUBE-AZRTOS-H7_V3.4.0, X-CUBE-AZRTOS-L4_V2.0.0, X-CUBE-AZRTOS-L5_V2.0.0, X-CUBE-AZRTOS-WB_V2.0.0, X-CUBE-AZRTOS-WL_V2.0.0, X-CUBE-BLE1_V7.1.0, X-CUBE-BLE2_V3.3.0, X-CUBE-BLEMGR_V4.1.0, X-CUBE-EEPRMA1_V5.2.0, X-CUBE-FREERTOS_V1.3.1, X-CUBE-GNSS1_V6.0.0, X-CUBE-MEMS1_V11.3.0, X-CUBE-NFC4_V3.0.0, X-CUBE-NFC7_V2.0.0, X-CUBE-SFXS2LP1_V4.0.0, X-CUBE-ST67W61_V1.1.0, X-CUBE-SUBG2_V5.0.0, X-CUBE-TOF1_V3.4.3]
2025-12-06 21:01:01,523 [INFO] ApiDb:240 - Found 323 in-development CPN: [B-G473E-ZEST1S, B-WB1M-WPAN1, B-WL5M-SUBG1, NUCLEO-C031C6, NUCLEO-H503RB, NUCLEO-H563ZI, NUCLEO-U545RE-Q, NUCLEO-U5A5ZJ-Q, NUCLEO-WBA52CG, STEVAL-PROTEUS1, STEVAL-SMARTAG2, STEVAL-STWINBX1, STM320518-EVAL, STM32C0116-DK, STM32C011D6Y3TR, STM32C011D6Y6TR, STM32C011F4P3, STM32C011F4P6, STM32C011F4U3, STM32C011F4U6TR, STM32C011F6P3, STM32C011F6P6, STM32C011F6U3, STM32C011F6U6TR, STM32C011J4M3, STM32C011J4M6, STM32C011J6M3, STM32C011J6M6, STM32C0316-DK, STM32C031C4T3, STM32C031C4T6, STM32C031C4U3, STM32C031C4U6, STM32C031C6T3, STM32C031C6T6, STM32C031C6U3, STM32C031C6U6, STM32C031F4P3, STM32C031F4P6, STM32C031F6P3, STM32C031F6P6, STM32C031G4U3, STM32C031G4U6, STM32C031G6U3, STM32C031G6U6, STM32C031K4T3, STM32C031K4T6, STM32C031K4U3, STM32C031K4U6, STM32C031K6T3, STM32C031K6T6, STM32C031K6U3, STM32C031K6U6, STM32G071K8TXN, STM32G071K8UXN, STM32G081GBU6N, STM32G081KBT6N, STM32G081KBUXN, STM32G0B1CCT6N, STM32G0B1KCT6, STM32G0B1NEY6TR, STM32G0B1RCT6N, STM32G0C1CCT6, STM32G0C1CCT6N, STM32G0C1CCU6N, STM32G0C1CET6N, STM32G0C1CEU6N, STM32G0C1KCT6, STM32G0C1NEY6TR, STM32G0C1RCI6N, STM32G0C1RCT6N, STM32G0C1REI6N, STM32G0C1RET6N, STM32G0C1VCI6, STM32G0C1VEI6, STM32G471CCT6, STM32G471CCU6, STM32G471CET3, STM32G471CET6, STM32G471CEU3, STM32G471CEU6, STM32G471MCT6, STM32G471MET3, STM32G471MET6, STM32G471MEY6TR, STM32G471QCT6, STM32G471QET3, STM32G471RCT6, STM32G471RET3, STM32G471RET6, STM32G471VCH6, STM32G471VCI6, STM32G471VCT6, STM32G471VEH3, STM32G471VEH6, STM32G471VEI3, STM32G471VEI6, STM32G471VET3, STM32G471VET6, STM32G474CCT6, STM32H503CBT6, STM32H503CBU6, STM32H503EBY6TR, STM32H503KBU6, STM32H503RBT6, STM32H562AGI6, STM32H562AII6, STM32H562IGK6, STM32H562IGT6, STM32H562IIK6, STM32H562IIT6, STM32H562RGT6, STM32H562RGV6, STM32H562RIT6, STM32H562RIV6, STM32H562VGT6, STM32H562VIT6, STM32H562ZGT6, STM32H562ZIT6, STM32H563AGI6, STM32H563AII3Q, STM32H563AII6, STM32H563IGK6, STM32H563IGT6, STM32H563IIK3Q, STM32H563IIK6, STM32H563IIT3Q, STM32H563IIT6, STM32H563MIY3QTR, STM32H563RGT6, STM32H563RGV6, STM32H563RIT6, STM32H563RIV6, STM32H563VGT6, STM32H563VIT3Q, STM32H563VIT6, STM32H563ZGT6, STM32H563ZIT3Q, STM32H563ZIT6, STM32H573AII3Q, STM32H573AII6, STM32H573I-DK, STM32H573IIK3Q, STM32H573IIK6, STM32H573IIT3Q, STM32H573IIT6, STM32H573MIY3QTR, STM32H573RIT6, STM32H573RIV6, STM32H573VIT3Q, STM32H573VIT6, STM32H573ZIT3Q, STM32H573ZIT6, STM32L4R5QGI6STR, STM32MP131AAE3, STM32MP131AAF3, STM32MP131AAG3, STM32MP131CAE3, STM32MP131CAF3, STM32MP131CAG3, STM32MP131DAE7, STM32MP131DAF7, STM32MP131DAG7, STM32MP131FAE7, STM32MP131FAF7, STM32MP131FAG7, STM32MP133AAE3, STM32MP133AAF3, STM32MP133AAG3, STM32MP133CAE3, STM32MP133CAF3, STM32MP133CAG3, STM32MP133DAE7, STM32MP133DAF7, STM32MP133DAG7, STM32MP133FAE7, STM32MP133FAF7, STM32MP133FAG7, STM32MP135AAE3, STM32MP135AAF3, STM32MP135AAG3, STM32MP135CAE3, STM32MP135CAF3, STM32MP135CAG3, STM32MP135DAE7, STM32MP135DAF7, STM32MP135DAG7, STM32MP135F-DK, STM32MP135FAE7, STM32MP135FAF7, STM32MP135FAF7T, STM32MP135FAF7U, STM32MP135FAG7, STM32U535CBT6, STM32U535CBT6Q, STM32U535CBU6, STM32U535CBU6Q, STM32U535CCT6, STM32U535CCT6Q, STM32U535CCU6, STM32U535CCU6Q, STM32U535CET6, STM32U535CET6Q, STM32U535CEU6, STM32U535CEU6Q, STM32U535JEY6QTR, STM32U535NCY6QTR, STM32U535NEY6QTR, STM32U535RBI6, STM32U535RBI6Q, STM32U535RBT6, STM32U535RBT6Q, STM32U535RCI6, STM32U535RCI6Q, STM32U535RCT6, STM32U535RCT6Q, STM32U535REI6, STM32U535REI6Q, STM32U535RET6, STM32U535RET6Q, STM32U535VCI6, STM32U535VCI6Q, STM32U535VCT6, STM32U535VCT6Q, STM32U535VEI6, STM32U535VEI6Q, STM32U535VET6, STM32U535VET6Q, STM32U545CET6, STM32U545CET6Q, STM32U545CEU6, STM32U545CEU6Q, STM32U545JEY6QTR, STM32U545NEY6QTR, STM32U545REI6, STM32U545REI6Q, STM32U545RET6, STM32U545RET6Q, STM32U545VEI6, STM32U545VEI6Q, STM32U545VET6, STM32U545VET6Q, STM32U595AIH6, STM32U595AIH6Q, STM32U595AJH6, STM32U595AJH6Q, STM32U595QII6, STM32U595QII6Q, STM32U595QJI6, STM32U595QJI6Q, STM32U595RIT6, STM32U595RIT6Q, STM32U595RJT6, STM32U595RJT6Q, STM32U595VIT6, STM32U595VIT6Q, STM32U595VJT6, STM32U595VJT6Q, STM32U595ZIT6, STM32U595ZIT6Q, STM32U595ZIY6QTR, STM32U595ZJT6, STM32U595ZJT6Q, STM32U595ZJY6QTR, STM32U599BJY6QTR, STM32U599NIH6Q, STM32U599NJH6Q, STM32U599VIT6Q, STM32U599VJT6, STM32U599VJT6Q, STM32U599ZIT6Q, STM32U599ZIY6QTR, STM32U599ZJT6Q, STM32U599ZJY6QTR, STM32U5A5AJH6, STM32U5A5AJH6Q, STM32U5A5QJI6, STM32U5A5QJI6Q, STM32U5A5RJT6, STM32U5A5RJT6Q, STM32U5A5VJT6, STM32U5A5VJT6Q, STM32U5A5ZJT6, STM32U5A5ZJT6Q, STM32U5A5ZJY6QTR, STM32U5A9BJY6QTR, STM32U5A9J-DK, STM32U5A9NJH6Q, STM32U5A9VJT6Q, STM32U5A9ZJT6Q, STM32U5A9ZJY6QTR, STM32U5F7VIT6, STM32U5F7VIT6Q, STM32U5F7VJT6, STM32U5F7VJT6Q, STM32U5F9BJY6QTR, STM32U5F9NJH6Q, STM32U5F9VIT6Q, STM32U5F9VJT6Q, STM32U5F9ZIJ6QTR, STM32U5F9ZIT6Q, STM32U5F9ZJJ6QTR, STM32U5F9ZJT6Q, STM32U5G7VJT6, STM32U5G7VJT6Q, STM32U5G9BJY6QTR, STM32U5G9J-DK1, STM32U5G9J-DK2, STM32U5G9NJH6Q, STM32U5G9VJT6Q, STM32U5G9ZJJ6QTR, STM32U5G9ZJT6Q, STM32WB1MMCH6, STM32WBA52CEU6, STM32WBA52CEU6T, STM32WBA52CGU6, STM32WBA52CGU6T, STM32WBA52KEU6, STM32WBA52KEU6T, STM32WBA52KGU6, STM32WBA52KGU6T, STM32WL5MOCH6, STM32WL5MOCH6TR]
2025-12-06 21:01:01,528 [INFO] DbMcus:217 - Found 4801 MCUs, 4801 are supported
2025-12-06 21:01:01,528 [INFO] ApiDb:423 - Load user favorites file C:\Users\bogda/.stm32cubeide/favorites.mcus.txt: 0 item(s)
2025-12-06 21:01:01,529 [INFO] ApiDb:427 - User favorites MCUs=[]
2025-12-06 21:01:01,529 [INFO] DbMcus:223 - Set 0 / 0 favorites MCUs
2025-12-06 21:01:01,848 [WARN] ThirdParty:833 - waiting for thirdparty lock release [change project]
2025-12-06 21:01:01,848 [INFO] ThirdParty:835 - entering critical section [change project]
2025-12-06 21:01:01,848 [INFO] ThirdParty:1030 - CMSIS Pack Vendor :STMicroelectronics USBPD 4.1
2025-12-06 21:01:01,848 [INFO] ThirdParty:1030 - CMSIS Pack Vendor :STMicroelectronics ThreadX 1.0.0
2025-12-06 21:01:01,848 [INFO] ThirdParty:1030 - CMSIS Pack Vendor :STMicroelectronics X-CUBE-MEMS1 12.0.0
2025-12-06 21:01:01,848 [INFO] ThirdParty:1030 - CMSIS Pack Vendor :STMicroelectronics USB_HOST 2.0.0
2025-12-06 21:01:01,849 [INFO] ThirdParty:1030 - CMSIS Pack Vendor :STMicroelectronics LIBJPEG 8.0.0
2025-12-06 21:01:01,849 [INFO] ThirdParty:1030 - CMSIS Pack Vendor :STMicroelectronics FreeRTOS 0.0.1
2025-12-06 21:01:01,849 [INFO] ThirdParty:1030 - CMSIS Pack Vendor :STMicroelectronics USB_DEVICE 1.0.0
2025-12-06 21:01:01,849 [INFO] ThirdParty:1030 - CMSIS Pack Vendor :STMicroelectronics STM32_WPAN 1.0.0
2025-12-06 21:01:01,849 [INFO] ThirdParty:1030 - CMSIS Pack Vendor :STMicroelectronics USB_DEVICE 3.0.0
2025-12-06 21:01:01,849 [INFO] ThirdParty:1030 - CMSIS Pack Vendor :STMicroelectronics HAL Drivers 0.0.0
2025-12-06 21:01:01,849 [INFO] ThirdParty:1030 - CMSIS Pack Vendor :STMicroelectronics MBEDTLS 2.16.2
2025-12-06 21:01:01,849 [INFO] ThirdParty:1030 - CMSIS Pack Vendor :STMicroelectronics ThreadX 0.0.2
2025-12-06 21:01:01,849 [INFO] ThirdParty:1030 - CMSIS Pack Vendor :STMicroelectronics lwIP 2.0.3
2025-12-06 21:01:01,849 [INFO] ThirdParty:1030 - CMSIS Pack Vendor :STMicroelectronics lwIP 2.1.2
2025-12-06 21:01:01,849 [INFO] ThirdParty:1030 - CMSIS Pack Vendor :STMicroelectronics MBEDTLS 2.14.1
2025-12-06 21:01:01,849 [INFO] ThirdParty:1030 - CMSIS Pack Vendor :STMicroelectronics USB_HOST 1.0.0
2025-12-06 21:01:01,849 [INFO] ThirdParty:1030 - CMSIS Pack Vendor :STMicroelectronics X-CUBE-TOUCHGFX 4.26.0
2025-12-06 21:01:01,849 [INFO] ThirdParty:1030 - CMSIS Pack Vendor :STMicroelectronics PDM2PCM 3.1.0
2025-12-06 21:01:01,849 [INFO] ThirdParty:1030 - CMSIS Pack Vendor :STMicroelectronics PDM2PCM 3.2.0
2025-12-06 21:01:01,849 [INFO] ThirdParty:1030 - CMSIS Pack Vendor :STMicroelectronics USB_DEVICE 2.0.0
2025-12-06 21:01:01,849 [INFO] ThirdParty:1030 - CMSIS Pack Vendor :STMicroelectronics PDM2PCM 3.3.0
2025-12-06 21:01:01,849 [INFO] ThirdParty:841 - exiting critical section [change project]
2025-12-06 21:01:02,096 [ERROR] LogOutputStream:75 - [STDERR_REDIRECT] Exception in thread "AWT-EventQueue-0" java.util.NoSuchElementException: Vector Enumeration
2025-12-06 21:01:02,097 [ERROR] LogOutputStream:75 - [STDERR_REDIRECT] 	at java.base/java.util.Vector$1.nextElement(Vector.java:344)
2025-12-06 21:01:02,100 [ERROR] LogOutputStream:75 - [STDERR_REDIRECT] 	at java.desktop/javax.swing.plaf.basic.BasicTableUI.getPreferredSize(BasicTableUI.java:1790)
2025-12-06 21:01:02,102 [ERROR] LogOutputStream:75 - [STDERR_REDIRECT] 	at java.desktop/javax.swing.JComponent.getPreferredSize(JComponent.java:1725)
2025-12-06 21:01:02,103 [ERROR] LogOutputStream:75 - [STDERR_REDIRECT] 	at java.desktop/javax.swing.ScrollPaneLayout.preferredLayoutSize(ScrollPaneLayout.java:503)
2025-12-06 21:01:02,105 [ERROR] LogOutputStream:75 - [STDERR_REDIRECT] 	at java.desktop/java.awt.Container.preferredSize(Container.java:1826)
2025-12-06 21:01:02,106 [ERROR] LogOutputStream:75 - [STDERR_REDIRECT] 	at java.desktop/java.awt.Container.getPreferredSize(Container.java:1810)
2025-12-06 21:01:02,107 [ERROR] LogOutputStream:75 - [STDERR_REDIRECT] 	at java.desktop/javax.swing.JComponent.getPreferredSize(JComponent.java:1727)
2025-12-06 21:01:02,108 [ERROR] LogOutputStream:75 - [STDERR_REDIRECT] 	at org.jdesktop.swingx.VerticalLayout.preferredLayoutSize(VerticalLayout.java:80)
2025-12-06 21:01:02,109 [ERROR] LogOutputStream:75 - [STDERR_REDIRECT] 	at java.desktop/java.awt.Container.preferredSize(Container.java:1826)
2025-12-06 21:01:02,110 [ERROR] LogOutputStream:75 - [STDERR_REDIRECT] 	at java.desktop/java.awt.Container.getPreferredSize(Container.java:1810)
2025-12-06 21:01:02,110 [ERROR] LogOutputStream:75 - [STDERR_REDIRECT] 	at java.desktop/javax.swing.JComponent.getPreferredSize(JComponent.java:1727)
2025-12-06 21:01:02,111 [ERROR] LogOutputStream:75 - [STDERR_REDIRECT] 	at org.jdesktop.swingx.JXCollapsiblePane$AnimationListener.actionPerformed(JXCollapsiblePane.java:817)
2025-12-06 21:01:02,113 [ERROR] LogOutputStream:75 - [STDERR_REDIRECT] 	at java.desktop/javax.swing.Timer.fireActionPerformed(Timer.java:311)
2025-12-06 21:01:02,113 [ERROR] LogOutputStream:75 - [STDERR_REDIRECT] 	at java.desktop/javax.swing.Timer$DoPostEvent.run(Timer.java:243)
2025-12-06 21:01:02,114 [ERROR] LogOutputStream:75 - [STDERR_REDIRECT] 	at java.desktop/java.awt.event.InvocationEvent.dispatch(InvocationEvent.java:318)
2025-12-06 21:01:02,115 [INFO] PinOutPanel:1499 - setPackage(No Configuration,No Configuration)
2025-12-06 21:01:02,117 [INFO] PinOutPanel:1499 - setPackage(STM32F407VGTx,LQFP100)
2025-12-06 21:01:02,117 [ERROR] LogOutputStream:75 - [STDERR_REDIRECT] 	at java.desktop/java.awt.EventQueue.dispatchEventImpl(EventQueue.java:771)
2025-12-06 21:01:02,117 [ERROR] LogOutputStream:75 - [STDERR_REDIRECT] 	at java.desktop/java.awt.EventQueue$4.run(EventQueue.java:722)
2025-12-06 21:01:02,118 [ERROR] LogOutputStream:75 - [STDERR_REDIRECT] 	at java.desktop/java.awt.EventQueue$4.run(EventQueue.java:716)
2025-12-06 21:01:02,119 [ERROR] LogOutputStream:75 - [STDERR_REDIRECT] 	at java.base/java.security.AccessController.doPrivileged(AccessController.java:399)
2025-12-06 21:01:02,120 [ERROR] LogOutputStream:75 - [STDERR_REDIRECT] 	at java.base/java.security.ProtectionDomain$JavaSecurityAccessImpl.doIntersectionPrivilege(ProtectionDomain.java:86)
2025-12-06 21:01:02,120 [ERROR] LogOutputStream:75 - [STDERR_REDIRECT] 	at java.desktop/java.awt.EventQueue.dispatchEvent(EventQueue.java:741)
2025-12-06 21:01:02,121 [ERROR] LogOutputStream:75 - [STDERR_REDIRECT] 	at java.desktop/java.awt.EventDispatchThread.pumpOneEventForFilters(EventDispatchThread.java:203)
2025-12-06 21:01:02,122 [ERROR] LogOutputStream:75 - [STDERR_REDIRECT] 	at java.desktop/java.awt.EventDispatchThread.pumpEventsForFilter(EventDispatchThread.java:124)
2025-12-06 21:01:02,123 [ERROR] LogOutputStream:75 - [STDERR_REDIRECT] 	at java.desktop/java.awt.EventDispatchThread.pumpEventsForFilter(EventDispatchThread.java:117)
2025-12-06 21:01:02,123 [ERROR] LogOutputStream:75 - [STDERR_REDIRECT] 	at java.desktop/java.awt.WaitDispatchSupport$2.run(WaitDispatchSupport.java:191)
2025-12-06 21:01:02,124 [ERROR] LogOutputStream:75 - [STDERR_REDIRECT] 	at java.desktop/java.awt.WaitDispatchSupport$4.run(WaitDispatchSupport.java:236)
2025-12-06 21:01:02,125 [ERROR] LogOutputStream:75 - [STDERR_REDIRECT] 	at java.desktop/java.awt.WaitDispatchSupport$4.run(WaitDispatchSupport.java:234)
2025-12-06 21:01:02,125 [ERROR] LogOutputStream:75 - [STDERR_REDIRECT] 	at java.base/java.security.AccessController.doPrivileged(AccessController.java:318)
2025-12-06 21:01:02,127 [ERROR] LogOutputStream:75 - [STDERR_REDIRECT] 	at java.desktop/java.awt.WaitDispatchSupport.enter(WaitDispatchSupport.java:234)
2025-12-06 21:01:02,127 [ERROR] LogOutputStream:75 - [STDERR_REDIRECT] 	at java.desktop/java.awt.Dialog.show(Dialog.java:1080)
2025-12-06 21:01:02,128 [ERROR] LogOutputStream:75 - [STDERR_REDIRECT] 	at java.desktop/java.awt.Component.show(Component.java:1728)
2025-12-06 21:01:02,129 [ERROR] LogOutputStream:75 - [STDERR_REDIRECT] 	at java.desktop/java.awt.Component.setVisible(Component.java:1675)
2025-12-06 21:01:02,129 [ERROR] LogOutputStream:75 - [STDERR_REDIRECT] 	at java.desktop/java.awt.Window.setVisible(Window.java:1036)
2025-12-06 21:01:02,129 [ERROR] LogOutputStream:75 - [STDERR_REDIRECT] 	at java.desktop/java.awt.Dialog.setVisible(Dialog.java:1016)
2025-12-06 21:01:02,131 [ERROR] LogOutputStream:75 - [STDERR_REDIRECT] 	at com.st.microxplorer.util.ProcessBarDialog.doAction(ProcessBarDialog.java:173)
2025-12-06 21:01:02,132 [ERROR] LogOutputStream:75 - [STDERR_REDIRECT] 	at com.st.microxplorer.mxsystem.MxSystem.completeLoadConfig(MxSystem.java:829)
2025-12-06 21:01:02,133 [ERROR] LogOutputStream:75 - [STDERR_REDIRECT] 	at com.st.microxplorer.plugins.filemanager.engine.OpenFileManager.LoadConfig(OpenFileManager.java:320)
2025-12-06 21:01:02,134 [ERROR] LogOutputStream:75 - [STDERR_REDIRECT] 	at com.st.microxplorer.plugins.filemanager.engine.OpenFileManager.loadConfigurationFile(OpenFileManager.java:246)
2025-12-06 21:01:02,135 [ERROR] LogOutputStream:75 - [STDERR_REDIRECT] 	at com.st.microxplorer.plugins.filemanager.engine.MainFileManager.userLoadConfig(MainFileManager.java:285)
2025-12-06 21:01:02,136 [ERROR] LogOutputStream:75 - [STDERR_REDIRECT] 	at com.st.microxplorer.plugins.filemanager.FileManagerView.getSpecificTask(FileManagerView.java:246)
2025-12-06 21:01:02,137 [ERROR] LogOutputStream:75 - [STDERR_REDIRECT] 	at com.st.stm32cube.common.mx.editor.CubeMxEditor.getMxTabbedPaneInstance(CubeMxEditor.java:1184)
2025-12-06 21:01:02,137 [ERROR] LogOutputStream:75 - [STDERR_REDIRECT] 	at com.st.stm32cube.common.mx.editor.CubeMxEditor$12$1.createSwingComponent(CubeMxEditor.java:1065)
2025-12-06 21:01:02,138 [ERROR] LogOutputStream:75 - [STDERR_REDIRECT] 	at com.st.stm32cube.common.mx.oss.core.awtswtbridge.EmbeddedSwingComposite.doComponentCreation(EmbeddedSwingComposite.java:492)
2025-12-06 21:01:02,139 [ERROR] LogOutputStream:75 - [STDERR_REDIRECT] 	at com.st.stm32cube.common.mx.oss.core.awtswtbridge.EmbeddedSwingComposite$4.run(EmbeddedSwingComposite.java:291)
2025-12-06 21:01:02,140 [ERROR] LogOutputStream:75 - [STDERR_REDIRECT] 	at com.st.stm32cube.common.mx.oss.core.awtswtbridge.AwtEnvironment$2.run(AwtEnvironment.java:166)
2025-12-06 21:01:02,141 [ERROR] LogOutputStream:75 - [STDERR_REDIRECT] 	at java.desktop/java.awt.event.InvocationEvent.dispatch(InvocationEvent.java:318)
2025-12-06 21:01:02,141 [ERROR] LogOutputStream:75 - [STDERR_REDIRECT] 	at java.desktop/java.awt.EventQueue.dispatchEventImpl(EventQueue.java:771)
2025-12-06 21:01:02,142 [ERROR] LogOutputStream:75 - [STDERR_REDIRECT] 	at java.desktop/java.awt.EventQueue$4.run(EventQueue.java:722)
2025-12-06 21:01:02,142 [ERROR] LogOutputStream:75 - [STDERR_REDIRECT] 	at java.desktop/java.awt.EventQueue$4.run(EventQueue.java:716)
2025-12-06 21:01:02,143 [ERROR] LogOutputStream:75 - [STDERR_REDIRECT] 	at java.base/java.security.AccessController.doPrivileged(AccessController.java:399)
2025-12-06 21:01:02,144 [ERROR] LogOutputStream:75 - [STDERR_REDIRECT] 	at java.base/java.security.ProtectionDomain$JavaSecurityAccessImpl.doIntersectionPrivilege(ProtectionDomain.java:86)
2025-12-06 21:01:02,144 [ERROR] LogOutputStream:75 - [STDERR_REDIRECT] 	at java.desktop/java.awt.EventQueue.dispatchEvent(EventQueue.java:741)
2025-12-06 21:01:02,145 [ERROR] LogOutputStream:75 - [STDERR_REDIRECT] 	at java.desktop/java.awt.EventDispatchThread.pumpOneEventForFilters(EventDispatchThread.java:203)
2025-12-06 21:01:02,146 [ERROR] LogOutputStream:75 - [STDERR_REDIRECT] 	at java.desktop/java.awt.EventDispatchThread.pumpEventsForFilter(EventDispatchThread.java:124)
2025-12-06 21:01:02,147 [ERROR] LogOutputStream:75 - [STDERR_REDIRECT] 	at java.desktop/java.awt.EventDispatchThread.pumpEventsForHierarchy(EventDispatchThread.java:113)
2025-12-06 21:01:02,148 [ERROR] LogOutputStream:75 - [STDERR_REDIRECT] 	at java.desktop/java.awt.EventDispatchThread.pumpEvents(EventDispatchThread.java:109)
2025-12-06 21:01:02,148 [ERROR] LogOutputStream:75 - [STDERR_REDIRECT] 	at java.desktop/java.awt.EventDispatchThread.pumpEvents(EventDispatchThread.java:101)
2025-12-06 21:01:02,149 [ERROR] LogOutputStream:75 - [STDERR_REDIRECT] 	at java.desktop/java.awt.EventDispatchThread.run(EventDispatchThread.java:90)
2025-12-06 21:01:02,395 [INFO] UtilMem:75 - Before build in PCC Used Memory: 274723448 Bytes (478150656)
2025-12-06 21:01:03,170 [INFO] UtilMem:75 - After build in PCC Used Memory: 339208824 Bytes (478150656)
2025-12-06 21:01:03,312 [INFO] ApiDbMcu:507 - Load IP Config File for USB_HOST
2025-12-06 21:01:03,312 [WARN] BspModel:444 - BSP dependency skipped because of component: name='IOExpander', api='Unknown'
2025-12-06 21:01:03,337 [INFO] IPUIPlugin:80 - create IPUIPlugin
2025-12-06 21:01:03,337 [INFO] IPUIPlugin:80 - create IPUIPlugin
2025-12-06 21:01:03,337 [INFO] IPUIPlugin:80 - create IPUIPlugin
2025-12-06 21:01:03,337 [INFO] IPUIPlugin:80 - create IPUIPlugin
2025-12-06 21:01:03,338 [INFO] IPUIPlugin:80 - create IPUIPlugin
2025-12-06 21:01:03,338 [INFO] IPUIPlugin:80 - create IPUIPlugin
2025-12-06 21:01:03,338 [INFO] IPUIPlugin:80 - create IPUIPlugin
2025-12-06 21:01:03,338 [INFO] IPUIPlugin:80 - create IPUIPlugin
2025-12-06 21:01:03,338 [INFO] IPUIPlugin:80 - create IPUIPlugin
2025-12-06 21:01:03,338 [INFO] IPUIPlugin:80 - create IPUIPlugin
2025-12-06 21:01:03,338 [INFO] IPUIPlugin:80 - create IPUIPlugin
2025-12-06 21:01:03,338 [INFO] IPUIPlugin:80 - create IPUIPlugin
2025-12-06 21:01:03,338 [INFO] IPUIPlugin:80 - create IPUIPlugin
2025-12-06 21:01:03,339 [INFO] IPUIPlugin:80 - create IPUIPlugin
2025-12-06 21:01:03,339 [INFO] IPUIPlugin:80 - create IPUIPlugin
2025-12-06 21:01:03,339 [INFO] IPUIPlugin:80 - create IPUIPlugin
2025-12-06 21:01:03,339 [INFO] IPUIPlugin:80 - create IPUIPlugin
2025-12-06 21:01:03,339 [INFO] IPUIPlugin:80 - create IPUIPlugin
2025-12-06 21:01:03,339 [INFO] IPUIPlugin:80 - create IPUIPlugin
2025-12-06 21:01:03,339 [INFO] IPUIPlugin:80 - create IPUIPlugin
2025-12-06 21:01:03,340 [INFO] IPUIPlugin:80 - create IPUIPlugin
2025-12-06 21:01:03,340 [INFO] IPUIPlugin:80 - create IPUIPlugin
2025-12-06 21:01:03,340 [INFO] IPUIPlugin:80 - create IPUIPlugin
2025-12-06 21:01:03,340 [INFO] IPUIPlugin:80 - create IPUIPlugin
2025-12-06 21:01:03,340 [INFO] IPUIPlugin:80 - create IPUIPlugin
2025-12-06 21:01:03,341 [INFO] IPUIPlugin:80 - create IPUIPlugin
2025-12-06 21:01:03,341 [INFO] IPUIPlugin:80 - create IPUIPlugin
2025-12-06 21:01:03,341 [INFO] IPUIPlugin:80 - create IPUIPlugin
2025-12-06 21:01:03,341 [INFO] IPUIPlugin:80 - create IPUIPlugin
2025-12-06 21:01:03,341 [INFO] IPUIPlugin:80 - create IPUIPlugin
2025-12-06 21:01:03,341 [INFO] IPUIPlugin:80 - create IPUIPlugin
2025-12-06 21:01:03,342 [INFO] IPUIPlugin:80 - create IPUIPlugin
2025-12-06 21:01:03,342 [INFO] IPUIPlugin:80 - create IPUIPlugin
2025-12-06 21:01:03,342 [INFO] IPUIPlugin:80 - create IPUIPlugin
2025-12-06 21:01:03,342 [INFO] IPUIPlugin:80 - create IPUIPlugin
2025-12-06 21:01:03,342 [INFO] IPUIPlugin:80 - create IPUIPlugin
2025-12-06 21:01:03,342 [INFO] IPUIPlugin:80 - create IPUIPlugin
2025-12-06 21:01:03,342 [INFO] IPUIPlugin:80 - create IPUIPlugin
2025-12-06 21:01:03,342 [INFO] IPUIPlugin:80 - create IPUIPlugin
2025-12-06 21:01:03,343 [INFO] IPUIPlugin:80 - create IPUIPlugin
2025-12-06 21:01:03,343 [INFO] IPUIPlugin:80 - create IPUIPlugin
2025-12-06 21:01:03,343 [INFO] IPUIPlugin:80 - create IPUIPlugin
2025-12-06 21:01:03,343 [INFO] IPUIPlugin:80 - create IPUIPlugin
2025-12-06 21:01:03,343 [INFO] IPUIPlugin:80 - create IPUIPlugin
2025-12-06 21:01:03,343 [INFO] IPUIPlugin:80 - create IPUIPlugin
2025-12-06 21:01:03,343 [INFO] IPUIPlugin:80 - create IPUIPlugin
2025-12-06 21:01:03,343 [INFO] IPUIPlugin:80 - create IPUIPlugin
2025-12-06 21:01:03,343 [INFO] IPUIPlugin:80 - create IPUIPlugin
2025-12-06 21:01:03,344 [INFO] IPUIPlugin:80 - create IPUIPlugin
2025-12-06 21:01:03,344 [INFO] IPUIPlugin:80 - create IPUIPlugin
2025-12-06 21:01:03,344 [INFO] IPUIPlugin:80 - create IPUIPlugin
2025-12-06 21:01:03,344 [INFO] IPUIPlugin:80 - create IPUIPlugin
2025-12-06 21:01:03,344 [INFO] IPUIPlugin:80 - create IPUIPlugin
2025-12-06 21:01:03,344 [INFO] IPUIPlugin:80 - create IPUIPlugin
2025-12-06 21:01:03,345 [INFO] IPUIPlugin:80 - create IPUIPlugin
2025-12-06 21:01:03,345 [INFO] IPUIPlugin:80 - create IPUIPlugin
2025-12-06 21:01:03,345 [INFO] IPUIPlugin:80 - create IPUIPlugin
2025-12-06 21:01:03,346 [INFO] IPUIPlugin:80 - create IPUIPlugin
2025-12-06 21:01:03,369 [INFO] ApiDbMcu:507 - Load IP Config File for PDM2PCM
2025-12-06 21:01:03,375 [WARN] IP:2114 - I2C_Coeff_DF not found: check if there is a RefParameter without a condition.
2025-12-06 21:01:03,376 [WARN] IP:2114 - Analog_Filter not found: check if there is a RefParameter without a condition.
2025-12-06 21:01:03,382 [INFO] I2sManager:658 - 9.6E7
2025-12-06 21:01:03,382 [INFO] I2sManager:195 - I2S Clock Value : 9.6E7
2025-12-06 21:01:03,385 [INFO] I2sManager:553 - AudioClock : 93750Divider : 2Odd : 0
2025-12-06 21:01:03,594 [INFO] CADModel:165 - CPN selected for project levelSTM32F407VGT6
2025-12-06 21:01:03,594 [INFO] CADModel:114 - Register for checkConnection events
2025-12-06 21:01:03,660 [INFO] OpenFileManager:328 - Restore cursor
2025-12-06 21:01:03,833 [WARN] IP:2114 - I2C_Coeff_DF not found: check if there is a RefParameter without a condition.
2025-12-06 21:01:03,833 [WARN] IP:2114 - Analog_Filter not found: check if there is a RefParameter without a condition.
2025-12-06 21:01:03,834 [WARN] IP:2114 - I2C_Coeff_DF not found: check if there is a RefParameter without a condition.
2025-12-06 21:01:03,834 [WARN] IP:2114 - Analog_Filter not found: check if there is a RefParameter without a condition.
2025-12-06 21:03:00,728 [INFO] Gpio:273 - dependency for GPIO [I2C1, I2S3, RCC, SPI1, SYS, USB_OTG_FS]
