2025-11-27 00:21:22,525 [INFO] McuFinderGlobals:63 - Set McuFinder mode to 2 (CubeIDE integrated)
2025-11-27 00:21:24,050 [WARN] ServerAccessManage:1168 - Warning during Server Connection :  timeout Read timed out
2025-11-27 00:21:25,092 [WARN] ServerAccessManage:1168 - Warning during Server Connection :  timeout Read timed out
2025-11-27 00:21:25,093 [INFO] MainUpdater:2868 - connection check result : 22
2025-11-27 00:21:26,133 [WARN] ServerAccessManage:1168 - Warning during Server Connection :  timeout Read timed out
2025-11-27 00:21:27,145 [WARN] ServerAccessManage:1168 - Warning during Server Connection :  timeout Read timed out
2025-11-27 00:21:27,146 [INFO] MainUpdater:2868 - connection check result : 22
2025-11-27 00:21:33,457 [WARN] ServerAccessManage:1168 - Warning during Server Connection :  timeout Read timed out
2025-11-27 00:21:34,459 [WARN] ServerAccessManage:1168 - Warning during Server Connection :  timeout Connect timed out
2025-11-27 00:21:34,460 [INFO] MainUpdater:2868 - connection check result : 22
2025-11-27 00:21:36,343 [INFO] MicroXplorer:468 - Change Database Path : 
2025-11-27 00:21:36,343 [INFO] MicroXplorer:498 - Change Database Version : DB.6.0.90
2025-11-27 00:21:36,354 [WARN] ThirdParty:871 - waiting for thirdparty lock release [close project]
2025-11-27 00:21:36,354 [INFO] ThirdParty:873 - entering critical section [close project]
2025-11-27 00:21:36,359 [INFO] ThirdParty:883 - exiting critical section [close project]
2025-11-27 00:21:36,366 [INFO] PinOutPanel:1499 - setPackage(No Configuration,No Configuration)
2025-11-27 00:21:36,392 [INFO] UtilMem:75 - Begin LoadConfig() Used Memory: 913611664 Bytes (1073741824)
2025-11-27 00:21:36,399 [INFO] MicroXplorer:468 - Change Database Path : 
2025-11-27 00:21:36,399 [INFO] MicroXplorer:498 - Change Database Version : DB.6.0.90
2025-11-27 00:21:36,400 [INFO] OpenFileManager:308 - Change cursor
2025-11-27 00:21:36,492 [INFO] Mcu:1946 - Initializing MCU STM32F407V(E-G)Tx STM32F407VGTx STM32F407VGT6
2025-11-27 00:21:38,733 [INFO] Context:659 - Trying to add GPIOservice into a context  which must be forbidden
2025-11-27 00:21:39,545 [INFO] RtosManager:555 - Registered RTOS mode: class=CMSIS, group=RTOS, mode=CMSIS_V1, owner=FREERTOS
2025-11-27 00:21:39,545 [INFO] RtosManager:555 - Registered RTOS mode: class=CMSIS, group=RTOS2, mode=CMSIS_V2, owner=FREERTOS
2025-11-27 00:21:39,545 [INFO] RtosManager:555 - Registered RTOS mode: class=RTOS, group=Core, mode=CMSIS_V1, owner=FREERTOS
2025-11-27 00:21:39,545 [INFO] RtosManager:555 - Registered RTOS mode: class=RTOS, group=Core, mode=CMSIS_V2, owner=FREERTOS
2025-11-27 00:21:39,546 [WARN] ModelIntegratedComponent:184 - Missing modes for component STMicroelectronics:FreeRTOS:0.0.1:STMicroelectronics:RTOS:FreeRTOS:Core:::10.2.0:
2025-11-27 00:21:39,549 [WARN] ModelIntegratedComponent:63 - No mode defined for component null
2025-11-27 00:21:39,550 [WARN] ModelIntegratedComponent:63 - No mode defined for component null
2025-11-27 00:21:39,550 [WARN] ModelIntegratedComponent:63 - No mode defined for component null
2025-11-27 00:21:39,550 [WARN] ModelIntegratedComponent:63 - No mode defined for component null
2025-11-27 00:21:39,550 [WARN] ModelIntegratedComponent:63 - No mode defined for component null
2025-11-27 00:21:39,550 [WARN] ModelIntegratedComponent:63 - No mode defined for component null
2025-11-27 00:21:39,550 [WARN] ModelIntegratedComponent:63 - No mode defined for component null
2025-11-27 00:21:39,550 [WARN] ModelIntegratedComponent:63 - No mode defined for component null
2025-11-27 00:21:39,550 [WARN] ModelIntegratedComponent:63 - No mode defined for component null
2025-11-27 00:21:39,552 [WARN] ModelIntegratedComponent:63 - No mode defined for component null
2025-11-27 00:21:39,552 [WARN] ModelIntegratedComponent:63 - No mode defined for component null
2025-11-27 00:21:39,552 [WARN] ModelIntegratedComponent:63 - No mode defined for component null
2025-11-27 00:21:39,552 [WARN] ModelIntegratedComponent:63 - No mode defined for component null
2025-11-27 00:21:39,552 [WARN] ModelIntegratedComponent:63 - No mode defined for component null
2025-11-27 00:21:39,552 [WARN] ModelIntegratedComponent:63 - No mode defined for component null
2025-11-27 00:21:39,552 [WARN] ModelIntegratedComponent:63 - No mode defined for component null
2025-11-27 00:21:39,553 [WARN] ModelIntegratedComponent:63 - No mode defined for component null
2025-11-27 00:21:39,553 [WARN] ModelIntegratedComponent:63 - No mode defined for component null
2025-11-27 00:21:39,553 [WARN] ModelIntegratedComponent:63 - No mode defined for component null
2025-11-27 00:21:39,554 [WARN] ModelIntegratedComponent:63 - No mode defined for component null
2025-11-27 00:21:39,554 [WARN] ModelIntegratedComponent:63 - No mode defined for component null
2025-11-27 00:21:39,554 [WARN] ModelIntegratedComponent:63 - No mode defined for component null
2025-11-27 00:21:39,554 [WARN] ModelIntegratedComponent:63 - No mode defined for component null
2025-11-27 00:21:39,555 [WARN] ModelIntegratedComponent:63 - No mode defined for component null
2025-11-27 00:21:39,555 [WARN] ModelIntegratedComponent:63 - No mode defined for component null
2025-11-27 00:21:39,556 [WARN] ModelIntegratedComponent:63 - No mode defined for component null
2025-11-27 00:21:39,556 [WARN] ModelIntegratedComponent:63 - No mode defined for component null
2025-11-27 00:21:39,556 [WARN] ModelIntegratedComponent:63 - No mode defined for component null
2025-11-27 00:21:39,556 [WARN] ModelIntegratedComponent:63 - No mode defined for component null
2025-11-27 00:21:39,556 [WARN] ModelIntegratedComponent:63 - No mode defined for component null
2025-11-27 00:21:39,557 [WARN] ModelIntegratedComponent:63 - No mode defined for component null
2025-11-27 00:21:39,557 [WARN] ModelIntegratedComponent:63 - No mode defined for component null
2025-11-27 00:21:39,557 [WARN] ModelIntegratedComponent:63 - No mode defined for component null
2025-11-27 00:21:39,582 [INFO] ThirdPartyModel:298 - Start build external matchings
2025-11-27 00:21:39,973 [INFO] ThirdPartyModel:316 - End build external matchings
2025-11-27 00:21:40,002 [INFO] ImportTextPane:194 - (OptionalMessage_ERROR) IP (RCC) : Parameter (RTCHSEDivFreq_Value) has invalid value (4000000)
2025-11-27 00:21:41,077 [INFO] UtilMem:75 - End LoadConfig() Used Memory: 768408968 Bytes (1073741824)
2025-11-27 00:21:41,885 [INFO] ApiDb:581 - Connected to CubeFinder SQLite database (C:\Users\bogda\.stmcufinder\plugins\mcufinder\mcu\cube-finder-db.db)
2025-11-27 00:21:41,973 [INFO] ApiDb:668 - CubeFinder database Data Model version=2.1
2025-11-27 00:21:41,974 [INFO] ApiDb:669 - CubeFinder database Configuration version=3.0.39
2025-11-27 00:21:41,976 [INFO] ApiDb:670 - CubeFinder database generation date=2025-11-05 (1762334721)
2025-11-27 00:21:41,977 [INFO] ApiDb:671 - CubeFinder database FW Pack versions=[FP-ATR-ASTRA1_V2.0.0, FP-SNS-FLIGHT1_V5.1.0, FP-SNS-MOTENV1_V5.1.0, FP-SNS-MOTENVWB1_V1.4.0, FP-SNS-SMARTAG2_V1.2.0, FP-SNS-STBOX1_V2.1.0, STM32Cube_FW_C0_V1.4.0, STM32Cube_FW_F4_V1.28.3, STM32Cube_FW_F7_V1.17.4, STM32Cube_FW_G0_V1.6.2, STM32Cube_FW_G4_V1.6.1, STM32Cube_FW_H5_V1.5.1, STM32Cube_FW_H7RS_V1.3.0, STM32Cube_FW_H7_V1.12.1, STM32Cube_FW_L0_V1.12.2, STM32Cube_FW_L4_V1.18.1, STM32Cube_FW_L5_V1.6.0, STM32Cube_FW_N6_V1.3.0, STM32Cube_FW_U0_V1.3.0, STM32Cube_FW_U3_V1.2.1, STM32Cube_FW_U5_V1.8.0, STM32Cube_FW_WB0_V1.4.0, STM32Cube_FW_WBA_V1.8.0, STM32Cube_FW_WB_V1.24.0, STM32Cube_FW_WL3_V1.3.0, STM32Cube_FW_WL_V1.4.0, X-CUBE-ALGOBUILD_V1.4.0, X-CUBE-ALS_V1.0.2, X-CUBE-AZRTOS-F4_V1.1.0, X-CUBE-AZRTOS-F7_V1.1.0, X-CUBE-AZRTOS-G0_V1.1.0, X-CUBE-AZRTOS-G4_V2.0.0, X-CUBE-AZRTOS-H7RS_V1.1.0, X-CUBE-AZRTOS-H7_V3.4.0, X-CUBE-AZRTOS-L4_V2.0.0, X-CUBE-AZRTOS-L5_V2.0.0, X-CUBE-AZRTOS-WB_V2.0.0, X-CUBE-AZRTOS-WL_V2.0.0, X-CUBE-BLE1_V7.1.0, X-CUBE-BLE2_V3.3.0, X-CUBE-BLEMGR_V4.1.0, X-CUBE-EEPRMA1_V5.2.0, X-CUBE-FREERTOS_V1.3.1, X-CUBE-GNSS1_V6.0.0, X-CUBE-MEMS1_V11.3.0, X-CUBE-NFC4_V3.0.0, X-CUBE-NFC7_V2.0.0, X-CUBE-SFXS2LP1_V4.0.0, X-CUBE-ST67W61_V1.1.0, X-CUBE-SUBG2_V5.0.0, X-CUBE-TOF1_V3.4.3]
2025-11-27 00:21:44,480 [INFO] ApiDb:240 - Found 323 in-development CPN: [B-G473E-ZEST1S, B-WB1M-WPAN1, B-WL5M-SUBG1, NUCLEO-C031C6, NUCLEO-H503RB, NUCLEO-H563ZI, NUCLEO-U545RE-Q, NUCLEO-U5A5ZJ-Q, NUCLEO-WBA52CG, STEVAL-PROTEUS1, STEVAL-SMARTAG2, STEVAL-STWINBX1, STM320518-EVAL, STM32C0116-DK, STM32C011D6Y3TR, STM32C011D6Y6TR, STM32C011F4P3, STM32C011F4P6, STM32C011F4U3, STM32C011F4U6TR, STM32C011F6P3, STM32C011F6P6, STM32C011F6U3, STM32C011F6U6TR, STM32C011J4M3, STM32C011J4M6, STM32C011J6M3, STM32C011J6M6, STM32C0316-DK, STM32C031C4T3, STM32C031C4T6, STM32C031C4U3, STM32C031C4U6, STM32C031C6T3, STM32C031C6T6, STM32C031C6U3, STM32C031C6U6, STM32C031F4P3, STM32C031F4P6, STM32C031F6P3, STM32C031F6P6, STM32C031G4U3, STM32C031G4U6, STM32C031G6U3, STM32C031G6U6, STM32C031K4T3, STM32C031K4T6, STM32C031K4U3, STM32C031K4U6, STM32C031K6T3, STM32C031K6T6, STM32C031K6U3, STM32C031K6U6, STM32G071K8TXN, STM32G071K8UXN, STM32G081GBU6N, STM32G081KBT6N, STM32G081KBUXN, STM32G0B1CCT6N, STM32G0B1KCT6, STM32G0B1NEY6TR, STM32G0B1RCT6N, STM32G0C1CCT6, STM32G0C1CCT6N, STM32G0C1CCU6N, STM32G0C1CET6N, STM32G0C1CEU6N, STM32G0C1KCT6, STM32G0C1NEY6TR, STM32G0C1RCI6N, STM32G0C1RCT6N, STM32G0C1REI6N, STM32G0C1RET6N, STM32G0C1VCI6, STM32G0C1VEI6, STM32G471CCT6, STM32G471CCU6, STM32G471CET3, STM32G471CET6, STM32G471CEU3, STM32G471CEU6, STM32G471MCT6, STM32G471MET3, STM32G471MET6, STM32G471MEY6TR, STM32G471QCT6, STM32G471QET3, STM32G471RCT6, STM32G471RET3, STM32G471RET6, STM32G471VCH6, STM32G471VCI6, STM32G471VCT6, STM32G471VEH3, STM32G471VEH6, STM32G471VEI3, STM32G471VEI6, STM32G471VET3, STM32G471VET6, STM32G474CCT6, STM32H503CBT6, STM32H503CBU6, STM32H503EBY6TR, STM32H503KBU6, STM32H503RBT6, STM32H562AGI6, STM32H562AII6, STM32H562IGK6, STM32H562IGT6, STM32H562IIK6, STM32H562IIT6, STM32H562RGT6, STM32H562RGV6, STM32H562RIT6, STM32H562RIV6, STM32H562VGT6, STM32H562VIT6, STM32H562ZGT6, STM32H562ZIT6, STM32H563AGI6, STM32H563AII3Q, STM32H563AII6, STM32H563IGK6, STM32H563IGT6, STM32H563IIK3Q, STM32H563IIK6, STM32H563IIT3Q, STM32H563IIT6, STM32H563MIY3QTR, STM32H563RGT6, STM32H563RGV6, STM32H563RIT6, STM32H563RIV6, STM32H563VGT6, STM32H563VIT3Q, STM32H563VIT6, STM32H563ZGT6, STM32H563ZIT3Q, STM32H563ZIT6, STM32H573AII3Q, STM32H573AII6, STM32H573I-DK, STM32H573IIK3Q, STM32H573IIK6, STM32H573IIT3Q, STM32H573IIT6, STM32H573MIY3QTR, STM32H573RIT6, STM32H573RIV6, STM32H573VIT3Q, STM32H573VIT6, STM32H573ZIT3Q, STM32H573ZIT6, STM32L4R5QGI6STR, STM32MP131AAE3, STM32MP131AAF3, STM32MP131AAG3, STM32MP131CAE3, STM32MP131CAF3, STM32MP131CAG3, STM32MP131DAE7, STM32MP131DAF7, STM32MP131DAG7, STM32MP131FAE7, STM32MP131FAF7, STM32MP131FAG7, STM32MP133AAE3, STM32MP133AAF3, STM32MP133AAG3, STM32MP133CAE3, STM32MP133CAF3, STM32MP133CAG3, STM32MP133DAE7, STM32MP133DAF7, STM32MP133DAG7, STM32MP133FAE7, STM32MP133FAF7, STM32MP133FAG7, STM32MP135AAE3, STM32MP135AAF3, STM32MP135AAG3, STM32MP135CAE3, STM32MP135CAF3, STM32MP135CAG3, STM32MP135DAE7, STM32MP135DAF7, STM32MP135DAG7, STM32MP135F-DK, STM32MP135FAE7, STM32MP135FAF7, STM32MP135FAF7T, STM32MP135FAF7U, STM32MP135FAG7, STM32U535CBT6, STM32U535CBT6Q, STM32U535CBU6, STM32U535CBU6Q, STM32U535CCT6, STM32U535CCT6Q, STM32U535CCU6, STM32U535CCU6Q, STM32U535CET6, STM32U535CET6Q, STM32U535CEU6, STM32U535CEU6Q, STM32U535JEY6QTR, STM32U535NCY6QTR, STM32U535NEY6QTR, STM32U535RBI6, STM32U535RBI6Q, STM32U535RBT6, STM32U535RBT6Q, STM32U535RCI6, STM32U535RCI6Q, STM32U535RCT6, STM32U535RCT6Q, STM32U535REI6, STM32U535REI6Q, STM32U535RET6, STM32U535RET6Q, STM32U535VCI6, STM32U535VCI6Q, STM32U535VCT6, STM32U535VCT6Q, STM32U535VEI6, STM32U535VEI6Q, STM32U535VET6, STM32U535VET6Q, STM32U545CET6, STM32U545CET6Q, STM32U545CEU6, STM32U545CEU6Q, STM32U545JEY6QTR, STM32U545NEY6QTR, STM32U545REI6, STM32U545REI6Q, STM32U545RET6, STM32U545RET6Q, STM32U545VEI6, STM32U545VEI6Q, STM32U545VET6, STM32U545VET6Q, STM32U595AIH6, STM32U595AIH6Q, STM32U595AJH6, STM32U595AJH6Q, STM32U595QII6, STM32U595QII6Q, STM32U595QJI6, STM32U595QJI6Q, STM32U595RIT6, STM32U595RIT6Q, STM32U595RJT6, STM32U595RJT6Q, STM32U595VIT6, STM32U595VIT6Q, STM32U595VJT6, STM32U595VJT6Q, STM32U595ZIT6, STM32U595ZIT6Q, STM32U595ZIY6QTR, STM32U595ZJT6, STM32U595ZJT6Q, STM32U595ZJY6QTR, STM32U599BJY6QTR, STM32U599NIH6Q, STM32U599NJH6Q, STM32U599VIT6Q, STM32U599VJT6, STM32U599VJT6Q, STM32U599ZIT6Q, STM32U599ZIY6QTR, STM32U599ZJT6Q, STM32U599ZJY6QTR, STM32U5A5AJH6, STM32U5A5AJH6Q, STM32U5A5QJI6, STM32U5A5QJI6Q, STM32U5A5RJT6, STM32U5A5RJT6Q, STM32U5A5VJT6, STM32U5A5VJT6Q, STM32U5A5ZJT6, STM32U5A5ZJT6Q, STM32U5A5ZJY6QTR, STM32U5A9BJY6QTR, STM32U5A9J-DK, STM32U5A9NJH6Q, STM32U5A9VJT6Q, STM32U5A9ZJT6Q, STM32U5A9ZJY6QTR, STM32U5F7VIT6, STM32U5F7VIT6Q, STM32U5F7VJT6, STM32U5F7VJT6Q, STM32U5F9BJY6QTR, STM32U5F9NJH6Q, STM32U5F9VIT6Q, STM32U5F9VJT6Q, STM32U5F9ZIJ6QTR, STM32U5F9ZIT6Q, STM32U5F9ZJJ6QTR, STM32U5F9ZJT6Q, STM32U5G7VJT6, STM32U5G7VJT6Q, STM32U5G9BJY6QTR, STM32U5G9J-DK1, STM32U5G9J-DK2, STM32U5G9NJH6Q, STM32U5G9VJT6Q, STM32U5G9ZJJ6QTR, STM32U5G9ZJT6Q, STM32WB1MMCH6, STM32WBA52CEU6, STM32WBA52CEU6T, STM32WBA52CGU6, STM32WBA52CGU6T, STM32WBA52KEU6, STM32WBA52KEU6T, STM32WBA52KGU6, STM32WBA52KGU6T, STM32WL5MOCH6, STM32WL5MOCH6TR]
2025-11-27 00:21:44,485 [INFO] DbMcus:217 - Found 4801 MCUs, 4801 are supported
2025-11-27 00:21:44,485 [INFO] ApiDb:423 - Load user favorites file C:\Users\bogda/.stm32cubeide/favorites.mcus.txt: 0 item(s)
2025-11-27 00:21:44,485 [INFO] ApiDb:427 - User favorites MCUs=[]
2025-11-27 00:21:44,485 [INFO] DbMcus:223 - Set 0 / 0 favorites MCUs
2025-11-27 00:21:44,963 [WARN] ThirdParty:833 - waiting for thirdparty lock release [change project]
2025-11-27 00:21:44,963 [INFO] ThirdParty:835 - entering critical section [change project]
2025-11-27 00:21:44,963 [INFO] ThirdParty:1030 - CMSIS Pack Vendor :STMicroelectronics USBPD 4.1
2025-11-27 00:21:44,963 [INFO] ThirdParty:1030 - CMSIS Pack Vendor :STMicroelectronics ThreadX 1.0.0
2025-11-27 00:21:44,963 [INFO] ThirdParty:1030 - CMSIS Pack Vendor :STMicroelectronics X-CUBE-MEMS1 12.0.0
2025-11-27 00:21:44,963 [INFO] ThirdParty:1030 - CMSIS Pack Vendor :STMicroelectronics USB_HOST 2.0.0
2025-11-27 00:21:44,963 [INFO] ThirdParty:1030 - CMSIS Pack Vendor :STMicroelectronics LIBJPEG 8.0.0
2025-11-27 00:21:44,963 [INFO] ThirdParty:1030 - CMSIS Pack Vendor :STMicroelectronics FreeRTOS 0.0.1
2025-11-27 00:21:44,963 [INFO] ThirdParty:1030 - CMSIS Pack Vendor :STMicroelectronics USB_DEVICE 1.0.0
2025-11-27 00:21:44,963 [INFO] ThirdParty:1030 - CMSIS Pack Vendor :STMicroelectronics STM32_WPAN 1.0.0
2025-11-27 00:21:44,963 [INFO] ThirdParty:1030 - CMSIS Pack Vendor :STMicroelectronics USB_DEVICE 3.0.0
2025-11-27 00:21:44,963 [INFO] ThirdParty:1030 - CMSIS Pack Vendor :STMicroelectronics HAL Drivers 0.0.0
2025-11-27 00:21:44,963 [INFO] ThirdParty:1030 - CMSIS Pack Vendor :STMicroelectronics MBEDTLS 2.16.2
2025-11-27 00:21:44,963 [INFO] ThirdParty:1030 - CMSIS Pack Vendor :STMicroelectronics ThreadX 0.0.2
2025-11-27 00:21:44,963 [INFO] ThirdParty:1030 - CMSIS Pack Vendor :STMicroelectronics lwIP 2.0.3
2025-11-27 00:21:44,963 [INFO] ThirdParty:1030 - CMSIS Pack Vendor :STMicroelectronics lwIP 2.1.2
2025-11-27 00:21:44,963 [INFO] ThirdParty:1030 - CMSIS Pack Vendor :STMicroelectronics MBEDTLS 2.14.1
2025-11-27 00:21:44,963 [INFO] ThirdParty:1030 - CMSIS Pack Vendor :STMicroelectronics USB_HOST 1.0.0
2025-11-27 00:21:44,963 [INFO] ThirdParty:1030 - CMSIS Pack Vendor :STMicroelectronics X-CUBE-TOUCHGFX 4.26.0
2025-11-27 00:21:44,963 [INFO] ThirdParty:1030 - CMSIS Pack Vendor :STMicroelectronics PDM2PCM 3.1.0
2025-11-27 00:21:44,963 [INFO] ThirdParty:1030 - CMSIS Pack Vendor :STMicroelectronics PDM2PCM 3.2.0
2025-11-27 00:21:44,963 [INFO] ThirdParty:1030 - CMSIS Pack Vendor :STMicroelectronics USB_DEVICE 2.0.0
2025-11-27 00:21:44,963 [INFO] ThirdParty:1030 - CMSIS Pack Vendor :STMicroelectronics PDM2PCM 3.3.0
2025-11-27 00:21:44,964 [INFO] ThirdParty:841 - exiting critical section [change project]
2025-11-27 00:21:45,389 [INFO] PinOutPanel:1499 - setPackage(No Configuration,No Configuration)
2025-11-27 00:21:45,393 [INFO] PinOutPanel:1499 - setPackage(STM32F407VGTx,LQFP100)
2025-11-27 00:21:45,911 [INFO] UtilMem:75 - Before build in PCC Used Memory: 775929968 Bytes (1073741824)
2025-11-27 00:21:47,112 [INFO] UtilMem:75 - After build in PCC Used Memory: 845059512 Bytes (1073741824)
2025-11-27 00:21:47,375 [INFO] ApiDbMcu:507 - Load IP Config File for USB_HOST
2025-11-27 00:21:47,381 [WARN] BspModel:444 - BSP dependency skipped because of component: name='IOExpander', api='Unknown'
2025-11-27 00:21:47,427 [INFO] IPUIPlugin:80 - create IPUIPlugin
2025-11-27 00:21:47,427 [INFO] IPUIPlugin:80 - create IPUIPlugin
2025-11-27 00:21:47,427 [INFO] IPUIPlugin:80 - create IPUIPlugin
2025-11-27 00:21:47,428 [INFO] IPUIPlugin:80 - create IPUIPlugin
2025-11-27 00:21:47,429 [INFO] IPUIPlugin:80 - create IPUIPlugin
2025-11-27 00:21:47,429 [INFO] IPUIPlugin:80 - create IPUIPlugin
2025-11-27 00:21:47,430 [INFO] IPUIPlugin:80 - create IPUIPlugin
2025-11-27 00:21:47,430 [INFO] IPUIPlugin:80 - create IPUIPlugin
2025-11-27 00:21:47,430 [INFO] IPUIPlugin:80 - create IPUIPlugin
2025-11-27 00:21:47,431 [INFO] IPUIPlugin:80 - create IPUIPlugin
2025-11-27 00:21:47,431 [INFO] IPUIPlugin:80 - create IPUIPlugin
2025-11-27 00:21:47,431 [INFO] IPUIPlugin:80 - create IPUIPlugin
2025-11-27 00:21:47,431 [INFO] IPUIPlugin:80 - create IPUIPlugin
2025-11-27 00:21:47,432 [INFO] IPUIPlugin:80 - create IPUIPlugin
2025-11-27 00:21:47,432 [INFO] IPUIPlugin:80 - create IPUIPlugin
2025-11-27 00:21:47,432 [INFO] IPUIPlugin:80 - create IPUIPlugin
2025-11-27 00:21:47,432 [INFO] IPUIPlugin:80 - create IPUIPlugin
2025-11-27 00:21:47,433 [INFO] IPUIPlugin:80 - create IPUIPlugin
2025-11-27 00:21:47,433 [INFO] IPUIPlugin:80 - create IPUIPlugin
2025-11-27 00:21:47,433 [INFO] IPUIPlugin:80 - create IPUIPlugin
2025-11-27 00:21:47,434 [INFO] IPUIPlugin:80 - create IPUIPlugin
2025-11-27 00:21:47,434 [INFO] IPUIPlugin:80 - create IPUIPlugin
2025-11-27 00:21:47,434 [INFO] IPUIPlugin:80 - create IPUIPlugin
2025-11-27 00:21:47,435 [INFO] IPUIPlugin:80 - create IPUIPlugin
2025-11-27 00:21:47,435 [INFO] IPUIPlugin:80 - create IPUIPlugin
2025-11-27 00:21:47,437 [INFO] IPUIPlugin:80 - create IPUIPlugin
2025-11-27 00:21:47,438 [INFO] IPUIPlugin:80 - create IPUIPlugin
2025-11-27 00:21:47,438 [INFO] IPUIPlugin:80 - create IPUIPlugin
2025-11-27 00:21:47,438 [INFO] IPUIPlugin:80 - create IPUIPlugin
2025-11-27 00:21:47,440 [INFO] IPUIPlugin:80 - create IPUIPlugin
2025-11-27 00:21:47,440 [INFO] IPUIPlugin:80 - create IPUIPlugin
2025-11-27 00:21:47,440 [INFO] IPUIPlugin:80 - create IPUIPlugin
2025-11-27 00:21:47,441 [INFO] IPUIPlugin:80 - create IPUIPlugin
2025-11-27 00:21:47,442 [INFO] IPUIPlugin:80 - create IPUIPlugin
2025-11-27 00:21:47,442 [INFO] IPUIPlugin:80 - create IPUIPlugin
2025-11-27 00:21:47,442 [INFO] IPUIPlugin:80 - create IPUIPlugin
2025-11-27 00:21:47,442 [INFO] IPUIPlugin:80 - create IPUIPlugin
2025-11-27 00:21:47,443 [INFO] IPUIPlugin:80 - create IPUIPlugin
2025-11-27 00:21:47,443 [INFO] IPUIPlugin:80 - create IPUIPlugin
2025-11-27 00:21:47,443 [INFO] IPUIPlugin:80 - create IPUIPlugin
2025-11-27 00:21:47,443 [INFO] IPUIPlugin:80 - create IPUIPlugin
2025-11-27 00:21:47,443 [INFO] IPUIPlugin:80 - create IPUIPlugin
2025-11-27 00:21:47,444 [INFO] IPUIPlugin:80 - create IPUIPlugin
2025-11-27 00:21:47,444 [INFO] IPUIPlugin:80 - create IPUIPlugin
2025-11-27 00:21:47,444 [INFO] IPUIPlugin:80 - create IPUIPlugin
2025-11-27 00:21:47,444 [INFO] IPUIPlugin:80 - create IPUIPlugin
2025-11-27 00:21:47,444 [INFO] IPUIPlugin:80 - create IPUIPlugin
2025-11-27 00:21:47,446 [INFO] IPUIPlugin:80 - create IPUIPlugin
2025-11-27 00:21:47,446 [INFO] IPUIPlugin:80 - create IPUIPlugin
2025-11-27 00:21:47,446 [INFO] IPUIPlugin:80 - create IPUIPlugin
2025-11-27 00:21:47,447 [INFO] IPUIPlugin:80 - create IPUIPlugin
2025-11-27 00:21:47,447 [INFO] IPUIPlugin:80 - create IPUIPlugin
2025-11-27 00:21:47,448 [INFO] IPUIPlugin:80 - create IPUIPlugin
2025-11-27 00:21:47,448 [INFO] IPUIPlugin:80 - create IPUIPlugin
2025-11-27 00:21:47,448 [INFO] IPUIPlugin:80 - create IPUIPlugin
2025-11-27 00:21:47,450 [INFO] IPUIPlugin:80 - create IPUIPlugin
2025-11-27 00:21:47,450 [INFO] IPUIPlugin:80 - create IPUIPlugin
2025-11-27 00:21:47,451 [INFO] IPUIPlugin:80 - create IPUIPlugin
2025-11-27 00:21:47,496 [INFO] ApiDbMcu:507 - Load IP Config File for PDM2PCM
2025-11-27 00:21:47,517 [WARN] IP:2114 - I2C_Coeff_DF not found: check if there is a RefParameter without a condition.
2025-11-27 00:21:47,517 [WARN] IP:2114 - Analog_Filter not found: check if there is a RefParameter without a condition.
2025-11-27 00:21:47,538 [INFO] I2sManager:658 - 9.6E7
2025-11-27 00:21:47,540 [INFO] I2sManager:195 - I2S Clock Value : 9.6E7
2025-11-27 00:21:47,544 [INFO] I2sManager:553 - AudioClock : 93750Divider : 2Odd : 0
2025-11-27 00:21:47,826 [INFO] CADModel:165 - CPN selected for project levelSTM32F407VGT6
2025-11-27 00:21:47,826 [INFO] CADModel:114 - Register for checkConnection events
2025-11-27 00:21:47,903 [INFO] OpenFileManager:328 - Restore cursor
2025-11-27 00:21:48,134 [WARN] IP:2114 - I2C_Coeff_DF not found: check if there is a RefParameter without a condition.
2025-11-27 00:21:48,135 [WARN] IP:2114 - Analog_Filter not found: check if there is a RefParameter without a condition.
2025-11-27 00:21:48,135 [WARN] IP:2114 - I2C_Coeff_DF not found: check if there is a RefParameter without a condition.
2025-11-27 00:21:48,135 [WARN] IP:2114 - Analog_Filter not found: check if there is a RefParameter without a condition.
2025-11-27 00:50:01,097 [ERROR] AdobePublisher:162 - Exception while opening the connection: java.net.SocketTimeoutException: Read timed out
2025-11-27 00:50:03,240 [ERROR] AdobePublisher:162 - Exception while opening the connection: java.net.SocketTimeoutException: Read timed out
2025-11-27 00:50:05,341 [ERROR] AdobePublisher:162 - Exception while opening the connection: java.net.SocketTimeoutException: Read timed out
2025-11-27 00:50:08,385 [ERROR] AdobePublisher:162 - Exception while opening the connection: java.net.SocketTimeoutException: Read timed out
2025-11-27 00:50:10,426 [ERROR] AdobePublisher:162 - Exception while opening the connection: java.net.SocketTimeoutException: Read timed out
2025-11-27 00:50:12,730 [ERROR] AdobePublisher:162 - Exception while opening the connection: java.net.SocketTimeoutException: Read timed out
2025-11-27 00:50:14,836 [ERROR] AdobePublisher:162 - Exception while opening the connection: java.net.SocketTimeoutException: Read timed out
2025-11-27 00:50:16,881 [ERROR] AdobePublisher:162 - Exception while opening the connection: java.net.SocketTimeoutException: Read timed out
2025-11-27 00:50:18,926 [ERROR] AdobePublisher:162 - Exception while opening the connection: java.net.SocketTimeoutException: Read timed out
2025-11-27 00:50:21,002 [ERROR] AdobePublisher:162 - Exception while opening the connection: java.net.SocketTimeoutException: Read timed out
2025-11-27 00:51:17,629 [ERROR] AdobePublisher:162 - Exception while opening the connection: java.net.SocketTimeoutException: Read timed out
2025-11-27 00:51:19,713 [ERROR] AdobePublisher:162 - Exception while opening the connection: java.net.SocketTimeoutException: Read timed out
2025-11-27 00:51:21,798 [ERROR] AdobePublisher:162 - Exception while opening the connection: java.net.SocketTimeoutException: Read timed out
2025-11-27 00:51:23,881 [ERROR] AdobePublisher:162 - Exception while opening the connection: java.net.SocketTimeoutException: Read timed out
2025-11-27 00:51:25,959 [ERROR] AdobePublisher:162 - Exception while opening the connection: java.net.SocketTimeoutException: Read timed out
2025-11-27 00:51:28,306 [ERROR] AdobePublisher:162 - Exception while opening the connection: java.net.SocketTimeoutException: Read timed out
2025-11-27 00:51:30,381 [ERROR] AdobePublisher:162 - Exception while opening the connection: java.net.SocketTimeoutException: Read timed out
2025-11-27 00:51:32,468 [ERROR] AdobePublisher:162 - Exception while opening the connection: java.net.SocketTimeoutException: Read timed out
2025-11-27 00:51:34,514 [ERROR] AdobePublisher:162 - Exception while opening the connection: java.net.SocketTimeoutException: Read timed out
2025-11-27 00:51:36,591 [ERROR] AdobePublisher:162 - Exception while opening the connection: java.net.SocketTimeoutException: Read timed out
2025-11-27 10:58:31,094 [ERROR] LogOutputStream:75 - [STDERR_REDIRECT] 
2025-11-27 10:59:14,706 [INFO] Activator:176 - 


2025-11-27 10:59:14,707 [INFO] Activator:177 - !SESSION log4j initialized
2025-11-27 10:59:20,915 [INFO] LogOutputStream:77 - [STDOUT_REDIRECT] 
2025-11-27 10:59:23,216 [INFO] ApplicationProperties:184 - Using Application install path: C:\ST\STM32CubeIDE_1.13.0\STM32CubeIDE\plugins\com.st.stm32cube.common.mx_6.9.0.202307051724
2025-11-27 10:59:23,231 [INFO] DbMcusXml:78 - Set database path to: C:\ST\STM32CubeIDE_1.13.0\STM32CubeIDE\plugins\com.st.stm32cube.common.mx_6.9.0.202307051724\\db\/mcu/
2025-11-27 10:59:23,232 [INFO] ApiDb:274 - Set plugin database path to: C:\ST\STM32CubeIDE_1.13.0\STM32CubeIDE\plugins\com.st.stm32cube.common.mx_6.9.0.202307051724\\db\/plugins/boardmanager/
2025-11-27 10:59:23,232 [WARN] ApiDb:259 - Overriding images path with different value:  => C:\ST\STM32CubeIDE_1.13.0\STM32CubeIDE\plugins\com.st.stm32cube.common.mx_6.9.0.202307051724\\db\/plugins/mcufinder/images/
2025-11-27 10:59:23,243 [INFO] ApiDb:250 - Set database path to: C:\Users\bogda\.stmcufinder\plugins\mcufinder//mcu/
2025-11-27 10:59:23,245 [INFO] DbMcusAds:125 - Set database path to: C:\Users\bogda\.stmcufinder\plugins\mcufinder//mcu/
2025-11-27 10:59:23,246 [INFO] CrossReferenceDbSqlite:203 - Set database path to: C:\Users\bogda\.stmcufinder\plugins\mcufinder//mcu/cs/
2025-11-27 10:59:23,355 [INFO] RulesReader:64 - Compatibility file has been processed (293 Rules)
2025-11-27 10:59:23,451 [INFO] DbMcusXml:78 - Set database path to: C:\ST\STM32CubeIDE_1.13.0\STM32CubeIDE\plugins\com.st.stm32cube.common.mx_6.9.0.202307051724\\db\/mcu/
2025-11-27 10:59:23,451 [INFO] ApiDb:274 - Set plugin database path to: C:\ST\STM32CubeIDE_1.13.0\STM32CubeIDE\plugins\com.st.stm32cube.common.mx_6.9.0.202307051724\\db\/plugins/boardmanager/
2025-11-27 10:59:23,452 [INFO] ApiDb:261 - Set plugin images path to: C:\ST\STM32CubeIDE_1.13.0\STM32CubeIDE\plugins\com.st.stm32cube.common.mx_6.9.0.202307051724\\db\/plugins/mcufinder/images/
2025-11-27 10:59:23,452 [WARN] DbFile:41 - Overriding database path with different value: C:\Users\bogda\.stmcufinder\plugins\mcufinder/ => C:\Users\bogda\.stmcufinder\plugins\mcufinder
2025-11-27 10:59:23,452 [INFO] ApiDb:250 - Set database path to: C:\Users\bogda\.stmcufinder\plugins\mcufinder//mcu/
2025-11-27 10:59:23,452 [WARN] DbFile:41 - Overriding database path with different value: C:\Users\bogda\.stmcufinder\plugins\mcufinder/ => C:\Users\bogda\.stmcufinder\plugins\mcufinder
2025-11-27 10:59:23,452 [INFO] DbMcusAds:125 - Set database path to: C:\Users\bogda\.stmcufinder\plugins\mcufinder//mcu/
2025-11-27 10:59:23,452 [WARN] DbFile:41 - Overriding database path with different value: C:\Users\bogda\.stmcufinder\plugins\mcufinder/ => C:\Users\bogda\.stmcufinder\plugins\mcufinder
2025-11-27 10:59:23,452 [WARN] DbFile:41 - Overriding database path with different value: C:\Users\bogda\.stmcufinder\plugins\mcufinder/ => C:\Users\bogda\.stmcufinder\plugins\mcufinder
2025-11-27 10:59:23,452 [INFO] CrossReferenceDbSqlite:203 - Set database path to: C:\Users\bogda\.stmcufinder\plugins\mcufinder//mcu/cs/
2025-11-27 10:59:23,555 [INFO] MainPanel:262 - HeapMemory: 268435456
2025-11-27 10:59:23,670 [INFO] DbMcusXml:78 - Set database path to: C:\ST\STM32CubeIDE_1.13.0\STM32CubeIDE\plugins\com.st.stm32cube.common.mx_6.9.0.202307051724\\db\/mcu/
2025-11-27 10:59:23,670 [INFO] ApiDb:274 - Set plugin database path to: C:\ST\STM32CubeIDE_1.13.0\STM32CubeIDE\plugins\com.st.stm32cube.common.mx_6.9.0.202307051724\\db\/plugins/boardmanager/
2025-11-27 10:59:23,670 [INFO] ApiDb:261 - Set plugin images path to: C:\ST\STM32CubeIDE_1.13.0\STM32CubeIDE\plugins\com.st.stm32cube.common.mx_6.9.0.202307051724\\db\/plugins/mcufinder/images/
2025-11-27 10:59:23,670 [WARN] DbFile:41 - Overriding database path with different value: C:\Users\bogda\.stmcufinder\plugins\mcufinder/ => C:\Users\bogda\.stmcufinder\plugins\mcufinder
2025-11-27 10:59:23,670 [INFO] ApiDb:250 - Set database path to: C:\Users\bogda\.stmcufinder\plugins\mcufinder//mcu/
2025-11-27 10:59:23,670 [WARN] DbFile:41 - Overriding database path with different value: C:\Users\bogda\.stmcufinder\plugins\mcufinder/ => C:\Users\bogda\.stmcufinder\plugins\mcufinder
2025-11-27 10:59:23,670 [INFO] DbMcusAds:125 - Set database path to: C:\Users\bogda\.stmcufinder\plugins\mcufinder//mcu/
2025-11-27 10:59:23,671 [WARN] DbFile:41 - Overriding database path with different value: C:\Users\bogda\.stmcufinder\plugins\mcufinder/ => C:\Users\bogda\.stmcufinder\plugins\mcufinder
2025-11-27 10:59:23,671 [WARN] DbFile:41 - Overriding database path with different value: C:\Users\bogda\.stmcufinder\plugins\mcufinder/ => C:\Users\bogda\.stmcufinder\plugins\mcufinder
2025-11-27 10:59:23,671 [INFO] CrossReferenceDbSqlite:203 - Set database path to: C:\Users\bogda\.stmcufinder\plugins\mcufinder//mcu/cs/
2025-11-27 10:59:23,685 [INFO] ApplicationProperties:184 - Using Application install path: C:\ST\STM32CubeIDE_1.13.0\STM32CubeIDE\plugins\com.st.stm32cube.common.mx_6.9.0.202307051724
2025-11-27 10:59:23,686 [INFO] PluginManage:196 - Search for loadable plugins [exclusion list=, ]
2025-11-27 10:59:23,688 [INFO] PluginManage:310 - Check plugin analytics
2025-11-27 10:59:23,841 [INFO] AnalyticsPlugin:253 - Accepted Software Licenses: 
2025-11-27 10:59:23,841 [INFO] AnalyticsPlugin:255 - Accepted CMSIS Pack Licenses: 
2025-11-27 10:59:23,843 [INFO] AnalyticsPlugin:257 - Accepted Firmware Licenses: FW.F4.1.27.0
2025-11-27 10:59:23,845 [INFO] PluginManage:359 - Loaded plugin analytics (category:tool,tabindex:-1)
2025-11-27 10:59:23,845 [INFO] PluginManage:310 - Check plugin cadmodel
2025-11-27 10:59:23,865 [INFO] CADModel:105 - Init CAD model plugin
2025-11-27 10:59:23,866 [INFO] PluginManage:359 - Loaded plugin cadmodel (category:power,tabindex:5)
2025-11-27 10:59:23,866 [INFO] PluginManage:310 - Check plugin clock
2025-11-27 10:59:23,887 [INFO] PluginManage:359 - Loaded plugin clock (category:base,tabindex:2)
2025-11-27 10:59:23,887 [INFO] PluginManage:310 - Check plugin ddr
2025-11-27 10:59:23,889 [INFO] PluginManage:359 - Loaded plugin ddr (category:tool,tabindex:6)
2025-11-27 10:59:23,889 [INFO] PluginManage:310 - Check plugin filemanager
2025-11-27 10:59:24,013 [INFO] PluginManage:359 - Loaded plugin filemanager (category:base,tabindex:10)
2025-11-27 10:59:24,013 [INFO] PluginManage:310 - Check plugin ipmanager
2025-11-27 10:59:24,020 [INFO] PluginManage:359 - Loaded plugin ipmanager (category:base,tabindex:5)
2025-11-27 10:59:24,021 [INFO] PluginManage:310 - Check plugin lpbam
2025-11-27 10:59:24,041 [INFO] PluginManage:359 - Loaded plugin lpbam (category:base,tabindex:0)
2025-11-27 10:59:24,041 [INFO] PluginManage:310 - Check plugin memorymap
2025-11-27 10:59:24,068 [INFO] PluginManage:359 - Loaded plugin memorymap (category:base,tabindex:4)
2025-11-27 10:59:24,068 [INFO] PluginManage:310 - Check plugin pinoutandconfiguration
2025-11-27 10:59:24,087 [INFO] PluginManage:359 - Loaded plugin pinoutandconfiguration (category:base,tabindex:1)
2025-11-27 10:59:24,087 [INFO] PluginManage:310 - Check plugin pinoutconfig
2025-11-27 10:59:24,173 [WARN] SupportedApi:132 - Cannot load RTOS API schema: s4s-elt-must-match.1: The content of 'definitions' must match (annotation?, (simpleType | complexType)?, (unique | key | keyref)*)). A problem was found starting at: attribute.
2025-11-27 10:59:24,282 [INFO] PluginManage:359 - Loaded plugin pinoutconfig (category:base,tabindex:0)
2025-11-27 10:59:24,282 [INFO] PluginManage:310 - Check plugin power
2025-11-27 10:59:24,307 [INFO] PluginManage:359 - Loaded plugin power (category:power,tabindex:4)
2025-11-27 10:59:24,307 [INFO] PluginManage:310 - Check plugin projectmanager
2025-11-27 10:59:24,321 [INFO] PluginManage:359 - Loaded plugin projectmanager (category:projectmanager,tabindex:3)
2025-11-27 10:59:24,321 [INFO] PluginManage:310 - Check plugin thirdparty
2025-11-27 10:59:24,628 [INFO] PluginManage:359 - Loaded plugin thirdparty (category:base,tabindex:-1)
2025-11-27 10:59:24,628 [WARN] IntegrityCheckThread:84 - waiting for thirdparty lock release [integrity check]
2025-11-27 10:59:24,628 [INFO] IntegrityCheckThread:86 - entering critical section [integrity check]
2025-11-27 10:59:24,628 [INFO] PluginManage:310 - Check plugin tools
2025-11-27 10:59:24,628 [INFO] ThirdPartyUpdaterWithRetryManager:70 - Updater plugin not ready yet. [1/15]
2025-11-27 10:59:24,676 [INFO] PluginManage:359 - Loaded plugin tools (category:base,tabindex:7)
2025-11-27 10:59:24,676 [INFO] PluginManage:310 - Check plugin tutovideos
2025-11-27 10:59:24,860 [INFO] PluginManage:359 - Loaded plugin tutovideos (category:base,tabindex:-1)
2025-11-27 10:59:24,860 [INFO] PluginManage:310 - Check plugin updater
2025-11-27 10:59:24,870 [INFO] PluginManage:359 - Loaded plugin updater (category:base,tabindex:12)
2025-11-27 10:59:24,870 [INFO] PluginManage:310 - Check plugin userauth
2025-11-27 10:59:24,875 [INFO] UserAuth:113 - Init User Auth plugin
2025-11-27 10:59:24,875 [INFO] PluginManage:359 - Loaded plugin userauth (category:base,tabindex:14)
2025-11-27 10:59:24,875 [INFO] PluginManage:283 - PluginManage : Loaded plugins [17]
2025-11-27 10:59:25,067 [INFO] PinOutPanel:1499 - setPackage(No Configuration,No Configuration)
2025-11-27 10:59:25,156 [INFO] CADModel:165 - CPN selected for project level
2025-11-27 10:59:25,156 [INFO] CADModel:114 - Register for checkConnection events
2025-11-27 10:59:25,185 [INFO] IPUIPlugin:80 - create IPUIPlugin
2025-11-27 10:59:25,185 [INFO] PluginManager:220 - loadIPPluginJar : add adc
2025-11-27 10:59:25,222 [INFO] IPUIPlugin:80 - create IPUIPlugin
2025-11-27 10:59:25,222 [INFO] PluginManager:220 - loadIPPluginJar : add aes
2025-11-27 10:59:25,267 [INFO] IPUIPlugin:80 - create IPUIPlugin
2025-11-27 10:59:25,267 [INFO] PluginManager:220 - loadIPPluginJar : add can
2025-11-27 10:59:25,298 [INFO] IPUIPlugin:80 - create IPUIPlugin
2025-11-27 10:59:25,299 [INFO] PluginManager:220 - loadIPPluginJar : add comp
2025-11-27 10:59:25,341 [INFO] IPUIPlugin:80 - create IPUIPlugin
2025-11-27 10:59:25,341 [INFO] PluginManager:220 - loadIPPluginJar : add cryp
2025-11-27 10:59:25,383 [INFO] IPUIPlugin:80 - create IPUIPlugin
2025-11-27 10:59:25,384 [INFO] PluginManager:220 - loadIPPluginJar : add dfsdm
2025-11-27 10:59:25,400 [INFO] IPUIPlugin:80 - create IPUIPlugin
2025-11-27 10:59:25,401 [INFO] PluginManager:220 - loadIPPluginJar : add dma
2025-11-27 10:59:25,465 [INFO] IPUIPlugin:80 - create IPUIPlugin
2025-11-27 10:59:25,465 [INFO] PluginManager:220 - loadIPPluginJar : add dma3
2025-11-27 10:59:25,493 [INFO] IPUIPlugin:80 - create IPUIPlugin
2025-11-27 10:59:25,493 [INFO] PluginManager:220 - loadIPPluginJar : add fatfs
2025-11-27 10:59:25,558 [INFO] IPUIPlugin:80 - create IPUIPlugin
2025-11-27 10:59:25,559 [INFO] PluginManager:220 - loadIPPluginJar : add fmc
2025-11-27 10:59:25,579 [INFO] IPUIPlugin:80 - create IPUIPlugin
2025-11-27 10:59:25,580 [INFO] PluginManager:220 - loadIPPluginJar : add freertos
2025-11-27 10:59:25,610 [INFO] IPUIPlugin:80 - create IPUIPlugin
2025-11-27 10:59:25,610 [INFO] PluginManager:220 - loadIPPluginJar : add genericplugin
2025-11-27 10:59:25,764 [INFO] IPUIPlugin:80 - create IPUIPlugin
2025-11-27 10:59:25,764 [INFO] PluginManager:220 - loadIPPluginJar : add gfxmmu
2025-11-27 10:59:25,950 [INFO] IPUIPlugin:80 - create IPUIPlugin
2025-11-27 10:59:25,950 [INFO] PluginManager:220 - loadIPPluginJar : add gic
2025-11-27 10:59:25,968 [INFO] IPUIPlugin:80 - create IPUIPlugin
2025-11-27 10:59:25,968 [INFO] PluginManager:220 - loadIPPluginJar : add gpio
2025-11-27 10:59:26,097 [INFO] IPUIPlugin:80 - create IPUIPlugin
2025-11-27 10:59:26,097 [INFO] PluginManager:220 - loadIPPluginJar : add gtzc
2025-11-27 10:59:26,153 [INFO] IPUIPlugin:80 - create IPUIPlugin
2025-11-27 10:59:26,153 [INFO] PluginManager:220 - loadIPPluginJar : add hash
2025-11-27 10:59:26,227 [INFO] IPUIPlugin:80 - create IPUIPlugin
2025-11-27 10:59:26,227 [INFO] PluginManager:220 - loadIPPluginJar : add i2c
2025-11-27 10:59:26,279 [INFO] IPUIPlugin:80 - create IPUIPlugin
2025-11-27 10:59:26,279 [INFO] PluginManager:220 - loadIPPluginJar : add i2s
2025-11-27 10:59:26,332 [INFO] IPUIPlugin:80 - create IPUIPlugin
2025-11-27 10:59:26,333 [INFO] PluginManager:220 - loadIPPluginJar : add i3c
2025-11-27 10:59:26,439 [INFO] IPUIPlugin:80 - create IPUIPlugin
2025-11-27 10:59:26,439 [INFO] PluginManager:220 - loadIPPluginJar : add ipddr
2025-11-27 10:59:26,562 [INFO] IPUIPlugin:80 - create IPUIPlugin
2025-11-27 10:59:26,562 [INFO] PluginManager:220 - loadIPPluginJar : add linkedlist
2025-11-27 10:59:26,605 [INFO] IPUIPlugin:80 - create IPUIPlugin
2025-11-27 10:59:26,605 [INFO] PluginManager:220 - loadIPPluginJar : add lorawan
2025-11-27 10:59:26,649 [INFO] IPUIPlugin:80 - create IPUIPlugin
2025-11-27 10:59:26,649 [INFO] PluginManager:220 - loadIPPluginJar : add ltdc
2025-11-27 10:59:26,665 [INFO] IPUIPlugin:80 - create IPUIPlugin
2025-11-27 10:59:26,665 [INFO] PluginManager:220 - loadIPPluginJar : add mdma
2025-11-27 10:59:26,679 [INFO] IPUIPlugin:80 - create IPUIPlugin
2025-11-27 10:59:26,679 [INFO] PluginManager:220 - loadIPPluginJar : add nvic
2025-11-27 10:59:26,723 [INFO] IPUIPlugin:80 - create IPUIPlugin
2025-11-27 10:59:26,723 [INFO] PluginManager:220 - loadIPPluginJar : add opamp
2025-11-27 10:59:26,800 [INFO] IPUIPlugin:80 - create IPUIPlugin
2025-11-27 10:59:26,800 [INFO] PluginManager:220 - loadIPPluginJar : add openamp
2025-11-27 10:59:26,856 [INFO] IPUIPlugin:80 - create IPUIPlugin
2025-11-27 10:59:26,856 [INFO] PluginManager:220 - loadIPPluginJar : add pdm2pcm
2025-11-27 10:59:26,872 [INFO] IPUIPlugin:80 - create IPUIPlugin
2025-11-27 10:59:26,874 [INFO] PluginManager:220 - loadIPPluginJar : add plateformsettings
2025-11-27 10:59:26,898 [INFO] IPUIPlugin:80 - create IPUIPlugin
2025-11-27 10:59:26,898 [INFO] PluginManager:220 - loadIPPluginJar : add quadspi
2025-11-27 10:59:26,915 [INFO] IPUIPlugin:80 - create IPUIPlugin
2025-11-27 10:59:26,915 [INFO] PluginManager:220 - loadIPPluginJar : add resmgrutility
2025-11-27 10:59:26,966 [INFO] IPUIPlugin:80 - create IPUIPlugin
2025-11-27 10:59:26,966 [INFO] PluginManager:220 - loadIPPluginJar : add sai
2025-11-27 10:59:27,007 [INFO] IPUIPlugin:80 - create IPUIPlugin
2025-11-27 10:59:27,007 [INFO] PluginManager:220 - loadIPPluginJar : add spi
2025-11-27 10:59:27,066 [INFO] IPUIPlugin:80 - create IPUIPlugin
2025-11-27 10:59:27,066 [INFO] PluginManager:220 - loadIPPluginJar : add stm32_wpan
2025-11-27 10:59:27,097 [INFO] IPUIPlugin:80 - create IPUIPlugin
2025-11-27 10:59:27,097 [INFO] PluginManager:220 - loadIPPluginJar : add tim
2025-11-27 10:59:27,153 [INFO] IPUIPlugin:80 - create IPUIPlugin
2025-11-27 10:59:27,153 [INFO] PluginManager:220 - loadIPPluginJar : add touchsensing
2025-11-27 10:59:27,177 [INFO] IPUIPlugin:80 - create IPUIPlugin
2025-11-27 10:59:27,177 [INFO] PluginManager:220 - loadIPPluginJar : add tracer_emb
2025-11-27 10:59:27,204 [INFO] IPUIPlugin:80 - create IPUIPlugin
2025-11-27 10:59:27,205 [INFO] PluginManager:220 - loadIPPluginJar : add ts
2025-11-27 10:59:27,234 [INFO] IPUIPlugin:80 - create IPUIPlugin
2025-11-27 10:59:27,234 [INFO] PluginManager:220 - loadIPPluginJar : add tsc
2025-11-27 10:59:27,262 [INFO] IPUIPlugin:80 - create IPUIPlugin
2025-11-27 10:59:27,262 [INFO] PluginManager:220 - loadIPPluginJar : add ucpd
2025-11-27 10:59:27,320 [INFO] IPUIPlugin:80 - create IPUIPlugin
2025-11-27 10:59:27,320 [INFO] PluginManager:220 - loadIPPluginJar : add usart
2025-11-27 10:59:27,374 [INFO] IPUIPlugin:80 - create IPUIPlugin
2025-11-27 10:59:27,374 [INFO] PluginManager:220 - loadIPPluginJar : add usbx
2025-11-27 10:59:27,491 [INFO] CADModel:165 - CPN selected for project level
2025-11-27 10:59:27,491 [INFO] CADModel:114 - Register for checkConnection events
2025-11-27 10:59:27,491 [FATAL] Updater:308 - Updater called before beeing initialized
2025-11-27 10:59:27,491 [ERROR] CADModel:125 - Updater not yet initialized, retry later 
2025-11-27 10:59:27,631 [INFO] ThirdPartyUpdaterWithRetryManager:70 - Updater plugin not ready yet. [2/15]
2025-11-27 10:59:27,640 [INFO] CADModel:165 - CPN selected for project level
2025-11-27 10:59:27,640 [INFO] CADModel:114 - Register for checkConnection events
2025-11-27 10:59:27,640 [FATAL] Updater:308 - Updater called before beeing initialized
2025-11-27 10:59:27,640 [ERROR] CADModel:125 - Updater not yet initialized, retry later 
2025-11-27 10:59:27,644 [FATAL] Updater:308 - Updater called before beeing initialized
2025-11-27 10:59:27,736 [FATAL] Updater:308 - Updater called before beeing initialized
2025-11-27 10:59:27,751 [INFO] DbMcusAds:53 - JSON generation date=Tue Nov 25 16:08:32 EET 2025 (1764079712316)
2025-11-27 10:59:27,751 [FATAL] Updater:308 - Updater called before beeing initialized
2025-11-27 10:59:27,785 [WARN] DetailPanel:346 - Failed to get advertising image, set to default
2025-11-27 10:59:27,864 [FATAL] Updater:308 - Updater called before beeing initialized
2025-11-27 10:59:27,865 [FATAL] Updater:308 - Updater called before beeing initialized
2025-11-27 10:59:27,865 [FATAL] Updater:308 - Updater called before beeing initialized
2025-11-27 10:59:27,865 [WARN] DetailPanel:346 - Failed to get advertising image, set to default
2025-11-27 10:59:27,867 [FATAL] Updater:308 - Updater called before beeing initialized
2025-11-27 10:59:27,920 [ERROR] Updater:1120 - MainUpdater not yet initialized. External WinMGr cannot be set.
2025-11-27 10:59:27,932 [INFO] Updater:1056 - Updater Version found : 6.9.0
2025-11-27 10:59:27,952 [INFO] ApplicationProperties:184 - Using Application install path: C:\ST\STM32CubeIDE_1.13.0\STM32CubeIDE\plugins\com.st.stm32cube.common.mx_6.9.0.202307051724
2025-11-27 10:59:28,195 [INFO] MainUpdater:2868 - connection check result : 10
2025-11-27 10:59:28,195 [INFO] MainUpdater:285 - Updater Check For Update Now.
2025-11-27 10:59:28,195 [INFO] MicroXplorer:498 - Change Database Version : DB.6.0.90
2025-11-27 10:59:28,213 [INFO] McuFinderGlobals:63 - Set McuFinder mode to 2 (CubeIDE integrated)
2025-11-27 10:59:28,213 [INFO] UserAuth:179 - activating auth plugin
2025-11-27 10:59:28,215 [INFO] UserAuth:393 - Internet connection configuration mode: 1
2025-11-27 10:59:28,249 [INFO] JxBrowserEngine:151 - Initiate JxBrowser Engine with user profile folder
2025-11-27 10:59:28,399 [INFO] CheckServerUpdateThread:120 - End of CheckServer Thread
2025-11-27 10:59:30,456 [INFO] WebApp:157 - Instantiating new browser for Auth
2025-11-27 10:59:30,778 [ERROR] Engine:466 - C:\Users\bogda\.stm32cubemx\thirdparties\pdsc\WES.I-CUBE-Cesium.1.4.0.pdsc: PDSC version is not supported
2025-11-27 10:59:30,796 [ERROR] Engine:466 - C:\Users\bogda\.stm32cubemx\thirdparties\pdsc\STMicroelectronics.X-CUBE-FREERTOS.1.4.0.pdsc: PDSC version is not supported
2025-11-27 10:59:30,946 [WARN] PackLoader:240 - Cannot read IP mode file for STMicroelectronics.X-CUBE-MEMS1.12.0.0
2025-11-27 10:59:31,119 [WARN] PackLoader:240 - Cannot read IP mode file for STMicroelectronics.X-CUBE-TOUCHGFX.4.26.0
2025-11-27 10:59:31,124 [INFO] ThirdParty:978 - Integrity check success = true
2025-11-27 10:59:31,124 [INFO] IntegrityCheckThread:100 - exiting critical section [integrity check]
2025-11-27 10:59:31,124 [INFO] IntegrityCheckThread:103 - End integrity checks thread
2025-11-27 10:59:31,723 [INFO] WebApp:753 - Register for checkConnection events
2025-11-27 10:59:31,724 [INFO] WebApp:390 - Apply proxy settings
2025-11-27 10:59:31,724 [INFO] WebApp:475 - Chromium requires no authentication
2025-11-27 10:59:31,742 [INFO] WebApp:418 - Direct internet connection detected
2025-11-27 11:00:53,521 [INFO] Activator:176 - 


2025-11-27 11:00:53,523 [INFO] Activator:177 - !SESSION log4j initialized
2025-11-27 11:00:57,930 [INFO] LogOutputStream:77 - [STDOUT_REDIRECT] 
2025-11-27 11:00:58,711 [INFO] ApplicationProperties:184 - Using Application install path: C:\ST\STM32CubeIDE_1.13.0\STM32CubeIDE\plugins\com.st.stm32cube.common.mx_6.9.0.202307051724
2025-11-27 11:00:58,729 [INFO] DbMcusXml:78 - Set database path to: C:\ST\STM32CubeIDE_1.13.0\STM32CubeIDE\plugins\com.st.stm32cube.common.mx_6.9.0.202307051724\\db\/mcu/
2025-11-27 11:00:58,729 [INFO] ApiDb:274 - Set plugin database path to: C:\ST\STM32CubeIDE_1.13.0\STM32CubeIDE\plugins\com.st.stm32cube.common.mx_6.9.0.202307051724\\db\/plugins/boardmanager/
2025-11-27 11:00:58,729 [WARN] ApiDb:259 - Overriding images path with different value:  => C:\ST\STM32CubeIDE_1.13.0\STM32CubeIDE\plugins\com.st.stm32cube.common.mx_6.9.0.202307051724\\db\/plugins/mcufinder/images/
2025-11-27 11:00:58,740 [INFO] ApiDb:250 - Set database path to: C:\Users\bogda\.stmcufinder\plugins\mcufinder//mcu/
2025-11-27 11:00:58,741 [INFO] DbMcusAds:125 - Set database path to: C:\Users\bogda\.stmcufinder\plugins\mcufinder//mcu/
2025-11-27 11:00:58,745 [INFO] CrossReferenceDbSqlite:203 - Set database path to: C:\Users\bogda\.stmcufinder\plugins\mcufinder//mcu/cs/
2025-11-27 11:00:58,893 [INFO] RulesReader:64 - Compatibility file has been processed (293 Rules)
2025-11-27 11:00:58,982 [INFO] DbMcusXml:78 - Set database path to: C:\ST\STM32CubeIDE_1.13.0\STM32CubeIDE\plugins\com.st.stm32cube.common.mx_6.9.0.202307051724\\db\/mcu/
2025-11-27 11:00:58,982 [INFO] ApiDb:274 - Set plugin database path to: C:\ST\STM32CubeIDE_1.13.0\STM32CubeIDE\plugins\com.st.stm32cube.common.mx_6.9.0.202307051724\\db\/plugins/boardmanager/
2025-11-27 11:00:58,982 [INFO] ApiDb:261 - Set plugin images path to: C:\ST\STM32CubeIDE_1.13.0\STM32CubeIDE\plugins\com.st.stm32cube.common.mx_6.9.0.202307051724\\db\/plugins/mcufinder/images/
2025-11-27 11:00:58,982 [WARN] DbFile:41 - Overriding database path with different value: C:\Users\bogda\.stmcufinder\plugins\mcufinder/ => C:\Users\bogda\.stmcufinder\plugins\mcufinder
2025-11-27 11:00:58,982 [INFO] ApiDb:250 - Set database path to: C:\Users\bogda\.stmcufinder\plugins\mcufinder//mcu/
2025-11-27 11:00:58,983 [WARN] DbFile:41 - Overriding database path with different value: C:\Users\bogda\.stmcufinder\plugins\mcufinder/ => C:\Users\bogda\.stmcufinder\plugins\mcufinder
2025-11-27 11:00:58,983 [INFO] DbMcusAds:125 - Set database path to: C:\Users\bogda\.stmcufinder\plugins\mcufinder//mcu/
2025-11-27 11:00:58,983 [WARN] DbFile:41 - Overriding database path with different value: C:\Users\bogda\.stmcufinder\plugins\mcufinder/ => C:\Users\bogda\.stmcufinder\plugins\mcufinder
2025-11-27 11:00:58,983 [WARN] DbFile:41 - Overriding database path with different value: C:\Users\bogda\.stmcufinder\plugins\mcufinder/ => C:\Users\bogda\.stmcufinder\plugins\mcufinder
2025-11-27 11:00:58,983 [INFO] CrossReferenceDbSqlite:203 - Set database path to: C:\Users\bogda\.stmcufinder\plugins\mcufinder//mcu/cs/
2025-11-27 11:00:59,048 [INFO] MainPanel:262 - HeapMemory: 268435456
2025-11-27 11:00:59,130 [INFO] DbMcusXml:78 - Set database path to: C:\ST\STM32CubeIDE_1.13.0\STM32CubeIDE\plugins\com.st.stm32cube.common.mx_6.9.0.202307051724\\db\/mcu/
2025-11-27 11:00:59,130 [INFO] ApiDb:274 - Set plugin database path to: C:\ST\STM32CubeIDE_1.13.0\STM32CubeIDE\plugins\com.st.stm32cube.common.mx_6.9.0.202307051724\\db\/plugins/boardmanager/
2025-11-27 11:00:59,130 [INFO] ApiDb:261 - Set plugin images path to: C:\ST\STM32CubeIDE_1.13.0\STM32CubeIDE\plugins\com.st.stm32cube.common.mx_6.9.0.202307051724\\db\/plugins/mcufinder/images/
2025-11-27 11:00:59,131 [WARN] DbFile:41 - Overriding database path with different value: C:\Users\bogda\.stmcufinder\plugins\mcufinder/ => C:\Users\bogda\.stmcufinder\plugins\mcufinder
2025-11-27 11:00:59,131 [INFO] ApiDb:250 - Set database path to: C:\Users\bogda\.stmcufinder\plugins\mcufinder//mcu/
2025-11-27 11:00:59,131 [WARN] DbFile:41 - Overriding database path with different value: C:\Users\bogda\.stmcufinder\plugins\mcufinder/ => C:\Users\bogda\.stmcufinder\plugins\mcufinder
2025-11-27 11:00:59,131 [INFO] DbMcusAds:125 - Set database path to: C:\Users\bogda\.stmcufinder\plugins\mcufinder//mcu/
2025-11-27 11:00:59,131 [WARN] DbFile:41 - Overriding database path with different value: C:\Users\bogda\.stmcufinder\plugins\mcufinder/ => C:\Users\bogda\.stmcufinder\plugins\mcufinder
2025-11-27 11:00:59,131 [WARN] DbFile:41 - Overriding database path with different value: C:\Users\bogda\.stmcufinder\plugins\mcufinder/ => C:\Users\bogda\.stmcufinder\plugins\mcufinder
2025-11-27 11:00:59,131 [INFO] CrossReferenceDbSqlite:203 - Set database path to: C:\Users\bogda\.stmcufinder\plugins\mcufinder//mcu/cs/
2025-11-27 11:00:59,150 [INFO] ApplicationProperties:184 - Using Application install path: C:\ST\STM32CubeIDE_1.13.0\STM32CubeIDE\plugins\com.st.stm32cube.common.mx_6.9.0.202307051724
2025-11-27 11:00:59,151 [INFO] PluginManage:196 - Search for loadable plugins [exclusion list=, ]
2025-11-27 11:00:59,152 [INFO] PluginManage:310 - Check plugin analytics
2025-11-27 11:00:59,278 [INFO] AnalyticsPlugin:253 - Accepted Software Licenses: 
2025-11-27 11:00:59,278 [INFO] AnalyticsPlugin:255 - Accepted CMSIS Pack Licenses: 
2025-11-27 11:00:59,278 [INFO] AnalyticsPlugin:257 - Accepted Firmware Licenses: FW.F4.1.27.0
2025-11-27 11:00:59,281 [INFO] PluginManage:359 - Loaded plugin analytics (category:tool,tabindex:-1)
2025-11-27 11:00:59,282 [INFO] PluginManage:310 - Check plugin cadmodel
2025-11-27 11:00:59,287 [INFO] CADModel:105 - Init CAD model plugin
2025-11-27 11:00:59,287 [INFO] PluginManage:359 - Loaded plugin cadmodel (category:power,tabindex:5)
2025-11-27 11:00:59,288 [INFO] PluginManage:310 - Check plugin clock
2025-11-27 11:00:59,297 [INFO] PluginManage:359 - Loaded plugin clock (category:base,tabindex:2)
2025-11-27 11:00:59,297 [INFO] PluginManage:310 - Check plugin ddr
2025-11-27 11:00:59,298 [INFO] PluginManage:359 - Loaded plugin ddr (category:tool,tabindex:6)
2025-11-27 11:00:59,298 [INFO] PluginManage:310 - Check plugin filemanager
2025-11-27 11:00:59,404 [INFO] PluginManage:359 - Loaded plugin filemanager (category:base,tabindex:10)
2025-11-27 11:00:59,404 [INFO] PluginManage:310 - Check plugin ipmanager
2025-11-27 11:00:59,409 [INFO] PluginManage:359 - Loaded plugin ipmanager (category:base,tabindex:5)
2025-11-27 11:00:59,409 [INFO] PluginManage:310 - Check plugin lpbam
2025-11-27 11:00:59,415 [INFO] PluginManage:359 - Loaded plugin lpbam (category:base,tabindex:0)
2025-11-27 11:00:59,415 [INFO] PluginManage:310 - Check plugin memorymap
2025-11-27 11:00:59,424 [INFO] PluginManage:359 - Loaded plugin memorymap (category:base,tabindex:4)
2025-11-27 11:00:59,424 [INFO] PluginManage:310 - Check plugin pinoutandconfiguration
2025-11-27 11:00:59,430 [INFO] PluginManage:359 - Loaded plugin pinoutandconfiguration (category:base,tabindex:1)
2025-11-27 11:00:59,430 [INFO] PluginManage:310 - Check plugin pinoutconfig
2025-11-27 11:00:59,507 [WARN] SupportedApi:132 - Cannot load RTOS API schema: s4s-elt-must-match.1: The content of 'definitions' must match (annotation?, (simpleType | complexType)?, (unique | key | keyref)*)). A problem was found starting at: attribute.
2025-11-27 11:00:59,628 [INFO] PluginManage:359 - Loaded plugin pinoutconfig (category:base,tabindex:0)
2025-11-27 11:00:59,628 [INFO] PluginManage:310 - Check plugin power
2025-11-27 11:00:59,636 [INFO] PluginManage:359 - Loaded plugin power (category:power,tabindex:4)
2025-11-27 11:00:59,637 [INFO] PluginManage:310 - Check plugin projectmanager
2025-11-27 11:00:59,650 [INFO] PluginManage:359 - Loaded plugin projectmanager (category:projectmanager,tabindex:3)
2025-11-27 11:00:59,650 [INFO] PluginManage:310 - Check plugin thirdparty
2025-11-27 11:00:59,768 [INFO] PluginManage:359 - Loaded plugin thirdparty (category:base,tabindex:-1)
2025-11-27 11:00:59,768 [WARN] IntegrityCheckThread:84 - waiting for thirdparty lock release [integrity check]
2025-11-27 11:00:59,768 [INFO] PluginManage:310 - Check plugin tools
2025-11-27 11:00:59,768 [INFO] IntegrityCheckThread:86 - entering critical section [integrity check]
2025-11-27 11:00:59,769 [INFO] ThirdPartyUpdaterWithRetryManager:70 - Updater plugin not ready yet. [1/15]
2025-11-27 11:00:59,771 [INFO] PluginManage:359 - Loaded plugin tools (category:base,tabindex:7)
2025-11-27 11:00:59,771 [INFO] PluginManage:310 - Check plugin tutovideos
2025-11-27 11:00:59,929 [INFO] PluginManage:359 - Loaded plugin tutovideos (category:base,tabindex:-1)
2025-11-27 11:00:59,931 [INFO] PluginManage:310 - Check plugin updater
2025-11-27 11:00:59,939 [INFO] PluginManage:359 - Loaded plugin updater (category:base,tabindex:12)
2025-11-27 11:00:59,939 [INFO] PluginManage:310 - Check plugin userauth
2025-11-27 11:00:59,943 [INFO] UserAuth:113 - Init User Auth plugin
2025-11-27 11:00:59,944 [INFO] PluginManage:359 - Loaded plugin userauth (category:base,tabindex:14)
2025-11-27 11:00:59,944 [INFO] PluginManage:283 - PluginManage : Loaded plugins [17]
2025-11-27 11:01:00,125 [INFO] PinOutPanel:1499 - setPackage(No Configuration,No Configuration)
2025-11-27 11:01:00,201 [INFO] CADModel:165 - CPN selected for project level
2025-11-27 11:01:00,201 [INFO] CADModel:114 - Register for checkConnection events
2025-11-27 11:01:00,215 [INFO] IPUIPlugin:80 - create IPUIPlugin
2025-11-27 11:01:00,215 [INFO] PluginManager:220 - loadIPPluginJar : add adc
2025-11-27 11:01:00,216 [INFO] IPUIPlugin:80 - create IPUIPlugin
2025-11-27 11:01:00,216 [INFO] PluginManager:220 - loadIPPluginJar : add aes
2025-11-27 11:01:00,218 [INFO] IPUIPlugin:80 - create IPUIPlugin
2025-11-27 11:01:00,218 [INFO] PluginManager:220 - loadIPPluginJar : add can
2025-11-27 11:01:00,220 [INFO] IPUIPlugin:80 - create IPUIPlugin
2025-11-27 11:01:00,220 [INFO] PluginManager:220 - loadIPPluginJar : add comp
2025-11-27 11:01:00,223 [INFO] IPUIPlugin:80 - create IPUIPlugin
2025-11-27 11:01:00,223 [INFO] PluginManager:220 - loadIPPluginJar : add cryp
2025-11-27 11:01:00,224 [INFO] IPUIPlugin:80 - create IPUIPlugin
2025-11-27 11:01:00,225 [INFO] PluginManager:220 - loadIPPluginJar : add dfsdm
2025-11-27 11:01:00,230 [INFO] IPUIPlugin:80 - create IPUIPlugin
2025-11-27 11:01:00,231 [INFO] PluginManager:220 - loadIPPluginJar : add dma
2025-11-27 11:01:00,233 [INFO] IPUIPlugin:80 - create IPUIPlugin
2025-11-27 11:01:00,234 [INFO] PluginManager:220 - loadIPPluginJar : add dma3
2025-11-27 11:01:00,235 [INFO] IPUIPlugin:80 - create IPUIPlugin
2025-11-27 11:01:00,235 [INFO] PluginManager:220 - loadIPPluginJar : add fatfs
2025-11-27 11:01:00,238 [INFO] IPUIPlugin:80 - create IPUIPlugin
2025-11-27 11:01:00,238 [INFO] PluginManager:220 - loadIPPluginJar : add fmc
2025-11-27 11:01:00,242 [INFO] IPUIPlugin:80 - create IPUIPlugin
2025-11-27 11:01:00,242 [INFO] PluginManager:220 - loadIPPluginJar : add freertos
2025-11-27 11:01:00,243 [INFO] IPUIPlugin:80 - create IPUIPlugin
2025-11-27 11:01:00,243 [INFO] PluginManager:220 - loadIPPluginJar : add genericplugin
2025-11-27 11:01:00,245 [INFO] IPUIPlugin:80 - create IPUIPlugin
2025-11-27 11:01:00,245 [INFO] PluginManager:220 - loadIPPluginJar : add gfxmmu
2025-11-27 11:01:00,248 [INFO] IPUIPlugin:80 - create IPUIPlugin
2025-11-27 11:01:00,249 [INFO] PluginManager:220 - loadIPPluginJar : add gic
2025-11-27 11:01:00,252 [INFO] IPUIPlugin:80 - create IPUIPlugin
2025-11-27 11:01:00,252 [INFO] PluginManager:220 - loadIPPluginJar : add gpio
2025-11-27 11:01:00,254 [INFO] IPUIPlugin:80 - create IPUIPlugin
2025-11-27 11:01:00,254 [INFO] PluginManager:220 - loadIPPluginJar : add gtzc
2025-11-27 11:01:00,256 [INFO] IPUIPlugin:80 - create IPUIPlugin
2025-11-27 11:01:00,256 [INFO] PluginManager:220 - loadIPPluginJar : add hash
2025-11-27 11:01:00,259 [INFO] IPUIPlugin:80 - create IPUIPlugin
2025-11-27 11:01:00,259 [INFO] PluginManager:220 - loadIPPluginJar : add i2c
2025-11-27 11:01:00,261 [INFO] IPUIPlugin:80 - create IPUIPlugin
2025-11-27 11:01:00,261 [INFO] PluginManager:220 - loadIPPluginJar : add i2s
2025-11-27 11:01:00,263 [INFO] IPUIPlugin:80 - create IPUIPlugin
2025-11-27 11:01:00,263 [INFO] PluginManager:220 - loadIPPluginJar : add i3c
2025-11-27 11:01:00,267 [INFO] IPUIPlugin:80 - create IPUIPlugin
2025-11-27 11:01:00,267 [INFO] PluginManager:220 - loadIPPluginJar : add ipddr
2025-11-27 11:01:00,274 [INFO] IPUIPlugin:80 - create IPUIPlugin
2025-11-27 11:01:00,274 [INFO] PluginManager:220 - loadIPPluginJar : add linkedlist
2025-11-27 11:01:00,276 [INFO] IPUIPlugin:80 - create IPUIPlugin
2025-11-27 11:01:00,276 [INFO] PluginManager:220 - loadIPPluginJar : add lorawan
2025-11-27 11:01:00,277 [INFO] IPUIPlugin:80 - create IPUIPlugin
2025-11-27 11:01:00,277 [INFO] PluginManager:220 - loadIPPluginJar : add ltdc
2025-11-27 11:01:00,284 [INFO] IPUIPlugin:80 - create IPUIPlugin
2025-11-27 11:01:00,284 [INFO] PluginManager:220 - loadIPPluginJar : add mdma
2025-11-27 11:01:00,288 [INFO] IPUIPlugin:80 - create IPUIPlugin
2025-11-27 11:01:00,288 [INFO] PluginManager:220 - loadIPPluginJar : add nvic
2025-11-27 11:01:00,291 [INFO] IPUIPlugin:80 - create IPUIPlugin
2025-11-27 11:01:00,291 [INFO] PluginManager:220 - loadIPPluginJar : add opamp
2025-11-27 11:01:00,294 [INFO] IPUIPlugin:80 - create IPUIPlugin
2025-11-27 11:01:00,294 [INFO] PluginManager:220 - loadIPPluginJar : add openamp
2025-11-27 11:01:00,298 [INFO] IPUIPlugin:80 - create IPUIPlugin
2025-11-27 11:01:00,298 [INFO] PluginManager:220 - loadIPPluginJar : add pdm2pcm
2025-11-27 11:01:00,304 [INFO] IPUIPlugin:80 - create IPUIPlugin
2025-11-27 11:01:00,307 [INFO] PluginManager:220 - loadIPPluginJar : add plateformsettings
2025-11-27 11:01:00,309 [INFO] IPUIPlugin:80 - create IPUIPlugin
2025-11-27 11:01:00,309 [INFO] PluginManager:220 - loadIPPluginJar : add quadspi
2025-11-27 11:01:00,314 [INFO] IPUIPlugin:80 - create IPUIPlugin
2025-11-27 11:01:00,314 [INFO] PluginManager:220 - loadIPPluginJar : add resmgrutility
2025-11-27 11:01:00,316 [INFO] IPUIPlugin:80 - create IPUIPlugin
2025-11-27 11:01:00,317 [INFO] PluginManager:220 - loadIPPluginJar : add sai
2025-11-27 11:01:00,318 [INFO] IPUIPlugin:80 - create IPUIPlugin
2025-11-27 11:01:00,319 [INFO] PluginManager:220 - loadIPPluginJar : add spi
2025-11-27 11:01:00,323 [INFO] IPUIPlugin:80 - create IPUIPlugin
2025-11-27 11:01:00,323 [INFO] PluginManager:220 - loadIPPluginJar : add stm32_wpan
2025-11-27 11:01:00,324 [INFO] IPUIPlugin:80 - create IPUIPlugin
2025-11-27 11:01:00,324 [INFO] PluginManager:220 - loadIPPluginJar : add tim
2025-11-27 11:01:00,327 [INFO] IPUIPlugin:80 - create IPUIPlugin
2025-11-27 11:01:00,328 [INFO] PluginManager:220 - loadIPPluginJar : add touchsensing
2025-11-27 11:01:00,329 [INFO] IPUIPlugin:80 - create IPUIPlugin
2025-11-27 11:01:00,329 [INFO] PluginManager:220 - loadIPPluginJar : add tracer_emb
2025-11-27 11:01:00,331 [INFO] IPUIPlugin:80 - create IPUIPlugin
2025-11-27 11:01:00,331 [INFO] PluginManager:220 - loadIPPluginJar : add ts
2025-11-27 11:01:00,332 [INFO] IPUIPlugin:80 - create IPUIPlugin
2025-11-27 11:01:00,332 [INFO] PluginManager:220 - loadIPPluginJar : add tsc
2025-11-27 11:01:00,333 [INFO] IPUIPlugin:80 - create IPUIPlugin
2025-11-27 11:01:00,333 [INFO] PluginManager:220 - loadIPPluginJar : add ucpd
2025-11-27 11:01:00,335 [INFO] IPUIPlugin:80 - create IPUIPlugin
2025-11-27 11:01:00,335 [INFO] PluginManager:220 - loadIPPluginJar : add usart
2025-11-27 11:01:00,337 [INFO] IPUIPlugin:80 - create IPUIPlugin
2025-11-27 11:01:00,337 [INFO] PluginManager:220 - loadIPPluginJar : add usbx
2025-11-27 11:01:00,464 [INFO] CADModel:165 - CPN selected for project level
2025-11-27 11:01:00,464 [INFO] CADModel:114 - Register for checkConnection events
2025-11-27 11:01:00,464 [FATAL] Updater:308 - Updater called before beeing initialized
2025-11-27 11:01:00,464 [ERROR] CADModel:125 - Updater not yet initialized, retry later 
2025-11-27 11:01:00,621 [INFO] CADModel:165 - CPN selected for project level
2025-11-27 11:01:00,621 [INFO] CADModel:114 - Register for checkConnection events
2025-11-27 11:01:00,621 [FATAL] Updater:308 - Updater called before beeing initialized
2025-11-27 11:01:00,621 [ERROR] CADModel:125 - Updater not yet initialized, retry later 
2025-11-27 11:01:00,625 [FATAL] Updater:308 - Updater called before beeing initialized
2025-11-27 11:01:00,696 [FATAL] Updater:308 - Updater called before beeing initialized
2025-11-27 11:01:00,699 [INFO] DbMcusAds:53 - JSON generation date=Tue Nov 25 16:08:32 EET 2025 (1764079712316)
2025-11-27 11:01:00,699 [FATAL] Updater:308 - Updater called before beeing initialized
2025-11-27 11:01:00,726 [WARN] DetailPanel:346 - Failed to get advertising image, set to default
2025-11-27 11:01:00,798 [FATAL] Updater:308 - Updater called before beeing initialized
2025-11-27 11:01:00,799 [FATAL] Updater:308 - Updater called before beeing initialized
2025-11-27 11:01:00,800 [FATAL] Updater:308 - Updater called before beeing initialized
2025-11-27 11:01:00,800 [WARN] DetailPanel:346 - Failed to get advertising image, set to default
2025-11-27 11:01:00,800 [FATAL] Updater:308 - Updater called before beeing initialized
2025-11-27 11:01:00,830 [ERROR] Updater:1120 - MainUpdater not yet initialized. External WinMGr cannot be set.
2025-11-27 11:01:00,832 [INFO] Updater:1056 - Updater Version found : 6.9.0
2025-11-27 11:01:00,845 [INFO] ApplicationProperties:184 - Using Application install path: C:\ST\STM32CubeIDE_1.13.0\STM32CubeIDE\plugins\com.st.stm32cube.common.mx_6.9.0.202307051724
2025-11-27 11:01:00,944 [INFO] MainUpdater:2868 - connection check result : 10
2025-11-27 11:01:00,945 [INFO] MainUpdater:285 - Updater Check For Update Now.
2025-11-27 11:01:00,945 [INFO] MicroXplorer:498 - Change Database Version : DB.6.0.90
2025-11-27 11:01:00,957 [INFO] McuFinderGlobals:63 - Set McuFinder mode to 2 (CubeIDE integrated)
2025-11-27 11:01:00,958 [INFO] UserAuth:179 - activating auth plugin
2025-11-27 11:01:00,960 [INFO] UserAuth:393 - Internet connection configuration mode: 1
2025-11-27 11:01:00,978 [INFO] JxBrowserEngine:151 - Initiate JxBrowser Engine with user profile folder
2025-11-27 11:01:01,115 [INFO] CheckServerUpdateThread:120 - End of CheckServer Thread
2025-11-27 11:01:01,486 [INFO] WebApp:157 - Instantiating new browser for Auth
2025-11-27 11:01:01,940 [INFO] WebApp:753 - Register for checkConnection events
2025-11-27 11:01:01,940 [INFO] WebApp:390 - Apply proxy settings
2025-11-27 11:01:01,940 [INFO] WebApp:475 - Chromium requires no authentication
2025-11-27 11:01:01,946 [INFO] WebApp:418 - Direct internet connection detected
2025-11-27 11:01:02,206 [INFO] WebApp:188 - Starting web application
2025-11-27 11:01:02,206 [INFO] WebApp:520 - Web application path used C:\ST\STM32CubeIDE_1.13.0\STM32CubeIDE\plugins\com.st.stm32cube.common.mx_6.9.0.202307051724\db\plugins\mcufinder\reactClient1\index.html
2025-11-27 11:01:02,849 [ERROR] Engine:466 - C:\Users\bogda\.stm32cubemx\thirdparties\pdsc\WES.I-CUBE-Cesium.1.4.0.pdsc: PDSC version is not supported
2025-11-27 11:01:02,851 [ERROR] Engine:466 - C:\Users\bogda\.stm32cubemx\thirdparties\pdsc\STMicroelectronics.X-CUBE-FREERTOS.1.4.0.pdsc: PDSC version is not supported
2025-11-27 11:01:02,931 [WARN] PackLoader:240 - Cannot read IP mode file for STMicroelectronics.X-CUBE-MEMS1.12.0.0
2025-11-27 11:01:03,002 [WARN] PackLoader:240 - Cannot read IP mode file for STMicroelectronics.X-CUBE-TOUCHGFX.4.26.0
2025-11-27 11:01:03,004 [INFO] ThirdParty:978 - Integrity check success = true
2025-11-27 11:01:03,004 [INFO] IntegrityCheckThread:100 - exiting critical section [integrity check]
2025-11-27 11:01:03,004 [INFO] IntegrityCheckThread:103 - End integrity checks thread
2025-11-27 11:01:09,492 [ERROR] LogOutputStream:75 - [STDERR_REDIRECT] 
2025-11-27 11:01:45,271 [INFO] Activator:176 - 


2025-11-27 11:01:45,275 [INFO] Activator:177 - !SESSION log4j initialized
2025-11-27 11:01:51,032 [INFO] LogOutputStream:77 - [STDOUT_REDIRECT] 
2025-11-27 11:01:52,470 [INFO] ApplicationProperties:184 - Using Application install path: C:\ST\STM32CubeIDE_1.13.0\STM32CubeIDE\plugins\com.st.stm32cube.common.mx_6.9.0.202307051724
2025-11-27 11:01:52,508 [INFO] DbMcusXml:78 - Set database path to: C:\ST\STM32CubeIDE_1.13.0\STM32CubeIDE\plugins\com.st.stm32cube.common.mx_6.9.0.202307051724\\db\/mcu/
2025-11-27 11:01:52,509 [INFO] ApiDb:274 - Set plugin database path to: C:\ST\STM32CubeIDE_1.13.0\STM32CubeIDE\plugins\com.st.stm32cube.common.mx_6.9.0.202307051724\\db\/plugins/boardmanager/
2025-11-27 11:01:52,510 [WARN] ApiDb:259 - Overriding images path with different value:  => C:\ST\STM32CubeIDE_1.13.0\STM32CubeIDE\plugins\com.st.stm32cube.common.mx_6.9.0.202307051724\\db\/plugins/mcufinder/images/
2025-11-27 11:01:52,530 [INFO] ApiDb:250 - Set database path to: C:\Users\bogda\.stmcufinder\plugins\mcufinder//mcu/
2025-11-27 11:01:52,533 [INFO] DbMcusAds:125 - Set database path to: C:\Users\bogda\.stmcufinder\plugins\mcufinder//mcu/
2025-11-27 11:01:52,537 [INFO] CrossReferenceDbSqlite:203 - Set database path to: C:\Users\bogda\.stmcufinder\plugins\mcufinder//mcu/cs/
2025-11-27 11:01:52,723 [INFO] RulesReader:64 - Compatibility file has been processed (293 Rules)
2025-11-27 11:01:52,928 [INFO] DbMcusXml:78 - Set database path to: C:\ST\STM32CubeIDE_1.13.0\STM32CubeIDE\plugins\com.st.stm32cube.common.mx_6.9.0.202307051724\\db\/mcu/
2025-11-27 11:01:52,928 [INFO] ApiDb:274 - Set plugin database path to: C:\ST\STM32CubeIDE_1.13.0\STM32CubeIDE\plugins\com.st.stm32cube.common.mx_6.9.0.202307051724\\db\/plugins/boardmanager/
2025-11-27 11:01:52,928 [INFO] ApiDb:261 - Set plugin images path to: C:\ST\STM32CubeIDE_1.13.0\STM32CubeIDE\plugins\com.st.stm32cube.common.mx_6.9.0.202307051724\\db\/plugins/mcufinder/images/
2025-11-27 11:01:52,929 [WARN] DbFile:41 - Overriding database path with different value: C:\Users\bogda\.stmcufinder\plugins\mcufinder/ => C:\Users\bogda\.stmcufinder\plugins\mcufinder
2025-11-27 11:01:52,929 [INFO] ApiDb:250 - Set database path to: C:\Users\bogda\.stmcufinder\plugins\mcufinder//mcu/
2025-11-27 11:01:52,929 [WARN] DbFile:41 - Overriding database path with different value: C:\Users\bogda\.stmcufinder\plugins\mcufinder/ => C:\Users\bogda\.stmcufinder\plugins\mcufinder
2025-11-27 11:01:52,929 [INFO] DbMcusAds:125 - Set database path to: C:\Users\bogda\.stmcufinder\plugins\mcufinder//mcu/
2025-11-27 11:01:52,929 [WARN] DbFile:41 - Overriding database path with different value: C:\Users\bogda\.stmcufinder\plugins\mcufinder/ => C:\Users\bogda\.stmcufinder\plugins\mcufinder
2025-11-27 11:01:52,929 [WARN] DbFile:41 - Overriding database path with different value: C:\Users\bogda\.stmcufinder\plugins\mcufinder/ => C:\Users\bogda\.stmcufinder\plugins\mcufinder
2025-11-27 11:01:52,929 [INFO] CrossReferenceDbSqlite:203 - Set database path to: C:\Users\bogda\.stmcufinder\plugins\mcufinder//mcu/cs/
2025-11-27 11:01:53,079 [INFO] MainPanel:262 - HeapMemory: 268435456
2025-11-27 11:01:53,278 [INFO] DbMcusXml:78 - Set database path to: C:\ST\STM32CubeIDE_1.13.0\STM32CubeIDE\plugins\com.st.stm32cube.common.mx_6.9.0.202307051724\\db\/mcu/
2025-11-27 11:01:53,278 [INFO] ApiDb:274 - Set plugin database path to: C:\ST\STM32CubeIDE_1.13.0\STM32CubeIDE\plugins\com.st.stm32cube.common.mx_6.9.0.202307051724\\db\/plugins/boardmanager/
2025-11-27 11:01:53,278 [INFO] ApiDb:261 - Set plugin images path to: C:\ST\STM32CubeIDE_1.13.0\STM32CubeIDE\plugins\com.st.stm32cube.common.mx_6.9.0.202307051724\\db\/plugins/mcufinder/images/
2025-11-27 11:01:53,279 [WARN] DbFile:41 - Overriding database path with different value: C:\Users\bogda\.stmcufinder\plugins\mcufinder/ => C:\Users\bogda\.stmcufinder\plugins\mcufinder
2025-11-27 11:01:53,279 [INFO] ApiDb:250 - Set database path to: C:\Users\bogda\.stmcufinder\plugins\mcufinder//mcu/
2025-11-27 11:01:53,280 [WARN] DbFile:41 - Overriding database path with different value: C:\Users\bogda\.stmcufinder\plugins\mcufinder/ => C:\Users\bogda\.stmcufinder\plugins\mcufinder
2025-11-27 11:01:53,280 [INFO] DbMcusAds:125 - Set database path to: C:\Users\bogda\.stmcufinder\plugins\mcufinder//mcu/
2025-11-27 11:01:53,280 [WARN] DbFile:41 - Overriding database path with different value: C:\Users\bogda\.stmcufinder\plugins\mcufinder/ => C:\Users\bogda\.stmcufinder\plugins\mcufinder
2025-11-27 11:01:53,280 [WARN] DbFile:41 - Overriding database path with different value: C:\Users\bogda\.stmcufinder\plugins\mcufinder/ => C:\Users\bogda\.stmcufinder\plugins\mcufinder
2025-11-27 11:01:53,280 [INFO] CrossReferenceDbSqlite:203 - Set database path to: C:\Users\bogda\.stmcufinder\plugins\mcufinder//mcu/cs/
2025-11-27 11:01:53,307 [INFO] ApplicationProperties:184 - Using Application install path: C:\ST\STM32CubeIDE_1.13.0\STM32CubeIDE\plugins\com.st.stm32cube.common.mx_6.9.0.202307051724
2025-11-27 11:01:53,310 [INFO] PluginManage:196 - Search for loadable plugins [exclusion list=, ]
2025-11-27 11:01:53,312 [INFO] PluginManage:310 - Check plugin analytics
2025-11-27 11:01:53,702 [INFO] AnalyticsPlugin:253 - Accepted Software Licenses: 
2025-11-27 11:01:53,703 [INFO] AnalyticsPlugin:255 - Accepted CMSIS Pack Licenses: 
2025-11-27 11:01:53,703 [INFO] AnalyticsPlugin:257 - Accepted Firmware Licenses: FW.F4.1.27.0
2025-11-27 11:01:53,709 [INFO] PluginManage:359 - Loaded plugin analytics (category:tool,tabindex:-1)
2025-11-27 11:01:53,709 [INFO] PluginManage:310 - Check plugin cadmodel
2025-11-27 11:01:53,717 [INFO] CADModel:105 - Init CAD model plugin
2025-11-27 11:01:53,717 [INFO] PluginManage:359 - Loaded plugin cadmodel (category:power,tabindex:5)
2025-11-27 11:01:53,719 [INFO] PluginManage:310 - Check plugin clock
2025-11-27 11:01:53,742 [INFO] PluginManage:359 - Loaded plugin clock (category:base,tabindex:2)
2025-11-27 11:01:53,742 [INFO] PluginManage:310 - Check plugin ddr
2025-11-27 11:01:53,747 [INFO] PluginManage:359 - Loaded plugin ddr (category:tool,tabindex:6)
2025-11-27 11:01:53,748 [INFO] PluginManage:310 - Check plugin filemanager
2025-11-27 11:01:54,002 [INFO] PluginManage:359 - Loaded plugin filemanager (category:base,tabindex:10)
2025-11-27 11:01:54,002 [INFO] PluginManage:310 - Check plugin ipmanager
2025-11-27 11:01:54,016 [INFO] PluginManage:359 - Loaded plugin ipmanager (category:base,tabindex:5)
2025-11-27 11:01:54,016 [INFO] PluginManage:310 - Check plugin lpbam
2025-11-27 11:01:54,033 [INFO] PluginManage:359 - Loaded plugin lpbam (category:base,tabindex:0)
2025-11-27 11:01:54,034 [INFO] PluginManage:310 - Check plugin memorymap
2025-11-27 11:01:54,067 [INFO] PluginManage:359 - Loaded plugin memorymap (category:base,tabindex:4)
2025-11-27 11:01:54,068 [INFO] PluginManage:310 - Check plugin pinoutandconfiguration
2025-11-27 11:01:54,087 [INFO] PluginManage:359 - Loaded plugin pinoutandconfiguration (category:base,tabindex:1)
2025-11-27 11:01:54,087 [INFO] PluginManage:310 - Check plugin pinoutconfig
2025-11-27 11:01:54,259 [WARN] SupportedApi:132 - Cannot load RTOS API schema: s4s-elt-must-match.1: The content of 'definitions' must match (annotation?, (simpleType | complexType)?, (unique | key | keyref)*)). A problem was found starting at: attribute.
2025-11-27 11:01:54,581 [INFO] PluginManage:359 - Loaded plugin pinoutconfig (category:base,tabindex:0)
2025-11-27 11:01:54,582 [INFO] PluginManage:310 - Check plugin power
2025-11-27 11:01:54,602 [INFO] PluginManage:359 - Loaded plugin power (category:power,tabindex:4)
2025-11-27 11:01:54,602 [INFO] PluginManage:310 - Check plugin projectmanager
2025-11-27 11:01:54,624 [INFO] PluginManage:359 - Loaded plugin projectmanager (category:projectmanager,tabindex:3)
2025-11-27 11:01:54,624 [INFO] PluginManage:310 - Check plugin thirdparty
2025-11-27 11:01:54,864 [WARN] IntegrityCheckThread:84 - waiting for thirdparty lock release [integrity check]
2025-11-27 11:01:54,864 [INFO] IntegrityCheckThread:86 - entering critical section [integrity check]
2025-11-27 11:01:54,865 [INFO] PluginManage:359 - Loaded plugin thirdparty (category:base,tabindex:-1)
2025-11-27 11:01:54,865 [INFO] PluginManage:310 - Check plugin tools
2025-11-27 11:01:54,865 [INFO] ThirdPartyUpdaterWithRetryManager:70 - Updater plugin not ready yet. [1/15]
2025-11-27 11:01:54,870 [INFO] PluginManage:359 - Loaded plugin tools (category:base,tabindex:7)
2025-11-27 11:01:54,871 [INFO] PluginManage:310 - Check plugin tutovideos
2025-11-27 11:01:55,350 [INFO] PluginManage:359 - Loaded plugin tutovideos (category:base,tabindex:-1)
2025-11-27 11:01:55,351 [INFO] PluginManage:310 - Check plugin updater
2025-11-27 11:01:55,372 [INFO] PluginManage:359 - Loaded plugin updater (category:base,tabindex:12)
2025-11-27 11:01:55,372 [INFO] PluginManage:310 - Check plugin userauth
2025-11-27 11:01:55,381 [INFO] UserAuth:113 - Init User Auth plugin
2025-11-27 11:01:55,381 [INFO] PluginManage:359 - Loaded plugin userauth (category:base,tabindex:14)
2025-11-27 11:01:55,382 [INFO] PluginManage:283 - PluginManage : Loaded plugins [17]
2025-11-27 11:01:55,777 [INFO] PinOutPanel:1499 - setPackage(No Configuration,No Configuration)
2025-11-27 11:01:55,960 [INFO] CADModel:165 - CPN selected for project level
2025-11-27 11:01:55,961 [INFO] CADModel:114 - Register for checkConnection events
2025-11-27 11:01:55,988 [INFO] IPUIPlugin:80 - create IPUIPlugin
2025-11-27 11:01:55,989 [INFO] PluginManager:220 - loadIPPluginJar : add adc
2025-11-27 11:01:55,993 [INFO] IPUIPlugin:80 - create IPUIPlugin
2025-11-27 11:01:55,993 [INFO] PluginManager:220 - loadIPPluginJar : add aes
2025-11-27 11:01:55,997 [INFO] IPUIPlugin:80 - create IPUIPlugin
2025-11-27 11:01:55,998 [INFO] PluginManager:220 - loadIPPluginJar : add can
2025-11-27 11:01:56,001 [INFO] IPUIPlugin:80 - create IPUIPlugin
2025-11-27 11:01:56,002 [INFO] PluginManager:220 - loadIPPluginJar : add comp
2025-11-27 11:01:56,005 [INFO] IPUIPlugin:80 - create IPUIPlugin
2025-11-27 11:01:56,006 [INFO] PluginManager:220 - loadIPPluginJar : add cryp
2025-11-27 11:01:56,010 [INFO] IPUIPlugin:80 - create IPUIPlugin
2025-11-27 11:01:56,010 [INFO] PluginManager:220 - loadIPPluginJar : add dfsdm
2025-11-27 11:01:56,021 [INFO] IPUIPlugin:80 - create IPUIPlugin
2025-11-27 11:01:56,022 [INFO] PluginManager:220 - loadIPPluginJar : add dma
2025-11-27 11:01:56,027 [INFO] IPUIPlugin:80 - create IPUIPlugin
2025-11-27 11:01:56,027 [INFO] PluginManager:220 - loadIPPluginJar : add dma3
2025-11-27 11:01:56,031 [INFO] IPUIPlugin:80 - create IPUIPlugin
2025-11-27 11:01:56,031 [INFO] PluginManager:220 - loadIPPluginJar : add fatfs
2025-11-27 11:01:56,037 [INFO] IPUIPlugin:80 - create IPUIPlugin
2025-11-27 11:01:56,038 [INFO] PluginManager:220 - loadIPPluginJar : add fmc
2025-11-27 11:01:56,052 [INFO] IPUIPlugin:80 - create IPUIPlugin
2025-11-27 11:01:56,052 [INFO] PluginManager:220 - loadIPPluginJar : add freertos
2025-11-27 11:01:56,056 [INFO] IPUIPlugin:80 - create IPUIPlugin
2025-11-27 11:01:56,056 [INFO] PluginManager:220 - loadIPPluginJar : add genericplugin
2025-11-27 11:01:56,059 [INFO] IPUIPlugin:80 - create IPUIPlugin
2025-11-27 11:01:56,059 [INFO] PluginManager:220 - loadIPPluginJar : add gfxmmu
2025-11-27 11:01:56,067 [INFO] IPUIPlugin:80 - create IPUIPlugin
2025-11-27 11:01:56,068 [INFO] PluginManager:220 - loadIPPluginJar : add gic
2025-11-27 11:01:56,074 [INFO] IPUIPlugin:80 - create IPUIPlugin
2025-11-27 11:01:56,074 [INFO] PluginManager:220 - loadIPPluginJar : add gpio
2025-11-27 11:01:56,080 [INFO] IPUIPlugin:80 - create IPUIPlugin
2025-11-27 11:01:56,080 [INFO] PluginManager:220 - loadIPPluginJar : add gtzc
2025-11-27 11:01:56,083 [INFO] IPUIPlugin:80 - create IPUIPlugin
2025-11-27 11:01:56,085 [INFO] PluginManager:220 - loadIPPluginJar : add hash
2025-11-27 11:01:56,089 [INFO] IPUIPlugin:80 - create IPUIPlugin
2025-11-27 11:01:56,090 [INFO] PluginManager:220 - loadIPPluginJar : add i2c
2025-11-27 11:01:56,094 [INFO] IPUIPlugin:80 - create IPUIPlugin
2025-11-27 11:01:56,094 [INFO] PluginManager:220 - loadIPPluginJar : add i2s
2025-11-27 11:01:56,099 [INFO] IPUIPlugin:80 - create IPUIPlugin
2025-11-27 11:01:56,100 [INFO] PluginManager:220 - loadIPPluginJar : add i3c
2025-11-27 11:01:56,108 [INFO] IPUIPlugin:80 - create IPUIPlugin
2025-11-27 11:01:56,108 [INFO] PluginManager:220 - loadIPPluginJar : add ipddr
2025-11-27 11:01:56,117 [INFO] IPUIPlugin:80 - create IPUIPlugin
2025-11-27 11:01:56,117 [INFO] PluginManager:220 - loadIPPluginJar : add linkedlist
2025-11-27 11:01:56,121 [INFO] IPUIPlugin:80 - create IPUIPlugin
2025-11-27 11:01:56,121 [INFO] PluginManager:220 - loadIPPluginJar : add lorawan
2025-11-27 11:01:56,124 [INFO] IPUIPlugin:80 - create IPUIPlugin
2025-11-27 11:01:56,124 [INFO] PluginManager:220 - loadIPPluginJar : add ltdc
2025-11-27 11:01:56,136 [INFO] IPUIPlugin:80 - create IPUIPlugin
2025-11-27 11:01:56,136 [INFO] PluginManager:220 - loadIPPluginJar : add mdma
2025-11-27 11:01:56,143 [INFO] IPUIPlugin:80 - create IPUIPlugin
2025-11-27 11:01:56,144 [INFO] PluginManager:220 - loadIPPluginJar : add nvic
2025-11-27 11:01:56,148 [INFO] IPUIPlugin:80 - create IPUIPlugin
2025-11-27 11:01:56,149 [INFO] PluginManager:220 - loadIPPluginJar : add opamp
2025-11-27 11:01:56,156 [INFO] IPUIPlugin:80 - create IPUIPlugin
2025-11-27 11:01:56,156 [INFO] PluginManager:220 - loadIPPluginJar : add openamp
2025-11-27 11:01:56,161 [INFO] IPUIPlugin:80 - create IPUIPlugin
2025-11-27 11:01:56,162 [INFO] PluginManager:220 - loadIPPluginJar : add pdm2pcm
2025-11-27 11:01:56,172 [INFO] IPUIPlugin:80 - create IPUIPlugin
2025-11-27 11:01:56,179 [INFO] PluginManager:220 - loadIPPluginJar : add plateformsettings
2025-11-27 11:01:56,182 [INFO] IPUIPlugin:80 - create IPUIPlugin
2025-11-27 11:01:56,183 [INFO] PluginManager:220 - loadIPPluginJar : add quadspi
2025-11-27 11:01:56,189 [INFO] IPUIPlugin:80 - create IPUIPlugin
2025-11-27 11:01:56,190 [INFO] PluginManager:220 - loadIPPluginJar : add resmgrutility
2025-11-27 11:01:56,195 [INFO] IPUIPlugin:80 - create IPUIPlugin
2025-11-27 11:01:56,195 [INFO] PluginManager:220 - loadIPPluginJar : add sai
2025-11-27 11:01:56,200 [INFO] IPUIPlugin:80 - create IPUIPlugin
2025-11-27 11:01:56,200 [INFO] PluginManager:220 - loadIPPluginJar : add spi
2025-11-27 11:01:56,209 [INFO] IPUIPlugin:80 - create IPUIPlugin
2025-11-27 11:01:56,210 [INFO] PluginManager:220 - loadIPPluginJar : add stm32_wpan
2025-11-27 11:01:56,214 [INFO] IPUIPlugin:80 - create IPUIPlugin
2025-11-27 11:01:56,215 [INFO] PluginManager:220 - loadIPPluginJar : add tim
2025-11-27 11:01:56,221 [INFO] IPUIPlugin:80 - create IPUIPlugin
2025-11-27 11:01:56,221 [INFO] PluginManager:220 - loadIPPluginJar : add touchsensing
2025-11-27 11:01:56,225 [INFO] IPUIPlugin:80 - create IPUIPlugin
2025-11-27 11:01:56,225 [INFO] PluginManager:220 - loadIPPluginJar : add tracer_emb
2025-11-27 11:01:56,230 [INFO] IPUIPlugin:80 - create IPUIPlugin
2025-11-27 11:01:56,230 [INFO] PluginManager:220 - loadIPPluginJar : add ts
2025-11-27 11:01:56,233 [INFO] IPUIPlugin:80 - create IPUIPlugin
2025-11-27 11:01:56,233 [INFO] PluginManager:220 - loadIPPluginJar : add tsc
2025-11-27 11:01:56,238 [INFO] IPUIPlugin:80 - create IPUIPlugin
2025-11-27 11:01:56,239 [INFO] PluginManager:220 - loadIPPluginJar : add ucpd
2025-11-27 11:01:56,248 [INFO] IPUIPlugin:80 - create IPUIPlugin
2025-11-27 11:01:56,249 [INFO] PluginManager:220 - loadIPPluginJar : add usart
2025-11-27 11:01:56,255 [INFO] IPUIPlugin:80 - create IPUIPlugin
2025-11-27 11:01:56,255 [INFO] PluginManager:220 - loadIPPluginJar : add usbx
2025-11-27 11:01:56,414 [INFO] CADModel:165 - CPN selected for project level
2025-11-27 11:01:56,414 [INFO] CADModel:114 - Register for checkConnection events
2025-11-27 11:01:56,414 [FATAL] Updater:308 - Updater called before beeing initialized
2025-11-27 11:01:56,414 [ERROR] CADModel:125 - Updater not yet initialized, retry later 
2025-11-27 11:01:56,732 [INFO] CADModel:165 - CPN selected for project level
2025-11-27 11:01:56,732 [INFO] CADModel:114 - Register for checkConnection events
2025-11-27 11:01:56,732 [FATAL] Updater:308 - Updater called before beeing initialized
2025-11-27 11:01:56,732 [ERROR] CADModel:125 - Updater not yet initialized, retry later 
2025-11-27 11:01:56,739 [FATAL] Updater:308 - Updater called before beeing initialized
2025-11-27 11:01:56,963 [FATAL] Updater:308 - Updater called before beeing initialized
2025-11-27 11:01:56,973 [INFO] DbMcusAds:53 - JSON generation date=Tue Nov 25 16:08:32 EET 2025 (1764079712316)
2025-11-27 11:01:56,974 [FATAL] Updater:308 - Updater called before beeing initialized
2025-11-27 11:01:57,030 [WARN] DetailPanel:346 - Failed to get advertising image, set to default
2025-11-27 11:01:57,139 [FATAL] Updater:308 - Updater called before beeing initialized
2025-11-27 11:01:57,142 [FATAL] Updater:308 - Updater called before beeing initialized
2025-11-27 11:01:57,142 [FATAL] Updater:308 - Updater called before beeing initialized
2025-11-27 11:01:57,142 [WARN] DetailPanel:346 - Failed to get advertising image, set to default
2025-11-27 11:01:57,144 [FATAL] Updater:308 - Updater called before beeing initialized
2025-11-27 11:01:57,219 [ERROR] Updater:1120 - MainUpdater not yet initialized. External WinMGr cannot be set.
2025-11-27 11:01:57,224 [INFO] Updater:1056 - Updater Version found : 6.9.0
2025-11-27 11:01:57,262 [INFO] ApplicationProperties:184 - Using Application install path: C:\ST\STM32CubeIDE_1.13.0\STM32CubeIDE\plugins\com.st.stm32cube.common.mx_6.9.0.202307051724
2025-11-27 11:01:57,524 [INFO] MainUpdater:2868 - connection check result : 10
2025-11-27 11:01:57,525 [INFO] MainUpdater:285 - Updater Check For Update Now.
2025-11-27 11:01:57,525 [INFO] MicroXplorer:498 - Change Database Version : DB.6.0.90
2025-11-27 11:01:57,545 [INFO] McuFinderGlobals:63 - Set McuFinder mode to 2 (CubeIDE integrated)
2025-11-27 11:01:57,545 [INFO] UserAuth:179 - activating auth plugin
2025-11-27 11:01:57,548 [INFO] UserAuth:393 - Internet connection configuration mode: 1
2025-11-27 11:01:57,591 [INFO] JxBrowserEngine:151 - Initiate JxBrowser Engine with user profile folder
2025-11-27 11:01:57,732 [INFO] CheckServerUpdateThread:120 - End of CheckServer Thread
2025-11-27 11:01:57,995 [ERROR] Engine:466 - C:\Users\bogda\.stm32cubemx\thirdparties\pdsc\WES.I-CUBE-Cesium.1.4.0.pdsc: PDSC version is not supported
2025-11-27 11:01:57,998 [ERROR] Engine:466 - C:\Users\bogda\.stm32cubemx\thirdparties\pdsc\STMicroelectronics.X-CUBE-FREERTOS.1.4.0.pdsc: PDSC version is not supported
2025-11-27 11:01:58,157 [WARN] PackLoader:240 - Cannot read IP mode file for STMicroelectronics.X-CUBE-MEMS1.12.0.0
2025-11-27 11:01:58,267 [WARN] PackLoader:240 - Cannot read IP mode file for STMicroelectronics.X-CUBE-TOUCHGFX.4.26.0
2025-11-27 11:01:58,268 [INFO] ThirdParty:978 - Integrity check success = true
2025-11-27 11:01:58,268 [INFO] IntegrityCheckThread:100 - exiting critical section [integrity check]
2025-11-27 11:01:58,268 [INFO] IntegrityCheckThread:103 - End integrity checks thread
2025-11-27 11:01:58,652 [INFO] WebApp:157 - Instantiating new browser for Auth
2025-11-27 11:01:59,157 [INFO] WebApp:753 - Register for checkConnection events
2025-11-27 11:01:59,158 [INFO] WebApp:390 - Apply proxy settings
2025-11-27 11:01:59,158 [INFO] WebApp:475 - Chromium requires no authentication
2025-11-27 11:01:59,165 [INFO] WebApp:418 - Direct internet connection detected
2025-11-27 11:01:59,277 [INFO] WebApp:188 - Starting web application
2025-11-27 11:01:59,277 [INFO] WebApp:520 - Web application path used C:\ST\STM32CubeIDE_1.13.0\STM32CubeIDE\plugins\com.st.stm32cube.common.mx_6.9.0.202307051724\db\plugins\mcufinder\reactClient1\index.html
2025-11-27 11:02:20,036 [ERROR] LogOutputStream:75 - [STDERR_REDIRECT] SLF4J: Failed to load class "org.slf4j.impl.StaticLoggerBinder".
2025-11-27 11:02:20,036 [ERROR] LogOutputStream:75 - [STDERR_REDIRECT] SLF4J: Defaulting to no-operation (NOP) logger implementation
2025-11-27 11:02:20,037 [ERROR] LogOutputStream:75 - [STDERR_REDIRECT] SLF4J: See http://www.slf4j.org/codes.html#StaticLoggerBinder for further details.
2025-11-27 11:07:22,817 [ERROR] ConfigurationRetriever:142 - IOException on connection: Connect timed out
2025-11-27 11:07:34,009 [ERROR] ConfigurationRetriever:142 - IOException on connection: sw-center.st.com
2025-11-27 11:07:34,009 [ERROR] ConfigurationRetriever:142 - IOException on connection: sw-center.st.com
2025-11-27 11:30:07,253 [ERROR] ConfigurationRetriever:142 - IOException on connection: sw-center.st.com
2025-11-27 11:30:07,254 [ERROR] ConfigurationRetriever:142 - IOException on connection: sw-center.st.com
2025-11-27 11:30:07,254 [ERROR] ConfigurationRetriever:142 - IOException on connection: sw-center.st.com
2025-11-27 11:31:45,885 [ERROR] ConfigurationRetriever:142 - IOException on connection: sw-center.st.com
2025-11-27 11:31:45,887 [ERROR] ConfigurationRetriever:142 - IOException on connection: sw-center.st.com
2025-11-27 11:31:45,887 [ERROR] ConfigurationRetriever:142 - IOException on connection: sw-center.st.com
2025-11-27 11:31:54,706 [ERROR] ConfigurationRetriever:142 - IOException on connection: sw-center.st.com
2025-11-27 11:31:54,706 [ERROR] ConfigurationRetriever:142 - IOException on connection: sw-center.st.com
2025-11-27 11:31:54,706 [ERROR] ConfigurationRetriever:142 - IOException on connection: sw-center.st.com
2025-11-27 11:34:53,400 [ERROR] ConfigurationRetriever:142 - IOException on connection: sw-center.st.com
2025-11-27 11:34:53,401 [ERROR] ConfigurationRetriever:142 - IOException on connection: sw-center.st.com
2025-11-27 11:34:53,401 [ERROR] ConfigurationRetriever:142 - IOException on connection: sw-center.st.com
2025-11-27 11:35:41,808 [ERROR] ConfigurationRetriever:142 - IOException on connection: sw-center.st.com
2025-11-27 11:35:41,808 [ERROR] ConfigurationRetriever:142 - IOException on connection: sw-center.st.com
2025-11-27 11:35:41,809 [ERROR] ConfigurationRetriever:142 - IOException on connection: sw-center.st.com
2025-11-27 11:38:08,122 [ERROR] ConfigurationRetriever:142 - IOException on connection: sw-center.st.com
2025-11-27 11:38:08,122 [ERROR] ConfigurationRetriever:142 - IOException on connection: sw-center.st.com
2025-11-27 11:38:08,122 [ERROR] ConfigurationRetriever:142 - IOException on connection: sw-center.st.com
2025-11-27 11:40:37,468 [ERROR] ConfigurationRetriever:142 - IOException on connection: sw-center.st.com
2025-11-27 11:40:37,469 [ERROR] ConfigurationRetriever:142 - IOException on connection: sw-center.st.com
2025-11-27 11:40:37,469 [ERROR] ConfigurationRetriever:142 - IOException on connection: sw-center.st.com
2025-11-27 11:40:37,716 [ERROR] ConfigurationRetriever:142 - IOException on connection: sw-center.st.com
2025-11-27 11:40:37,717 [ERROR] ConfigurationRetriever:142 - IOException on connection: sw-center.st.com
2025-11-27 11:40:37,717 [ERROR] ConfigurationRetriever:142 - IOException on connection: sw-center.st.com
2025-11-27 11:41:30,025 [ERROR] ConfigurationRetriever:142 - IOException on connection: sw-center.st.com
2025-11-27 11:41:30,026 [ERROR] ConfigurationRetriever:142 - IOException on connection: sw-center.st.com
2025-11-27 11:41:30,026 [ERROR] ConfigurationRetriever:142 - IOException on connection: sw-center.st.com
2025-11-27 11:41:30,119 [ERROR] ConfigurationRetriever:142 - IOException on connection: sw-center.st.com
2025-11-27 11:41:30,120 [ERROR] ConfigurationRetriever:142 - IOException on connection: sw-center.st.com
2025-11-27 11:41:30,120 [ERROR] ConfigurationRetriever:142 - IOException on connection: sw-center.st.com
2025-11-27 11:43:24,514 [ERROR] ConfigurationRetriever:142 - IOException on connection: sw-center.st.com
2025-11-27 11:43:24,514 [ERROR] ConfigurationRetriever:142 - IOException on connection: sw-center.st.com
2025-11-27 11:43:24,514 [ERROR] ConfigurationRetriever:142 - IOException on connection: sw-center.st.com
2025-11-27 11:43:24,651 [ERROR] ConfigurationRetriever:142 - IOException on connection: sw-center.st.com
2025-11-27 11:43:24,652 [ERROR] ConfigurationRetriever:142 - IOException on connection: sw-center.st.com
2025-11-27 11:43:24,652 [ERROR] ConfigurationRetriever:142 - IOException on connection: sw-center.st.com
2025-11-27 11:45:48,374 [ERROR] ConfigurationRetriever:142 - IOException on connection: sw-center.st.com
2025-11-27 11:45:48,374 [ERROR] ConfigurationRetriever:142 - IOException on connection: sw-center.st.com
2025-11-27 11:45:48,374 [ERROR] ConfigurationRetriever:142 - IOException on connection: sw-center.st.com
2025-11-27 11:45:48,552 [ERROR] ConfigurationRetriever:142 - IOException on connection: sw-center.st.com
2025-11-27 11:45:48,553 [ERROR] ConfigurationRetriever:142 - IOException on connection: sw-center.st.com
2025-11-27 11:45:48,553 [ERROR] ConfigurationRetriever:142 - IOException on connection: sw-center.st.com
2025-11-27 11:48:32,219 [ERROR] ConfigurationRetriever:142 - IOException on connection: sw-center.st.com
2025-11-27 11:48:32,219 [ERROR] ConfigurationRetriever:142 - IOException on connection: sw-center.st.com
2025-11-27 11:48:32,219 [ERROR] ConfigurationRetriever:142 - IOException on connection: sw-center.st.com
2025-11-27 11:48:32,322 [ERROR] ConfigurationRetriever:142 - IOException on connection: sw-center.st.com
2025-11-27 11:48:32,322 [ERROR] ConfigurationRetriever:142 - IOException on connection: sw-center.st.com
2025-11-27 11:48:32,322 [ERROR] ConfigurationRetriever:142 - IOException on connection: sw-center.st.com
2025-11-27 11:49:36,124 [ERROR] ConfigurationRetriever:142 - IOException on connection: sw-center.st.com
2025-11-27 11:49:36,124 [ERROR] ConfigurationRetriever:142 - IOException on connection: sw-center.st.com
2025-11-27 11:49:36,125 [ERROR] ConfigurationRetriever:142 - IOException on connection: sw-center.st.com
2025-11-27 11:49:36,379 [ERROR] ConfigurationRetriever:142 - IOException on connection: sw-center.st.com
2025-11-27 11:49:36,380 [ERROR] ConfigurationRetriever:142 - IOException on connection: sw-center.st.com
2025-11-27 11:49:36,380 [ERROR] ConfigurationRetriever:142 - IOException on connection: sw-center.st.com
2025-11-27 11:49:46,308 [ERROR] ConfigurationRetriever:142 - IOException on connection: sw-center.st.com
2025-11-27 11:49:46,309 [ERROR] ConfigurationRetriever:142 - IOException on connection: sw-center.st.com
2025-11-27 11:49:46,309 [ERROR] ConfigurationRetriever:142 - IOException on connection: sw-center.st.com
2025-11-27 11:49:46,404 [ERROR] ConfigurationRetriever:142 - IOException on connection: sw-center.st.com
2025-11-27 11:49:46,404 [ERROR] ConfigurationRetriever:142 - IOException on connection: sw-center.st.com
2025-11-27 11:49:46,404 [ERROR] ConfigurationRetriever:142 - IOException on connection: sw-center.st.com
2025-11-27 11:52:19,219 [ERROR] ConfigurationRetriever:142 - IOException on connection: sw-center.st.com
2025-11-27 11:52:19,220 [ERROR] ConfigurationRetriever:142 - IOException on connection: sw-center.st.com
2025-11-27 11:52:19,222 [ERROR] ConfigurationRetriever:142 - IOException on connection: sw-center.st.com
2025-11-27 11:52:19,576 [ERROR] ConfigurationRetriever:142 - IOException on connection: sw-center.st.com
2025-11-27 11:52:19,576 [ERROR] ConfigurationRetriever:142 - IOException on connection: sw-center.st.com
2025-11-27 11:52:19,577 [ERROR] ConfigurationRetriever:142 - IOException on connection: sw-center.st.com
2025-11-27 11:53:16,073 [ERROR] ConfigurationRetriever:142 - IOException on connection: sw-center.st.com
2025-11-27 11:53:16,075 [ERROR] ConfigurationRetriever:142 - IOException on connection: sw-center.st.com
2025-11-27 11:53:16,075 [ERROR] ConfigurationRetriever:142 - IOException on connection: sw-center.st.com
2025-11-27 11:53:16,223 [ERROR] ConfigurationRetriever:142 - IOException on connection: sw-center.st.com
2025-11-27 11:53:16,223 [ERROR] ConfigurationRetriever:142 - IOException on connection: sw-center.st.com
2025-11-27 11:53:16,223 [ERROR] ConfigurationRetriever:142 - IOException on connection: sw-center.st.com
2025-11-27 11:54:15,001 [ERROR] ConfigurationRetriever:142 - IOException on connection: sw-center.st.com
2025-11-27 11:54:15,001 [ERROR] ConfigurationRetriever:142 - IOException on connection: sw-center.st.com
2025-11-27 11:54:15,001 [ERROR] ConfigurationRetriever:142 - IOException on connection: sw-center.st.com
2025-11-27 11:55:45,377 [ERROR] ConfigurationRetriever:142 - IOException on connection: sw-center.st.com
2025-11-27 11:55:45,378 [ERROR] ConfigurationRetriever:142 - IOException on connection: sw-center.st.com
2025-11-27 11:55:45,379 [ERROR] ConfigurationRetriever:142 - IOException on connection: sw-center.st.com
2025-11-27 11:55:45,576 [ERROR] ConfigurationRetriever:142 - IOException on connection: sw-center.st.com
2025-11-27 11:55:45,578 [ERROR] ConfigurationRetriever:142 - IOException on connection: sw-center.st.com
2025-11-27 11:55:45,579 [ERROR] ConfigurationRetriever:142 - IOException on connection: sw-center.st.com
2025-11-27 11:56:39,280 [ERROR] ConfigurationRetriever:142 - IOException on connection: sw-center.st.com
2025-11-27 11:56:39,280 [ERROR] ConfigurationRetriever:142 - IOException on connection: sw-center.st.com
2025-11-27 11:56:39,281 [ERROR] ConfigurationRetriever:142 - IOException on connection: sw-center.st.com
2025-11-27 11:58:17,613 [ERROR] ConfigurationRetriever:142 - IOException on connection: sw-center.st.com
2025-11-27 11:58:17,614 [ERROR] ConfigurationRetriever:142 - IOException on connection: sw-center.st.com
2025-11-27 11:58:17,614 [ERROR] ConfigurationRetriever:142 - IOException on connection: sw-center.st.com
2025-11-27 11:58:17,770 [ERROR] ConfigurationRetriever:142 - IOException on connection: sw-center.st.com
2025-11-27 11:58:17,770 [ERROR] ConfigurationRetriever:142 - IOException on connection: sw-center.st.com
2025-11-27 11:58:17,771 [ERROR] ConfigurationRetriever:142 - IOException on connection: sw-center.st.com
2025-11-27 12:00:43,637 [ERROR] ConfigurationRetriever:142 - IOException on connection: sw-center.st.com
2025-11-27 12:00:43,638 [ERROR] ConfigurationRetriever:142 - IOException on connection: sw-center.st.com
2025-11-27 12:00:43,638 [ERROR] ConfigurationRetriever:142 - IOException on connection: sw-center.st.com
2025-11-27 12:03:09,596 [ERROR] ConfigurationRetriever:142 - IOException on connection: sw-center.st.com
2025-11-27 12:03:09,597 [ERROR] ConfigurationRetriever:142 - IOException on connection: sw-center.st.com
2025-11-27 12:03:09,597 [ERROR] ConfigurationRetriever:142 - IOException on connection: sw-center.st.com
2025-11-27 12:03:09,883 [ERROR] ConfigurationRetriever:142 - IOException on connection: sw-center.st.com
2025-11-27 12:03:09,884 [ERROR] ConfigurationRetriever:142 - IOException on connection: sw-center.st.com
2025-11-27 12:03:09,884 [ERROR] ConfigurationRetriever:142 - IOException on connection: sw-center.st.com
2025-11-27 12:03:28,862 [ERROR] ConfigurationRetriever:142 - IOException on connection: sw-center.st.com
2025-11-27 12:03:28,863 [ERROR] ConfigurationRetriever:142 - IOException on connection: sw-center.st.com
2025-11-27 12:03:28,863 [ERROR] ConfigurationRetriever:142 - IOException on connection: sw-center.st.com
2025-11-27 12:06:56,281 [ERROR] ConfigurationRetriever:142 - IOException on connection: sw-center.st.com
2025-11-27 12:06:56,282 [ERROR] ConfigurationRetriever:142 - IOException on connection: sw-center.st.com
2025-11-27 12:06:56,283 [ERROR] ConfigurationRetriever:142 - IOException on connection: sw-center.st.com
2025-11-27 12:06:56,479 [ERROR] ConfigurationRetriever:142 - IOException on connection: sw-center.st.com
2025-11-27 12:06:56,480 [ERROR] ConfigurationRetriever:142 - IOException on connection: sw-center.st.com
2025-11-27 12:06:56,480 [ERROR] ConfigurationRetriever:142 - IOException on connection: sw-center.st.com
2025-11-27 12:08:59,682 [ERROR] ConfigurationRetriever:142 - IOException on connection: sw-center.st.com
2025-11-27 12:08:59,683 [ERROR] ConfigurationRetriever:142 - IOException on connection: sw-center.st.com
2025-11-27 12:08:59,683 [ERROR] ConfigurationRetriever:142 - IOException on connection: sw-center.st.com
2025-11-27 12:08:59,898 [ERROR] ConfigurationRetriever:142 - IOException on connection: sw-center.st.com
2025-11-27 12:08:59,898 [ERROR] ConfigurationRetriever:142 - IOException on connection: sw-center.st.com
2025-11-27 12:08:59,898 [ERROR] ConfigurationRetriever:142 - IOException on connection: sw-center.st.com
2025-11-27 12:09:52,010 [ERROR] ConfigurationRetriever:142 - IOException on connection: sw-center.st.com
2025-11-27 12:09:52,011 [ERROR] ConfigurationRetriever:142 - IOException on connection: sw-center.st.com
2025-11-27 12:09:52,011 [ERROR] ConfigurationRetriever:142 - IOException on connection: sw-center.st.com
2025-11-27 12:09:52,171 [ERROR] ConfigurationRetriever:142 - IOException on connection: sw-center.st.com
2025-11-27 12:09:52,171 [ERROR] ConfigurationRetriever:142 - IOException on connection: sw-center.st.com
2025-11-27 12:09:52,171 [ERROR] ConfigurationRetriever:142 - IOException on connection: sw-center.st.com
2025-11-27 12:10:23,800 [ERROR] ConfigurationRetriever:142 - IOException on connection: sw-center.st.com
2025-11-27 12:10:23,800 [ERROR] ConfigurationRetriever:142 - IOException on connection: sw-center.st.com
2025-11-27 12:10:23,800 [ERROR] ConfigurationRetriever:142 - IOException on connection: sw-center.st.com
2025-11-27 12:10:24,031 [ERROR] ConfigurationRetriever:142 - IOException on connection: sw-center.st.com
2025-11-27 12:10:24,032 [ERROR] ConfigurationRetriever:142 - IOException on connection: sw-center.st.com
2025-11-27 12:10:24,032 [ERROR] ConfigurationRetriever:142 - IOException on connection: sw-center.st.com
