2025-11-30 18:06:48,656 [INFO] Activator:176 - 


2025-11-30 18:06:48,659 [INFO] Activator:177 - !SESSION log4j initialized
2025-11-30 18:06:54,361 [INFO] LogOutputStream:77 - [STDOUT_REDIRECT] 
2025-11-30 18:06:56,640 [INFO] ApplicationProperties:184 - Using Application install path: C:\ST\STM32CubeIDE_1.13.0\STM32CubeIDE\plugins\com.st.stm32cube.common.mx_6.9.0.202307051724
2025-11-30 18:06:56,654 [INFO] DbMcusXml:78 - Set database path to: C:\ST\STM32CubeIDE_1.13.0\STM32CubeIDE\plugins\com.st.stm32cube.common.mx_6.9.0.202307051724\\db\/mcu/
2025-11-30 18:06:56,655 [INFO] ApiDb:274 - Set plugin database path to: C:\ST\STM32CubeIDE_1.13.0\STM32CubeIDE\plugins\com.st.stm32cube.common.mx_6.9.0.202307051724\\db\/plugins/boardmanager/
2025-11-30 18:06:56,655 [WARN] ApiDb:259 - Overriding images path with different value:  => C:\ST\STM32CubeIDE_1.13.0\STM32CubeIDE\plugins\com.st.stm32cube.common.mx_6.9.0.202307051724\\db\/plugins/mcufinder/images/
2025-11-30 18:06:56,662 [INFO] ApiDb:250 - Set database path to: C:\Users\bogda\.stmcufinder\plugins\mcufinder//mcu/
2025-11-30 18:06:56,662 [INFO] DbMcusAds:125 - Set database path to: C:\Users\bogda\.stmcufinder\plugins\mcufinder//mcu/
2025-11-30 18:06:56,665 [INFO] CrossReferenceDbSqlite:203 - Set database path to: C:\Users\bogda\.stmcufinder\plugins\mcufinder//mcu/cs/
2025-11-30 18:06:56,753 [INFO] RulesReader:64 - Compatibility file has been processed (293 Rules)
2025-11-30 18:06:56,814 [INFO] DbMcusXml:78 - Set database path to: C:\ST\STM32CubeIDE_1.13.0\STM32CubeIDE\plugins\com.st.stm32cube.common.mx_6.9.0.202307051724\\db\/mcu/
2025-11-30 18:06:56,814 [INFO] ApiDb:274 - Set plugin database path to: C:\ST\STM32CubeIDE_1.13.0\STM32CubeIDE\plugins\com.st.stm32cube.common.mx_6.9.0.202307051724\\db\/plugins/boardmanager/
2025-11-30 18:06:56,814 [INFO] ApiDb:261 - Set plugin images path to: C:\ST\STM32CubeIDE_1.13.0\STM32CubeIDE\plugins\com.st.stm32cube.common.mx_6.9.0.202307051724\\db\/plugins/mcufinder/images/
2025-11-30 18:06:56,814 [WARN] DbFile:41 - Overriding database path with different value: C:\Users\bogda\.stmcufinder\plugins\mcufinder/ => C:\Users\bogda\.stmcufinder\plugins\mcufinder
2025-11-30 18:06:56,815 [INFO] ApiDb:250 - Set database path to: C:\Users\bogda\.stmcufinder\plugins\mcufinder//mcu/
2025-11-30 18:06:56,815 [WARN] DbFile:41 - Overriding database path with different value: C:\Users\bogda\.stmcufinder\plugins\mcufinder/ => C:\Users\bogda\.stmcufinder\plugins\mcufinder
2025-11-30 18:06:56,815 [INFO] DbMcusAds:125 - Set database path to: C:\Users\bogda\.stmcufinder\plugins\mcufinder//mcu/
2025-11-30 18:06:56,815 [WARN] DbFile:41 - Overriding database path with different value: C:\Users\bogda\.stmcufinder\plugins\mcufinder/ => C:\Users\bogda\.stmcufinder\plugins\mcufinder
2025-11-30 18:06:56,815 [WARN] DbFile:41 - Overriding database path with different value: C:\Users\bogda\.stmcufinder\plugins\mcufinder/ => C:\Users\bogda\.stmcufinder\plugins\mcufinder
2025-11-30 18:06:56,815 [INFO] CrossReferenceDbSqlite:203 - Set database path to: C:\Users\bogda\.stmcufinder\plugins\mcufinder//mcu/cs/
2025-11-30 18:06:56,875 [INFO] MainPanel:262 - HeapMemory: 268435456
2025-11-30 18:06:56,943 [INFO] DbMcusXml:78 - Set database path to: C:\ST\STM32CubeIDE_1.13.0\STM32CubeIDE\plugins\com.st.stm32cube.common.mx_6.9.0.202307051724\\db\/mcu/
2025-11-30 18:06:56,943 [INFO] ApiDb:274 - Set plugin database path to: C:\ST\STM32CubeIDE_1.13.0\STM32CubeIDE\plugins\com.st.stm32cube.common.mx_6.9.0.202307051724\\db\/plugins/boardmanager/
2025-11-30 18:06:56,943 [INFO] ApiDb:261 - Set plugin images path to: C:\ST\STM32CubeIDE_1.13.0\STM32CubeIDE\plugins\com.st.stm32cube.common.mx_6.9.0.202307051724\\db\/plugins/mcufinder/images/
2025-11-30 18:06:56,943 [WARN] DbFile:41 - Overriding database path with different value: C:\Users\bogda\.stmcufinder\plugins\mcufinder/ => C:\Users\bogda\.stmcufinder\plugins\mcufinder
2025-11-30 18:06:56,944 [INFO] ApiDb:250 - Set database path to: C:\Users\bogda\.stmcufinder\plugins\mcufinder//mcu/
2025-11-30 18:06:56,944 [WARN] DbFile:41 - Overriding database path with different value: C:\Users\bogda\.stmcufinder\plugins\mcufinder/ => C:\Users\bogda\.stmcufinder\plugins\mcufinder
2025-11-30 18:06:56,944 [INFO] DbMcusAds:125 - Set database path to: C:\Users\bogda\.stmcufinder\plugins\mcufinder//mcu/
2025-11-30 18:06:56,944 [WARN] DbFile:41 - Overriding database path with different value: C:\Users\bogda\.stmcufinder\plugins\mcufinder/ => C:\Users\bogda\.stmcufinder\plugins\mcufinder
2025-11-30 18:06:56,944 [WARN] DbFile:41 - Overriding database path with different value: C:\Users\bogda\.stmcufinder\plugins\mcufinder/ => C:\Users\bogda\.stmcufinder\plugins\mcufinder
2025-11-30 18:06:56,944 [INFO] CrossReferenceDbSqlite:203 - Set database path to: C:\Users\bogda\.stmcufinder\plugins\mcufinder//mcu/cs/
2025-11-30 18:06:56,958 [INFO] ApplicationProperties:184 - Using Application install path: C:\ST\STM32CubeIDE_1.13.0\STM32CubeIDE\plugins\com.st.stm32cube.common.mx_6.9.0.202307051724
2025-11-30 18:06:56,959 [INFO] PluginManage:196 - Search for loadable plugins [exclusion list=, ]
2025-11-30 18:06:56,960 [INFO] PluginManage:310 - Check plugin analytics
2025-11-30 18:06:57,106 [INFO] AnalyticsPlugin:253 - Accepted Software Licenses: 
2025-11-30 18:06:57,106 [INFO] AnalyticsPlugin:255 - Accepted CMSIS Pack Licenses: 
2025-11-30 18:06:57,106 [INFO] AnalyticsPlugin:257 - Accepted Firmware Licenses: FW.F4.1.27.0
2025-11-30 18:06:57,108 [INFO] PluginManage:359 - Loaded plugin analytics (category:tool,tabindex:-1)
2025-11-30 18:06:57,109 [INFO] PluginManage:310 - Check plugin cadmodel
2025-11-30 18:06:57,130 [INFO] CADModel:105 - Init CAD model plugin
2025-11-30 18:06:57,131 [INFO] PluginManage:359 - Loaded plugin cadmodel (category:power,tabindex:5)
2025-11-30 18:06:57,131 [INFO] PluginManage:310 - Check plugin clock
2025-11-30 18:06:57,154 [INFO] PluginManage:359 - Loaded plugin clock (category:base,tabindex:2)
2025-11-30 18:06:57,154 [INFO] PluginManage:310 - Check plugin ddr
2025-11-30 18:06:57,156 [INFO] PluginManage:359 - Loaded plugin ddr (category:tool,tabindex:6)
2025-11-30 18:06:57,158 [INFO] PluginManage:310 - Check plugin filemanager
2025-11-30 18:06:57,261 [INFO] PluginManage:359 - Loaded plugin filemanager (category:base,tabindex:10)
2025-11-30 18:06:57,261 [INFO] PluginManage:310 - Check plugin ipmanager
2025-11-30 18:06:57,266 [INFO] PluginManage:359 - Loaded plugin ipmanager (category:base,tabindex:5)
2025-11-30 18:06:57,266 [INFO] PluginManage:310 - Check plugin lpbam
2025-11-30 18:06:57,282 [INFO] PluginManage:359 - Loaded plugin lpbam (category:base,tabindex:0)
2025-11-30 18:06:57,282 [INFO] PluginManage:310 - Check plugin memorymap
2025-11-30 18:06:57,302 [INFO] PluginManage:359 - Loaded plugin memorymap (category:base,tabindex:4)
2025-11-30 18:06:57,302 [INFO] PluginManage:310 - Check plugin pinoutandconfiguration
2025-11-30 18:06:57,317 [INFO] PluginManage:359 - Loaded plugin pinoutandconfiguration (category:base,tabindex:1)
2025-11-30 18:06:57,319 [INFO] PluginManage:310 - Check plugin pinoutconfig
2025-11-30 18:06:57,406 [WARN] SupportedApi:132 - Cannot load RTOS API schema: s4s-elt-must-match.1: The content of 'definitions' must match (annotation?, (simpleType | complexType)?, (unique | key | keyref)*)). A problem was found starting at: attribute.
2025-11-30 18:06:57,528 [INFO] PluginManage:359 - Loaded plugin pinoutconfig (category:base,tabindex:0)
2025-11-30 18:06:57,528 [INFO] PluginManage:310 - Check plugin power
2025-11-30 18:06:57,545 [INFO] PluginManage:359 - Loaded plugin power (category:power,tabindex:4)
2025-11-30 18:06:57,546 [INFO] PluginManage:310 - Check plugin projectmanager
2025-11-30 18:06:57,555 [INFO] PluginManage:359 - Loaded plugin projectmanager (category:projectmanager,tabindex:3)
2025-11-30 18:06:57,555 [INFO] PluginManage:310 - Check plugin thirdparty
2025-11-30 18:06:57,828 [WARN] IntegrityCheckThread:84 - waiting for thirdparty lock release [integrity check]
2025-11-30 18:06:57,828 [INFO] PluginManage:359 - Loaded plugin thirdparty (category:base,tabindex:-1)
2025-11-30 18:06:57,828 [INFO] IntegrityCheckThread:86 - entering critical section [integrity check]
2025-11-30 18:06:57,828 [INFO] PluginManage:310 - Check plugin tools
2025-11-30 18:06:57,829 [INFO] ThirdPartyUpdaterWithRetryManager:70 - Updater plugin not ready yet. [1/15]
2025-11-30 18:06:57,871 [INFO] PluginManage:359 - Loaded plugin tools (category:base,tabindex:7)
2025-11-30 18:06:57,871 [INFO] PluginManage:310 - Check plugin tutovideos
2025-11-30 18:06:58,035 [INFO] PluginManage:359 - Loaded plugin tutovideos (category:base,tabindex:-1)
2025-11-30 18:06:58,035 [INFO] PluginManage:310 - Check plugin updater
2025-11-30 18:06:58,044 [INFO] PluginManage:359 - Loaded plugin updater (category:base,tabindex:12)
2025-11-30 18:06:58,044 [INFO] PluginManage:310 - Check plugin userauth
2025-11-30 18:06:58,048 [INFO] UserAuth:113 - Init User Auth plugin
2025-11-30 18:06:58,048 [INFO] PluginManage:359 - Loaded plugin userauth (category:base,tabindex:14)
2025-11-30 18:06:58,049 [INFO] PluginManage:283 - PluginManage : Loaded plugins [17]
2025-11-30 18:06:58,215 [INFO] PinOutPanel:1499 - setPackage(No Configuration,No Configuration)
2025-11-30 18:06:58,323 [INFO] CADModel:165 - CPN selected for project level
2025-11-30 18:06:58,323 [INFO] CADModel:114 - Register for checkConnection events
2025-11-30 18:06:58,352 [INFO] IPUIPlugin:80 - create IPUIPlugin
2025-11-30 18:06:58,352 [INFO] PluginManager:220 - loadIPPluginJar : add adc
2025-11-30 18:06:58,392 [INFO] IPUIPlugin:80 - create IPUIPlugin
2025-11-30 18:06:58,393 [INFO] PluginManager:220 - loadIPPluginJar : add aes
2025-11-30 18:06:58,431 [INFO] IPUIPlugin:80 - create IPUIPlugin
2025-11-30 18:06:58,431 [INFO] PluginManager:220 - loadIPPluginJar : add can
2025-11-30 18:06:58,455 [INFO] IPUIPlugin:80 - create IPUIPlugin
2025-11-30 18:06:58,455 [INFO] PluginManager:220 - loadIPPluginJar : add comp
2025-11-30 18:06:58,486 [INFO] IPUIPlugin:80 - create IPUIPlugin
2025-11-30 18:06:58,486 [INFO] PluginManager:220 - loadIPPluginJar : add cryp
2025-11-30 18:06:58,515 [INFO] IPUIPlugin:80 - create IPUIPlugin
2025-11-30 18:06:58,515 [INFO] PluginManager:220 - loadIPPluginJar : add dfsdm
2025-11-30 18:06:58,529 [INFO] IPUIPlugin:80 - create IPUIPlugin
2025-11-30 18:06:58,529 [INFO] PluginManager:220 - loadIPPluginJar : add dma
2025-11-30 18:06:58,584 [INFO] IPUIPlugin:80 - create IPUIPlugin
2025-11-30 18:06:58,584 [INFO] PluginManager:220 - loadIPPluginJar : add dma3
2025-11-30 18:06:58,611 [INFO] IPUIPlugin:80 - create IPUIPlugin
2025-11-30 18:06:58,611 [INFO] PluginManager:220 - loadIPPluginJar : add fatfs
2025-11-30 18:06:58,674 [INFO] IPUIPlugin:80 - create IPUIPlugin
2025-11-30 18:06:58,674 [INFO] PluginManager:220 - loadIPPluginJar : add fmc
2025-11-30 18:06:58,691 [INFO] IPUIPlugin:80 - create IPUIPlugin
2025-11-30 18:06:58,691 [INFO] PluginManager:220 - loadIPPluginJar : add freertos
2025-11-30 18:06:58,719 [INFO] IPUIPlugin:80 - create IPUIPlugin
2025-11-30 18:06:58,719 [INFO] PluginManager:220 - loadIPPluginJar : add genericplugin
2025-11-30 18:06:58,816 [INFO] IPUIPlugin:80 - create IPUIPlugin
2025-11-30 18:06:58,816 [INFO] PluginManager:220 - loadIPPluginJar : add gfxmmu
2025-11-30 18:06:58,935 [INFO] IPUIPlugin:80 - create IPUIPlugin
2025-11-30 18:06:58,936 [INFO] PluginManager:220 - loadIPPluginJar : add gic
2025-11-30 18:06:58,949 [INFO] IPUIPlugin:80 - create IPUIPlugin
2025-11-30 18:06:58,949 [INFO] PluginManager:220 - loadIPPluginJar : add gpio
2025-11-30 18:06:59,041 [INFO] IPUIPlugin:80 - create IPUIPlugin
2025-11-30 18:06:59,041 [INFO] PluginManager:220 - loadIPPluginJar : add gtzc
2025-11-30 18:06:59,088 [INFO] IPUIPlugin:80 - create IPUIPlugin
2025-11-30 18:06:59,090 [INFO] PluginManager:220 - loadIPPluginJar : add hash
2025-11-30 18:06:59,154 [INFO] IPUIPlugin:80 - create IPUIPlugin
2025-11-30 18:06:59,154 [INFO] PluginManager:220 - loadIPPluginJar : add i2c
2025-11-30 18:06:59,201 [INFO] IPUIPlugin:80 - create IPUIPlugin
2025-11-30 18:06:59,201 [INFO] PluginManager:220 - loadIPPluginJar : add i2s
2025-11-30 18:06:59,243 [INFO] IPUIPlugin:80 - create IPUIPlugin
2025-11-30 18:06:59,243 [INFO] PluginManager:220 - loadIPPluginJar : add i3c
2025-11-30 18:06:59,346 [INFO] IPUIPlugin:80 - create IPUIPlugin
2025-11-30 18:06:59,347 [INFO] PluginManager:220 - loadIPPluginJar : add ipddr
2025-11-30 18:06:59,449 [INFO] IPUIPlugin:80 - create IPUIPlugin
2025-11-30 18:06:59,449 [INFO] PluginManager:220 - loadIPPluginJar : add linkedlist
2025-11-30 18:06:59,494 [INFO] IPUIPlugin:80 - create IPUIPlugin
2025-11-30 18:06:59,495 [INFO] PluginManager:220 - loadIPPluginJar : add lorawan
2025-11-30 18:06:59,542 [INFO] IPUIPlugin:80 - create IPUIPlugin
2025-11-30 18:06:59,542 [INFO] PluginManager:220 - loadIPPluginJar : add ltdc
2025-11-30 18:06:59,557 [INFO] IPUIPlugin:80 - create IPUIPlugin
2025-11-30 18:06:59,558 [INFO] PluginManager:220 - loadIPPluginJar : add mdma
2025-11-30 18:06:59,572 [INFO] IPUIPlugin:80 - create IPUIPlugin
2025-11-30 18:06:59,572 [INFO] PluginManager:220 - loadIPPluginJar : add nvic
2025-11-30 18:06:59,616 [INFO] IPUIPlugin:80 - create IPUIPlugin
2025-11-30 18:06:59,616 [INFO] PluginManager:220 - loadIPPluginJar : add opamp
2025-11-30 18:06:59,682 [INFO] IPUIPlugin:80 - create IPUIPlugin
2025-11-30 18:06:59,682 [INFO] PluginManager:220 - loadIPPluginJar : add openamp
2025-11-30 18:06:59,723 [INFO] IPUIPlugin:80 - create IPUIPlugin
2025-11-30 18:06:59,724 [INFO] PluginManager:220 - loadIPPluginJar : add pdm2pcm
2025-11-30 18:06:59,737 [INFO] IPUIPlugin:80 - create IPUIPlugin
2025-11-30 18:06:59,738 [INFO] PluginManager:220 - loadIPPluginJar : add plateformsettings
2025-11-30 18:06:59,765 [INFO] IPUIPlugin:80 - create IPUIPlugin
2025-11-30 18:06:59,765 [INFO] PluginManager:220 - loadIPPluginJar : add quadspi
2025-11-30 18:06:59,777 [INFO] IPUIPlugin:80 - create IPUIPlugin
2025-11-30 18:06:59,777 [INFO] PluginManager:220 - loadIPPluginJar : add resmgrutility
2025-11-30 18:06:59,830 [INFO] IPUIPlugin:80 - create IPUIPlugin
2025-11-30 18:06:59,830 [INFO] PluginManager:220 - loadIPPluginJar : add sai
2025-11-30 18:06:59,877 [INFO] IPUIPlugin:80 - create IPUIPlugin
2025-11-30 18:06:59,877 [INFO] PluginManager:220 - loadIPPluginJar : add spi
2025-11-30 18:06:59,938 [INFO] IPUIPlugin:80 - create IPUIPlugin
2025-11-30 18:06:59,938 [INFO] PluginManager:220 - loadIPPluginJar : add stm32_wpan
2025-11-30 18:06:59,973 [INFO] IPUIPlugin:80 - create IPUIPlugin
2025-11-30 18:06:59,974 [INFO] PluginManager:220 - loadIPPluginJar : add tim
2025-11-30 18:07:00,031 [INFO] IPUIPlugin:80 - create IPUIPlugin
2025-11-30 18:07:00,031 [INFO] PluginManager:220 - loadIPPluginJar : add touchsensing
2025-11-30 18:07:00,059 [INFO] IPUIPlugin:80 - create IPUIPlugin
2025-11-30 18:07:00,059 [INFO] PluginManager:220 - loadIPPluginJar : add tracer_emb
2025-11-30 18:07:00,082 [INFO] IPUIPlugin:80 - create IPUIPlugin
2025-11-30 18:07:00,082 [INFO] PluginManager:220 - loadIPPluginJar : add ts
2025-11-30 18:07:00,104 [INFO] IPUIPlugin:80 - create IPUIPlugin
2025-11-30 18:07:00,104 [INFO] PluginManager:220 - loadIPPluginJar : add tsc
2025-11-30 18:07:00,125 [INFO] IPUIPlugin:80 - create IPUIPlugin
2025-11-30 18:07:00,125 [INFO] PluginManager:220 - loadIPPluginJar : add ucpd
2025-11-30 18:07:00,164 [INFO] IPUIPlugin:80 - create IPUIPlugin
2025-11-30 18:07:00,164 [INFO] PluginManager:220 - loadIPPluginJar : add usart
2025-11-30 18:07:00,202 [INFO] IPUIPlugin:80 - create IPUIPlugin
2025-11-30 18:07:00,203 [INFO] PluginManager:220 - loadIPPluginJar : add usbx
2025-11-30 18:07:00,310 [INFO] CADModel:165 - CPN selected for project level
2025-11-30 18:07:00,310 [INFO] CADModel:114 - Register for checkConnection events
2025-11-30 18:07:00,310 [FATAL] Updater:308 - Updater called before beeing initialized
2025-11-30 18:07:00,310 [ERROR] CADModel:125 - Updater not yet initialized, retry later 
2025-11-30 18:07:00,418 [INFO] CADModel:165 - CPN selected for project level
2025-11-30 18:07:00,418 [INFO] CADModel:114 - Register for checkConnection events
2025-11-30 18:07:00,418 [FATAL] Updater:308 - Updater called before beeing initialized
2025-11-30 18:07:00,418 [ERROR] CADModel:125 - Updater not yet initialized, retry later 
2025-11-30 18:07:00,421 [FATAL] Updater:308 - Updater called before beeing initialized
2025-11-30 18:07:00,494 [FATAL] Updater:308 - Updater called before beeing initialized
2025-11-30 18:07:00,504 [INFO] DbMcusAds:53 - JSON generation date=Tue Nov 25 16:08:32 EET 2025 (1764079712316)
2025-11-30 18:07:00,504 [FATAL] Updater:308 - Updater called before beeing initialized
2025-11-30 18:07:00,531 [WARN] DetailPanel:346 - Failed to get advertising image, set to default
2025-11-30 18:07:00,589 [FATAL] Updater:308 - Updater called before beeing initialized
2025-11-30 18:07:00,592 [FATAL] Updater:308 - Updater called before beeing initialized
2025-11-30 18:07:00,592 [FATAL] Updater:308 - Updater called before beeing initialized
2025-11-30 18:07:00,592 [WARN] DetailPanel:346 - Failed to get advertising image, set to default
2025-11-30 18:07:00,592 [FATAL] Updater:308 - Updater called before beeing initialized
2025-11-30 18:07:00,634 [ERROR] Updater:1120 - MainUpdater not yet initialized. External WinMGr cannot be set.
2025-11-30 18:07:00,646 [INFO] Updater:1056 - Updater Version found : 6.9.0
2025-11-30 18:07:00,659 [INFO] ApplicationProperties:184 - Using Application install path: C:\ST\STM32CubeIDE_1.13.0\STM32CubeIDE\plugins\com.st.stm32cube.common.mx_6.9.0.202307051724
2025-11-30 18:07:00,830 [INFO] ThirdPartyUpdaterWithRetryManager:70 - Updater plugin not ready yet. [2/15]
2025-11-30 18:07:00,926 [INFO] MainUpdater:2868 - connection check result : 10
2025-11-30 18:07:00,927 [INFO] MainUpdater:285 - Updater Check For Update Now.
2025-11-30 18:07:00,927 [INFO] MicroXplorer:498 - Change Database Version : DB.6.0.90
2025-11-30 18:07:00,941 [INFO] McuFinderGlobals:63 - Set McuFinder mode to 2 (CubeIDE integrated)
2025-11-30 18:07:00,941 [INFO] UserAuth:179 - activating auth plugin
2025-11-30 18:07:00,943 [INFO] UserAuth:393 - Internet connection configuration mode: 1
2025-11-30 18:07:00,970 [INFO] JxBrowserEngine:151 - Initiate JxBrowser Engine with user profile folder
2025-11-30 18:07:01,116 [INFO] CheckServerUpdateThread:120 - End of CheckServer Thread
2025-11-30 18:07:02,751 [INFO] WebApp:157 - Instantiating new browser for Auth
2025-11-30 18:07:03,184 [INFO] WebApp:753 - Register for checkConnection events
2025-11-30 18:07:03,184 [INFO] WebApp:390 - Apply proxy settings
2025-11-30 18:07:03,184 [INFO] WebApp:475 - Chromium requires no authentication
2025-11-30 18:07:03,189 [INFO] WebApp:418 - Direct internet connection detected
2025-11-30 18:07:03,302 [INFO] WebApp:188 - Starting web application
2025-11-30 18:07:03,303 [INFO] WebApp:520 - Web application path used C:\ST\STM32CubeIDE_1.13.0\STM32CubeIDE\plugins\com.st.stm32cube.common.mx_6.9.0.202307051724\db\plugins\mcufinder\reactClient1\index.html
2025-11-30 18:07:03,916 [ERROR] Engine:466 - C:\Users\bogda\.stm32cubemx\thirdparties\pdsc\WES.I-CUBE-Cesium.1.4.0.pdsc: PDSC version is not supported
2025-11-30 18:07:03,930 [ERROR] Engine:466 - C:\Users\bogda\.stm32cubemx\thirdparties\pdsc\STMicroelectronics.X-CUBE-FREERTOS.1.4.0.pdsc: PDSC version is not supported
2025-11-30 18:07:04,054 [WARN] PackLoader:240 - Cannot read IP mode file for STMicroelectronics.X-CUBE-MEMS1.12.0.0
2025-11-30 18:07:04,214 [WARN] PackLoader:240 - Cannot read IP mode file for STMicroelectronics.X-CUBE-TOUCHGFX.4.26.0
2025-11-30 18:07:04,215 [INFO] ThirdParty:978 - Integrity check success = true
2025-11-30 18:07:04,215 [INFO] IntegrityCheckThread:100 - exiting critical section [integrity check]
2025-11-30 18:07:04,216 [INFO] IntegrityCheckThread:103 - End integrity checks thread
2025-11-30 18:07:24,261 [ERROR] LogOutputStream:75 - [STDERR_REDIRECT] SLF4J: Failed to load class "org.slf4j.impl.StaticLoggerBinder".
2025-11-30 18:07:24,261 [ERROR] LogOutputStream:75 - [STDERR_REDIRECT] SLF4J: Defaulting to no-operation (NOP) logger implementation
2025-11-30 18:07:24,261 [ERROR] LogOutputStream:75 - [STDERR_REDIRECT] SLF4J: See http://www.slf4j.org/codes.html#StaticLoggerBinder for further details.
2025-11-30 18:17:01,680 [ERROR] LogOutputStream:75 - [STDERR_REDIRECT] 
