2025-12-29 19:17:20,273 [ERROR] ConfigurationRetriever:142 - IOException on connection: sw-center.st.com
2025-12-29 19:17:20,289 [ERROR] ConfigurationRetriever:142 - IOException on connection: sw-center.st.com
2025-12-29 19:17:20,289 [ERROR] ConfigurationRetriever:142 - IOException on connection: sw-center.st.com
2025-12-29 19:17:20,305 [ERROR] ConfigurationRetriever:142 - IOException on connection: sw-center.st.com
2025-12-29 19:17:20,305 [ERROR] ConfigurationRetriever:142 - IOException on connection: sw-center.st.com
2025-12-29 19:17:20,305 [ERROR] ConfigurationRetriever:142 - IOException on connection: sw-center.st.com
2025-12-29 23:55:00,451 [INFO] Activator:176 - 


2025-12-29 23:55:00,451 [INFO] Activator:177 - !SESSION log4j initialized
2025-12-29 23:55:05,449 [INFO] LogOutputStream:77 - [STDOUT_REDIRECT] 
2025-12-29 23:55:07,691 [INFO] ApplicationProperties:184 - Using Application install path: C:\ST\STM32CubeIDE_1.13.0\STM32CubeIDE\plugins\com.st.stm32cube.common.mx_6.9.0.202307051724
2025-12-29 23:55:07,712 [INFO] DbMcusXml:78 - Set database path to: C:\ST\STM32CubeIDE_1.13.0\STM32CubeIDE\plugins\com.st.stm32cube.common.mx_6.9.0.202307051724\\db\/mcu/
2025-12-29 23:55:07,712 [INFO] ApiDb:274 - Set plugin database path to: C:\ST\STM32CubeIDE_1.13.0\STM32CubeIDE\plugins\com.st.stm32cube.common.mx_6.9.0.202307051724\\db\/plugins/boardmanager/
2025-12-29 23:55:07,713 [WARN] ApiDb:259 - Overriding images path with different value:  => C:\ST\STM32CubeIDE_1.13.0\STM32CubeIDE\plugins\com.st.stm32cube.common.mx_6.9.0.202307051724\\db\/plugins/mcufinder/images/
2025-12-29 23:55:07,725 [INFO] ApiDb:250 - Set database path to: C:\Users\bogda\.stmcufinder\plugins\mcufinder//mcu/
2025-12-29 23:55:07,727 [INFO] DbMcusAds:125 - Set database path to: C:\Users\bogda\.stmcufinder\plugins\mcufinder//mcu/
2025-12-29 23:55:07,728 [INFO] CrossReferenceDbSqlite:203 - Set database path to: C:\Users\bogda\.stmcufinder\plugins\mcufinder//mcu/cs/
2025-12-29 23:55:07,880 [INFO] RulesReader:64 - Compatibility file has been processed (293 Rules)
2025-12-29 23:55:07,994 [INFO] DbMcusXml:78 - Set database path to: C:\ST\STM32CubeIDE_1.13.0\STM32CubeIDE\plugins\com.st.stm32cube.common.mx_6.9.0.202307051724\\db\/mcu/
2025-12-29 23:55:07,994 [INFO] ApiDb:274 - Set plugin database path to: C:\ST\STM32CubeIDE_1.13.0\STM32CubeIDE\plugins\com.st.stm32cube.common.mx_6.9.0.202307051724\\db\/plugins/boardmanager/
2025-12-29 23:55:07,995 [INFO] ApiDb:261 - Set plugin images path to: C:\ST\STM32CubeIDE_1.13.0\STM32CubeIDE\plugins\com.st.stm32cube.common.mx_6.9.0.202307051724\\db\/plugins/mcufinder/images/
2025-12-29 23:55:07,995 [WARN] DbFile:41 - Overriding database path with different value: C:\Users\bogda\.stmcufinder\plugins\mcufinder/ => C:\Users\bogda\.stmcufinder\plugins\mcufinder
2025-12-29 23:55:07,995 [INFO] ApiDb:250 - Set database path to: C:\Users\bogda\.stmcufinder\plugins\mcufinder//mcu/
2025-12-29 23:55:07,995 [WARN] DbFile:41 - Overriding database path with different value: C:\Users\bogda\.stmcufinder\plugins\mcufinder/ => C:\Users\bogda\.stmcufinder\plugins\mcufinder
2025-12-29 23:55:07,996 [INFO] DbMcusAds:125 - Set database path to: C:\Users\bogda\.stmcufinder\plugins\mcufinder//mcu/
2025-12-29 23:55:07,996 [WARN] DbFile:41 - Overriding database path with different value: C:\Users\bogda\.stmcufinder\plugins\mcufinder/ => C:\Users\bogda\.stmcufinder\plugins\mcufinder
2025-12-29 23:55:07,996 [WARN] DbFile:41 - Overriding database path with different value: C:\Users\bogda\.stmcufinder\plugins\mcufinder/ => C:\Users\bogda\.stmcufinder\plugins\mcufinder
2025-12-29 23:55:07,996 [INFO] CrossReferenceDbSqlite:203 - Set database path to: C:\Users\bogda\.stmcufinder\plugins\mcufinder//mcu/cs/
2025-12-29 23:55:08,100 [INFO] MainPanel:262 - HeapMemory: 268435456
2025-12-29 23:55:08,229 [INFO] DbMcusXml:78 - Set database path to: C:\ST\STM32CubeIDE_1.13.0\STM32CubeIDE\plugins\com.st.stm32cube.common.mx_6.9.0.202307051724\\db\/mcu/
2025-12-29 23:55:08,229 [INFO] ApiDb:274 - Set plugin database path to: C:\ST\STM32CubeIDE_1.13.0\STM32CubeIDE\plugins\com.st.stm32cube.common.mx_6.9.0.202307051724\\db\/plugins/boardmanager/
2025-12-29 23:55:08,236 [INFO] ApiDb:261 - Set plugin images path to: C:\ST\STM32CubeIDE_1.13.0\STM32CubeIDE\plugins\com.st.stm32cube.common.mx_6.9.0.202307051724\\db\/plugins/mcufinder/images/
2025-12-29 23:55:08,238 [WARN] DbFile:41 - Overriding database path with different value: C:\Users\bogda\.stmcufinder\plugins\mcufinder/ => C:\Users\bogda\.stmcufinder\plugins\mcufinder
2025-12-29 23:55:08,238 [INFO] ApiDb:250 - Set database path to: C:\Users\bogda\.stmcufinder\plugins\mcufinder//mcu/
2025-12-29 23:55:08,238 [WARN] DbFile:41 - Overriding database path with different value: C:\Users\bogda\.stmcufinder\plugins\mcufinder/ => C:\Users\bogda\.stmcufinder\plugins\mcufinder
2025-12-29 23:55:08,238 [INFO] DbMcusAds:125 - Set database path to: C:\Users\bogda\.stmcufinder\plugins\mcufinder//mcu/
2025-12-29 23:55:08,238 [WARN] DbFile:41 - Overriding database path with different value: C:\Users\bogda\.stmcufinder\plugins\mcufinder/ => C:\Users\bogda\.stmcufinder\plugins\mcufinder
2025-12-29 23:55:08,238 [WARN] DbFile:41 - Overriding database path with different value: C:\Users\bogda\.stmcufinder\plugins\mcufinder/ => C:\Users\bogda\.stmcufinder\plugins\mcufinder
2025-12-29 23:55:08,238 [INFO] CrossReferenceDbSqlite:203 - Set database path to: C:\Users\bogda\.stmcufinder\plugins\mcufinder//mcu/cs/
2025-12-29 23:55:08,271 [INFO] ApplicationProperties:184 - Using Application install path: C:\ST\STM32CubeIDE_1.13.0\STM32CubeIDE\plugins\com.st.stm32cube.common.mx_6.9.0.202307051724
2025-12-29 23:55:08,273 [INFO] PluginManage:196 - Search for loadable plugins [exclusion list=, ]
2025-12-29 23:55:08,275 [INFO] PluginManage:310 - Check plugin analytics
2025-12-29 23:55:08,672 [INFO] AnalyticsPlugin:253 - Accepted Software Licenses: 
2025-12-29 23:55:08,673 [INFO] AnalyticsPlugin:255 - Accepted CMSIS Pack Licenses: 
2025-12-29 23:55:08,673 [INFO] AnalyticsPlugin:257 - Accepted Firmware Licenses: FW.F4.1.27.0,FW.H7.1.11.0
2025-12-29 23:55:08,677 [INFO] PluginManage:359 - Loaded plugin analytics (category:tool,tabindex:-1)
2025-12-29 23:55:08,677 [INFO] PluginManage:310 - Check plugin cadmodel
2025-12-29 23:55:08,695 [INFO] CADModel:105 - Init CAD model plugin
2025-12-29 23:55:08,696 [INFO] PluginManage:359 - Loaded plugin cadmodel (category:power,tabindex:5)
2025-12-29 23:55:08,696 [INFO] PluginManage:310 - Check plugin clock
2025-12-29 23:55:08,718 [INFO] PluginManage:359 - Loaded plugin clock (category:base,tabindex:2)
2025-12-29 23:55:08,718 [INFO] PluginManage:310 - Check plugin ddr
2025-12-29 23:55:08,720 [INFO] PluginManage:359 - Loaded plugin ddr (category:tool,tabindex:6)
2025-12-29 23:55:08,720 [INFO] PluginManage:310 - Check plugin filemanager
2025-12-29 23:55:08,830 [INFO] PluginManage:359 - Loaded plugin filemanager (category:base,tabindex:10)
2025-12-29 23:55:08,831 [INFO] PluginManage:310 - Check plugin ipmanager
2025-12-29 23:55:08,837 [INFO] PluginManage:359 - Loaded plugin ipmanager (category:base,tabindex:5)
2025-12-29 23:55:08,837 [INFO] PluginManage:310 - Check plugin lpbam
2025-12-29 23:55:08,854 [INFO] PluginManage:359 - Loaded plugin lpbam (category:base,tabindex:0)
2025-12-29 23:55:08,854 [INFO] PluginManage:310 - Check plugin memorymap
2025-12-29 23:55:08,874 [INFO] PluginManage:359 - Loaded plugin memorymap (category:base,tabindex:4)
2025-12-29 23:55:08,874 [INFO] PluginManage:310 - Check plugin pinoutandconfiguration
2025-12-29 23:55:08,890 [INFO] PluginManage:359 - Loaded plugin pinoutandconfiguration (category:base,tabindex:1)
2025-12-29 23:55:08,890 [INFO] PluginManage:310 - Check plugin pinoutconfig
2025-12-29 23:55:08,987 [WARN] SupportedApi:132 - Cannot load RTOS API schema: s4s-elt-must-match.1: The content of 'definitions' must match (annotation?, (simpleType | complexType)?, (unique | key | keyref)*)). A problem was found starting at: attribute.
2025-12-29 23:55:09,088 [INFO] PluginManage:359 - Loaded plugin pinoutconfig (category:base,tabindex:0)
2025-12-29 23:55:09,088 [INFO] PluginManage:310 - Check plugin power
2025-12-29 23:55:09,108 [INFO] PluginManage:359 - Loaded plugin power (category:power,tabindex:4)
2025-12-29 23:55:09,108 [INFO] PluginManage:310 - Check plugin projectmanager
2025-12-29 23:55:09,118 [INFO] PluginManage:359 - Loaded plugin projectmanager (category:projectmanager,tabindex:3)
2025-12-29 23:55:09,118 [INFO] PluginManage:310 - Check plugin thirdparty
2025-12-29 23:55:09,398 [INFO] PluginManage:359 - Loaded plugin thirdparty (category:base,tabindex:-1)
2025-12-29 23:55:09,398 [WARN] IntegrityCheckThread:84 - waiting for thirdparty lock release [integrity check]
2025-12-29 23:55:09,398 [INFO] PluginManage:310 - Check plugin tools
2025-12-29 23:55:09,399 [INFO] IntegrityCheckThread:86 - entering critical section [integrity check]
2025-12-29 23:55:09,399 [INFO] ThirdPartyUpdaterWithRetryManager:70 - Updater plugin not ready yet. [1/15]
2025-12-29 23:55:09,431 [INFO] PluginManage:359 - Loaded plugin tools (category:base,tabindex:7)
2025-12-29 23:55:09,431 [INFO] PluginManage:310 - Check plugin tutovideos
2025-12-29 23:55:09,576 [INFO] PluginManage:359 - Loaded plugin tutovideos (category:base,tabindex:-1)
2025-12-29 23:55:09,576 [INFO] PluginManage:310 - Check plugin updater
2025-12-29 23:55:09,583 [INFO] PluginManage:359 - Loaded plugin updater (category:base,tabindex:12)
2025-12-29 23:55:09,583 [INFO] PluginManage:310 - Check plugin userauth
2025-12-29 23:55:09,588 [INFO] UserAuth:113 - Init User Auth plugin
2025-12-29 23:55:09,588 [INFO] PluginManage:359 - Loaded plugin userauth (category:base,tabindex:14)
2025-12-29 23:55:09,589 [INFO] PluginManage:283 - PluginManage : Loaded plugins [17]
2025-12-29 23:55:09,755 [INFO] PinOutPanel:1499 - setPackage(No Configuration,No Configuration)
2025-12-29 23:55:09,830 [INFO] CADModel:165 - CPN selected for project level
2025-12-29 23:55:09,830 [INFO] CADModel:114 - Register for checkConnection events
2025-12-29 23:55:09,855 [INFO] IPUIPlugin:80 - create IPUIPlugin
2025-12-29 23:55:09,855 [INFO] PluginManager:220 - loadIPPluginJar : add adc
2025-12-29 23:55:09,890 [INFO] IPUIPlugin:80 - create IPUIPlugin
2025-12-29 23:55:09,890 [INFO] PluginManager:220 - loadIPPluginJar : add aes
2025-12-29 23:55:09,931 [INFO] IPUIPlugin:80 - create IPUIPlugin
2025-12-29 23:55:09,932 [INFO] PluginManager:220 - loadIPPluginJar : add can
2025-12-29 23:55:09,955 [INFO] IPUIPlugin:80 - create IPUIPlugin
2025-12-29 23:55:09,955 [INFO] PluginManager:220 - loadIPPluginJar : add comp
2025-12-29 23:55:09,983 [INFO] IPUIPlugin:80 - create IPUIPlugin
2025-12-29 23:55:09,983 [INFO] PluginManager:220 - loadIPPluginJar : add cryp
2025-12-29 23:55:10,011 [INFO] IPUIPlugin:80 - create IPUIPlugin
2025-12-29 23:55:10,011 [INFO] PluginManager:220 - loadIPPluginJar : add dfsdm
2025-12-29 23:55:10,023 [INFO] IPUIPlugin:80 - create IPUIPlugin
2025-12-29 23:55:10,023 [INFO] PluginManager:220 - loadIPPluginJar : add dma
2025-12-29 23:55:10,061 [INFO] IPUIPlugin:80 - create IPUIPlugin
2025-12-29 23:55:10,061 [INFO] PluginManager:220 - loadIPPluginJar : add dma3
2025-12-29 23:55:10,079 [INFO] IPUIPlugin:80 - create IPUIPlugin
2025-12-29 23:55:10,079 [INFO] PluginManager:220 - loadIPPluginJar : add fatfs
2025-12-29 23:55:10,124 [INFO] IPUIPlugin:80 - create IPUIPlugin
2025-12-29 23:55:10,124 [INFO] PluginManager:220 - loadIPPluginJar : add fmc
2025-12-29 23:55:10,137 [INFO] IPUIPlugin:80 - create IPUIPlugin
2025-12-29 23:55:10,137 [INFO] PluginManager:220 - loadIPPluginJar : add freertos
2025-12-29 23:55:10,159 [INFO] IPUIPlugin:80 - create IPUIPlugin
2025-12-29 23:55:10,159 [INFO] PluginManager:220 - loadIPPluginJar : add genericplugin
2025-12-29 23:55:10,243 [INFO] IPUIPlugin:80 - create IPUIPlugin
2025-12-29 23:55:10,245 [INFO] PluginManager:220 - loadIPPluginJar : add gfxmmu
2025-12-29 23:55:10,357 [INFO] IPUIPlugin:80 - create IPUIPlugin
2025-12-29 23:55:10,359 [INFO] PluginManager:220 - loadIPPluginJar : add gic
2025-12-29 23:55:10,370 [INFO] IPUIPlugin:80 - create IPUIPlugin
2025-12-29 23:55:10,371 [INFO] PluginManager:220 - loadIPPluginJar : add gpio
2025-12-29 23:55:10,452 [INFO] IPUIPlugin:80 - create IPUIPlugin
2025-12-29 23:55:10,452 [INFO] PluginManager:220 - loadIPPluginJar : add gtzc
2025-12-29 23:55:10,490 [INFO] IPUIPlugin:80 - create IPUIPlugin
2025-12-29 23:55:10,490 [INFO] PluginManager:220 - loadIPPluginJar : add hash
2025-12-29 23:55:10,536 [INFO] IPUIPlugin:80 - create IPUIPlugin
2025-12-29 23:55:10,536 [INFO] PluginManager:220 - loadIPPluginJar : add i2c
2025-12-29 23:55:10,570 [INFO] IPUIPlugin:80 - create IPUIPlugin
2025-12-29 23:55:10,570 [INFO] PluginManager:220 - loadIPPluginJar : add i2s
2025-12-29 23:55:10,611 [INFO] IPUIPlugin:80 - create IPUIPlugin
2025-12-29 23:55:10,611 [INFO] PluginManager:220 - loadIPPluginJar : add i3c
2025-12-29 23:55:10,692 [INFO] IPUIPlugin:80 - create IPUIPlugin
2025-12-29 23:55:10,692 [INFO] PluginManager:220 - loadIPPluginJar : add ipddr
2025-12-29 23:55:10,773 [INFO] IPUIPlugin:80 - create IPUIPlugin
2025-12-29 23:55:10,773 [INFO] PluginManager:220 - loadIPPluginJar : add linkedlist
2025-12-29 23:55:10,810 [INFO] IPUIPlugin:80 - create IPUIPlugin
2025-12-29 23:55:10,811 [INFO] PluginManager:220 - loadIPPluginJar : add lorawan
2025-12-29 23:55:10,844 [INFO] IPUIPlugin:80 - create IPUIPlugin
2025-12-29 23:55:10,844 [INFO] PluginManager:220 - loadIPPluginJar : add ltdc
2025-12-29 23:55:10,857 [INFO] IPUIPlugin:80 - create IPUIPlugin
2025-12-29 23:55:10,858 [INFO] PluginManager:220 - loadIPPluginJar : add mdma
2025-12-29 23:55:10,868 [INFO] IPUIPlugin:80 - create IPUIPlugin
2025-12-29 23:55:10,869 [INFO] PluginManager:220 - loadIPPluginJar : add nvic
2025-12-29 23:55:10,906 [INFO] IPUIPlugin:80 - create IPUIPlugin
2025-12-29 23:55:10,906 [INFO] PluginManager:220 - loadIPPluginJar : add opamp
2025-12-29 23:55:10,963 [INFO] IPUIPlugin:80 - create IPUIPlugin
2025-12-29 23:55:10,963 [INFO] PluginManager:220 - loadIPPluginJar : add openamp
2025-12-29 23:55:11,007 [INFO] IPUIPlugin:80 - create IPUIPlugin
2025-12-29 23:55:11,007 [INFO] PluginManager:220 - loadIPPluginJar : add pdm2pcm
2025-12-29 23:55:11,022 [INFO] IPUIPlugin:80 - create IPUIPlugin
2025-12-29 23:55:11,023 [INFO] PluginManager:220 - loadIPPluginJar : add plateformsettings
2025-12-29 23:55:11,048 [INFO] IPUIPlugin:80 - create IPUIPlugin
2025-12-29 23:55:11,048 [INFO] PluginManager:220 - loadIPPluginJar : add quadspi
2025-12-29 23:55:11,060 [INFO] IPUIPlugin:80 - create IPUIPlugin
2025-12-29 23:55:11,061 [INFO] PluginManager:220 - loadIPPluginJar : add resmgrutility
2025-12-29 23:55:11,103 [INFO] IPUIPlugin:80 - create IPUIPlugin
2025-12-29 23:55:11,103 [INFO] PluginManager:220 - loadIPPluginJar : add sai
2025-12-29 23:55:11,143 [INFO] IPUIPlugin:80 - create IPUIPlugin
2025-12-29 23:55:11,143 [INFO] PluginManager:220 - loadIPPluginJar : add spi
2025-12-29 23:55:11,211 [INFO] IPUIPlugin:80 - create IPUIPlugin
2025-12-29 23:55:11,212 [INFO] PluginManager:220 - loadIPPluginJar : add stm32_wpan
2025-12-29 23:55:11,243 [INFO] IPUIPlugin:80 - create IPUIPlugin
2025-12-29 23:55:11,243 [INFO] PluginManager:220 - loadIPPluginJar : add tim
2025-12-29 23:55:11,307 [INFO] IPUIPlugin:80 - create IPUIPlugin
2025-12-29 23:55:11,307 [INFO] PluginManager:220 - loadIPPluginJar : add touchsensing
2025-12-29 23:55:11,329 [INFO] IPUIPlugin:80 - create IPUIPlugin
2025-12-29 23:55:11,329 [INFO] PluginManager:220 - loadIPPluginJar : add tracer_emb
2025-12-29 23:55:11,352 [INFO] IPUIPlugin:80 - create IPUIPlugin
2025-12-29 23:55:11,352 [INFO] PluginManager:220 - loadIPPluginJar : add ts
2025-12-29 23:55:11,374 [INFO] IPUIPlugin:80 - create IPUIPlugin
2025-12-29 23:55:11,374 [INFO] PluginManager:220 - loadIPPluginJar : add tsc
2025-12-29 23:55:11,396 [INFO] IPUIPlugin:80 - create IPUIPlugin
2025-12-29 23:55:11,396 [INFO] PluginManager:220 - loadIPPluginJar : add ucpd
2025-12-29 23:55:11,438 [INFO] IPUIPlugin:80 - create IPUIPlugin
2025-12-29 23:55:11,438 [INFO] PluginManager:220 - loadIPPluginJar : add usart
2025-12-29 23:55:11,477 [INFO] IPUIPlugin:80 - create IPUIPlugin
2025-12-29 23:55:11,477 [INFO] PluginManager:220 - loadIPPluginJar : add usbx
2025-12-29 23:55:11,579 [INFO] CADModel:165 - CPN selected for project level
2025-12-29 23:55:11,579 [INFO] CADModel:114 - Register for checkConnection events
2025-12-29 23:55:11,579 [FATAL] Updater:308 - Updater called before beeing initialized
2025-12-29 23:55:11,579 [ERROR] CADModel:125 - Updater not yet initialized, retry later 
2025-12-29 23:55:11,677 [INFO] CADModel:165 - CPN selected for project level
2025-12-29 23:55:11,678 [INFO] CADModel:114 - Register for checkConnection events
2025-12-29 23:55:11,678 [FATAL] Updater:308 - Updater called before beeing initialized
2025-12-29 23:55:11,678 [ERROR] CADModel:125 - Updater not yet initialized, retry later 
2025-12-29 23:55:11,680 [FATAL] Updater:308 - Updater called before beeing initialized
2025-12-29 23:55:11,748 [FATAL] Updater:308 - Updater called before beeing initialized
2025-12-29 23:55:11,758 [INFO] DbMcusAds:53 - JSON generation date=Tue Dec 16 01:11:46 EET 2025 (1765840306612)
2025-12-29 23:55:11,758 [FATAL] Updater:308 - Updater called before beeing initialized
2025-12-29 23:55:11,784 [WARN] DetailPanel:346 - Failed to get advertising image, set to default
2025-12-29 23:55:11,852 [FATAL] Updater:308 - Updater called before beeing initialized
2025-12-29 23:55:11,867 [FATAL] Updater:308 - Updater called before beeing initialized
2025-12-29 23:55:11,867 [FATAL] Updater:308 - Updater called before beeing initialized
2025-12-29 23:55:11,867 [WARN] DetailPanel:346 - Failed to get advertising image, set to default
2025-12-29 23:55:11,868 [FATAL] Updater:308 - Updater called before beeing initialized
2025-12-29 23:55:11,931 [ERROR] Updater:1120 - MainUpdater not yet initialized. External WinMGr cannot be set.
2025-12-29 23:55:11,943 [INFO] Updater:1056 - Updater Version found : 6.9.0
2025-12-29 23:55:11,960 [INFO] ApplicationProperties:184 - Using Application install path: C:\ST\STM32CubeIDE_1.13.0\STM32CubeIDE\plugins\com.st.stm32cube.common.mx_6.9.0.202307051724
2025-12-29 23:55:12,252 [INFO] MainUpdater:2868 - connection check result : 10
2025-12-29 23:55:12,253 [INFO] MainUpdater:285 - Updater Check For Update Now.
2025-12-29 23:55:12,253 [INFO] MicroXplorer:498 - Change Database Version : DB.6.0.90
2025-12-29 23:55:12,277 [INFO] McuFinderGlobals:63 - Set McuFinder mode to 2 (CubeIDE integrated)
2025-12-29 23:55:12,400 [WARN] MainUpdater:1189 - Updater busy. Cannot search thirdparties
2025-12-29 23:55:12,400 [INFO] ThirdPartyUpdaterWithRetryManager:96 - Updater plugin is busy. [1/15]
2025-12-29 23:55:12,467 [INFO] CheckServerUpdateThread:120 - End of CheckServer Thread
2025-12-29 23:55:15,495 [ERROR] Engine:466 - C:\Users\bogda\.stm32cubemx\thirdparties\pdsc\WES.I-CUBE-Cesium.1.4.0.pdsc: PDSC version is not supported
2025-12-29 23:55:15,508 [ERROR] Engine:466 - C:\Users\bogda\.stm32cubemx\thirdparties\pdsc\STMicroelectronics.X-CUBE-FREERTOS.1.4.0.pdsc: PDSC version is not supported
2025-12-29 23:55:15,607 [WARN] PackLoader:240 - Cannot read IP mode file for STMicroelectronics.X-CUBE-MEMS1.12.0.0
2025-12-29 23:55:15,685 [WARN] PackLoader:240 - Cannot read IP mode file for STMicroelectronics.X-CUBE-TOUCHGFX.4.26.0
2025-12-29 23:55:15,687 [INFO] ThirdParty:978 - Integrity check success = true
2025-12-29 23:55:15,687 [INFO] IntegrityCheckThread:100 - exiting critical section [integrity check]
2025-12-29 23:55:15,687 [INFO] IntegrityCheckThread:103 - End integrity checks thread
2025-12-29 23:55:33,476 [ERROR] LogOutputStream:75 - [STDERR_REDIRECT] SLF4J: Failed to load class "org.slf4j.impl.StaticLoggerBinder".
2025-12-29 23:55:33,476 [ERROR] LogOutputStream:75 - [STDERR_REDIRECT] SLF4J: Defaulting to no-operation (NOP) logger implementation
2025-12-29 23:55:33,477 [ERROR] LogOutputStream:75 - [STDERR_REDIRECT] SLF4J: See http://www.slf4j.org/codes.html#StaticLoggerBinder for further details.
