2025-12-03 19:32:44,160 [INFO] Activator:176 - 


2025-12-03 19:32:44,160 [INFO] Activator:177 - !SESSION log4j initialized
2025-12-03 19:32:48,875 [INFO] LogOutputStream:77 - [STDOUT_REDIRECT] 
2025-12-03 19:32:50,665 [INFO] ApplicationProperties:184 - Using Application install path: C:\ST\STM32CubeIDE_1.13.0\STM32CubeIDE\plugins\com.st.stm32cube.common.mx_6.9.0.202307051724
2025-12-03 19:32:50,677 [INFO] DbMcusXml:78 - Set database path to: C:\ST\STM32CubeIDE_1.13.0\STM32CubeIDE\plugins\com.st.stm32cube.common.mx_6.9.0.202307051724\\db\/mcu/
2025-12-03 19:32:50,678 [INFO] ApiDb:274 - Set plugin database path to: C:\ST\STM32CubeIDE_1.13.0\STM32CubeIDE\plugins\com.st.stm32cube.common.mx_6.9.0.202307051724\\db\/plugins/boardmanager/
2025-12-03 19:32:50,679 [WARN] ApiDb:259 - Overriding images path with different value:  => C:\ST\STM32CubeIDE_1.13.0\STM32CubeIDE\plugins\com.st.stm32cube.common.mx_6.9.0.202307051724\\db\/plugins/mcufinder/images/
2025-12-03 19:32:50,687 [INFO] ApiDb:250 - Set database path to: C:\Users\bogda\.stmcufinder\plugins\mcufinder//mcu/
2025-12-03 19:32:50,688 [INFO] DbMcusAds:125 - Set database path to: C:\Users\bogda\.stmcufinder\plugins\mcufinder//mcu/
2025-12-03 19:32:50,690 [INFO] CrossReferenceDbSqlite:203 - Set database path to: C:\Users\bogda\.stmcufinder\plugins\mcufinder//mcu/cs/
2025-12-03 19:32:50,801 [INFO] RulesReader:64 - Compatibility file has been processed (293 Rules)
2025-12-03 19:32:50,883 [INFO] DbMcusXml:78 - Set database path to: C:\ST\STM32CubeIDE_1.13.0\STM32CubeIDE\plugins\com.st.stm32cube.common.mx_6.9.0.202307051724\\db\/mcu/
2025-12-03 19:32:50,883 [INFO] ApiDb:274 - Set plugin database path to: C:\ST\STM32CubeIDE_1.13.0\STM32CubeIDE\plugins\com.st.stm32cube.common.mx_6.9.0.202307051724\\db\/plugins/boardmanager/
2025-12-03 19:32:50,883 [INFO] ApiDb:261 - Set plugin images path to: C:\ST\STM32CubeIDE_1.13.0\STM32CubeIDE\plugins\com.st.stm32cube.common.mx_6.9.0.202307051724\\db\/plugins/mcufinder/images/
2025-12-03 19:32:50,884 [WARN] DbFile:41 - Overriding database path with different value: C:\Users\bogda\.stmcufinder\plugins\mcufinder/ => C:\Users\bogda\.stmcufinder\plugins\mcufinder
2025-12-03 19:32:50,884 [INFO] ApiDb:250 - Set database path to: C:\Users\bogda\.stmcufinder\plugins\mcufinder//mcu/
2025-12-03 19:32:50,884 [WARN] DbFile:41 - Overriding database path with different value: C:\Users\bogda\.stmcufinder\plugins\mcufinder/ => C:\Users\bogda\.stmcufinder\plugins\mcufinder
2025-12-03 19:32:50,884 [INFO] DbMcusAds:125 - Set database path to: C:\Users\bogda\.stmcufinder\plugins\mcufinder//mcu/
2025-12-03 19:32:50,884 [WARN] DbFile:41 - Overriding database path with different value: C:\Users\bogda\.stmcufinder\plugins\mcufinder/ => C:\Users\bogda\.stmcufinder\plugins\mcufinder
2025-12-03 19:32:50,884 [WARN] DbFile:41 - Overriding database path with different value: C:\Users\bogda\.stmcufinder\plugins\mcufinder/ => C:\Users\bogda\.stmcufinder\plugins\mcufinder
2025-12-03 19:32:50,884 [INFO] CrossReferenceDbSqlite:203 - Set database path to: C:\Users\bogda\.stmcufinder\plugins\mcufinder//mcu/cs/
2025-12-03 19:32:50,937 [INFO] MainPanel:262 - HeapMemory: 268435456
2025-12-03 19:32:50,980 [INFO] DbMcusXml:78 - Set database path to: C:\ST\STM32CubeIDE_1.13.0\STM32CubeIDE\plugins\com.st.stm32cube.common.mx_6.9.0.202307051724\\db\/mcu/
2025-12-03 19:32:50,980 [INFO] ApiDb:274 - Set plugin database path to: C:\ST\STM32CubeIDE_1.13.0\STM32CubeIDE\plugins\com.st.stm32cube.common.mx_6.9.0.202307051724\\db\/plugins/boardmanager/
2025-12-03 19:32:50,980 [INFO] ApiDb:261 - Set plugin images path to: C:\ST\STM32CubeIDE_1.13.0\STM32CubeIDE\plugins\com.st.stm32cube.common.mx_6.9.0.202307051724\\db\/plugins/mcufinder/images/
2025-12-03 19:32:50,980 [WARN] DbFile:41 - Overriding database path with different value: C:\Users\bogda\.stmcufinder\plugins\mcufinder/ => C:\Users\bogda\.stmcufinder\plugins\mcufinder
2025-12-03 19:32:50,980 [INFO] ApiDb:250 - Set database path to: C:\Users\bogda\.stmcufinder\plugins\mcufinder//mcu/
2025-12-03 19:32:50,980 [WARN] DbFile:41 - Overriding database path with different value: C:\Users\bogda\.stmcufinder\plugins\mcufinder/ => C:\Users\bogda\.stmcufinder\plugins\mcufinder
2025-12-03 19:32:50,980 [INFO] DbMcusAds:125 - Set database path to: C:\Users\bogda\.stmcufinder\plugins\mcufinder//mcu/
2025-12-03 19:32:50,980 [WARN] DbFile:41 - Overriding database path with different value: C:\Users\bogda\.stmcufinder\plugins\mcufinder/ => C:\Users\bogda\.stmcufinder\plugins\mcufinder
2025-12-03 19:32:50,980 [WARN] DbFile:41 - Overriding database path with different value: C:\Users\bogda\.stmcufinder\plugins\mcufinder/ => C:\Users\bogda\.stmcufinder\plugins\mcufinder
2025-12-03 19:32:50,980 [INFO] CrossReferenceDbSqlite:203 - Set database path to: C:\Users\bogda\.stmcufinder\plugins\mcufinder//mcu/cs/
2025-12-03 19:32:50,991 [INFO] ApplicationProperties:184 - Using Application install path: C:\ST\STM32CubeIDE_1.13.0\STM32CubeIDE\plugins\com.st.stm32cube.common.mx_6.9.0.202307051724
2025-12-03 19:32:50,993 [INFO] PluginManage:196 - Search for loadable plugins [exclusion list=, ]
2025-12-03 19:32:50,993 [INFO] PluginManage:310 - Check plugin analytics
2025-12-03 19:32:51,155 [INFO] AnalyticsPlugin:253 - Accepted Software Licenses: 
2025-12-03 19:32:51,155 [INFO] AnalyticsPlugin:255 - Accepted CMSIS Pack Licenses: 
2025-12-03 19:32:51,157 [INFO] AnalyticsPlugin:257 - Accepted Firmware Licenses: FW.F4.1.27.0
2025-12-03 19:32:51,161 [INFO] PluginManage:359 - Loaded plugin analytics (category:tool,tabindex:-1)
2025-12-03 19:32:51,162 [INFO] PluginManage:310 - Check plugin cadmodel
2025-12-03 19:32:51,167 [INFO] CADModel:105 - Init CAD model plugin
2025-12-03 19:32:51,167 [INFO] PluginManage:359 - Loaded plugin cadmodel (category:power,tabindex:5)
2025-12-03 19:32:51,168 [INFO] PluginManage:310 - Check plugin clock
2025-12-03 19:32:51,177 [INFO] PluginManage:359 - Loaded plugin clock (category:base,tabindex:2)
2025-12-03 19:32:51,177 [INFO] PluginManage:310 - Check plugin ddr
2025-12-03 19:32:51,180 [INFO] PluginManage:359 - Loaded plugin ddr (category:tool,tabindex:6)
2025-12-03 19:32:51,180 [INFO] PluginManage:310 - Check plugin filemanager
2025-12-03 19:32:51,305 [INFO] PluginManage:359 - Loaded plugin filemanager (category:base,tabindex:10)
2025-12-03 19:32:51,305 [INFO] PluginManage:310 - Check plugin ipmanager
2025-12-03 19:32:51,311 [INFO] PluginManage:359 - Loaded plugin ipmanager (category:base,tabindex:5)
2025-12-03 19:32:51,311 [INFO] PluginManage:310 - Check plugin lpbam
2025-12-03 19:32:51,317 [INFO] PluginManage:359 - Loaded plugin lpbam (category:base,tabindex:0)
2025-12-03 19:32:51,317 [INFO] PluginManage:310 - Check plugin memorymap
2025-12-03 19:32:51,326 [INFO] PluginManage:359 - Loaded plugin memorymap (category:base,tabindex:4)
2025-12-03 19:32:51,326 [INFO] PluginManage:310 - Check plugin pinoutandconfiguration
2025-12-03 19:32:51,330 [INFO] PluginManage:359 - Loaded plugin pinoutandconfiguration (category:base,tabindex:1)
2025-12-03 19:32:51,330 [INFO] PluginManage:310 - Check plugin pinoutconfig
2025-12-03 19:32:51,395 [WARN] SupportedApi:132 - Cannot load RTOS API schema: s4s-elt-must-match.1: The content of 'definitions' must match (annotation?, (simpleType | complexType)?, (unique | key | keyref)*)). A problem was found starting at: attribute.
2025-12-03 19:32:51,499 [INFO] PluginManage:359 - Loaded plugin pinoutconfig (category:base,tabindex:0)
2025-12-03 19:32:51,499 [INFO] PluginManage:310 - Check plugin power
2025-12-03 19:32:51,504 [INFO] PluginManage:359 - Loaded plugin power (category:power,tabindex:4)
2025-12-03 19:32:51,504 [INFO] PluginManage:310 - Check plugin projectmanager
2025-12-03 19:32:51,515 [INFO] PluginManage:359 - Loaded plugin projectmanager (category:projectmanager,tabindex:3)
2025-12-03 19:32:51,515 [INFO] PluginManage:310 - Check plugin thirdparty
2025-12-03 19:32:51,614 [WARN] IntegrityCheckThread:84 - waiting for thirdparty lock release [integrity check]
2025-12-03 19:32:51,614 [INFO] IntegrityCheckThread:86 - entering critical section [integrity check]
2025-12-03 19:32:51,614 [INFO] PluginManage:359 - Loaded plugin thirdparty (category:base,tabindex:-1)
2025-12-03 19:32:51,614 [INFO] PluginManage:310 - Check plugin tools
2025-12-03 19:32:51,614 [INFO] ThirdPartyUpdaterWithRetryManager:70 - Updater plugin not ready yet. [1/15]
2025-12-03 19:32:51,616 [INFO] PluginManage:359 - Loaded plugin tools (category:base,tabindex:7)
2025-12-03 19:32:51,616 [INFO] PluginManage:310 - Check plugin tutovideos
2025-12-03 19:32:51,832 [INFO] PluginManage:359 - Loaded plugin tutovideos (category:base,tabindex:-1)
2025-12-03 19:32:51,834 [INFO] PluginManage:310 - Check plugin updater
2025-12-03 19:32:51,848 [INFO] PluginManage:359 - Loaded plugin updater (category:base,tabindex:12)
2025-12-03 19:32:51,848 [INFO] PluginManage:310 - Check plugin userauth
2025-12-03 19:32:51,852 [INFO] UserAuth:113 - Init User Auth plugin
2025-12-03 19:32:51,852 [INFO] PluginManage:359 - Loaded plugin userauth (category:base,tabindex:14)
2025-12-03 19:32:51,852 [INFO] PluginManage:283 - PluginManage : Loaded plugins [17]
2025-12-03 19:32:52,182 [INFO] PinOutPanel:1499 - setPackage(No Configuration,No Configuration)
2025-12-03 19:32:52,292 [INFO] CADModel:165 - CPN selected for project level
2025-12-03 19:32:52,292 [INFO] CADModel:114 - Register for checkConnection events
2025-12-03 19:32:52,318 [INFO] IPUIPlugin:80 - create IPUIPlugin
2025-12-03 19:32:52,318 [INFO] PluginManager:220 - loadIPPluginJar : add adc
2025-12-03 19:32:52,321 [INFO] IPUIPlugin:80 - create IPUIPlugin
2025-12-03 19:32:52,321 [INFO] PluginManager:220 - loadIPPluginJar : add aes
2025-12-03 19:32:52,326 [INFO] IPUIPlugin:80 - create IPUIPlugin
2025-12-03 19:32:52,326 [INFO] PluginManager:220 - loadIPPluginJar : add can
2025-12-03 19:32:52,328 [INFO] IPUIPlugin:80 - create IPUIPlugin
2025-12-03 19:32:52,329 [INFO] PluginManager:220 - loadIPPluginJar : add comp
2025-12-03 19:32:52,332 [INFO] IPUIPlugin:80 - create IPUIPlugin
2025-12-03 19:32:52,332 [INFO] PluginManager:220 - loadIPPluginJar : add cryp
2025-12-03 19:32:52,334 [INFO] IPUIPlugin:80 - create IPUIPlugin
2025-12-03 19:32:52,335 [INFO] PluginManager:220 - loadIPPluginJar : add dfsdm
2025-12-03 19:32:52,345 [INFO] IPUIPlugin:80 - create IPUIPlugin
2025-12-03 19:32:52,346 [INFO] PluginManager:220 - loadIPPluginJar : add dma
2025-12-03 19:32:52,351 [INFO] IPUIPlugin:80 - create IPUIPlugin
2025-12-03 19:32:52,352 [INFO] PluginManager:220 - loadIPPluginJar : add dma3
2025-12-03 19:32:52,354 [INFO] IPUIPlugin:80 - create IPUIPlugin
2025-12-03 19:32:52,354 [INFO] PluginManager:220 - loadIPPluginJar : add fatfs
2025-12-03 19:32:52,362 [INFO] IPUIPlugin:80 - create IPUIPlugin
2025-12-03 19:32:52,362 [INFO] PluginManager:220 - loadIPPluginJar : add fmc
2025-12-03 19:32:52,370 [INFO] IPUIPlugin:80 - create IPUIPlugin
2025-12-03 19:32:52,370 [INFO] PluginManager:220 - loadIPPluginJar : add freertos
2025-12-03 19:32:52,374 [INFO] IPUIPlugin:80 - create IPUIPlugin
2025-12-03 19:32:52,374 [INFO] PluginManager:220 - loadIPPluginJar : add genericplugin
2025-12-03 19:32:52,378 [INFO] IPUIPlugin:80 - create IPUIPlugin
2025-12-03 19:32:52,378 [INFO] PluginManager:220 - loadIPPluginJar : add gfxmmu
2025-12-03 19:32:52,385 [INFO] IPUIPlugin:80 - create IPUIPlugin
2025-12-03 19:32:52,385 [INFO] PluginManager:220 - loadIPPluginJar : add gic
2025-12-03 19:32:52,391 [INFO] IPUIPlugin:80 - create IPUIPlugin
2025-12-03 19:32:52,392 [INFO] PluginManager:220 - loadIPPluginJar : add gpio
2025-12-03 19:32:52,396 [INFO] IPUIPlugin:80 - create IPUIPlugin
2025-12-03 19:32:52,396 [INFO] PluginManager:220 - loadIPPluginJar : add gtzc
2025-12-03 19:32:52,399 [INFO] IPUIPlugin:80 - create IPUIPlugin
2025-12-03 19:32:52,399 [INFO] PluginManager:220 - loadIPPluginJar : add hash
2025-12-03 19:32:52,403 [INFO] IPUIPlugin:80 - create IPUIPlugin
2025-12-03 19:32:52,404 [INFO] PluginManager:220 - loadIPPluginJar : add i2c
2025-12-03 19:32:52,408 [INFO] IPUIPlugin:80 - create IPUIPlugin
2025-12-03 19:32:52,409 [INFO] PluginManager:220 - loadIPPluginJar : add i2s
2025-12-03 19:32:52,414 [INFO] IPUIPlugin:80 - create IPUIPlugin
2025-12-03 19:32:52,414 [INFO] PluginManager:220 - loadIPPluginJar : add i3c
2025-12-03 19:32:52,419 [INFO] IPUIPlugin:80 - create IPUIPlugin
2025-12-03 19:32:52,419 [INFO] PluginManager:220 - loadIPPluginJar : add ipddr
2025-12-03 19:32:52,430 [INFO] IPUIPlugin:80 - create IPUIPlugin
2025-12-03 19:32:52,430 [INFO] PluginManager:220 - loadIPPluginJar : add linkedlist
2025-12-03 19:32:52,435 [INFO] IPUIPlugin:80 - create IPUIPlugin
2025-12-03 19:32:52,435 [INFO] PluginManager:220 - loadIPPluginJar : add lorawan
2025-12-03 19:32:52,438 [INFO] IPUIPlugin:80 - create IPUIPlugin
2025-12-03 19:32:52,438 [INFO] PluginManager:220 - loadIPPluginJar : add ltdc
2025-12-03 19:32:52,447 [INFO] IPUIPlugin:80 - create IPUIPlugin
2025-12-03 19:32:52,448 [INFO] PluginManager:220 - loadIPPluginJar : add mdma
2025-12-03 19:32:52,453 [INFO] IPUIPlugin:80 - create IPUIPlugin
2025-12-03 19:32:52,453 [INFO] PluginManager:220 - loadIPPluginJar : add nvic
2025-12-03 19:32:52,457 [INFO] IPUIPlugin:80 - create IPUIPlugin
2025-12-03 19:32:52,457 [INFO] PluginManager:220 - loadIPPluginJar : add opamp
2025-12-03 19:32:52,461 [INFO] IPUIPlugin:80 - create IPUIPlugin
2025-12-03 19:32:52,461 [INFO] PluginManager:220 - loadIPPluginJar : add openamp
2025-12-03 19:32:52,464 [INFO] IPUIPlugin:80 - create IPUIPlugin
2025-12-03 19:32:52,464 [INFO] PluginManager:220 - loadIPPluginJar : add pdm2pcm
2025-12-03 19:32:52,474 [INFO] IPUIPlugin:80 - create IPUIPlugin
2025-12-03 19:32:52,477 [INFO] PluginManager:220 - loadIPPluginJar : add plateformsettings
2025-12-03 19:32:52,479 [INFO] IPUIPlugin:80 - create IPUIPlugin
2025-12-03 19:32:52,479 [INFO] PluginManager:220 - loadIPPluginJar : add quadspi
2025-12-03 19:32:52,484 [INFO] IPUIPlugin:80 - create IPUIPlugin
2025-12-03 19:32:52,484 [INFO] PluginManager:220 - loadIPPluginJar : add resmgrutility
2025-12-03 19:32:52,488 [INFO] IPUIPlugin:80 - create IPUIPlugin
2025-12-03 19:32:52,488 [INFO] PluginManager:220 - loadIPPluginJar : add sai
2025-12-03 19:32:52,491 [INFO] IPUIPlugin:80 - create IPUIPlugin
2025-12-03 19:32:52,491 [INFO] PluginManager:220 - loadIPPluginJar : add spi
2025-12-03 19:32:52,497 [INFO] IPUIPlugin:80 - create IPUIPlugin
2025-12-03 19:32:52,497 [INFO] PluginManager:220 - loadIPPluginJar : add stm32_wpan
2025-12-03 19:32:52,499 [INFO] IPUIPlugin:80 - create IPUIPlugin
2025-12-03 19:32:52,500 [INFO] PluginManager:220 - loadIPPluginJar : add tim
2025-12-03 19:32:52,503 [INFO] IPUIPlugin:80 - create IPUIPlugin
2025-12-03 19:32:52,503 [INFO] PluginManager:220 - loadIPPluginJar : add touchsensing
2025-12-03 19:32:52,506 [INFO] IPUIPlugin:80 - create IPUIPlugin
2025-12-03 19:32:52,506 [INFO] PluginManager:220 - loadIPPluginJar : add tracer_emb
2025-12-03 19:32:52,508 [INFO] IPUIPlugin:80 - create IPUIPlugin
2025-12-03 19:32:52,508 [INFO] PluginManager:220 - loadIPPluginJar : add ts
2025-12-03 19:32:52,510 [INFO] IPUIPlugin:80 - create IPUIPlugin
2025-12-03 19:32:52,510 [INFO] PluginManager:220 - loadIPPluginJar : add tsc
2025-12-03 19:32:52,512 [INFO] IPUIPlugin:80 - create IPUIPlugin
2025-12-03 19:32:52,512 [INFO] PluginManager:220 - loadIPPluginJar : add ucpd
2025-12-03 19:32:52,514 [INFO] IPUIPlugin:80 - create IPUIPlugin
2025-12-03 19:32:52,514 [INFO] PluginManager:220 - loadIPPluginJar : add usart
2025-12-03 19:32:52,517 [INFO] IPUIPlugin:80 - create IPUIPlugin
2025-12-03 19:32:52,517 [INFO] PluginManager:220 - loadIPPluginJar : add usbx
2025-12-03 19:32:52,649 [INFO] CADModel:165 - CPN selected for project level
2025-12-03 19:32:52,649 [INFO] CADModel:114 - Register for checkConnection events
2025-12-03 19:32:52,649 [FATAL] Updater:308 - Updater called before beeing initialized
2025-12-03 19:32:52,649 [ERROR] CADModel:125 - Updater not yet initialized, retry later 
2025-12-03 19:32:52,780 [INFO] CADModel:165 - CPN selected for project level
2025-12-03 19:32:52,780 [INFO] CADModel:114 - Register for checkConnection events
2025-12-03 19:32:52,780 [FATAL] Updater:308 - Updater called before beeing initialized
2025-12-03 19:32:52,780 [ERROR] CADModel:125 - Updater not yet initialized, retry later 
