2026-01-11 12:54:50,221 [INFO] NvicIntPanel:101 - NVIC parent = com.st.microxplorer.plugins.ip.nvic.MultiNvicIntPanel[,0,0,579x188,layout=javax.swing.BoxLayout,alignmentX=0.0,alignmentY=0.0,border=,flags=9,maximumSize=,minimumSize=,preferredSize=]
2026-01-11 12:54:52,095 [INFO] UtilMem:75 - End SaveConfig() Used Memory: 823243216 Bytes (1073741824)
2026-01-11 12:54:53,413 [INFO] UtilMem:75 - End SaveConfig() Used Memory: 853129680 Bytes (1073741824)
2026-01-11 12:54:54,738 [INFO] UtilMem:75 - End SaveConfig() Used Memory: 871412232 Bytes (1073741824)
2026-01-11 12:54:55,088 [INFO] BlockDiagram:2759 - set Specific Code input for plugin: SPI
2026-01-11 12:54:55,088 [INFO] BlockDiagram:2759 - set Specific Code input for plugin: SDIO
2026-01-11 12:54:55,088 [INFO] BlockDiagram:2759 - set Specific Code input for plugin: TIM1_8
2026-01-11 12:54:55,088 [INFO] BlockDiagram:2759 - set Specific Code input for plugin: SYS
2026-01-11 12:54:55,088 [INFO] BlockDiagram:2759 - set Specific Code input for plugin: RCC
2026-01-11 12:54:55,088 [INFO] BlockDiagram:2759 - set Specific Code input for plugin: I2C
2026-01-11 12:54:55,088 [INFO] BlockDiagram:2759 - set Specific Code input for plugin: NVIC
2026-01-11 12:54:55,088 [INFO] BlockDiagram:2759 - set Specific Code input for plugin: USART
2026-01-11 12:54:55,088 [INFO] BlockDiagram:2759 - set Specific Code input for plugin: DMA
2026-01-11 12:54:55,088 [INFO] BlockDiagram:2759 - set Specific Code input for plugin: GPIO
2026-01-11 12:54:55,088 [INFO] BlockDiagram:2759 - set Specific Code input for plugin: FATFS
2026-01-11 12:54:55,090 [INFO] CodeGenerator:799 - code generatio: config db path: C:\ST\STM32CubeIDE_1.13.0\STM32CubeIDE\plugins\com.st.stm32cube.common.mx_6.9.0.202307051724\\db\
2026-01-11 12:54:55,094 [WARN] IP:2114 - I2C_Coeff_DF not found: check if there is a RefParameter without a condition.
2026-01-11 12:54:55,094 [WARN] IP:2114 - Analog_Filter not found: check if there is a RefParameter without a condition.
2026-01-11 12:54:55,113 [INFO] Argument:319 - Argument : hdmavalue: null
2026-01-11 12:54:55,113 [INFO] Argument:321 - 	 sub Args: 
2026-01-11 12:54:55,113 [INFO] Argument:319 - Argument : Instancevalue: DMA2_Stream3
2026-01-11 12:54:55,113 [INFO] Argument:329 - Argument : Instancevalue: DMA2_Stream3
2026-01-11 12:54:55,113 [INFO] Argument:319 - Argument : Initvalue: null
2026-01-11 12:54:55,113 [INFO] Argument:321 - 	 sub Args: 
2026-01-11 12:54:55,113 [INFO] Argument:319 - Argument : Channelvalue: DMA_CHANNEL_4
2026-01-11 12:54:55,113 [INFO] Argument:329 - Argument : Channelvalue: DMA_CHANNEL_4
2026-01-11 12:54:55,113 [INFO] Argument:319 - Argument : Directionvalue: DMA_MEMORY_TO_PERIPH
2026-01-11 12:54:55,113 [INFO] Argument:329 - Argument : Directionvalue: DMA_MEMORY_TO_PERIPH
2026-01-11 12:54:55,113 [INFO] Argument:319 - Argument : PeriphIncvalue: DMA_PINC_DISABLE
2026-01-11 12:54:55,113 [INFO] Argument:329 - Argument : PeriphIncvalue: DMA_PINC_DISABLE
2026-01-11 12:54:55,113 [INFO] Argument:319 - Argument : MemIncvalue: DMA_MINC_ENABLE
2026-01-11 12:54:55,113 [INFO] Argument:329 - Argument : MemIncvalue: DMA_MINC_ENABLE
2026-01-11 12:54:55,113 [INFO] Argument:319 - Argument : PeriphDataAlignmentvalue: DMA_PDATAALIGN_WORD
2026-01-11 12:54:55,113 [INFO] Argument:329 - Argument : PeriphDataAlignmentvalue: DMA_PDATAALIGN_WORD
2026-01-11 12:54:55,113 [INFO] Argument:319 - Argument : MemDataAlignmentvalue: DMA_MDATAALIGN_WORD
2026-01-11 12:54:55,113 [INFO] Argument:329 - Argument : MemDataAlignmentvalue: DMA_MDATAALIGN_WORD
2026-01-11 12:54:55,113 [INFO] Argument:319 - Argument : Modevalue: DMA_PFCTRL
2026-01-11 12:54:55,113 [INFO] Argument:329 - Argument : Modevalue: DMA_PFCTRL
2026-01-11 12:54:55,113 [INFO] Argument:319 - Argument : Priorityvalue: DMA_PRIORITY_LOW
2026-01-11 12:54:55,113 [INFO] Argument:329 - Argument : Priorityvalue: DMA_PRIORITY_LOW
2026-01-11 12:54:55,113 [INFO] Argument:319 - Argument : FIFOModevalue: DMA_FIFOMODE_ENABLE
2026-01-11 12:54:55,113 [INFO] Argument:329 - Argument : FIFOModevalue: DMA_FIFOMODE_ENABLE
2026-01-11 12:54:55,113 [INFO] Argument:319 - Argument : FIFOThresholdvalue: DMA_FIFO_THRESHOLD_FULL
2026-01-11 12:54:55,113 [INFO] Argument:329 - Argument : FIFOThresholdvalue: DMA_FIFO_THRESHOLD_FULL
2026-01-11 12:54:55,113 [INFO] Argument:319 - Argument : MemBurstvalue: DMA_MBURST_INC4
2026-01-11 12:54:55,113 [INFO] Argument:329 - Argument : MemBurstvalue: DMA_MBURST_INC4
2026-01-11 12:54:55,113 [INFO] Argument:319 - Argument : PeriphBurstvalue: DMA_PBURST_INC4
2026-01-11 12:54:55,113 [INFO] Argument:329 - Argument : PeriphBurstvalue: DMA_PBURST_INC4
2026-01-11 12:54:55,113 [INFO] Argument:319 - Argument : Lockvalue: null
2026-01-11 12:54:55,113 [INFO] Argument:329 - Argument : Lockvalue: null
2026-01-11 12:54:55,113 [INFO] Argument:319 - Argument : Statevalue: null
2026-01-11 12:54:55,113 [INFO] Argument:329 - Argument : Statevalue: null
2026-01-11 12:54:55,113 [INFO] Argument:319 - Argument : Parentvalue: null
2026-01-11 12:54:55,113 [INFO] Argument:329 - Argument : Parentvalue: null
2026-01-11 12:54:55,113 [INFO] Argument:319 - Argument : XferCpltCallbackvalue: null
2026-01-11 12:54:55,113 [INFO] Argument:329 - Argument : XferCpltCallbackvalue: null
2026-01-11 12:54:55,113 [INFO] Argument:319 - Argument : XferHalfCpltCallbackvalue: null
2026-01-11 12:54:55,114 [INFO] Argument:329 - Argument : XferHalfCpltCallbackvalue: null
2026-01-11 12:54:55,114 [INFO] Argument:319 - Argument : XferM1CpltCallbackvalue: null
2026-01-11 12:54:55,114 [INFO] Argument:329 - Argument : XferM1CpltCallbackvalue: null
2026-01-11 12:54:55,114 [INFO] Argument:319 - Argument : XferErrorCallbackvalue: null
2026-01-11 12:54:55,114 [INFO] Argument:329 - Argument : XferErrorCallbackvalue: null
2026-01-11 12:54:55,114 [INFO] Argument:319 - Argument : ErrorCodevalue: null
2026-01-11 12:54:55,114 [INFO] Argument:329 - Argument : ErrorCodevalue: null
2026-01-11 12:54:55,114 [INFO] Argument:319 - Argument : hdmavalue: null
2026-01-11 12:54:55,114 [INFO] Argument:321 - 	 sub Args: 
2026-01-11 12:54:55,114 [INFO] Argument:319 - Argument : Instancevalue: DMA2_Stream6
2026-01-11 12:54:55,114 [INFO] Argument:329 - Argument : Instancevalue: DMA2_Stream6
2026-01-11 12:54:55,114 [INFO] Argument:319 - Argument : Initvalue: null
2026-01-11 12:54:55,114 [INFO] Argument:321 - 	 sub Args: 
2026-01-11 12:54:55,114 [INFO] Argument:319 - Argument : Channelvalue: DMA_CHANNEL_4
2026-01-11 12:54:55,114 [INFO] Argument:329 - Argument : Channelvalue: DMA_CHANNEL_4
2026-01-11 12:54:55,114 [INFO] Argument:319 - Argument : Directionvalue: DMA_PERIPH_TO_MEMORY
2026-01-11 12:54:55,114 [INFO] Argument:329 - Argument : Directionvalue: DMA_PERIPH_TO_MEMORY
2026-01-11 12:54:55,114 [INFO] Argument:319 - Argument : PeriphIncvalue: DMA_PINC_DISABLE
2026-01-11 12:54:55,114 [INFO] Argument:329 - Argument : PeriphIncvalue: DMA_PINC_DISABLE
2026-01-11 12:54:55,114 [INFO] Argument:319 - Argument : MemIncvalue: DMA_MINC_ENABLE
2026-01-11 12:54:55,114 [INFO] Argument:329 - Argument : MemIncvalue: DMA_MINC_ENABLE
2026-01-11 12:54:55,137 [INFO] Argument:319 - Argument : PeriphDataAlignmentvalue: DMA_PDATAALIGN_WORD
2026-01-11 12:54:55,137 [INFO] Argument:329 - Argument : PeriphDataAlignmentvalue: DMA_PDATAALIGN_WORD
2026-01-11 12:54:55,137 [INFO] Argument:319 - Argument : MemDataAlignmentvalue: DMA_MDATAALIGN_WORD
2026-01-11 12:54:55,137 [INFO] Argument:329 - Argument : MemDataAlignmentvalue: DMA_MDATAALIGN_WORD
2026-01-11 12:54:55,137 [INFO] Argument:319 - Argument : Modevalue: DMA_PFCTRL
2026-01-11 12:54:55,137 [INFO] Argument:329 - Argument : Modevalue: DMA_PFCTRL
2026-01-11 12:54:55,137 [INFO] Argument:319 - Argument : Priorityvalue: DMA_PRIORITY_LOW
2026-01-11 12:54:55,137 [INFO] Argument:329 - Argument : Priorityvalue: DMA_PRIORITY_LOW
2026-01-11 12:54:55,137 [INFO] Argument:319 - Argument : FIFOModevalue: DMA_FIFOMODE_ENABLE
2026-01-11 12:54:55,137 [INFO] Argument:329 - Argument : FIFOModevalue: DMA_FIFOMODE_ENABLE
2026-01-11 12:54:55,137 [INFO] Argument:319 - Argument : FIFOThresholdvalue: DMA_FIFO_THRESHOLD_FULL
2026-01-11 12:54:55,137 [INFO] Argument:329 - Argument : FIFOThresholdvalue: DMA_FIFO_THRESHOLD_FULL
2026-01-11 12:54:55,137 [INFO] Argument:319 - Argument : MemBurstvalue: DMA_MBURST_INC4
2026-01-11 12:54:55,137 [INFO] Argument:329 - Argument : MemBurstvalue: DMA_MBURST_INC4
2026-01-11 12:54:55,137 [INFO] Argument:319 - Argument : PeriphBurstvalue: DMA_PBURST_INC4
2026-01-11 12:54:55,137 [INFO] Argument:329 - Argument : PeriphBurstvalue: DMA_PBURST_INC4
2026-01-11 12:54:55,137 [INFO] Argument:319 - Argument : Lockvalue: null
2026-01-11 12:54:55,137 [INFO] Argument:329 - Argument : Lockvalue: null
2026-01-11 12:54:55,137 [INFO] Argument:319 - Argument : Statevalue: null
2026-01-11 12:54:55,137 [INFO] Argument:329 - Argument : Statevalue: null
2026-01-11 12:54:55,137 [INFO] Argument:319 - Argument : Parentvalue: null
2026-01-11 12:54:55,137 [INFO] Argument:329 - Argument : Parentvalue: null
2026-01-11 12:54:55,137 [INFO] Argument:319 - Argument : XferCpltCallbackvalue: null
2026-01-11 12:54:55,138 [INFO] Argument:329 - Argument : XferCpltCallbackvalue: null
2026-01-11 12:54:55,138 [INFO] Argument:319 - Argument : XferHalfCpltCallbackvalue: null
2026-01-11 12:54:55,138 [INFO] Argument:329 - Argument : XferHalfCpltCallbackvalue: null
2026-01-11 12:54:55,138 [INFO] Argument:319 - Argument : XferM1CpltCallbackvalue: null
2026-01-11 12:54:55,138 [INFO] Argument:329 - Argument : XferM1CpltCallbackvalue: null
2026-01-11 12:54:55,138 [INFO] Argument:319 - Argument : XferErrorCallbackvalue: null
2026-01-11 12:54:55,138 [INFO] Argument:329 - Argument : XferErrorCallbackvalue: null
2026-01-11 12:54:55,138 [INFO] Argument:319 - Argument : ErrorCodevalue: null
2026-01-11 12:54:55,138 [INFO] Argument:329 - Argument : ErrorCodevalue: null
2026-01-11 12:54:55,283 [INFO] CodeEngine:255 - oldGeneratedFile, C:\programing\Embedded\projects_stm32\MeteoStation\MeteoStation\MXTmpFiles\license.tmp_save
2026-01-11 12:54:55,357 [INFO] CodeEngine:279 - Generated code: C:\programing\Embedded\projects_stm32\MeteoStation\MeteoStation\MXTmpFiles\license.tmp
2026-01-11 12:54:55,385 [INFO] CodeEngine:255 - oldGeneratedFile, C:\programing\Embedded\projects_stm32\MeteoStation\MeteoStation\MXTmpFiles\gpio.tmp_save
2026-01-11 12:54:55,455 [INFO] CodeEngine:279 - Generated code: C:\programing\Embedded\projects_stm32\MeteoStation\MeteoStation\MXTmpFiles\gpio.tmp
2026-01-11 12:54:55,885 [INFO] CodeEngine:255 - oldGeneratedFile, C:\programing\Embedded\projects_stm32\MeteoStation\MeteoStation\MXTmpFiles\fatfs_HalInit.tmp_save
2026-01-11 12:54:55,962 [INFO] CodeEngine:279 - Generated code: C:\programing\Embedded\projects_stm32\MeteoStation\MeteoStation\MXTmpFiles\fatfs_HalInit.tmp
2026-01-11 12:54:55,970 [INFO] CodeEngine:255 - oldGeneratedFile, C:\programing\Embedded\projects_stm32\MeteoStation\MeteoStation\MXTmpFiles\fatfs_vars.tmp_save
2026-01-11 12:54:56,015 [INFO] CodeEngine:279 - Generated code: C:\programing\Embedded\projects_stm32\MeteoStation\MeteoStation\MXTmpFiles\fatfs_vars.tmp
2026-01-11 12:54:56,023 [INFO] CodeEngine:255 - oldGeneratedFile, C:\programing\Embedded\projects_stm32\MeteoStation\MeteoStation\MXTmpFiles\fatfs_ext_vars.tmp_save
2026-01-11 12:54:56,072 [INFO] CodeEngine:279 - Generated code: C:\programing\Embedded\projects_stm32\MeteoStation\MeteoStation\MXTmpFiles\fatfs_ext_vars.tmp
2026-01-11 12:54:56,081 [INFO] CodeEngine:255 - oldGeneratedFile, C:\programing\Embedded\projects_stm32\MeteoStation\MeteoStation\MXTmpFiles\fatfs_inc.tmp_save
2026-01-11 12:54:56,121 [INFO] CodeEngine:279 - Generated code: C:\programing\Embedded\projects_stm32\MeteoStation\MeteoStation\MXTmpFiles\fatfs_inc.tmp
2026-01-11 12:54:56,150 [INFO] CodeEngine:255 - oldGeneratedFile, C:\programing\Embedded\projects_stm32\MeteoStation\MeteoStation\MXTmpFiles\dma.tmp_save
2026-01-11 12:54:56,210 [INFO] CodeEngine:279 - Generated code: C:\programing\Embedded\projects_stm32\MeteoStation\MeteoStation\MXTmpFiles\dma.tmp
2026-01-11 12:54:56,218 [INFO] CodeEngine:255 - oldGeneratedFile, C:\programing\Embedded\projects_stm32\MeteoStation\MeteoStation\MXTmpFiles\dma_GV.tmp_save
2026-01-11 12:54:56,253 [INFO] CodeEngine:279 - Generated code: C:\programing\Embedded\projects_stm32\MeteoStation\MeteoStation\MXTmpFiles\dma_GV.tmp
2026-01-11 12:54:56,260 [INFO] CodeEngine:255 - oldGeneratedFile, C:\programing\Embedded\projects_stm32\MeteoStation\MeteoStation\MXTmpFiles\fatfs_HalInit.tmp_save
2026-01-11 12:54:56,306 [INFO] CodeEngine:279 - Generated code: C:\programing\Embedded\projects_stm32\MeteoStation\MeteoStation\MXTmpFiles\fatfs_HalInit.tmp
2026-01-11 12:54:56,309 [INFO] CodeEngine:255 - oldGeneratedFile, C:\programing\Embedded\projects_stm32\MeteoStation\MeteoStation\MXTmpFiles\fatfs_vars.tmp_save
2026-01-11 12:54:56,339 [INFO] CodeEngine:279 - Generated code: C:\programing\Embedded\projects_stm32\MeteoStation\MeteoStation\MXTmpFiles\fatfs_vars.tmp
2026-01-11 12:54:56,342 [INFO] CodeEngine:255 - oldGeneratedFile, C:\programing\Embedded\projects_stm32\MeteoStation\MeteoStation\MXTmpFiles\fatfs_ext_vars.tmp_save
2026-01-11 12:54:56,375 [INFO] CodeEngine:279 - Generated code: C:\programing\Embedded\projects_stm32\MeteoStation\MeteoStation\MXTmpFiles\fatfs_ext_vars.tmp
2026-01-11 12:54:56,378 [INFO] CodeEngine:255 - oldGeneratedFile, C:\programing\Embedded\projects_stm32\MeteoStation\MeteoStation\MXTmpFiles\fatfs_inc.tmp_save
2026-01-11 12:54:56,406 [INFO] CodeEngine:279 - Generated code: C:\programing\Embedded\projects_stm32\MeteoStation\MeteoStation\MXTmpFiles\fatfs_inc.tmp
2026-01-11 12:54:56,425 [INFO] CodeEngine:255 - oldGeneratedFile, C:\programing\Embedded\projects_stm32\MeteoStation\MeteoStation\FATFS\Target\ffconf.h_save
2026-01-11 12:54:56,511 [INFO] CodeEngine:279 - Generated code: C:\programing\Embedded\projects_stm32\MeteoStation\MeteoStation\FATFS\Target\ffconf.h
2026-01-11 12:54:56,539 [INFO] CodeEngine:255 - oldGeneratedFile, C:\programing\Embedded\projects_stm32\MeteoStation\MeteoStation\FATFS\Target\bsp_driver_sd.c_save
2026-01-11 12:54:56,613 [INFO] CodeEngine:279 - Generated code: C:\programing\Embedded\projects_stm32\MeteoStation\MeteoStation\FATFS\Target\bsp_driver_sd.c
2026-01-11 12:54:56,640 [INFO] CodeEngine:255 - oldGeneratedFile, C:\programing\Embedded\projects_stm32\MeteoStation\MeteoStation\FATFS\Target\bsp_driver_sd.h_save
2026-01-11 12:54:56,702 [INFO] CodeEngine:279 - Generated code: C:\programing\Embedded\projects_stm32\MeteoStation\MeteoStation\FATFS\Target\bsp_driver_sd.h
2026-01-11 12:54:56,721 [INFO] CodeEngine:255 - oldGeneratedFile, C:\programing\Embedded\projects_stm32\MeteoStation\MeteoStation\FATFS\Target\sd_diskio.h_save
2026-01-11 12:54:56,782 [INFO] CodeEngine:279 - Generated code: C:\programing\Embedded\projects_stm32\MeteoStation\MeteoStation\FATFS\Target\sd_diskio.h
2026-01-11 12:54:56,801 [INFO] CodeEngine:255 - oldGeneratedFile, C:\programing\Embedded\projects_stm32\MeteoStation\MeteoStation\FATFS\Target\sd_diskio.c_save
2026-01-11 12:54:56,878 [INFO] CodeEngine:279 - Generated code: C:\programing\Embedded\projects_stm32\MeteoStation\MeteoStation\FATFS\Target\sd_diskio.c
2026-01-11 12:54:56,902 [INFO] CodeEngine:255 - oldGeneratedFile, C:\programing\Embedded\projects_stm32\MeteoStation\MeteoStation\FATFS\App\fatfs.c_save
2026-01-11 12:54:56,971 [INFO] CodeEngine:279 - Generated code: C:\programing\Embedded\projects_stm32\MeteoStation\MeteoStation\FATFS\App\fatfs.c
2026-01-11 12:54:56,990 [INFO] CodeEngine:255 - oldGeneratedFile, C:\programing\Embedded\projects_stm32\MeteoStation\MeteoStation\FATFS\App\fatfs.h_save
2026-01-11 12:54:57,055 [INFO] CodeEngine:279 - Generated code: C:\programing\Embedded\projects_stm32\MeteoStation\MeteoStation\FATFS\App\fatfs.h
2026-01-11 12:54:57,072 [INFO] CodeEngine:255 - oldGeneratedFile, C:\programing\Embedded\projects_stm32\MeteoStation\MeteoStation\FATFS\Target\fatfs_platform.c_save
2026-01-11 12:54:57,138 [INFO] CodeEngine:279 - Generated code: C:\programing\Embedded\projects_stm32\MeteoStation\MeteoStation\FATFS\Target\fatfs_platform.c
2026-01-11 12:54:57,154 [INFO] CodeEngine:255 - oldGeneratedFile, C:\programing\Embedded\projects_stm32\MeteoStation\MeteoStation\FATFS\Target\fatfs_platform.h_save
2026-01-11 12:54:57,229 [INFO] CodeEngine:279 - Generated code: C:\programing\Embedded\projects_stm32\MeteoStation\MeteoStation\FATFS\Target\fatfs_platform.h
2026-01-11 12:54:57,264 [INFO] CodeEngine:255 - oldGeneratedFile, C:\programing\Embedded\projects_stm32\MeteoStation\MeteoStation\Core\Src\stm32f4xx_it.c_save
2026-01-11 12:54:57,415 [INFO] CodeEngine:279 - Generated code: C:\programing\Embedded\projects_stm32\MeteoStation\MeteoStation\Core\Src\stm32f4xx_it.c
2026-01-11 12:54:57,461 [INFO] CodeEngine:255 - oldGeneratedFile, C:\programing\Embedded\projects_stm32\MeteoStation\MeteoStation\Core\Inc\stm32f4xx_it.h_save
2026-01-11 12:54:57,546 [INFO] CodeEngine:279 - Generated code: C:\programing\Embedded\projects_stm32\MeteoStation\MeteoStation\Core\Inc\stm32f4xx_it.h
2026-01-11 12:54:57,583 [INFO] CodeEngine:255 - oldGeneratedFile, C:\programing\Embedded\projects_stm32\MeteoStation\MeteoStation\Core\Src\stm32f4xx_hal_msp.c_save
2026-01-11 12:54:57,682 [INFO] CodeEngine:279 - Generated code: C:\programing\Embedded\projects_stm32\MeteoStation\MeteoStation\Core\Src\stm32f4xx_hal_msp.c
2026-01-11 12:54:57,698 [INFO] CodeEngine:255 - oldGeneratedFile, C:\programing\Embedded\projects_stm32\MeteoStation\MeteoStation\MXTmpFiles\system.tmp_save
2026-01-11 12:54:57,744 [INFO] CodeEngine:279 - Generated code: C:\programing\Embedded\projects_stm32\MeteoStation\MeteoStation\MXTmpFiles\system.tmp
2026-01-11 12:54:57,761 [INFO] CodeEngine:255 - oldGeneratedFile, C:\programing\Embedded\projects_stm32\MeteoStation\MeteoStation\Core\Src\stm32f4xx_hal_timebase_tim.c_save
2026-01-11 12:54:57,837 [INFO] CodeEngine:279 - Generated code: C:\programing\Embedded\projects_stm32\MeteoStation\MeteoStation\Core\Src\stm32f4xx_hal_timebase_tim.c
2026-01-11 12:54:57,859 [INFO] CodeEngine:311 - oldGeneratedFile, C:\programing\Embedded\projects_stm32\MeteoStation\MeteoStation\Core\Inc\stm32f4xx_hal_conf.h_save
2026-01-11 12:54:57,935 [INFO] CodeEngine:335 - Generated code: C:\programing\Embedded\projects_stm32\MeteoStation\MeteoStation\Core\Inc\stm32f4xx_hal_conf.h
2026-01-11 12:54:57,960 [WARN] IPConfigManager:3431 - IP not found : TIM
2026-01-11 12:54:57,961 [WARN] CodeGenerator:3760 - IP not found : null
2026-01-11 12:54:57,982 [INFO] CodeEngine:255 - oldGeneratedFile, C:\programing\Embedded\projects_stm32\MeteoStation\MeteoStation\Core\Inc\main.h_save
2026-01-11 12:54:58,057 [INFO] CodeEngine:279 - Generated code: C:\programing\Embedded\projects_stm32\MeteoStation\MeteoStation\Core\Inc\main.h
2026-01-11 12:54:58,078 [INFO] CodeEngine:255 - oldGeneratedFile, C:\programing\Embedded\projects_stm32\MeteoStation\MeteoStation\Core\Src\main.c_save
2026-01-11 12:54:58,175 [INFO] CodeEngine:279 - Generated code: C:\programing\Embedded\projects_stm32\MeteoStation\MeteoStation\Core\Src\main.c
2026-01-11 12:54:58,652 [INFO] ProjectBuilder:3064 - Time for Copy HAL[1] : 230mS.
2026-01-11 12:54:58,655 [INFO] ProjectBuilder:4404 - Project Generator version: 4.1.0
2026-01-11 12:54:58,796 [INFO] ConfigFileManager:1457 - The Die is : DIE413
2026-01-11 12:55:01,741 [INFO] ProjectBuilder:4626 - Time for Generating toolchain IDE Files: 3086mS.
2026-01-11 12:55:01,742 [INFO] ProjectBuilder:2935 - Time for Copy CMSIS : 1mS.
2026-01-11 12:55:01,746 [INFO] ProjectBuilder:2935 - Time for Copy CMSIS : 0mS.
2026-01-11 13:11:02,786 [INFO] NvicIntPanel:101 - NVIC parent = com.st.microxplorer.plugins.ip.nvic.MultiNvicIntPanel[,0,0,0x0,invalid,layout=javax.swing.BoxLayout,alignmentX=0.0,alignmentY=0.0,border=,flags=9,maximumSize=,minimumSize=,preferredSize=]
2026-01-11 13:11:19,379 [INFO] UtilMem:75 - End SaveConfig() Used Memory: 803628480 Bytes (1073741824)
2026-01-11 13:11:21,019 [INFO] UtilMem:75 - End SaveConfig() Used Memory: 833641616 Bytes (1073741824)
2026-01-11 13:11:22,200 [INFO] UtilMem:75 - End SaveConfig() Used Memory: 780711656 Bytes (1073741824)
2026-01-11 13:11:22,491 [INFO] BlockDiagram:2759 - set Specific Code input for plugin: SPI
2026-01-11 13:11:22,492 [INFO] BlockDiagram:2759 - set Specific Code input for plugin: SDIO
2026-01-11 13:11:22,492 [INFO] BlockDiagram:2759 - set Specific Code input for plugin: TIM1_8
2026-01-11 13:11:22,492 [INFO] BlockDiagram:2759 - set Specific Code input for plugin: SYS
2026-01-11 13:11:22,492 [INFO] BlockDiagram:2759 - set Specific Code input for plugin: RCC
2026-01-11 13:11:22,492 [INFO] BlockDiagram:2759 - set Specific Code input for plugin: I2C
2026-01-11 13:11:22,492 [INFO] BlockDiagram:2759 - set Specific Code input for plugin: NVIC
2026-01-11 13:11:22,492 [INFO] BlockDiagram:2759 - set Specific Code input for plugin: USART
2026-01-11 13:11:22,492 [INFO] BlockDiagram:2759 - set Specific Code input for plugin: DMA
2026-01-11 13:11:22,492 [INFO] BlockDiagram:2759 - set Specific Code input for plugin: GPIO
2026-01-11 13:11:22,492 [INFO] BlockDiagram:2759 - set Specific Code input for plugin: FATFS
2026-01-11 13:11:22,494 [INFO] CodeGenerator:799 - code generatio: config db path: C:\ST\STM32CubeIDE_1.13.0\STM32CubeIDE\plugins\com.st.stm32cube.common.mx_6.9.0.202307051724\\db\
2026-01-11 13:11:22,499 [WARN] IP:2114 - I2C_Coeff_DF not found: check if there is a RefParameter without a condition.
2026-01-11 13:11:22,499 [WARN] IP:2114 - Analog_Filter not found: check if there is a RefParameter without a condition.
2026-01-11 13:11:22,506 [INFO] Argument:319 - Argument : hdmavalue: null
2026-01-11 13:11:22,506 [INFO] Argument:321 - 	 sub Args: 
2026-01-11 13:11:22,506 [INFO] Argument:319 - Argument : Instancevalue: DMA2_Stream3
2026-01-11 13:11:22,506 [INFO] Argument:329 - Argument : Instancevalue: DMA2_Stream3
2026-01-11 13:11:22,506 [INFO] Argument:319 - Argument : Initvalue: null
2026-01-11 13:11:22,506 [INFO] Argument:321 - 	 sub Args: 
2026-01-11 13:11:22,506 [INFO] Argument:319 - Argument : Channelvalue: DMA_CHANNEL_4
2026-01-11 13:11:22,506 [INFO] Argument:329 - Argument : Channelvalue: DMA_CHANNEL_4
2026-01-11 13:11:22,506 [INFO] Argument:319 - Argument : Directionvalue: DMA_MEMORY_TO_PERIPH
2026-01-11 13:11:22,506 [INFO] Argument:329 - Argument : Directionvalue: DMA_MEMORY_TO_PERIPH
2026-01-11 13:11:22,507 [INFO] Argument:319 - Argument : PeriphIncvalue: DMA_PINC_DISABLE
2026-01-11 13:11:22,507 [INFO] Argument:329 - Argument : PeriphIncvalue: DMA_PINC_DISABLE
2026-01-11 13:11:22,507 [INFO] Argument:319 - Argument : MemIncvalue: DMA_MINC_ENABLE
2026-01-11 13:11:22,507 [INFO] Argument:329 - Argument : MemIncvalue: DMA_MINC_ENABLE
2026-01-11 13:11:22,507 [INFO] Argument:319 - Argument : PeriphDataAlignmentvalue: DMA_PDATAALIGN_WORD
2026-01-11 13:11:22,507 [INFO] Argument:329 - Argument : PeriphDataAlignmentvalue: DMA_PDATAALIGN_WORD
2026-01-11 13:11:22,507 [INFO] Argument:319 - Argument : MemDataAlignmentvalue: DMA_MDATAALIGN_WORD
2026-01-11 13:11:22,507 [INFO] Argument:329 - Argument : MemDataAlignmentvalue: DMA_MDATAALIGN_WORD
2026-01-11 13:11:22,507 [INFO] Argument:319 - Argument : Modevalue: DMA_PFCTRL
2026-01-11 13:11:22,507 [INFO] Argument:329 - Argument : Modevalue: DMA_PFCTRL
2026-01-11 13:11:22,507 [INFO] Argument:319 - Argument : Priorityvalue: DMA_PRIORITY_LOW
2026-01-11 13:11:22,507 [INFO] Argument:329 - Argument : Priorityvalue: DMA_PRIORITY_LOW
2026-01-11 13:11:22,507 [INFO] Argument:319 - Argument : FIFOModevalue: DMA_FIFOMODE_ENABLE
2026-01-11 13:11:22,507 [INFO] Argument:329 - Argument : FIFOModevalue: DMA_FIFOMODE_ENABLE
2026-01-11 13:11:22,507 [INFO] Argument:319 - Argument : FIFOThresholdvalue: DMA_FIFO_THRESHOLD_FULL
2026-01-11 13:11:22,507 [INFO] Argument:329 - Argument : FIFOThresholdvalue: DMA_FIFO_THRESHOLD_FULL
2026-01-11 13:11:22,507 [INFO] Argument:319 - Argument : MemBurstvalue: DMA_MBURST_INC4
2026-01-11 13:11:22,507 [INFO] Argument:329 - Argument : MemBurstvalue: DMA_MBURST_INC4
2026-01-11 13:11:22,507 [INFO] Argument:319 - Argument : PeriphBurstvalue: DMA_PBURST_INC4
2026-01-11 13:11:22,507 [INFO] Argument:329 - Argument : PeriphBurstvalue: DMA_PBURST_INC4
2026-01-11 13:11:22,507 [INFO] Argument:319 - Argument : Lockvalue: null
2026-01-11 13:11:22,507 [INFO] Argument:329 - Argument : Lockvalue: null
2026-01-11 13:11:22,507 [INFO] Argument:319 - Argument : Statevalue: null
2026-01-11 13:11:22,507 [INFO] Argument:329 - Argument : Statevalue: null
2026-01-11 13:11:22,507 [INFO] Argument:319 - Argument : Parentvalue: null
2026-01-11 13:11:22,507 [INFO] Argument:329 - Argument : Parentvalue: null
2026-01-11 13:11:22,507 [INFO] Argument:319 - Argument : XferCpltCallbackvalue: null
2026-01-11 13:11:22,507 [INFO] Argument:329 - Argument : XferCpltCallbackvalue: null
2026-01-11 13:11:22,507 [INFO] Argument:319 - Argument : XferHalfCpltCallbackvalue: null
2026-01-11 13:11:22,507 [INFO] Argument:329 - Argument : XferHalfCpltCallbackvalue: null
2026-01-11 13:11:22,507 [INFO] Argument:319 - Argument : XferM1CpltCallbackvalue: null
2026-01-11 13:11:22,507 [INFO] Argument:329 - Argument : XferM1CpltCallbackvalue: null
2026-01-11 13:11:22,507 [INFO] Argument:319 - Argument : XferErrorCallbackvalue: null
2026-01-11 13:11:22,507 [INFO] Argument:329 - Argument : XferErrorCallbackvalue: null
2026-01-11 13:11:22,507 [INFO] Argument:319 - Argument : ErrorCodevalue: null
2026-01-11 13:11:22,507 [INFO] Argument:329 - Argument : ErrorCodevalue: null
2026-01-11 13:11:22,508 [INFO] Argument:319 - Argument : hdmavalue: null
2026-01-11 13:11:22,508 [INFO] Argument:321 - 	 sub Args: 
2026-01-11 13:11:22,508 [INFO] Argument:319 - Argument : Instancevalue: DMA2_Stream6
2026-01-11 13:11:22,508 [INFO] Argument:329 - Argument : Instancevalue: DMA2_Stream6
2026-01-11 13:11:22,508 [INFO] Argument:319 - Argument : Initvalue: null
2026-01-11 13:11:22,508 [INFO] Argument:321 - 	 sub Args: 
2026-01-11 13:11:22,508 [INFO] Argument:319 - Argument : Channelvalue: DMA_CHANNEL_4
2026-01-11 13:11:22,508 [INFO] Argument:329 - Argument : Channelvalue: DMA_CHANNEL_4
2026-01-11 13:11:22,508 [INFO] Argument:319 - Argument : Directionvalue: DMA_PERIPH_TO_MEMORY
2026-01-11 13:11:22,508 [INFO] Argument:329 - Argument : Directionvalue: DMA_PERIPH_TO_MEMORY
2026-01-11 13:11:22,508 [INFO] Argument:319 - Argument : PeriphIncvalue: DMA_PINC_DISABLE
2026-01-11 13:11:22,508 [INFO] Argument:329 - Argument : PeriphIncvalue: DMA_PINC_DISABLE
2026-01-11 13:11:22,508 [INFO] Argument:319 - Argument : MemIncvalue: DMA_MINC_ENABLE
2026-01-11 13:11:22,508 [INFO] Argument:329 - Argument : MemIncvalue: DMA_MINC_ENABLE
2026-01-11 13:11:22,508 [INFO] Argument:319 - Argument : PeriphDataAlignmentvalue: DMA_PDATAALIGN_WORD
2026-01-11 13:11:22,508 [INFO] Argument:329 - Argument : PeriphDataAlignmentvalue: DMA_PDATAALIGN_WORD
2026-01-11 13:11:22,508 [INFO] Argument:319 - Argument : MemDataAlignmentvalue: DMA_MDATAALIGN_WORD
2026-01-11 13:11:22,508 [INFO] Argument:329 - Argument : MemDataAlignmentvalue: DMA_MDATAALIGN_WORD
2026-01-11 13:11:22,508 [INFO] Argument:319 - Argument : Modevalue: DMA_PFCTRL
2026-01-11 13:11:22,508 [INFO] Argument:329 - Argument : Modevalue: DMA_PFCTRL
2026-01-11 13:11:22,508 [INFO] Argument:319 - Argument : Priorityvalue: DMA_PRIORITY_LOW
2026-01-11 13:11:22,508 [INFO] Argument:329 - Argument : Priorityvalue: DMA_PRIORITY_LOW
2026-01-11 13:11:22,508 [INFO] Argument:319 - Argument : FIFOModevalue: DMA_FIFOMODE_ENABLE
2026-01-11 13:11:22,508 [INFO] Argument:329 - Argument : FIFOModevalue: DMA_FIFOMODE_ENABLE
2026-01-11 13:11:22,508 [INFO] Argument:319 - Argument : FIFOThresholdvalue: DMA_FIFO_THRESHOLD_FULL
2026-01-11 13:11:22,508 [INFO] Argument:329 - Argument : FIFOThresholdvalue: DMA_FIFO_THRESHOLD_FULL
2026-01-11 13:11:22,508 [INFO] Argument:319 - Argument : MemBurstvalue: DMA_MBURST_INC4
2026-01-11 13:11:22,508 [INFO] Argument:329 - Argument : MemBurstvalue: DMA_MBURST_INC4
2026-01-11 13:11:22,508 [INFO] Argument:319 - Argument : PeriphBurstvalue: DMA_PBURST_INC4
2026-01-11 13:11:22,508 [INFO] Argument:329 - Argument : PeriphBurstvalue: DMA_PBURST_INC4
2026-01-11 13:11:22,508 [INFO] Argument:319 - Argument : Lockvalue: null
2026-01-11 13:11:22,508 [INFO] Argument:329 - Argument : Lockvalue: null
2026-01-11 13:11:22,508 [INFO] Argument:319 - Argument : Statevalue: null
2026-01-11 13:11:22,508 [INFO] Argument:329 - Argument : Statevalue: null
2026-01-11 13:11:22,508 [INFO] Argument:319 - Argument : Parentvalue: null
2026-01-11 13:11:22,508 [INFO] Argument:329 - Argument : Parentvalue: null
2026-01-11 13:11:22,509 [INFO] Argument:319 - Argument : XferCpltCallbackvalue: null
2026-01-11 13:11:22,509 [INFO] Argument:329 - Argument : XferCpltCallbackvalue: null
2026-01-11 13:11:22,509 [INFO] Argument:319 - Argument : XferHalfCpltCallbackvalue: null
2026-01-11 13:11:22,509 [INFO] Argument:329 - Argument : XferHalfCpltCallbackvalue: null
2026-01-11 13:11:22,509 [INFO] Argument:319 - Argument : XferM1CpltCallbackvalue: null
2026-01-11 13:11:22,509 [INFO] Argument:329 - Argument : XferM1CpltCallbackvalue: null
2026-01-11 13:11:22,509 [INFO] Argument:319 - Argument : XferErrorCallbackvalue: null
2026-01-11 13:11:22,509 [INFO] Argument:329 - Argument : XferErrorCallbackvalue: null
2026-01-11 13:11:22,509 [INFO] Argument:319 - Argument : ErrorCodevalue: null
2026-01-11 13:11:22,509 [INFO] Argument:329 - Argument : ErrorCodevalue: null
2026-01-11 13:11:22,607 [INFO] CodeEngine:255 - oldGeneratedFile, C:\programing\Embedded\projects_stm32\MeteoStation\MeteoStation\MXTmpFiles\license.tmp_save
2026-01-11 13:11:22,696 [INFO] CodeEngine:279 - Generated code: C:\programing\Embedded\projects_stm32\MeteoStation\MeteoStation\MXTmpFiles\license.tmp
2026-01-11 13:11:22,708 [INFO] CodeEngine:255 - oldGeneratedFile, C:\programing\Embedded\projects_stm32\MeteoStation\MeteoStation\MXTmpFiles\gpio.tmp_save
2026-01-11 13:11:22,772 [INFO] CodeEngine:279 - Generated code: C:\programing\Embedded\projects_stm32\MeteoStation\MeteoStation\MXTmpFiles\gpio.tmp
2026-01-11 13:11:23,056 [INFO] CodeEngine:255 - oldGeneratedFile, C:\programing\Embedded\projects_stm32\MeteoStation\MeteoStation\MXTmpFiles\fatfs_HalInit.tmp_save
2026-01-11 13:11:23,126 [INFO] CodeEngine:279 - Generated code: C:\programing\Embedded\projects_stm32\MeteoStation\MeteoStation\MXTmpFiles\fatfs_HalInit.tmp
2026-01-11 13:11:23,129 [INFO] CodeEngine:255 - oldGeneratedFile, C:\programing\Embedded\projects_stm32\MeteoStation\MeteoStation\MXTmpFiles\fatfs_vars.tmp_save
2026-01-11 13:11:23,232 [INFO] CodeEngine:279 - Generated code: C:\programing\Embedded\projects_stm32\MeteoStation\MeteoStation\MXTmpFiles\fatfs_vars.tmp
2026-01-11 13:11:23,235 [INFO] CodeEngine:255 - oldGeneratedFile, C:\programing\Embedded\projects_stm32\MeteoStation\MeteoStation\MXTmpFiles\fatfs_ext_vars.tmp_save
2026-01-11 13:11:23,276 [INFO] CodeEngine:279 - Generated code: C:\programing\Embedded\projects_stm32\MeteoStation\MeteoStation\MXTmpFiles\fatfs_ext_vars.tmp
2026-01-11 13:11:23,278 [INFO] CodeEngine:255 - oldGeneratedFile, C:\programing\Embedded\projects_stm32\MeteoStation\MeteoStation\MXTmpFiles\fatfs_inc.tmp_save
2026-01-11 13:11:23,338 [INFO] CodeEngine:279 - Generated code: C:\programing\Embedded\projects_stm32\MeteoStation\MeteoStation\MXTmpFiles\fatfs_inc.tmp
2026-01-11 13:11:23,361 [INFO] CodeEngine:255 - oldGeneratedFile, C:\programing\Embedded\projects_stm32\MeteoStation\MeteoStation\MXTmpFiles\dma.tmp_save
2026-01-11 13:11:23,413 [INFO] CodeEngine:279 - Generated code: C:\programing\Embedded\projects_stm32\MeteoStation\MeteoStation\MXTmpFiles\dma.tmp
2026-01-11 13:11:23,415 [INFO] CodeEngine:255 - oldGeneratedFile, C:\programing\Embedded\projects_stm32\MeteoStation\MeteoStation\MXTmpFiles\dma_GV.tmp_save
2026-01-11 13:11:23,455 [INFO] CodeEngine:279 - Generated code: C:\programing\Embedded\projects_stm32\MeteoStation\MeteoStation\MXTmpFiles\dma_GV.tmp
2026-01-11 13:11:23,464 [INFO] CodeEngine:255 - oldGeneratedFile, C:\programing\Embedded\projects_stm32\MeteoStation\MeteoStation\MXTmpFiles\fatfs_HalInit.tmp_save
2026-01-11 13:11:23,509 [INFO] CodeEngine:279 - Generated code: C:\programing\Embedded\projects_stm32\MeteoStation\MeteoStation\MXTmpFiles\fatfs_HalInit.tmp
2026-01-11 13:11:23,512 [INFO] CodeEngine:255 - oldGeneratedFile, C:\programing\Embedded\projects_stm32\MeteoStation\MeteoStation\MXTmpFiles\fatfs_vars.tmp_save
2026-01-11 13:11:23,543 [INFO] CodeEngine:279 - Generated code: C:\programing\Embedded\projects_stm32\MeteoStation\MeteoStation\MXTmpFiles\fatfs_vars.tmp
2026-01-11 13:11:23,546 [INFO] CodeEngine:255 - oldGeneratedFile, C:\programing\Embedded\projects_stm32\MeteoStation\MeteoStation\MXTmpFiles\fatfs_ext_vars.tmp_save
2026-01-11 13:11:23,580 [INFO] CodeEngine:279 - Generated code: C:\programing\Embedded\projects_stm32\MeteoStation\MeteoStation\MXTmpFiles\fatfs_ext_vars.tmp
2026-01-11 13:11:23,583 [INFO] CodeEngine:255 - oldGeneratedFile, C:\programing\Embedded\projects_stm32\MeteoStation\MeteoStation\MXTmpFiles\fatfs_inc.tmp_save
2026-01-11 13:11:23,616 [INFO] CodeEngine:279 - Generated code: C:\programing\Embedded\projects_stm32\MeteoStation\MeteoStation\MXTmpFiles\fatfs_inc.tmp
2026-01-11 13:11:23,627 [INFO] CodeEngine:255 - oldGeneratedFile, C:\programing\Embedded\projects_stm32\MeteoStation\MeteoStation\FATFS\Target\ffconf.h_save
2026-01-11 13:11:23,705 [INFO] CodeEngine:279 - Generated code: C:\programing\Embedded\projects_stm32\MeteoStation\MeteoStation\FATFS\Target\ffconf.h
2026-01-11 13:11:23,727 [INFO] CodeEngine:255 - oldGeneratedFile, C:\programing\Embedded\projects_stm32\MeteoStation\MeteoStation\FATFS\Target\bsp_driver_sd.c_save
2026-01-11 13:11:23,801 [INFO] CodeEngine:279 - Generated code: C:\programing\Embedded\projects_stm32\MeteoStation\MeteoStation\FATFS\Target\bsp_driver_sd.c
2026-01-11 13:11:23,819 [INFO] CodeEngine:255 - oldGeneratedFile, C:\programing\Embedded\projects_stm32\MeteoStation\MeteoStation\FATFS\Target\bsp_driver_sd.h_save
2026-01-11 13:11:23,854 [INFO] CodeEngine:279 - Generated code: C:\programing\Embedded\projects_stm32\MeteoStation\MeteoStation\FATFS\Target\bsp_driver_sd.h
2026-01-11 13:11:23,857 [INFO] CodeEngine:255 - oldGeneratedFile, C:\programing\Embedded\projects_stm32\MeteoStation\MeteoStation\FATFS\Target\sd_diskio.h_save
2026-01-11 13:11:23,909 [INFO] CodeEngine:279 - Generated code: C:\programing\Embedded\projects_stm32\MeteoStation\MeteoStation\FATFS\Target\sd_diskio.h
2026-01-11 13:11:23,922 [INFO] CodeEngine:255 - oldGeneratedFile, C:\programing\Embedded\projects_stm32\MeteoStation\MeteoStation\FATFS\Target\sd_diskio.c_save
2026-01-11 13:11:23,997 [INFO] CodeEngine:279 - Generated code: C:\programing\Embedded\projects_stm32\MeteoStation\MeteoStation\FATFS\Target\sd_diskio.c
2026-01-11 13:11:24,009 [INFO] CodeEngine:255 - oldGeneratedFile, C:\programing\Embedded\projects_stm32\MeteoStation\MeteoStation\FATFS\App\fatfs.c_save
2026-01-11 13:11:24,067 [INFO] CodeEngine:279 - Generated code: C:\programing\Embedded\projects_stm32\MeteoStation\MeteoStation\FATFS\App\fatfs.c
2026-01-11 13:11:24,079 [INFO] CodeEngine:255 - oldGeneratedFile, C:\programing\Embedded\projects_stm32\MeteoStation\MeteoStation\FATFS\App\fatfs.h_save
2026-01-11 13:11:24,130 [INFO] CodeEngine:279 - Generated code: C:\programing\Embedded\projects_stm32\MeteoStation\MeteoStation\FATFS\App\fatfs.h
2026-01-11 13:11:24,134 [INFO] CodeEngine:255 - oldGeneratedFile, C:\programing\Embedded\projects_stm32\MeteoStation\MeteoStation\FATFS\Target\fatfs_platform.c_save
2026-01-11 13:11:24,180 [INFO] CodeEngine:279 - Generated code: C:\programing\Embedded\projects_stm32\MeteoStation\MeteoStation\FATFS\Target\fatfs_platform.c
2026-01-11 13:11:24,184 [INFO] CodeEngine:255 - oldGeneratedFile, C:\programing\Embedded\projects_stm32\MeteoStation\MeteoStation\FATFS\Target\fatfs_platform.h_save
2026-01-11 13:11:24,234 [INFO] CodeEngine:279 - Generated code: C:\programing\Embedded\projects_stm32\MeteoStation\MeteoStation\FATFS\Target\fatfs_platform.h
2026-01-11 13:11:24,253 [INFO] CodeEngine:255 - oldGeneratedFile, C:\programing\Embedded\projects_stm32\MeteoStation\MeteoStation\Core\Src\stm32f4xx_it.c_save
2026-01-11 13:11:24,356 [INFO] CodeEngine:279 - Generated code: C:\programing\Embedded\projects_stm32\MeteoStation\MeteoStation\Core\Src\stm32f4xx_it.c
2026-01-11 13:11:24,363 [INFO] CodeEngine:255 - oldGeneratedFile, C:\programing\Embedded\projects_stm32\MeteoStation\MeteoStation\Core\Inc\stm32f4xx_it.h_save
2026-01-11 13:11:24,427 [INFO] CodeEngine:279 - Generated code: C:\programing\Embedded\projects_stm32\MeteoStation\MeteoStation\Core\Inc\stm32f4xx_it.h
2026-01-11 13:11:24,448 [INFO] CodeEngine:255 - oldGeneratedFile, C:\programing\Embedded\projects_stm32\MeteoStation\MeteoStation\Core\Src\stm32f4xx_hal_msp.c_save
2026-01-11 13:11:24,561 [INFO] CodeEngine:279 - Generated code: C:\programing\Embedded\projects_stm32\MeteoStation\MeteoStation\Core\Src\stm32f4xx_hal_msp.c
2026-01-11 13:11:24,585 [INFO] CodeEngine:255 - oldGeneratedFile, C:\programing\Embedded\projects_stm32\MeteoStation\MeteoStation\MXTmpFiles\system.tmp_save
2026-01-11 13:11:24,635 [INFO] CodeEngine:279 - Generated code: C:\programing\Embedded\projects_stm32\MeteoStation\MeteoStation\MXTmpFiles\system.tmp
2026-01-11 13:11:24,650 [INFO] CodeEngine:255 - oldGeneratedFile, C:\programing\Embedded\projects_stm32\MeteoStation\MeteoStation\Core\Src\stm32f4xx_hal_timebase_tim.c_save
2026-01-11 13:11:24,710 [INFO] CodeEngine:279 - Generated code: C:\programing\Embedded\projects_stm32\MeteoStation\MeteoStation\Core\Src\stm32f4xx_hal_timebase_tim.c
2026-01-11 13:11:24,724 [INFO] CodeEngine:311 - oldGeneratedFile, C:\programing\Embedded\projects_stm32\MeteoStation\MeteoStation\Core\Inc\stm32f4xx_hal_conf.h_save
2026-01-11 13:11:24,792 [INFO] CodeEngine:335 - Generated code: C:\programing\Embedded\projects_stm32\MeteoStation\MeteoStation\Core\Inc\stm32f4xx_hal_conf.h
2026-01-11 13:11:24,810 [WARN] IPConfigManager:3431 - IP not found : TIM
2026-01-11 13:11:24,810 [WARN] CodeGenerator:3760 - IP not found : null
2026-01-11 13:11:24,822 [INFO] CodeEngine:255 - oldGeneratedFile, C:\programing\Embedded\projects_stm32\MeteoStation\MeteoStation\Core\Inc\main.h_save
2026-01-11 13:11:24,886 [INFO] CodeEngine:279 - Generated code: C:\programing\Embedded\projects_stm32\MeteoStation\MeteoStation\Core\Inc\main.h
2026-01-11 13:11:24,899 [INFO] CodeEngine:255 - oldGeneratedFile, C:\programing\Embedded\projects_stm32\MeteoStation\MeteoStation\Core\Src\main.c_save
2026-01-11 13:11:24,991 [INFO] CodeEngine:279 - Generated code: C:\programing\Embedded\projects_stm32\MeteoStation\MeteoStation\Core\Src\main.c
2026-01-11 13:11:25,446 [INFO] ProjectBuilder:3064 - Time for Copy HAL[1] : 201mS.
2026-01-11 13:11:25,450 [INFO] ProjectBuilder:4404 - Project Generator version: 4.1.0
2026-01-11 13:11:25,612 [INFO] ConfigFileManager:1457 - The Die is : DIE413
2026-01-11 13:11:26,873 [INFO] ProjectBuilder:4626 - Time for Generating toolchain IDE Files: 1423mS.
2026-01-11 13:11:26,874 [INFO] ProjectBuilder:2935 - Time for Copy CMSIS : 1mS.
2026-01-11 13:11:26,876 [INFO] ProjectBuilder:2935 - Time for Copy CMSIS : 0mS.
2026-01-11 13:47:02,760 [WARN] IP:2114 - I2C_Coeff_DF not found: check if there is a RefParameter without a condition.
2026-01-11 13:47:02,760 [WARN] IP:2114 - Analog_Filter not found: check if there is a RefParameter without a condition.
2026-01-11 13:47:02,760 [WARN] IP:2114 - I2C_Coeff_DF not found: check if there is a RefParameter without a condition.
2026-01-11 13:47:02,760 [WARN] IP:2114 - Analog_Filter not found: check if there is a RefParameter without a condition.
2026-01-11 13:56:54,691 [INFO] Gpio:273 - dependency for GPIO [I2C1, SDIO, SPI1, SYS, USART2]
2026-01-11 14:10:13,699 [INFO] UtilMem:75 - End SaveConfig() Used Memory: 785583576 Bytes (1073741824)
2026-01-11 14:10:15,162 [INFO] UtilMem:75 - End SaveConfig() Used Memory: 790945656 Bytes (1073741824)
2026-01-11 14:10:16,520 [INFO] UtilMem:75 - End SaveConfig() Used Memory: 890560376 Bytes (1073741824)
2026-01-11 14:10:16,725 [INFO] BlockDiagram:2759 - set Specific Code input for plugin: SPI
2026-01-11 14:10:16,725 [INFO] BlockDiagram:2759 - set Specific Code input for plugin: SDIO
2026-01-11 14:10:16,725 [INFO] BlockDiagram:2759 - set Specific Code input for plugin: TIM1_8
2026-01-11 14:10:16,725 [INFO] BlockDiagram:2759 - set Specific Code input for plugin: SYS
2026-01-11 14:10:16,725 [INFO] BlockDiagram:2759 - set Specific Code input for plugin: RCC
2026-01-11 14:10:16,725 [INFO] BlockDiagram:2759 - set Specific Code input for plugin: I2C
2026-01-11 14:10:16,725 [INFO] BlockDiagram:2759 - set Specific Code input for plugin: NVIC
2026-01-11 14:10:16,726 [INFO] BlockDiagram:2759 - set Specific Code input for plugin: USART
2026-01-11 14:10:16,726 [INFO] BlockDiagram:2759 - set Specific Code input for plugin: DMA
2026-01-11 14:10:16,726 [INFO] BlockDiagram:2759 - set Specific Code input for plugin: GPIO
2026-01-11 14:10:16,726 [INFO] BlockDiagram:2759 - set Specific Code input for plugin: FATFS
2026-01-11 14:10:16,727 [INFO] CodeGenerator:799 - code generatio: config db path: C:\ST\STM32CubeIDE_1.13.0\STM32CubeIDE\plugins\com.st.stm32cube.common.mx_6.9.0.202307051724\\db\
2026-01-11 14:10:16,732 [WARN] IP:2114 - I2C_Coeff_DF not found: check if there is a RefParameter without a condition.
2026-01-11 14:10:16,732 [WARN] IP:2114 - Analog_Filter not found: check if there is a RefParameter without a condition.
2026-01-11 14:10:16,740 [INFO] Argument:319 - Argument : hdmavalue: null
2026-01-11 14:10:16,741 [INFO] Argument:321 - 	 sub Args: 
2026-01-11 14:10:16,741 [INFO] Argument:319 - Argument : Instancevalue: DMA2_Stream3
2026-01-11 14:10:16,741 [INFO] Argument:329 - Argument : Instancevalue: DMA2_Stream3
2026-01-11 14:10:16,741 [INFO] Argument:319 - Argument : Initvalue: null
2026-01-11 14:10:16,741 [INFO] Argument:321 - 	 sub Args: 
2026-01-11 14:10:16,741 [INFO] Argument:319 - Argument : Channelvalue: DMA_CHANNEL_4
2026-01-11 14:10:16,741 [INFO] Argument:329 - Argument : Channelvalue: DMA_CHANNEL_4
2026-01-11 14:10:16,741 [INFO] Argument:319 - Argument : Directionvalue: DMA_MEMORY_TO_PERIPH
2026-01-11 14:10:16,741 [INFO] Argument:329 - Argument : Directionvalue: DMA_MEMORY_TO_PERIPH
2026-01-11 14:10:16,741 [INFO] Argument:319 - Argument : PeriphIncvalue: DMA_PINC_DISABLE
2026-01-11 14:10:16,741 [INFO] Argument:329 - Argument : PeriphIncvalue: DMA_PINC_DISABLE
2026-01-11 14:10:16,741 [INFO] Argument:319 - Argument : MemIncvalue: DMA_MINC_ENABLE
2026-01-11 14:10:16,741 [INFO] Argument:329 - Argument : MemIncvalue: DMA_MINC_ENABLE
2026-01-11 14:10:16,741 [INFO] Argument:319 - Argument : PeriphDataAlignmentvalue: DMA_PDATAALIGN_WORD
2026-01-11 14:10:16,742 [INFO] Argument:329 - Argument : PeriphDataAlignmentvalue: DMA_PDATAALIGN_WORD
2026-01-11 14:10:16,742 [INFO] Argument:319 - Argument : MemDataAlignmentvalue: DMA_MDATAALIGN_WORD
2026-01-11 14:10:16,742 [INFO] Argument:329 - Argument : MemDataAlignmentvalue: DMA_MDATAALIGN_WORD
2026-01-11 14:10:16,742 [INFO] Argument:319 - Argument : Modevalue: DMA_PFCTRL
2026-01-11 14:10:16,742 [INFO] Argument:329 - Argument : Modevalue: DMA_PFCTRL
2026-01-11 14:10:16,742 [INFO] Argument:319 - Argument : Priorityvalue: DMA_PRIORITY_LOW
2026-01-11 14:10:16,742 [INFO] Argument:329 - Argument : Priorityvalue: DMA_PRIORITY_LOW
2026-01-11 14:10:16,742 [INFO] Argument:319 - Argument : FIFOModevalue: DMA_FIFOMODE_ENABLE
2026-01-11 14:10:16,742 [INFO] Argument:329 - Argument : FIFOModevalue: DMA_FIFOMODE_ENABLE
2026-01-11 14:10:16,742 [INFO] Argument:319 - Argument : FIFOThresholdvalue: DMA_FIFO_THRESHOLD_FULL
2026-01-11 14:10:16,742 [INFO] Argument:329 - Argument : FIFOThresholdvalue: DMA_FIFO_THRESHOLD_FULL
2026-01-11 14:10:16,742 [INFO] Argument:319 - Argument : MemBurstvalue: DMA_MBURST_INC4
2026-01-11 14:10:16,742 [INFO] Argument:329 - Argument : MemBurstvalue: DMA_MBURST_INC4
2026-01-11 14:10:16,742 [INFO] Argument:319 - Argument : PeriphBurstvalue: DMA_PBURST_INC4
2026-01-11 14:10:16,742 [INFO] Argument:329 - Argument : PeriphBurstvalue: DMA_PBURST_INC4
2026-01-11 14:10:16,742 [INFO] Argument:319 - Argument : Lockvalue: null
2026-01-11 14:10:16,742 [INFO] Argument:329 - Argument : Lockvalue: null
2026-01-11 14:10:16,742 [INFO] Argument:319 - Argument : Statevalue: null
2026-01-11 14:10:16,742 [INFO] Argument:329 - Argument : Statevalue: null
2026-01-11 14:10:16,742 [INFO] Argument:319 - Argument : Parentvalue: null
2026-01-11 14:10:16,742 [INFO] Argument:329 - Argument : Parentvalue: null
2026-01-11 14:10:16,742 [INFO] Argument:319 - Argument : XferCpltCallbackvalue: null
2026-01-11 14:10:16,742 [INFO] Argument:329 - Argument : XferCpltCallbackvalue: null
2026-01-11 14:10:16,742 [INFO] Argument:319 - Argument : XferHalfCpltCallbackvalue: null
2026-01-11 14:10:16,742 [INFO] Argument:329 - Argument : XferHalfCpltCallbackvalue: null
2026-01-11 14:10:16,742 [INFO] Argument:319 - Argument : XferM1CpltCallbackvalue: null
2026-01-11 14:10:16,742 [INFO] Argument:329 - Argument : XferM1CpltCallbackvalue: null
2026-01-11 14:10:16,742 [INFO] Argument:319 - Argument : XferErrorCallbackvalue: null
2026-01-11 14:10:16,742 [INFO] Argument:329 - Argument : XferErrorCallbackvalue: null
2026-01-11 14:10:16,742 [INFO] Argument:319 - Argument : ErrorCodevalue: null
2026-01-11 14:10:16,742 [INFO] Argument:329 - Argument : ErrorCodevalue: null
2026-01-11 14:10:16,742 [INFO] Argument:319 - Argument : hdmavalue: null
2026-01-11 14:10:16,743 [INFO] Argument:321 - 	 sub Args: 
2026-01-11 14:10:16,743 [INFO] Argument:319 - Argument : Instancevalue: DMA2_Stream6
2026-01-11 14:10:16,743 [INFO] Argument:329 - Argument : Instancevalue: DMA2_Stream6
2026-01-11 14:10:16,743 [INFO] Argument:319 - Argument : Initvalue: null
2026-01-11 14:10:16,743 [INFO] Argument:321 - 	 sub Args: 
2026-01-11 14:10:16,743 [INFO] Argument:319 - Argument : Channelvalue: DMA_CHANNEL_4
2026-01-11 14:10:16,743 [INFO] Argument:329 - Argument : Channelvalue: DMA_CHANNEL_4
2026-01-11 14:10:16,743 [INFO] Argument:319 - Argument : Directionvalue: DMA_PERIPH_TO_MEMORY
2026-01-11 14:10:16,743 [INFO] Argument:329 - Argument : Directionvalue: DMA_PERIPH_TO_MEMORY
2026-01-11 14:10:16,743 [INFO] Argument:319 - Argument : PeriphIncvalue: DMA_PINC_DISABLE
2026-01-11 14:10:16,743 [INFO] Argument:329 - Argument : PeriphIncvalue: DMA_PINC_DISABLE
2026-01-11 14:10:16,743 [INFO] Argument:319 - Argument : MemIncvalue: DMA_MINC_ENABLE
2026-01-11 14:10:16,743 [INFO] Argument:329 - Argument : MemIncvalue: DMA_MINC_ENABLE
2026-01-11 14:10:16,743 [INFO] Argument:319 - Argument : PeriphDataAlignmentvalue: DMA_PDATAALIGN_WORD
2026-01-11 14:10:16,743 [INFO] Argument:329 - Argument : PeriphDataAlignmentvalue: DMA_PDATAALIGN_WORD
2026-01-11 14:10:16,743 [INFO] Argument:319 - Argument : MemDataAlignmentvalue: DMA_MDATAALIGN_WORD
2026-01-11 14:10:16,743 [INFO] Argument:329 - Argument : MemDataAlignmentvalue: DMA_MDATAALIGN_WORD
2026-01-11 14:10:16,743 [INFO] Argument:319 - Argument : Modevalue: DMA_PFCTRL
2026-01-11 14:10:16,743 [INFO] Argument:329 - Argument : Modevalue: DMA_PFCTRL
2026-01-11 14:10:16,743 [INFO] Argument:319 - Argument : Priorityvalue: DMA_PRIORITY_LOW
2026-01-11 14:10:16,743 [INFO] Argument:329 - Argument : Priorityvalue: DMA_PRIORITY_LOW
2026-01-11 14:10:16,743 [INFO] Argument:319 - Argument : FIFOModevalue: DMA_FIFOMODE_ENABLE
2026-01-11 14:10:16,743 [INFO] Argument:329 - Argument : FIFOModevalue: DMA_FIFOMODE_ENABLE
2026-01-11 14:10:16,743 [INFO] Argument:319 - Argument : FIFOThresholdvalue: DMA_FIFO_THRESHOLD_FULL
2026-01-11 14:10:16,743 [INFO] Argument:329 - Argument : FIFOThresholdvalue: DMA_FIFO_THRESHOLD_FULL
2026-01-11 14:10:16,743 [INFO] Argument:319 - Argument : MemBurstvalue: DMA_MBURST_INC4
2026-01-11 14:10:16,743 [INFO] Argument:329 - Argument : MemBurstvalue: DMA_MBURST_INC4
2026-01-11 14:10:16,743 [INFO] Argument:319 - Argument : PeriphBurstvalue: DMA_PBURST_INC4
2026-01-11 14:10:16,743 [INFO] Argument:329 - Argument : PeriphBurstvalue: DMA_PBURST_INC4
2026-01-11 14:10:16,743 [INFO] Argument:319 - Argument : Lockvalue: null
2026-01-11 14:10:16,743 [INFO] Argument:329 - Argument : Lockvalue: null
2026-01-11 14:10:16,743 [INFO] Argument:319 - Argument : Statevalue: null
2026-01-11 14:10:16,743 [INFO] Argument:329 - Argument : Statevalue: null
2026-01-11 14:10:16,743 [INFO] Argument:319 - Argument : Parentvalue: null
2026-01-11 14:10:16,743 [INFO] Argument:329 - Argument : Parentvalue: null
2026-01-11 14:10:16,743 [INFO] Argument:319 - Argument : XferCpltCallbackvalue: null
2026-01-11 14:10:16,743 [INFO] Argument:329 - Argument : XferCpltCallbackvalue: null
2026-01-11 14:10:16,743 [INFO] Argument:319 - Argument : XferHalfCpltCallbackvalue: null
2026-01-11 14:10:16,743 [INFO] Argument:329 - Argument : XferHalfCpltCallbackvalue: null
2026-01-11 14:10:16,743 [INFO] Argument:319 - Argument : XferM1CpltCallbackvalue: null
2026-01-11 14:10:16,743 [INFO] Argument:329 - Argument : XferM1CpltCallbackvalue: null
2026-01-11 14:10:16,743 [INFO] Argument:319 - Argument : XferErrorCallbackvalue: null
2026-01-11 14:10:16,743 [INFO] Argument:329 - Argument : XferErrorCallbackvalue: null
2026-01-11 14:10:16,743 [INFO] Argument:319 - Argument : ErrorCodevalue: null
2026-01-11 14:10:16,743 [INFO] Argument:329 - Argument : ErrorCodevalue: null
2026-01-11 14:10:16,879 [INFO] CodeEngine:255 - oldGeneratedFile, C:\programing\Embedded\projects_stm32\MeteoStation\MeteoStation\MXTmpFiles\license.tmp_save
2026-01-11 14:10:16,952 [INFO] CodeEngine:279 - Generated code: C:\programing\Embedded\projects_stm32\MeteoStation\MeteoStation\MXTmpFiles\license.tmp
2026-01-11 14:10:16,980 [INFO] CodeEngine:255 - oldGeneratedFile, C:\programing\Embedded\projects_stm32\MeteoStation\MeteoStation\MXTmpFiles\gpio.tmp_save
2026-01-11 14:10:17,043 [INFO] CodeEngine:279 - Generated code: C:\programing\Embedded\projects_stm32\MeteoStation\MeteoStation\MXTmpFiles\gpio.tmp
2026-01-11 14:10:17,402 [INFO] CodeEngine:255 - oldGeneratedFile, C:\programing\Embedded\projects_stm32\MeteoStation\MeteoStation\MXTmpFiles\fatfs_HalInit.tmp_save
2026-01-11 14:10:17,507 [INFO] CodeEngine:279 - Generated code: C:\programing\Embedded\projects_stm32\MeteoStation\MeteoStation\MXTmpFiles\fatfs_HalInit.tmp
2026-01-11 14:10:17,518 [INFO] CodeEngine:255 - oldGeneratedFile, C:\programing\Embedded\projects_stm32\MeteoStation\MeteoStation\MXTmpFiles\fatfs_vars.tmp_save
2026-01-11 14:10:17,572 [INFO] CodeEngine:279 - Generated code: C:\programing\Embedded\projects_stm32\MeteoStation\MeteoStation\MXTmpFiles\fatfs_vars.tmp
2026-01-11 14:10:17,584 [INFO] CodeEngine:255 - oldGeneratedFile, C:\programing\Embedded\projects_stm32\MeteoStation\MeteoStation\MXTmpFiles\fatfs_ext_vars.tmp_save
2026-01-11 14:10:17,633 [INFO] CodeEngine:279 - Generated code: C:\programing\Embedded\projects_stm32\MeteoStation\MeteoStation\MXTmpFiles\fatfs_ext_vars.tmp
2026-01-11 14:10:17,642 [INFO] CodeEngine:255 - oldGeneratedFile, C:\programing\Embedded\projects_stm32\MeteoStation\MeteoStation\MXTmpFiles\fatfs_inc.tmp_save
2026-01-11 14:10:17,688 [INFO] CodeEngine:279 - Generated code: C:\programing\Embedded\projects_stm32\MeteoStation\MeteoStation\MXTmpFiles\fatfs_inc.tmp
2026-01-11 14:10:17,721 [INFO] CodeEngine:255 - oldGeneratedFile, C:\programing\Embedded\projects_stm32\MeteoStation\MeteoStation\MXTmpFiles\dma.tmp_save
2026-01-11 14:10:17,771 [INFO] CodeEngine:279 - Generated code: C:\programing\Embedded\projects_stm32\MeteoStation\MeteoStation\MXTmpFiles\dma.tmp
2026-01-11 14:10:17,778 [INFO] CodeEngine:255 - oldGeneratedFile, C:\programing\Embedded\projects_stm32\MeteoStation\MeteoStation\MXTmpFiles\dma_GV.tmp_save
2026-01-11 14:10:17,813 [INFO] CodeEngine:279 - Generated code: C:\programing\Embedded\projects_stm32\MeteoStation\MeteoStation\MXTmpFiles\dma_GV.tmp
2026-01-11 14:10:17,821 [INFO] CodeEngine:255 - oldGeneratedFile, C:\programing\Embedded\projects_stm32\MeteoStation\MeteoStation\MXTmpFiles\fatfs_HalInit.tmp_save
2026-01-11 14:10:17,868 [INFO] CodeEngine:279 - Generated code: C:\programing\Embedded\projects_stm32\MeteoStation\MeteoStation\MXTmpFiles\fatfs_HalInit.tmp
2026-01-11 14:10:17,871 [INFO] CodeEngine:255 - oldGeneratedFile, C:\programing\Embedded\projects_stm32\MeteoStation\MeteoStation\MXTmpFiles\fatfs_vars.tmp_save
2026-01-11 14:10:17,900 [INFO] CodeEngine:279 - Generated code: C:\programing\Embedded\projects_stm32\MeteoStation\MeteoStation\MXTmpFiles\fatfs_vars.tmp
2026-01-11 14:10:17,903 [INFO] CodeEngine:255 - oldGeneratedFile, C:\programing\Embedded\projects_stm32\MeteoStation\MeteoStation\MXTmpFiles\fatfs_ext_vars.tmp_save
2026-01-11 14:10:17,935 [INFO] CodeEngine:279 - Generated code: C:\programing\Embedded\projects_stm32\MeteoStation\MeteoStation\MXTmpFiles\fatfs_ext_vars.tmp
2026-01-11 14:10:17,939 [INFO] CodeEngine:255 - oldGeneratedFile, C:\programing\Embedded\projects_stm32\MeteoStation\MeteoStation\MXTmpFiles\fatfs_inc.tmp_save
2026-01-11 14:10:17,974 [INFO] CodeEngine:279 - Generated code: C:\programing\Embedded\projects_stm32\MeteoStation\MeteoStation\MXTmpFiles\fatfs_inc.tmp
2026-01-11 14:10:17,995 [INFO] CodeEngine:255 - oldGeneratedFile, C:\programing\Embedded\projects_stm32\MeteoStation\MeteoStation\FATFS\Target\ffconf.h_save
2026-01-11 14:10:18,077 [INFO] CodeEngine:279 - Generated code: C:\programing\Embedded\projects_stm32\MeteoStation\MeteoStation\FATFS\Target\ffconf.h
2026-01-11 14:10:18,107 [INFO] CodeEngine:255 - oldGeneratedFile, C:\programing\Embedded\projects_stm32\MeteoStation\MeteoStation\FATFS\Target\bsp_driver_sd.c_save
2026-01-11 14:10:18,173 [INFO] CodeEngine:279 - Generated code: C:\programing\Embedded\projects_stm32\MeteoStation\MeteoStation\FATFS\Target\bsp_driver_sd.c
2026-01-11 14:10:18,200 [INFO] CodeEngine:255 - oldGeneratedFile, C:\programing\Embedded\projects_stm32\MeteoStation\MeteoStation\FATFS\Target\bsp_driver_sd.h_save
2026-01-11 14:10:18,256 [INFO] CodeEngine:279 - Generated code: C:\programing\Embedded\projects_stm32\MeteoStation\MeteoStation\FATFS\Target\bsp_driver_sd.h
2026-01-11 14:10:18,275 [INFO] CodeEngine:255 - oldGeneratedFile, C:\programing\Embedded\projects_stm32\MeteoStation\MeteoStation\FATFS\Target\sd_diskio.h_save
2026-01-11 14:10:18,332 [INFO] CodeEngine:279 - Generated code: C:\programing\Embedded\projects_stm32\MeteoStation\MeteoStation\FATFS\Target\sd_diskio.h
2026-01-11 14:10:18,353 [INFO] CodeEngine:255 - oldGeneratedFile, C:\programing\Embedded\projects_stm32\MeteoStation\MeteoStation\FATFS\Target\sd_diskio.c_save
2026-01-11 14:10:18,429 [INFO] CodeEngine:279 - Generated code: C:\programing\Embedded\projects_stm32\MeteoStation\MeteoStation\FATFS\Target\sd_diskio.c
2026-01-11 14:10:18,456 [INFO] CodeEngine:255 - oldGeneratedFile, C:\programing\Embedded\projects_stm32\MeteoStation\MeteoStation\FATFS\App\fatfs.c_save
2026-01-11 14:10:18,521 [INFO] CodeEngine:279 - Generated code: C:\programing\Embedded\projects_stm32\MeteoStation\MeteoStation\FATFS\App\fatfs.c
2026-01-11 14:10:18,539 [INFO] CodeEngine:255 - oldGeneratedFile, C:\programing\Embedded\projects_stm32\MeteoStation\MeteoStation\FATFS\App\fatfs.h_save
2026-01-11 14:10:18,601 [INFO] CodeEngine:279 - Generated code: C:\programing\Embedded\projects_stm32\MeteoStation\MeteoStation\FATFS\App\fatfs.h
2026-01-11 14:10:18,618 [INFO] CodeEngine:255 - oldGeneratedFile, C:\programing\Embedded\projects_stm32\MeteoStation\MeteoStation\FATFS\Target\fatfs_platform.c_save
2026-01-11 14:10:18,674 [INFO] CodeEngine:279 - Generated code: C:\programing\Embedded\projects_stm32\MeteoStation\MeteoStation\FATFS\Target\fatfs_platform.c
2026-01-11 14:10:18,692 [INFO] CodeEngine:255 - oldGeneratedFile, C:\programing\Embedded\projects_stm32\MeteoStation\MeteoStation\FATFS\Target\fatfs_platform.h_save
2026-01-11 14:10:18,745 [INFO] CodeEngine:279 - Generated code: C:\programing\Embedded\projects_stm32\MeteoStation\MeteoStation\FATFS\Target\fatfs_platform.h
2026-01-11 14:10:18,771 [INFO] CodeEngine:255 - oldGeneratedFile, C:\programing\Embedded\projects_stm32\MeteoStation\MeteoStation\Core\Src\stm32f4xx_it.c_save
2026-01-11 14:10:18,888 [INFO] CodeEngine:279 - Generated code: C:\programing\Embedded\projects_stm32\MeteoStation\MeteoStation\Core\Src\stm32f4xx_it.c
2026-01-11 14:10:18,911 [INFO] CodeEngine:255 - oldGeneratedFile, C:\programing\Embedded\projects_stm32\MeteoStation\MeteoStation\Core\Inc\stm32f4xx_it.h_save
2026-01-11 14:10:18,984 [INFO] CodeEngine:279 - Generated code: C:\programing\Embedded\projects_stm32\MeteoStation\MeteoStation\Core\Inc\stm32f4xx_it.h
2026-01-11 14:10:19,016 [INFO] CodeEngine:255 - oldGeneratedFile, C:\programing\Embedded\projects_stm32\MeteoStation\MeteoStation\Core\Src\stm32f4xx_hal_msp.c_save
2026-01-11 14:10:19,136 [INFO] CodeEngine:279 - Generated code: C:\programing\Embedded\projects_stm32\MeteoStation\MeteoStation\Core\Src\stm32f4xx_hal_msp.c
2026-01-11 14:10:19,158 [INFO] CodeEngine:255 - oldGeneratedFile, C:\programing\Embedded\projects_stm32\MeteoStation\MeteoStation\MXTmpFiles\system.tmp_save
2026-01-11 14:10:19,212 [INFO] CodeEngine:279 - Generated code: C:\programing\Embedded\projects_stm32\MeteoStation\MeteoStation\MXTmpFiles\system.tmp
2026-01-11 14:10:19,231 [INFO] CodeEngine:255 - oldGeneratedFile, C:\programing\Embedded\projects_stm32\MeteoStation\MeteoStation\Core\Src\stm32f4xx_hal_timebase_tim.c_save
2026-01-11 14:10:19,295 [INFO] CodeEngine:279 - Generated code: C:\programing\Embedded\projects_stm32\MeteoStation\MeteoStation\Core\Src\stm32f4xx_hal_timebase_tim.c
2026-01-11 14:10:19,316 [INFO] CodeEngine:311 - oldGeneratedFile, C:\programing\Embedded\projects_stm32\MeteoStation\MeteoStation\Core\Inc\stm32f4xx_hal_conf.h_save
2026-01-11 14:10:19,380 [INFO] CodeEngine:335 - Generated code: C:\programing\Embedded\projects_stm32\MeteoStation\MeteoStation\Core\Inc\stm32f4xx_hal_conf.h
2026-01-11 14:10:19,400 [WARN] IPConfigManager:3431 - IP not found : TIM
2026-01-11 14:10:19,401 [WARN] CodeGenerator:3760 - IP not found : null
2026-01-11 14:10:19,422 [INFO] CodeEngine:255 - oldGeneratedFile, C:\programing\Embedded\projects_stm32\MeteoStation\MeteoStation\Core\Inc\main.h_save
2026-01-11 14:10:19,498 [INFO] CodeEngine:279 - Generated code: C:\programing\Embedded\projects_stm32\MeteoStation\MeteoStation\Core\Inc\main.h
2026-01-11 14:10:19,521 [INFO] CodeEngine:255 - oldGeneratedFile, C:\programing\Embedded\projects_stm32\MeteoStation\MeteoStation\Core\Src\main.c_save
2026-01-11 14:10:19,621 [INFO] CodeEngine:279 - Generated code: C:\programing\Embedded\projects_stm32\MeteoStation\MeteoStation\Core\Src\main.c
2026-01-11 14:10:20,058 [INFO] ProjectBuilder:3064 - Time for Copy HAL[1] : 200mS.
2026-01-11 14:10:20,062 [INFO] ProjectBuilder:4404 - Project Generator version: 4.1.0
2026-01-11 14:10:20,213 [INFO] ConfigFileManager:1457 - The Die is : DIE413
2026-01-11 14:10:21,362 [INFO] ProjectBuilder:4626 - Time for Generating toolchain IDE Files: 1300mS.
2026-01-11 14:10:21,363 [INFO] ProjectBuilder:2935 - Time for Copy CMSIS : 1mS.
2026-01-11 14:10:21,369 [INFO] ProjectBuilder:2935 - Time for Copy CMSIS : 0mS.
2026-01-11 14:10:49,687 [INFO] UtilMem:75 - End SaveConfig() Used Memory: 816832632 Bytes (1073741824)
2026-01-11 14:10:50,688 [INFO] UtilMem:75 - End SaveConfig() Used Memory: 863496312 Bytes (1073741824)
2026-01-11 14:10:51,826 [INFO] UtilMem:75 - End SaveConfig() Used Memory: 788648984 Bytes (1073741824)
2026-01-11 14:10:52,105 [INFO] BlockDiagram:2759 - set Specific Code input for plugin: SPI
2026-01-11 14:10:52,105 [INFO] BlockDiagram:2759 - set Specific Code input for plugin: SDIO
2026-01-11 14:10:52,105 [INFO] BlockDiagram:2759 - set Specific Code input for plugin: TIM1_8
2026-01-11 14:10:52,105 [INFO] BlockDiagram:2759 - set Specific Code input for plugin: SYS
2026-01-11 14:10:52,105 [INFO] BlockDiagram:2759 - set Specific Code input for plugin: RCC
2026-01-11 14:10:52,105 [INFO] BlockDiagram:2759 - set Specific Code input for plugin: I2C
2026-01-11 14:10:52,105 [INFO] BlockDiagram:2759 - set Specific Code input for plugin: NVIC
2026-01-11 14:10:52,105 [INFO] BlockDiagram:2759 - set Specific Code input for plugin: USART
2026-01-11 14:10:52,105 [INFO] BlockDiagram:2759 - set Specific Code input for plugin: DMA
2026-01-11 14:10:52,105 [INFO] BlockDiagram:2759 - set Specific Code input for plugin: GPIO
2026-01-11 14:10:52,105 [INFO] BlockDiagram:2759 - set Specific Code input for plugin: FATFS
2026-01-11 14:10:52,107 [INFO] CodeGenerator:799 - code generatio: config db path: C:\ST\STM32CubeIDE_1.13.0\STM32CubeIDE\plugins\com.st.stm32cube.common.mx_6.9.0.202307051724\\db\
2026-01-11 14:10:52,110 [WARN] IP:2114 - I2C_Coeff_DF not found: check if there is a RefParameter without a condition.
2026-01-11 14:10:52,110 [WARN] IP:2114 - Analog_Filter not found: check if there is a RefParameter without a condition.
2026-01-11 14:10:52,115 [INFO] Argument:319 - Argument : hdmavalue: null
2026-01-11 14:10:52,115 [INFO] Argument:321 - 	 sub Args: 
2026-01-11 14:10:52,115 [INFO] Argument:319 - Argument : Instancevalue: DMA2_Stream3
2026-01-11 14:10:52,115 [INFO] Argument:329 - Argument : Instancevalue: DMA2_Stream3
2026-01-11 14:10:52,115 [INFO] Argument:319 - Argument : Initvalue: null
2026-01-11 14:10:52,115 [INFO] Argument:321 - 	 sub Args: 
2026-01-11 14:10:52,115 [INFO] Argument:319 - Argument : Channelvalue: DMA_CHANNEL_4
2026-01-11 14:10:52,115 [INFO] Argument:329 - Argument : Channelvalue: DMA_CHANNEL_4
2026-01-11 14:10:52,115 [INFO] Argument:319 - Argument : Directionvalue: DMA_MEMORY_TO_PERIPH
2026-01-11 14:10:52,115 [INFO] Argument:329 - Argument : Directionvalue: DMA_MEMORY_TO_PERIPH
2026-01-11 14:10:52,115 [INFO] Argument:319 - Argument : PeriphIncvalue: DMA_PINC_DISABLE
2026-01-11 14:10:52,115 [INFO] Argument:329 - Argument : PeriphIncvalue: DMA_PINC_DISABLE
2026-01-11 14:10:52,115 [INFO] Argument:319 - Argument : MemIncvalue: DMA_MINC_ENABLE
2026-01-11 14:10:52,115 [INFO] Argument:329 - Argument : MemIncvalue: DMA_MINC_ENABLE
2026-01-11 14:10:52,115 [INFO] Argument:319 - Argument : PeriphDataAlignmentvalue: DMA_PDATAALIGN_WORD
2026-01-11 14:10:52,115 [INFO] Argument:329 - Argument : PeriphDataAlignmentvalue: DMA_PDATAALIGN_WORD
2026-01-11 14:10:52,115 [INFO] Argument:319 - Argument : MemDataAlignmentvalue: DMA_MDATAALIGN_WORD
2026-01-11 14:10:52,115 [INFO] Argument:329 - Argument : MemDataAlignmentvalue: DMA_MDATAALIGN_WORD
2026-01-11 14:10:52,115 [INFO] Argument:319 - Argument : Modevalue: DMA_PFCTRL
2026-01-11 14:10:52,115 [INFO] Argument:329 - Argument : Modevalue: DMA_PFCTRL
2026-01-11 14:10:52,115 [INFO] Argument:319 - Argument : Priorityvalue: DMA_PRIORITY_LOW
2026-01-11 14:10:52,115 [INFO] Argument:329 - Argument : Priorityvalue: DMA_PRIORITY_LOW
2026-01-11 14:10:52,115 [INFO] Argument:319 - Argument : FIFOModevalue: DMA_FIFOMODE_ENABLE
2026-01-11 14:10:52,115 [INFO] Argument:329 - Argument : FIFOModevalue: DMA_FIFOMODE_ENABLE
2026-01-11 14:10:52,115 [INFO] Argument:319 - Argument : FIFOThresholdvalue: DMA_FIFO_THRESHOLD_FULL
2026-01-11 14:10:52,115 [INFO] Argument:329 - Argument : FIFOThresholdvalue: DMA_FIFO_THRESHOLD_FULL
2026-01-11 14:10:52,115 [INFO] Argument:319 - Argument : MemBurstvalue: DMA_MBURST_INC4
2026-01-11 14:10:52,115 [INFO] Argument:329 - Argument : MemBurstvalue: DMA_MBURST_INC4
2026-01-11 14:10:52,115 [INFO] Argument:319 - Argument : PeriphBurstvalue: DMA_PBURST_INC4
2026-01-11 14:10:52,115 [INFO] Argument:329 - Argument : PeriphBurstvalue: DMA_PBURST_INC4
2026-01-11 14:10:52,115 [INFO] Argument:319 - Argument : Lockvalue: null
2026-01-11 14:10:52,115 [INFO] Argument:329 - Argument : Lockvalue: null
2026-01-11 14:10:52,115 [INFO] Argument:319 - Argument : Statevalue: null
2026-01-11 14:10:52,115 [INFO] Argument:329 - Argument : Statevalue: null
2026-01-11 14:10:52,115 [INFO] Argument:319 - Argument : Parentvalue: null
2026-01-11 14:10:52,115 [INFO] Argument:329 - Argument : Parentvalue: null
2026-01-11 14:10:52,115 [INFO] Argument:319 - Argument : XferCpltCallbackvalue: null
2026-01-11 14:10:52,115 [INFO] Argument:329 - Argument : XferCpltCallbackvalue: null
2026-01-11 14:10:52,115 [INFO] Argument:319 - Argument : XferHalfCpltCallbackvalue: null
2026-01-11 14:10:52,115 [INFO] Argument:329 - Argument : XferHalfCpltCallbackvalue: null
2026-01-11 14:10:52,115 [INFO] Argument:319 - Argument : XferM1CpltCallbackvalue: null
2026-01-11 14:10:52,115 [INFO] Argument:329 - Argument : XferM1CpltCallbackvalue: null
2026-01-11 14:10:52,115 [INFO] Argument:319 - Argument : XferErrorCallbackvalue: null
2026-01-11 14:10:52,115 [INFO] Argument:329 - Argument : XferErrorCallbackvalue: null
2026-01-11 14:10:52,115 [INFO] Argument:319 - Argument : ErrorCodevalue: null
2026-01-11 14:10:52,115 [INFO] Argument:329 - Argument : ErrorCodevalue: null
2026-01-11 14:10:52,134 [INFO] Argument:319 - Argument : hdmavalue: null
2026-01-11 14:10:52,134 [INFO] Argument:321 - 	 sub Args: 
2026-01-11 14:10:52,134 [INFO] Argument:319 - Argument : Instancevalue: DMA2_Stream6
2026-01-11 14:10:52,134 [INFO] Argument:329 - Argument : Instancevalue: DMA2_Stream6
2026-01-11 14:10:52,134 [INFO] Argument:319 - Argument : Initvalue: null
2026-01-11 14:10:52,134 [INFO] Argument:321 - 	 sub Args: 
2026-01-11 14:10:52,134 [INFO] Argument:319 - Argument : Channelvalue: DMA_CHANNEL_4
2026-01-11 14:10:52,134 [INFO] Argument:329 - Argument : Channelvalue: DMA_CHANNEL_4
2026-01-11 14:10:52,134 [INFO] Argument:319 - Argument : Directionvalue: DMA_PERIPH_TO_MEMORY
2026-01-11 14:10:52,134 [INFO] Argument:329 - Argument : Directionvalue: DMA_PERIPH_TO_MEMORY
2026-01-11 14:10:52,134 [INFO] Argument:319 - Argument : PeriphIncvalue: DMA_PINC_DISABLE
2026-01-11 14:10:52,134 [INFO] Argument:329 - Argument : PeriphIncvalue: DMA_PINC_DISABLE
2026-01-11 14:10:52,134 [INFO] Argument:319 - Argument : MemIncvalue: DMA_MINC_ENABLE
2026-01-11 14:10:52,134 [INFO] Argument:329 - Argument : MemIncvalue: DMA_MINC_ENABLE
2026-01-11 14:10:52,134 [INFO] Argument:319 - Argument : PeriphDataAlignmentvalue: DMA_PDATAALIGN_WORD
2026-01-11 14:10:52,134 [INFO] Argument:329 - Argument : PeriphDataAlignmentvalue: DMA_PDATAALIGN_WORD
2026-01-11 14:10:52,134 [INFO] Argument:319 - Argument : MemDataAlignmentvalue: DMA_MDATAALIGN_WORD
2026-01-11 14:10:52,134 [INFO] Argument:329 - Argument : MemDataAlignmentvalue: DMA_MDATAALIGN_WORD
2026-01-11 14:10:52,134 [INFO] Argument:319 - Argument : Modevalue: DMA_PFCTRL
2026-01-11 14:10:52,134 [INFO] Argument:329 - Argument : Modevalue: DMA_PFCTRL
2026-01-11 14:10:52,134 [INFO] Argument:319 - Argument : Priorityvalue: DMA_PRIORITY_LOW
2026-01-11 14:10:52,134 [INFO] Argument:329 - Argument : Priorityvalue: DMA_PRIORITY_LOW
2026-01-11 14:10:52,134 [INFO] Argument:319 - Argument : FIFOModevalue: DMA_FIFOMODE_ENABLE
2026-01-11 14:10:52,134 [INFO] Argument:329 - Argument : FIFOModevalue: DMA_FIFOMODE_ENABLE
2026-01-11 14:10:52,134 [INFO] Argument:319 - Argument : FIFOThresholdvalue: DMA_FIFO_THRESHOLD_FULL
2026-01-11 14:10:52,134 [INFO] Argument:329 - Argument : FIFOThresholdvalue: DMA_FIFO_THRESHOLD_FULL
2026-01-11 14:10:52,134 [INFO] Argument:319 - Argument : MemBurstvalue: DMA_MBURST_INC4
2026-01-11 14:10:52,134 [INFO] Argument:329 - Argument : MemBurstvalue: DMA_MBURST_INC4
2026-01-11 14:10:52,134 [INFO] Argument:319 - Argument : PeriphBurstvalue: DMA_PBURST_INC4
2026-01-11 14:10:52,134 [INFO] Argument:329 - Argument : PeriphBurstvalue: DMA_PBURST_INC4
2026-01-11 14:10:52,134 [INFO] Argument:319 - Argument : Lockvalue: null
2026-01-11 14:10:52,134 [INFO] Argument:329 - Argument : Lockvalue: null
2026-01-11 14:10:52,134 [INFO] Argument:319 - Argument : Statevalue: null
2026-01-11 14:10:52,134 [INFO] Argument:329 - Argument : Statevalue: null
2026-01-11 14:10:52,134 [INFO] Argument:319 - Argument : Parentvalue: null
2026-01-11 14:10:52,134 [INFO] Argument:329 - Argument : Parentvalue: null
2026-01-11 14:10:52,134 [INFO] Argument:319 - Argument : XferCpltCallbackvalue: null
2026-01-11 14:10:52,134 [INFO] Argument:329 - Argument : XferCpltCallbackvalue: null
2026-01-11 14:10:52,134 [INFO] Argument:319 - Argument : XferHalfCpltCallbackvalue: null
2026-01-11 14:10:52,134 [INFO] Argument:329 - Argument : XferHalfCpltCallbackvalue: null
2026-01-11 14:10:52,134 [INFO] Argument:319 - Argument : XferM1CpltCallbackvalue: null
2026-01-11 14:10:52,134 [INFO] Argument:329 - Argument : XferM1CpltCallbackvalue: null
2026-01-11 14:10:52,134 [INFO] Argument:319 - Argument : XferErrorCallbackvalue: null
2026-01-11 14:10:52,134 [INFO] Argument:329 - Argument : XferErrorCallbackvalue: null
2026-01-11 14:10:52,134 [INFO] Argument:319 - Argument : ErrorCodevalue: null
2026-01-11 14:10:52,134 [INFO] Argument:329 - Argument : ErrorCodevalue: null
2026-01-11 14:10:52,229 [INFO] CodeEngine:255 - oldGeneratedFile, C:\programing\Embedded\projects_stm32\MeteoStation\MeteoStation\MXTmpFiles\license.tmp_save
2026-01-11 14:10:52,291 [INFO] CodeEngine:279 - Generated code: C:\programing\Embedded\projects_stm32\MeteoStation\MeteoStation\MXTmpFiles\license.tmp
2026-01-11 14:10:52,318 [INFO] CodeEngine:255 - oldGeneratedFile, C:\programing\Embedded\projects_stm32\MeteoStation\MeteoStation\MXTmpFiles\gpio.tmp_save
2026-01-11 14:10:52,403 [INFO] CodeEngine:279 - Generated code: C:\programing\Embedded\projects_stm32\MeteoStation\MeteoStation\MXTmpFiles\gpio.tmp
2026-01-11 14:10:52,667 [INFO] CodeEngine:255 - oldGeneratedFile, C:\programing\Embedded\projects_stm32\MeteoStation\MeteoStation\MXTmpFiles\fatfs_HalInit.tmp_save
2026-01-11 14:10:52,723 [INFO] CodeEngine:279 - Generated code: C:\programing\Embedded\projects_stm32\MeteoStation\MeteoStation\MXTmpFiles\fatfs_HalInit.tmp
2026-01-11 14:10:52,726 [INFO] CodeEngine:255 - oldGeneratedFile, C:\programing\Embedded\projects_stm32\MeteoStation\MeteoStation\MXTmpFiles\fatfs_vars.tmp_save
2026-01-11 14:10:52,760 [INFO] CodeEngine:279 - Generated code: C:\programing\Embedded\projects_stm32\MeteoStation\MeteoStation\MXTmpFiles\fatfs_vars.tmp
2026-01-11 14:10:52,768 [INFO] CodeEngine:255 - oldGeneratedFile, C:\programing\Embedded\projects_stm32\MeteoStation\MeteoStation\MXTmpFiles\fatfs_ext_vars.tmp_save
2026-01-11 14:10:52,809 [INFO] CodeEngine:279 - Generated code: C:\programing\Embedded\projects_stm32\MeteoStation\MeteoStation\MXTmpFiles\fatfs_ext_vars.tmp
2026-01-11 14:10:52,811 [INFO] CodeEngine:255 - oldGeneratedFile, C:\programing\Embedded\projects_stm32\MeteoStation\MeteoStation\MXTmpFiles\fatfs_inc.tmp_save
2026-01-11 14:10:52,854 [INFO] CodeEngine:279 - Generated code: C:\programing\Embedded\projects_stm32\MeteoStation\MeteoStation\MXTmpFiles\fatfs_inc.tmp
2026-01-11 14:10:52,882 [INFO] CodeEngine:255 - oldGeneratedFile, C:\programing\Embedded\projects_stm32\MeteoStation\MeteoStation\MXTmpFiles\dma.tmp_save
2026-01-11 14:10:52,947 [INFO] CodeEngine:279 - Generated code: C:\programing\Embedded\projects_stm32\MeteoStation\MeteoStation\MXTmpFiles\dma.tmp
2026-01-11 14:10:52,949 [INFO] CodeEngine:255 - oldGeneratedFile, C:\programing\Embedded\projects_stm32\MeteoStation\MeteoStation\MXTmpFiles\dma_GV.tmp_save
2026-01-11 14:10:52,988 [INFO] CodeEngine:279 - Generated code: C:\programing\Embedded\projects_stm32\MeteoStation\MeteoStation\MXTmpFiles\dma_GV.tmp
2026-01-11 14:10:52,997 [INFO] CodeEngine:255 - oldGeneratedFile, C:\programing\Embedded\projects_stm32\MeteoStation\MeteoStation\MXTmpFiles\fatfs_HalInit.tmp_save
2026-01-11 14:10:53,083 [INFO] CodeEngine:279 - Generated code: C:\programing\Embedded\projects_stm32\MeteoStation\MeteoStation\MXTmpFiles\fatfs_HalInit.tmp
2026-01-11 14:10:53,088 [INFO] CodeEngine:255 - oldGeneratedFile, C:\programing\Embedded\projects_stm32\MeteoStation\MeteoStation\MXTmpFiles\fatfs_vars.tmp_save
2026-01-11 14:10:53,126 [INFO] CodeEngine:279 - Generated code: C:\programing\Embedded\projects_stm32\MeteoStation\MeteoStation\MXTmpFiles\fatfs_vars.tmp
2026-01-11 14:10:53,130 [INFO] CodeEngine:255 - oldGeneratedFile, C:\programing\Embedded\projects_stm32\MeteoStation\MeteoStation\MXTmpFiles\fatfs_ext_vars.tmp_save
2026-01-11 14:10:53,167 [INFO] CodeEngine:279 - Generated code: C:\programing\Embedded\projects_stm32\MeteoStation\MeteoStation\MXTmpFiles\fatfs_ext_vars.tmp
2026-01-11 14:10:53,170 [INFO] CodeEngine:255 - oldGeneratedFile, C:\programing\Embedded\projects_stm32\MeteoStation\MeteoStation\MXTmpFiles\fatfs_inc.tmp_save
2026-01-11 14:10:53,203 [INFO] CodeEngine:279 - Generated code: C:\programing\Embedded\projects_stm32\MeteoStation\MeteoStation\MXTmpFiles\fatfs_inc.tmp
2026-01-11 14:10:53,215 [INFO] CodeEngine:255 - oldGeneratedFile, C:\programing\Embedded\projects_stm32\MeteoStation\MeteoStation\FATFS\Target\ffconf.h_save
2026-01-11 14:10:53,296 [INFO] CodeEngine:279 - Generated code: C:\programing\Embedded\projects_stm32\MeteoStation\MeteoStation\FATFS\Target\ffconf.h
2026-01-11 14:10:53,316 [INFO] CodeEngine:255 - oldGeneratedFile, C:\programing\Embedded\projects_stm32\MeteoStation\MeteoStation\FATFS\Target\bsp_driver_sd.c_save
2026-01-11 14:10:53,384 [INFO] CodeEngine:279 - Generated code: C:\programing\Embedded\projects_stm32\MeteoStation\MeteoStation\FATFS\Target\bsp_driver_sd.c
2026-01-11 14:10:53,396 [INFO] CodeEngine:255 - oldGeneratedFile, C:\programing\Embedded\projects_stm32\MeteoStation\MeteoStation\FATFS\Target\bsp_driver_sd.h_save
2026-01-11 14:10:53,430 [INFO] CodeEngine:279 - Generated code: C:\programing\Embedded\projects_stm32\MeteoStation\MeteoStation\FATFS\Target\bsp_driver_sd.h
2026-01-11 14:10:53,433 [INFO] CodeEngine:255 - oldGeneratedFile, C:\programing\Embedded\projects_stm32\MeteoStation\MeteoStation\FATFS\Target\sd_diskio.h_save
2026-01-11 14:10:53,470 [INFO] CodeEngine:279 - Generated code: C:\programing\Embedded\projects_stm32\MeteoStation\MeteoStation\FATFS\Target\sd_diskio.h
2026-01-11 14:10:53,483 [INFO] CodeEngine:255 - oldGeneratedFile, C:\programing\Embedded\projects_stm32\MeteoStation\MeteoStation\FATFS\Target\sd_diskio.c_save
2026-01-11 14:10:53,560 [INFO] CodeEngine:279 - Generated code: C:\programing\Embedded\projects_stm32\MeteoStation\MeteoStation\FATFS\Target\sd_diskio.c
2026-01-11 14:10:53,572 [INFO] CodeEngine:255 - oldGeneratedFile, C:\programing\Embedded\projects_stm32\MeteoStation\MeteoStation\FATFS\App\fatfs.c_save
2026-01-11 14:10:53,608 [INFO] CodeEngine:279 - Generated code: C:\programing\Embedded\projects_stm32\MeteoStation\MeteoStation\FATFS\App\fatfs.c
2026-01-11 14:10:53,611 [INFO] CodeEngine:255 - oldGeneratedFile, C:\programing\Embedded\projects_stm32\MeteoStation\MeteoStation\FATFS\App\fatfs.h_save
2026-01-11 14:10:53,646 [INFO] CodeEngine:279 - Generated code: C:\programing\Embedded\projects_stm32\MeteoStation\MeteoStation\FATFS\App\fatfs.h
2026-01-11 14:10:53,650 [INFO] CodeEngine:255 - oldGeneratedFile, C:\programing\Embedded\projects_stm32\MeteoStation\MeteoStation\FATFS\Target\fatfs_platform.c_save
2026-01-11 14:10:53,685 [INFO] CodeEngine:279 - Generated code: C:\programing\Embedded\projects_stm32\MeteoStation\MeteoStation\FATFS\Target\fatfs_platform.c
2026-01-11 14:10:53,688 [INFO] CodeEngine:255 - oldGeneratedFile, C:\programing\Embedded\projects_stm32\MeteoStation\MeteoStation\FATFS\Target\fatfs_platform.h_save
2026-01-11 14:10:53,723 [INFO] CodeEngine:279 - Generated code: C:\programing\Embedded\projects_stm32\MeteoStation\MeteoStation\FATFS\Target\fatfs_platform.h
2026-01-11 14:10:53,740 [INFO] CodeEngine:255 - oldGeneratedFile, C:\programing\Embedded\projects_stm32\MeteoStation\MeteoStation\Core\Src\stm32f4xx_it.c_save
2026-01-11 14:10:53,862 [INFO] CodeEngine:279 - Generated code: C:\programing\Embedded\projects_stm32\MeteoStation\MeteoStation\Core\Src\stm32f4xx_it.c
2026-01-11 14:10:53,867 [INFO] CodeEngine:255 - oldGeneratedFile, C:\programing\Embedded\projects_stm32\MeteoStation\MeteoStation\Core\Inc\stm32f4xx_it.h_save
2026-01-11 14:10:53,930 [INFO] CodeEngine:279 - Generated code: C:\programing\Embedded\projects_stm32\MeteoStation\MeteoStation\Core\Inc\stm32f4xx_it.h
2026-01-11 14:10:53,952 [INFO] CodeEngine:255 - oldGeneratedFile, C:\programing\Embedded\projects_stm32\MeteoStation\MeteoStation\Core\Src\stm32f4xx_hal_msp.c_save
2026-01-11 14:10:54,070 [INFO] CodeEngine:279 - Generated code: C:\programing\Embedded\projects_stm32\MeteoStation\MeteoStation\Core\Src\stm32f4xx_hal_msp.c
2026-01-11 14:10:54,083 [INFO] CodeEngine:255 - oldGeneratedFile, C:\programing\Embedded\projects_stm32\MeteoStation\MeteoStation\MXTmpFiles\system.tmp_save
2026-01-11 14:10:54,124 [INFO] CodeEngine:279 - Generated code: C:\programing\Embedded\projects_stm32\MeteoStation\MeteoStation\MXTmpFiles\system.tmp
2026-01-11 14:10:54,137 [INFO] CodeEngine:255 - oldGeneratedFile, C:\programing\Embedded\projects_stm32\MeteoStation\MeteoStation\Core\Src\stm32f4xx_hal_timebase_tim.c_save
2026-01-11 14:10:54,185 [INFO] CodeEngine:279 - Generated code: C:\programing\Embedded\projects_stm32\MeteoStation\MeteoStation\Core\Src\stm32f4xx_hal_timebase_tim.c
2026-01-11 14:10:54,202 [INFO] CodeEngine:311 - oldGeneratedFile, C:\programing\Embedded\projects_stm32\MeteoStation\MeteoStation\Core\Inc\stm32f4xx_hal_conf.h_save
2026-01-11 14:10:54,276 [INFO] CodeEngine:335 - Generated code: C:\programing\Embedded\projects_stm32\MeteoStation\MeteoStation\Core\Inc\stm32f4xx_hal_conf.h
2026-01-11 14:10:54,295 [WARN] IPConfigManager:3431 - IP not found : TIM
2026-01-11 14:10:54,296 [WARN] CodeGenerator:3760 - IP not found : null
2026-01-11 14:10:54,308 [INFO] CodeEngine:255 - oldGeneratedFile, C:\programing\Embedded\projects_stm32\MeteoStation\MeteoStation\Core\Inc\main.h_save
2026-01-11 14:10:54,352 [INFO] CodeEngine:279 - Generated code: C:\programing\Embedded\projects_stm32\MeteoStation\MeteoStation\Core\Inc\main.h
2026-01-11 14:10:54,363 [INFO] CodeEngine:255 - oldGeneratedFile, C:\programing\Embedded\projects_stm32\MeteoStation\MeteoStation\Core\Src\main.c_save
2026-01-11 14:10:54,449 [INFO] CodeEngine:279 - Generated code: C:\programing\Embedded\projects_stm32\MeteoStation\MeteoStation\Core\Src\main.c
2026-01-11 14:10:54,845 [INFO] ProjectBuilder:3064 - Time for Copy HAL[1] : 163mS.
2026-01-11 14:10:54,849 [INFO] ProjectBuilder:4404 - Project Generator version: 4.1.0
2026-01-11 14:10:54,983 [INFO] ConfigFileManager:1457 - The Die is : DIE413
2026-01-11 14:10:56,121 [INFO] ProjectBuilder:4626 - Time for Generating toolchain IDE Files: 1272mS.
2026-01-11 14:10:56,122 [INFO] ProjectBuilder:2935 - Time for Copy CMSIS : 1mS.
2026-01-11 14:10:56,127 [INFO] ProjectBuilder:2935 - Time for Copy CMSIS : 0mS.
2026-01-11 14:11:42,091 [INFO] UtilMem:75 - End SaveConfig() Used Memory: 916983152 Bytes (1073741824)
2026-01-11 14:11:42,921 [INFO] UtilMem:75 - End SaveConfig() Used Memory: 797374480 Bytes (1073741824)
2026-01-11 14:11:44,085 [INFO] UtilMem:75 - End SaveConfig() Used Memory: 885454864 Bytes (1073741824)
2026-01-11 14:11:44,257 [INFO] BlockDiagram:2759 - set Specific Code input for plugin: SPI
2026-01-11 14:11:44,257 [INFO] BlockDiagram:2759 - set Specific Code input for plugin: SDIO
2026-01-11 14:11:44,257 [INFO] BlockDiagram:2759 - set Specific Code input for plugin: TIM1_8
2026-01-11 14:11:44,257 [INFO] BlockDiagram:2759 - set Specific Code input for plugin: SYS
2026-01-11 14:11:44,257 [INFO] BlockDiagram:2759 - set Specific Code input for plugin: RCC
2026-01-11 14:11:44,257 [INFO] BlockDiagram:2759 - set Specific Code input for plugin: I2C
2026-01-11 14:11:44,257 [INFO] BlockDiagram:2759 - set Specific Code input for plugin: NVIC
2026-01-11 14:11:44,257 [INFO] BlockDiagram:2759 - set Specific Code input for plugin: USART
2026-01-11 14:11:44,257 [INFO] BlockDiagram:2759 - set Specific Code input for plugin: DMA
2026-01-11 14:11:44,257 [INFO] BlockDiagram:2759 - set Specific Code input for plugin: GPIO
2026-01-11 14:11:44,257 [INFO] BlockDiagram:2759 - set Specific Code input for plugin: FATFS
2026-01-11 14:11:44,259 [INFO] CodeGenerator:799 - code generatio: config db path: C:\ST\STM32CubeIDE_1.13.0\STM32CubeIDE\plugins\com.st.stm32cube.common.mx_6.9.0.202307051724\\db\
2026-01-11 14:11:44,262 [WARN] IP:2114 - I2C_Coeff_DF not found: check if there is a RefParameter without a condition.
2026-01-11 14:11:44,262 [WARN] IP:2114 - Analog_Filter not found: check if there is a RefParameter without a condition.
2026-01-11 14:11:44,278 [INFO] Argument:319 - Argument : hdmavalue: null
2026-01-11 14:11:44,278 [INFO] Argument:321 - 	 sub Args: 
2026-01-11 14:11:44,278 [INFO] Argument:319 - Argument : Instancevalue: DMA2_Stream3
2026-01-11 14:11:44,278 [INFO] Argument:329 - Argument : Instancevalue: DMA2_Stream3
2026-01-11 14:11:44,278 [INFO] Argument:319 - Argument : Initvalue: null
2026-01-11 14:11:44,278 [INFO] Argument:321 - 	 sub Args: 
2026-01-11 14:11:44,278 [INFO] Argument:319 - Argument : Channelvalue: DMA_CHANNEL_4
2026-01-11 14:11:44,278 [INFO] Argument:329 - Argument : Channelvalue: DMA_CHANNEL_4
2026-01-11 14:11:44,278 [INFO] Argument:319 - Argument : Directionvalue: DMA_MEMORY_TO_PERIPH
2026-01-11 14:11:44,278 [INFO] Argument:329 - Argument : Directionvalue: DMA_MEMORY_TO_PERIPH
2026-01-11 14:11:44,278 [INFO] Argument:319 - Argument : PeriphIncvalue: DMA_PINC_DISABLE
2026-01-11 14:11:44,278 [INFO] Argument:329 - Argument : PeriphIncvalue: DMA_PINC_DISABLE
2026-01-11 14:11:44,278 [INFO] Argument:319 - Argument : MemIncvalue: DMA_MINC_ENABLE
2026-01-11 14:11:44,278 [INFO] Argument:329 - Argument : MemIncvalue: DMA_MINC_ENABLE
2026-01-11 14:11:44,278 [INFO] Argument:319 - Argument : PeriphDataAlignmentvalue: DMA_PDATAALIGN_WORD
2026-01-11 14:11:44,278 [INFO] Argument:329 - Argument : PeriphDataAlignmentvalue: DMA_PDATAALIGN_WORD
2026-01-11 14:11:44,278 [INFO] Argument:319 - Argument : MemDataAlignmentvalue: DMA_MDATAALIGN_WORD
2026-01-11 14:11:44,278 [INFO] Argument:329 - Argument : MemDataAlignmentvalue: DMA_MDATAALIGN_WORD
2026-01-11 14:11:44,278 [INFO] Argument:319 - Argument : Modevalue: DMA_PFCTRL
2026-01-11 14:11:44,278 [INFO] Argument:329 - Argument : Modevalue: DMA_PFCTRL
2026-01-11 14:11:44,278 [INFO] Argument:319 - Argument : Priorityvalue: DMA_PRIORITY_LOW
2026-01-11 14:11:44,278 [INFO] Argument:329 - Argument : Priorityvalue: DMA_PRIORITY_LOW
2026-01-11 14:11:44,278 [INFO] Argument:319 - Argument : FIFOModevalue: DMA_FIFOMODE_ENABLE
2026-01-11 14:11:44,278 [INFO] Argument:329 - Argument : FIFOModevalue: DMA_FIFOMODE_ENABLE
2026-01-11 14:11:44,278 [INFO] Argument:319 - Argument : FIFOThresholdvalue: DMA_FIFO_THRESHOLD_FULL
2026-01-11 14:11:44,278 [INFO] Argument:329 - Argument : FIFOThresholdvalue: DMA_FIFO_THRESHOLD_FULL
2026-01-11 14:11:44,278 [INFO] Argument:319 - Argument : MemBurstvalue: DMA_MBURST_INC4
2026-01-11 14:11:44,278 [INFO] Argument:329 - Argument : MemBurstvalue: DMA_MBURST_INC4
2026-01-11 14:11:44,278 [INFO] Argument:319 - Argument : PeriphBurstvalue: DMA_PBURST_INC4
2026-01-11 14:11:44,278 [INFO] Argument:329 - Argument : PeriphBurstvalue: DMA_PBURST_INC4
2026-01-11 14:11:44,278 [INFO] Argument:319 - Argument : Lockvalue: null
2026-01-11 14:11:44,278 [INFO] Argument:329 - Argument : Lockvalue: null
2026-01-11 14:11:44,278 [INFO] Argument:319 - Argument : Statevalue: null
2026-01-11 14:11:44,278 [INFO] Argument:329 - Argument : Statevalue: null
2026-01-11 14:11:44,278 [INFO] Argument:319 - Argument : Parentvalue: null
2026-01-11 14:11:44,278 [INFO] Argument:329 - Argument : Parentvalue: null
2026-01-11 14:11:44,278 [INFO] Argument:319 - Argument : XferCpltCallbackvalue: null
2026-01-11 14:11:44,278 [INFO] Argument:329 - Argument : XferCpltCallbackvalue: null
2026-01-11 14:11:44,278 [INFO] Argument:319 - Argument : XferHalfCpltCallbackvalue: null
2026-01-11 14:11:44,278 [INFO] Argument:329 - Argument : XferHalfCpltCallbackvalue: null
2026-01-11 14:11:44,278 [INFO] Argument:319 - Argument : XferM1CpltCallbackvalue: null
2026-01-11 14:11:44,278 [INFO] Argument:329 - Argument : XferM1CpltCallbackvalue: null
2026-01-11 14:11:44,278 [INFO] Argument:319 - Argument : XferErrorCallbackvalue: null
2026-01-11 14:11:44,278 [INFO] Argument:329 - Argument : XferErrorCallbackvalue: null
2026-01-11 14:11:44,278 [INFO] Argument:319 - Argument : ErrorCodevalue: null
2026-01-11 14:11:44,278 [INFO] Argument:329 - Argument : ErrorCodevalue: null
2026-01-11 14:11:44,278 [INFO] Argument:319 - Argument : hdmavalue: null
2026-01-11 14:11:44,278 [INFO] Argument:321 - 	 sub Args: 
2026-01-11 14:11:44,278 [INFO] Argument:319 - Argument : Instancevalue: DMA2_Stream6
2026-01-11 14:11:44,278 [INFO] Argument:329 - Argument : Instancevalue: DMA2_Stream6
2026-01-11 14:11:44,278 [INFO] Argument:319 - Argument : Initvalue: null
2026-01-11 14:11:44,278 [INFO] Argument:321 - 	 sub Args: 
2026-01-11 14:11:44,278 [INFO] Argument:319 - Argument : Channelvalue: DMA_CHANNEL_4
2026-01-11 14:11:44,278 [INFO] Argument:329 - Argument : Channelvalue: DMA_CHANNEL_4
2026-01-11 14:11:44,278 [INFO] Argument:319 - Argument : Directionvalue: DMA_PERIPH_TO_MEMORY
2026-01-11 14:11:44,278 [INFO] Argument:329 - Argument : Directionvalue: DMA_PERIPH_TO_MEMORY
2026-01-11 14:11:44,278 [INFO] Argument:319 - Argument : PeriphIncvalue: DMA_PINC_DISABLE
2026-01-11 14:11:44,278 [INFO] Argument:329 - Argument : PeriphIncvalue: DMA_PINC_DISABLE
2026-01-11 14:11:44,278 [INFO] Argument:319 - Argument : MemIncvalue: DMA_MINC_ENABLE
2026-01-11 14:11:44,278 [INFO] Argument:329 - Argument : MemIncvalue: DMA_MINC_ENABLE
2026-01-11 14:11:44,278 [INFO] Argument:319 - Argument : PeriphDataAlignmentvalue: DMA_PDATAALIGN_WORD
2026-01-11 14:11:44,278 [INFO] Argument:329 - Argument : PeriphDataAlignmentvalue: DMA_PDATAALIGN_WORD
2026-01-11 14:11:44,278 [INFO] Argument:319 - Argument : MemDataAlignmentvalue: DMA_MDATAALIGN_WORD
2026-01-11 14:11:44,278 [INFO] Argument:329 - Argument : MemDataAlignmentvalue: DMA_MDATAALIGN_WORD
2026-01-11 14:11:44,278 [INFO] Argument:319 - Argument : Modevalue: DMA_PFCTRL
2026-01-11 14:11:44,279 [INFO] Argument:329 - Argument : Modevalue: DMA_PFCTRL
2026-01-11 14:11:44,279 [INFO] Argument:319 - Argument : Priorityvalue: DMA_PRIORITY_LOW
2026-01-11 14:11:44,279 [INFO] Argument:329 - Argument : Priorityvalue: DMA_PRIORITY_LOW
2026-01-11 14:11:44,279 [INFO] Argument:319 - Argument : FIFOModevalue: DMA_FIFOMODE_ENABLE
2026-01-11 14:11:44,279 [INFO] Argument:329 - Argument : FIFOModevalue: DMA_FIFOMODE_ENABLE
2026-01-11 14:11:44,279 [INFO] Argument:319 - Argument : FIFOThresholdvalue: DMA_FIFO_THRESHOLD_FULL
2026-01-11 14:11:44,279 [INFO] Argument:329 - Argument : FIFOThresholdvalue: DMA_FIFO_THRESHOLD_FULL
2026-01-11 14:11:44,279 [INFO] Argument:319 - Argument : MemBurstvalue: DMA_MBURST_INC4
2026-01-11 14:11:44,279 [INFO] Argument:329 - Argument : MemBurstvalue: DMA_MBURST_INC4
2026-01-11 14:11:44,279 [INFO] Argument:319 - Argument : PeriphBurstvalue: DMA_PBURST_INC4
2026-01-11 14:11:44,279 [INFO] Argument:329 - Argument : PeriphBurstvalue: DMA_PBURST_INC4
2026-01-11 14:11:44,279 [INFO] Argument:319 - Argument : Lockvalue: null
2026-01-11 14:11:44,279 [INFO] Argument:329 - Argument : Lockvalue: null
2026-01-11 14:11:44,279 [INFO] Argument:319 - Argument : Statevalue: null
2026-01-11 14:11:44,279 [INFO] Argument:329 - Argument : Statevalue: null
2026-01-11 14:11:44,279 [INFO] Argument:319 - Argument : Parentvalue: null
2026-01-11 14:11:44,279 [INFO] Argument:329 - Argument : Parentvalue: null
2026-01-11 14:11:44,279 [INFO] Argument:319 - Argument : XferCpltCallbackvalue: null
2026-01-11 14:11:44,279 [INFO] Argument:329 - Argument : XferCpltCallbackvalue: null
2026-01-11 14:11:44,279 [INFO] Argument:319 - Argument : XferHalfCpltCallbackvalue: null
2026-01-11 14:11:44,279 [INFO] Argument:329 - Argument : XferHalfCpltCallbackvalue: null
2026-01-11 14:11:44,279 [INFO] Argument:319 - Argument : XferM1CpltCallbackvalue: null
2026-01-11 14:11:44,279 [INFO] Argument:329 - Argument : XferM1CpltCallbackvalue: null
2026-01-11 14:11:44,279 [INFO] Argument:319 - Argument : XferErrorCallbackvalue: null
2026-01-11 14:11:44,279 [INFO] Argument:329 - Argument : XferErrorCallbackvalue: null
2026-01-11 14:11:44,279 [INFO] Argument:319 - Argument : ErrorCodevalue: null
2026-01-11 14:11:44,279 [INFO] Argument:329 - Argument : ErrorCodevalue: null
2026-01-11 14:11:44,360 [INFO] CodeEngine:255 - oldGeneratedFile, C:\programing\Embedded\projects_stm32\MeteoStation\MeteoStation\MXTmpFiles\license.tmp_save
2026-01-11 14:11:44,419 [INFO] CodeEngine:279 - Generated code: C:\programing\Embedded\projects_stm32\MeteoStation\MeteoStation\MXTmpFiles\license.tmp
2026-01-11 14:11:44,437 [INFO] CodeEngine:255 - oldGeneratedFile, C:\programing\Embedded\projects_stm32\MeteoStation\MeteoStation\MXTmpFiles\gpio.tmp_save
2026-01-11 14:11:44,516 [INFO] CodeEngine:279 - Generated code: C:\programing\Embedded\projects_stm32\MeteoStation\MeteoStation\MXTmpFiles\gpio.tmp
2026-01-11 14:11:44,799 [INFO] CodeEngine:255 - oldGeneratedFile, C:\programing\Embedded\projects_stm32\MeteoStation\MeteoStation\MXTmpFiles\fatfs_HalInit.tmp_save
2026-01-11 14:11:44,852 [INFO] CodeEngine:279 - Generated code: C:\programing\Embedded\projects_stm32\MeteoStation\MeteoStation\MXTmpFiles\fatfs_HalInit.tmp
2026-01-11 14:11:44,854 [INFO] CodeEngine:255 - oldGeneratedFile, C:\programing\Embedded\projects_stm32\MeteoStation\MeteoStation\MXTmpFiles\fatfs_vars.tmp_save
2026-01-11 14:11:44,883 [INFO] CodeEngine:279 - Generated code: C:\programing\Embedded\projects_stm32\MeteoStation\MeteoStation\MXTmpFiles\fatfs_vars.tmp
2026-01-11 14:11:44,885 [INFO] CodeEngine:255 - oldGeneratedFile, C:\programing\Embedded\projects_stm32\MeteoStation\MeteoStation\MXTmpFiles\fatfs_ext_vars.tmp_save
2026-01-11 14:11:44,916 [INFO] CodeEngine:279 - Generated code: C:\programing\Embedded\projects_stm32\MeteoStation\MeteoStation\MXTmpFiles\fatfs_ext_vars.tmp
2026-01-11 14:11:44,918 [INFO] CodeEngine:255 - oldGeneratedFile, C:\programing\Embedded\projects_stm32\MeteoStation\MeteoStation\MXTmpFiles\fatfs_inc.tmp_save
2026-01-11 14:11:44,948 [INFO] CodeEngine:279 - Generated code: C:\programing\Embedded\projects_stm32\MeteoStation\MeteoStation\MXTmpFiles\fatfs_inc.tmp
2026-01-11 14:11:44,970 [INFO] CodeEngine:255 - oldGeneratedFile, C:\programing\Embedded\projects_stm32\MeteoStation\MeteoStation\MXTmpFiles\dma.tmp_save
2026-01-11 14:11:45,017 [INFO] CodeEngine:279 - Generated code: C:\programing\Embedded\projects_stm32\MeteoStation\MeteoStation\MXTmpFiles\dma.tmp
2026-01-11 14:11:45,020 [INFO] CodeEngine:255 - oldGeneratedFile, C:\programing\Embedded\projects_stm32\MeteoStation\MeteoStation\MXTmpFiles\dma_GV.tmp_save
2026-01-11 14:11:45,048 [INFO] CodeEngine:279 - Generated code: C:\programing\Embedded\projects_stm32\MeteoStation\MeteoStation\MXTmpFiles\dma_GV.tmp
2026-01-11 14:11:45,056 [INFO] CodeEngine:255 - oldGeneratedFile, C:\programing\Embedded\projects_stm32\MeteoStation\MeteoStation\MXTmpFiles\fatfs_HalInit.tmp_save
2026-01-11 14:11:45,105 [INFO] CodeEngine:279 - Generated code: C:\programing\Embedded\projects_stm32\MeteoStation\MeteoStation\MXTmpFiles\fatfs_HalInit.tmp
2026-01-11 14:11:45,107 [INFO] CodeEngine:255 - oldGeneratedFile, C:\programing\Embedded\projects_stm32\MeteoStation\MeteoStation\MXTmpFiles\fatfs_vars.tmp_save
2026-01-11 14:11:45,140 [INFO] CodeEngine:279 - Generated code: C:\programing\Embedded\projects_stm32\MeteoStation\MeteoStation\MXTmpFiles\fatfs_vars.tmp
2026-01-11 14:11:45,143 [INFO] CodeEngine:255 - oldGeneratedFile, C:\programing\Embedded\projects_stm32\MeteoStation\MeteoStation\MXTmpFiles\fatfs_ext_vars.tmp_save
2026-01-11 14:11:45,175 [INFO] CodeEngine:279 - Generated code: C:\programing\Embedded\projects_stm32\MeteoStation\MeteoStation\MXTmpFiles\fatfs_ext_vars.tmp
2026-01-11 14:11:45,178 [INFO] CodeEngine:255 - oldGeneratedFile, C:\programing\Embedded\projects_stm32\MeteoStation\MeteoStation\MXTmpFiles\fatfs_inc.tmp_save
2026-01-11 14:11:45,212 [INFO] CodeEngine:279 - Generated code: C:\programing\Embedded\projects_stm32\MeteoStation\MeteoStation\MXTmpFiles\fatfs_inc.tmp
2026-01-11 14:11:45,224 [INFO] CodeEngine:255 - oldGeneratedFile, C:\programing\Embedded\projects_stm32\MeteoStation\MeteoStation\FATFS\Target\ffconf.h_save
2026-01-11 14:11:45,308 [INFO] CodeEngine:279 - Generated code: C:\programing\Embedded\projects_stm32\MeteoStation\MeteoStation\FATFS\Target\ffconf.h
2026-01-11 14:11:45,333 [INFO] CodeEngine:255 - oldGeneratedFile, C:\programing\Embedded\projects_stm32\MeteoStation\MeteoStation\FATFS\Target\bsp_driver_sd.c_save
2026-01-11 14:11:45,418 [INFO] CodeEngine:279 - Generated code: C:\programing\Embedded\projects_stm32\MeteoStation\MeteoStation\FATFS\Target\bsp_driver_sd.c
2026-01-11 14:11:45,432 [INFO] CodeEngine:255 - oldGeneratedFile, C:\programing\Embedded\projects_stm32\MeteoStation\MeteoStation\FATFS\Target\bsp_driver_sd.h_save
2026-01-11 14:11:45,479 [INFO] CodeEngine:279 - Generated code: C:\programing\Embedded\projects_stm32\MeteoStation\MeteoStation\FATFS\Target\bsp_driver_sd.h
2026-01-11 14:11:45,483 [INFO] CodeEngine:255 - oldGeneratedFile, C:\programing\Embedded\projects_stm32\MeteoStation\MeteoStation\FATFS\Target\sd_diskio.h_save
2026-01-11 14:11:45,545 [INFO] CodeEngine:279 - Generated code: C:\programing\Embedded\projects_stm32\MeteoStation\MeteoStation\FATFS\Target\sd_diskio.h
2026-01-11 14:11:45,559 [INFO] CodeEngine:255 - oldGeneratedFile, C:\programing\Embedded\projects_stm32\MeteoStation\MeteoStation\FATFS\Target\sd_diskio.c_save
2026-01-11 14:11:45,641 [INFO] CodeEngine:279 - Generated code: C:\programing\Embedded\projects_stm32\MeteoStation\MeteoStation\FATFS\Target\sd_diskio.c
2026-01-11 14:11:45,653 [INFO] CodeEngine:255 - oldGeneratedFile, C:\programing\Embedded\projects_stm32\MeteoStation\MeteoStation\FATFS\App\fatfs.c_save
2026-01-11 14:11:45,690 [INFO] CodeEngine:279 - Generated code: C:\programing\Embedded\projects_stm32\MeteoStation\MeteoStation\FATFS\App\fatfs.c
2026-01-11 14:11:45,693 [INFO] CodeEngine:255 - oldGeneratedFile, C:\programing\Embedded\projects_stm32\MeteoStation\MeteoStation\FATFS\App\fatfs.h_save
2026-01-11 14:11:45,728 [INFO] CodeEngine:279 - Generated code: C:\programing\Embedded\projects_stm32\MeteoStation\MeteoStation\FATFS\App\fatfs.h
2026-01-11 14:11:45,731 [INFO] CodeEngine:255 - oldGeneratedFile, C:\programing\Embedded\projects_stm32\MeteoStation\MeteoStation\FATFS\Target\fatfs_platform.c_save
2026-01-11 14:11:45,766 [INFO] CodeEngine:279 - Generated code: C:\programing\Embedded\projects_stm32\MeteoStation\MeteoStation\FATFS\Target\fatfs_platform.c
2026-01-11 14:11:45,769 [INFO] CodeEngine:255 - oldGeneratedFile, C:\programing\Embedded\projects_stm32\MeteoStation\MeteoStation\FATFS\Target\fatfs_platform.h_save
2026-01-11 14:11:45,805 [INFO] CodeEngine:279 - Generated code: C:\programing\Embedded\projects_stm32\MeteoStation\MeteoStation\FATFS\Target\fatfs_platform.h
2026-01-11 14:11:45,822 [INFO] CodeEngine:255 - oldGeneratedFile, C:\programing\Embedded\projects_stm32\MeteoStation\MeteoStation\Core\Src\stm32f4xx_it.c_save
2026-01-11 14:11:45,914 [INFO] CodeEngine:279 - Generated code: C:\programing\Embedded\projects_stm32\MeteoStation\MeteoStation\Core\Src\stm32f4xx_it.c
2026-01-11 14:11:45,918 [INFO] CodeEngine:255 - oldGeneratedFile, C:\programing\Embedded\projects_stm32\MeteoStation\MeteoStation\Core\Inc\stm32f4xx_it.h_save
2026-01-11 14:11:45,953 [INFO] CodeEngine:279 - Generated code: C:\programing\Embedded\projects_stm32\MeteoStation\MeteoStation\Core\Inc\stm32f4xx_it.h
2026-01-11 14:11:45,967 [INFO] CodeEngine:255 - oldGeneratedFile, C:\programing\Embedded\projects_stm32\MeteoStation\MeteoStation\Core\Src\stm32f4xx_hal_msp.c_save
2026-01-11 14:11:46,048 [INFO] CodeEngine:279 - Generated code: C:\programing\Embedded\projects_stm32\MeteoStation\MeteoStation\Core\Src\stm32f4xx_hal_msp.c
2026-01-11 14:11:46,059 [INFO] CodeEngine:255 - oldGeneratedFile, C:\programing\Embedded\projects_stm32\MeteoStation\MeteoStation\MXTmpFiles\system.tmp_save
2026-01-11 14:11:46,088 [INFO] CodeEngine:279 - Generated code: C:\programing\Embedded\projects_stm32\MeteoStation\MeteoStation\MXTmpFiles\system.tmp
2026-01-11 14:11:46,099 [INFO] CodeEngine:255 - oldGeneratedFile, C:\programing\Embedded\projects_stm32\MeteoStation\MeteoStation\Core\Src\stm32f4xx_hal_timebase_tim.c_save
2026-01-11 14:11:46,139 [INFO] CodeEngine:279 - Generated code: C:\programing\Embedded\projects_stm32\MeteoStation\MeteoStation\Core\Src\stm32f4xx_hal_timebase_tim.c
2026-01-11 14:11:46,153 [INFO] CodeEngine:311 - oldGeneratedFile, C:\programing\Embedded\projects_stm32\MeteoStation\MeteoStation\Core\Inc\stm32f4xx_hal_conf.h_save
2026-01-11 14:11:46,216 [INFO] CodeEngine:335 - Generated code: C:\programing\Embedded\projects_stm32\MeteoStation\MeteoStation\Core\Inc\stm32f4xx_hal_conf.h
2026-01-11 14:11:46,233 [WARN] IPConfigManager:3431 - IP not found : TIM
2026-01-11 14:11:46,234 [WARN] CodeGenerator:3760 - IP not found : null
2026-01-11 14:11:46,245 [INFO] CodeEngine:255 - oldGeneratedFile, C:\programing\Embedded\projects_stm32\MeteoStation\MeteoStation\Core\Inc\main.h_save
2026-01-11 14:11:46,293 [INFO] CodeEngine:279 - Generated code: C:\programing\Embedded\projects_stm32\MeteoStation\MeteoStation\Core\Inc\main.h
2026-01-11 14:11:46,306 [INFO] CodeEngine:255 - oldGeneratedFile, C:\programing\Embedded\projects_stm32\MeteoStation\MeteoStation\Core\Src\main.c_save
2026-01-11 14:11:46,394 [INFO] CodeEngine:279 - Generated code: C:\programing\Embedded\projects_stm32\MeteoStation\MeteoStation\Core\Src\main.c
2026-01-11 14:11:46,752 [INFO] ProjectBuilder:3064 - Time for Copy HAL[1] : 164mS.
2026-01-11 14:11:46,755 [INFO] ProjectBuilder:4404 - Project Generator version: 4.1.0
2026-01-11 14:11:46,910 [INFO] ConfigFileManager:1457 - The Die is : DIE413
2026-01-11 14:11:48,014 [INFO] ProjectBuilder:4626 - Time for Generating toolchain IDE Files: 1259mS.
2026-01-11 14:11:48,015 [INFO] ProjectBuilder:2935 - Time for Copy CMSIS : 1mS.
2026-01-11 14:11:48,021 [INFO] ProjectBuilder:2935 - Time for Copy CMSIS : 0mS.
