2026-01-07 15:41:37,379 [INFO] McuFinderGlobals:63 - Set McuFinder mode to 2 (CubeIDE integrated)
2026-01-07 15:41:39,383 [INFO] MainUpdater:2868 - connection check result : 10
2026-01-07 15:41:39,398 [INFO] MainUpdater:2868 - connection check result : 10
2026-01-07 15:41:39,707 [INFO] MicroXplorer:468 - Change Database Path : 
2026-01-07 15:41:39,708 [INFO] MicroXplorer:498 - Change Database Version : DB.6.0.90
2026-01-07 15:41:39,723 [WARN] ThirdParty:871 - waiting for thirdparty lock release [close project]
2026-01-07 15:41:39,723 [INFO] ThirdParty:873 - entering critical section [close project]
2026-01-07 15:41:39,759 [INFO] ThirdParty:883 - exiting critical section [close project]
2026-01-07 15:41:39,772 [INFO] PinOutPanel:1499 - setPackage(No Configuration,No Configuration)
2026-01-07 15:41:39,811 [INFO] UtilMem:75 - Begin LoadConfig() Used Memory: 800110872 Bytes (1073741824)
2026-01-07 15:41:39,819 [INFO] MicroXplorer:468 - Change Database Path : 
2026-01-07 15:41:39,819 [INFO] MicroXplorer:498 - Change Database Version : DB.6.0.90
2026-01-07 15:41:39,821 [INFO] OpenFileManager:308 - Change cursor
2026-01-07 15:41:40,016 [INFO] Mcu:1946 - Initializing MCU STM32F407V(E-G)Tx STM32F407VGTx STM32F407VGT6
2026-01-07 15:41:42,597 [INFO] Context:659 - Trying to add GPIOservice into a context  which must be forbidden
2026-01-07 15:41:43,642 [INFO] RtosManager:555 - Registered RTOS mode: class=CMSIS, group=RTOS, mode=CMSIS_V1, owner=FREERTOS
2026-01-07 15:41:43,642 [INFO] RtosManager:555 - Registered RTOS mode: class=CMSIS, group=RTOS2, mode=CMSIS_V2, owner=FREERTOS
2026-01-07 15:41:43,642 [INFO] RtosManager:555 - Registered RTOS mode: class=RTOS, group=Core, mode=CMSIS_V1, owner=FREERTOS
2026-01-07 15:41:43,642 [INFO] RtosManager:555 - Registered RTOS mode: class=RTOS, group=Core, mode=CMSIS_V2, owner=FREERTOS
2026-01-07 15:41:43,643 [WARN] ModelIntegratedComponent:184 - Missing modes for component STMicroelectronics:FreeRTOS:0.0.1:STMicroelectronics:RTOS:FreeRTOS:Core:::10.2.0:
2026-01-07 15:41:43,643 [WARN] ModelIntegratedComponent:63 - No mode defined for component null
2026-01-07 15:41:43,645 [WARN] ModelIntegratedComponent:63 - No mode defined for component null
2026-01-07 15:41:43,645 [WARN] ModelIntegratedComponent:63 - No mode defined for component null
2026-01-07 15:41:43,645 [WARN] ModelIntegratedComponent:63 - No mode defined for component null
2026-01-07 15:41:43,645 [WARN] ModelIntegratedComponent:63 - No mode defined for component null
2026-01-07 15:41:43,645 [WARN] ModelIntegratedComponent:63 - No mode defined for component null
2026-01-07 15:41:43,645 [WARN] ModelIntegratedComponent:63 - No mode defined for component null
2026-01-07 15:41:43,645 [WARN] ModelIntegratedComponent:63 - No mode defined for component null
2026-01-07 15:41:43,645 [WARN] ModelIntegratedComponent:63 - No mode defined for component null
2026-01-07 15:41:43,645 [WARN] ModelIntegratedComponent:63 - No mode defined for component null
2026-01-07 15:41:43,645 [WARN] ModelIntegratedComponent:63 - No mode defined for component null
2026-01-07 15:41:43,645 [WARN] ModelIntegratedComponent:63 - No mode defined for component null
2026-01-07 15:41:43,645 [WARN] ModelIntegratedComponent:63 - No mode defined for component null
2026-01-07 15:41:43,645 [WARN] ModelIntegratedComponent:63 - No mode defined for component null
2026-01-07 15:41:43,645 [WARN] ModelIntegratedComponent:63 - No mode defined for component null
2026-01-07 15:41:43,645 [WARN] ModelIntegratedComponent:63 - No mode defined for component null
2026-01-07 15:41:43,645 [WARN] ModelIntegratedComponent:63 - No mode defined for component null
2026-01-07 15:41:43,645 [WARN] ModelIntegratedComponent:63 - No mode defined for component null
2026-01-07 15:41:43,645 [WARN] ModelIntegratedComponent:63 - No mode defined for component null
2026-01-07 15:41:43,645 [WARN] ModelIntegratedComponent:63 - No mode defined for component null
2026-01-07 15:41:43,645 [WARN] ModelIntegratedComponent:63 - No mode defined for component null
2026-01-07 15:41:43,645 [WARN] ModelIntegratedComponent:63 - No mode defined for component null
2026-01-07 15:41:43,645 [WARN] ModelIntegratedComponent:63 - No mode defined for component null
2026-01-07 15:41:43,645 [WARN] ModelIntegratedComponent:63 - No mode defined for component null
2026-01-07 15:41:43,646 [WARN] ModelIntegratedComponent:63 - No mode defined for component null
2026-01-07 15:41:43,646 [WARN] ModelIntegratedComponent:63 - No mode defined for component null
2026-01-07 15:41:43,646 [WARN] ModelIntegratedComponent:63 - No mode defined for component null
2026-01-07 15:41:43,646 [WARN] ModelIntegratedComponent:63 - No mode defined for component null
2026-01-07 15:41:43,646 [WARN] ModelIntegratedComponent:63 - No mode defined for component null
2026-01-07 15:41:43,646 [WARN] ModelIntegratedComponent:63 - No mode defined for component null
2026-01-07 15:41:43,646 [WARN] ModelIntegratedComponent:63 - No mode defined for component null
2026-01-07 15:41:43,646 [WARN] ModelIntegratedComponent:63 - No mode defined for component null
2026-01-07 15:41:43,646 [WARN] ModelIntegratedComponent:63 - No mode defined for component null
2026-01-07 15:41:43,655 [INFO] ThirdPartyModel:298 - Start build external matchings
2026-01-07 15:41:43,699 [INFO] ThirdPartyModel:316 - End build external matchings
2026-01-07 15:41:43,715 [INFO] ImportTextPane:194 - (OptionalMessage_ERROR) IP (DMA) : Parameter (Instance) has Id (SDIO_TX) currently not set
2026-01-07 15:41:43,716 [INFO] ImportTextPane:194 - (OptionalMessage_ERROR) IP (DMA) : Parameter (Channel) has Id (SDIO_TX) currently not set
2026-01-07 15:41:43,716 [INFO] ImportTextPane:194 - (OptionalMessage_ERROR) IP (DMA) : Parameter (Direction) has Id (SDIO_TX) currently not set
2026-01-07 15:41:43,716 [INFO] ImportTextPane:194 - (OptionalMessage_ERROR) IP (DMA) : Parameter (PeriphInc) has Id (SDIO_TX) currently not set
2026-01-07 15:41:43,716 [INFO] ImportTextPane:194 - (OptionalMessage_ERROR) IP (DMA) : Parameter (MemInc) has Id (SDIO_TX) currently not set
2026-01-07 15:41:43,716 [INFO] ImportTextPane:194 - (OptionalMessage_ERROR) IP (DMA) : Parameter (PeriphDataAlignment) has Id (SDIO_TX) currently not set
2026-01-07 15:41:43,716 [INFO] ImportTextPane:194 - (OptionalMessage_ERROR) IP (DMA) : Parameter (MemDataAlignment) has Id (SDIO_TX) currently not set
2026-01-07 15:41:43,716 [INFO] ImportTextPane:194 - (OptionalMessage_ERROR) IP (DMA) : Parameter (Mode) has Id (SDIO_TX) currently not set
2026-01-07 15:41:43,717 [INFO] ImportTextPane:194 - (OptionalMessage_ERROR) IP (DMA) : Parameter (Priority) has Id (SDIO_TX) currently not set
2026-01-07 15:41:43,717 [INFO] ImportTextPane:194 - (OptionalMessage_ERROR) IP (DMA) : Parameter (FIFOMode) has Id (SDIO_TX) currently not set
2026-01-07 15:41:43,717 [INFO] ImportTextPane:194 - (OptionalMessage_ERROR) IP (DMA) : Parameter (FIFOThreshold) has Id (SDIO_TX) currently not set
2026-01-07 15:41:43,717 [INFO] ImportTextPane:194 - (OptionalMessage_ERROR) IP (DMA) : Parameter (FIFOThreshold) has invalid value (null)
2026-01-07 15:41:43,717 [INFO] ImportTextPane:194 - (OptionalMessage_ERROR) IP (DMA) : Parameter (MemBurst) has Id (SDIO_TX) currently not set
2026-01-07 15:41:43,717 [INFO] ImportTextPane:194 - (OptionalMessage_ERROR) IP (DMA) : Parameter (MemBurst) has invalid value (null)
2026-01-07 15:41:43,717 [INFO] ImportTextPane:194 - (OptionalMessage_ERROR) IP (DMA) : Parameter (PeriphBurst) has Id (SDIO_TX) currently not set
2026-01-07 15:41:43,717 [INFO] ImportTextPane:194 - (OptionalMessage_ERROR) IP (DMA) : Parameter (PeriphBurst) has invalid value (null)
2026-01-07 15:41:43,717 [INFO] ImportTextPane:194 - (OptionalMessage_ERROR) IP (DMA) : Parameter (Instance) has Id (SDIO_RX) currently not set
2026-01-07 15:41:43,717 [INFO] ImportTextPane:194 - (OptionalMessage_ERROR) IP (DMA) : Parameter (Channel) has Id (SDIO_RX) currently not set
2026-01-07 15:41:43,717 [INFO] ImportTextPane:194 - (OptionalMessage_ERROR) IP (DMA) : Parameter (Direction) has Id (SDIO_RX) currently not set
2026-01-07 15:41:43,717 [INFO] ImportTextPane:194 - (OptionalMessage_ERROR) IP (DMA) : Parameter (PeriphInc) has Id (SDIO_RX) currently not set
2026-01-07 15:41:43,717 [INFO] ImportTextPane:194 - (OptionalMessage_ERROR) IP (DMA) : Parameter (MemInc) has Id (SDIO_RX) currently not set
2026-01-07 15:41:43,717 [INFO] ImportTextPane:194 - (OptionalMessage_ERROR) IP (DMA) : Parameter (PeriphDataAlignment) has Id (SDIO_RX) currently not set
2026-01-07 15:41:43,717 [INFO] ImportTextPane:194 - (OptionalMessage_ERROR) IP (DMA) : Parameter (MemDataAlignment) has Id (SDIO_RX) currently not set
2026-01-07 15:41:43,717 [INFO] ImportTextPane:194 - (OptionalMessage_ERROR) IP (DMA) : Parameter (Mode) has Id (SDIO_RX) currently not set
2026-01-07 15:41:43,717 [INFO] ImportTextPane:194 - (OptionalMessage_ERROR) IP (DMA) : Parameter (Priority) has Id (SDIO_RX) currently not set
2026-01-07 15:41:43,717 [INFO] ImportTextPane:194 - (OptionalMessage_ERROR) IP (DMA) : Parameter (FIFOMode) has Id (SDIO_RX) currently not set
2026-01-07 15:41:43,717 [INFO] ImportTextPane:194 - (OptionalMessage_ERROR) IP (DMA) : Parameter (FIFOThreshold) has Id (SDIO_RX) currently not set
2026-01-07 15:41:43,717 [INFO] ImportTextPane:194 - (OptionalMessage_ERROR) IP (DMA) : Parameter (FIFOThreshold) has invalid value (null)
2026-01-07 15:41:43,717 [INFO] ImportTextPane:194 - (OptionalMessage_ERROR) IP (DMA) : Parameter (MemBurst) has Id (SDIO_RX) currently not set
2026-01-07 15:41:43,717 [INFO] ImportTextPane:194 - (OptionalMessage_ERROR) IP (DMA) : Parameter (MemBurst) has invalid value (null)
2026-01-07 15:41:43,717 [INFO] ImportTextPane:194 - (OptionalMessage_ERROR) IP (DMA) : Parameter (PeriphBurst) has Id (SDIO_RX) currently not set
2026-01-07 15:41:43,717 [INFO] ImportTextPane:194 - (OptionalMessage_ERROR) IP (DMA) : Parameter (PeriphBurst) has invalid value (null)
2026-01-07 15:41:44,278 [INFO] UtilMem:75 - End LoadConfig() Used Memory: 796530360 Bytes (1073741824)
2026-01-07 15:41:44,599 [INFO] ApiDb:581 - Connected to CubeFinder SQLite database (C:\Users\bogda\.stmcufinder\plugins\mcufinder\mcu\cube-finder-db.db)
2026-01-07 15:41:44,663 [INFO] ApiDb:668 - CubeFinder database Data Model version=2.1
2026-01-07 15:41:44,663 [INFO] ApiDb:669 - CubeFinder database Configuration version=3.0.39
2026-01-07 15:41:44,664 [INFO] ApiDb:670 - CubeFinder database generation date=2025-12-22 (1766407740)
2026-01-07 15:41:44,664 [INFO] ApiDb:671 - CubeFinder database FW Pack versions=[FP-ATR-ASTRA1_V2.0.0, FP-SNS-FLIGHT1_V5.1.0, FP-SNS-MOTENV1_V5.1.0, FP-SNS-MOTENVWB1_V1.4.0, FP-SNS-SMARTAG2_V1.2.0, FP-SNS-STBOX1_V2.1.0, STM32Cube_FW_C0_V1.4.0, STM32Cube_FW_F4_V1.28.3, STM32Cube_FW_F7_V1.17.4, STM32Cube_FW_G0_V1.6.2, STM32Cube_FW_G4_V1.6.1, STM32Cube_FW_H5_V1.5.1, STM32Cube_FW_H7RS_V1.3.0, STM32Cube_FW_H7_V1.12.1, STM32Cube_FW_L0_V1.12.2, STM32Cube_FW_L4_V1.18.1, STM32Cube_FW_L5_V1.6.0, STM32Cube_FW_N6_V1.3.0, STM32Cube_FW_U0_V1.3.0, STM32Cube_FW_U3_V1.2.1, STM32Cube_FW_U5_V1.8.0, STM32Cube_FW_WB0_V1.4.0, STM32Cube_FW_WBA_V1.8.0, STM32Cube_FW_WB_V1.24.0, STM32Cube_FW_WL3_V1.3.0, STM32Cube_FW_WL_V1.4.0, X-CUBE-ALGOBUILD_V1.4.0, X-CUBE-ALS_V1.0.2, X-CUBE-AZRTOS-F4_V1.1.0, X-CUBE-AZRTOS-F7_V1.1.0, X-CUBE-AZRTOS-G0_V1.1.0, X-CUBE-AZRTOS-G4_V2.0.0, X-CUBE-AZRTOS-H7RS_V1.1.0, X-CUBE-AZRTOS-H7_V3.4.0, X-CUBE-AZRTOS-L4_V2.0.0, X-CUBE-AZRTOS-L5_V2.0.0, X-CUBE-AZRTOS-WB_V2.0.0, X-CUBE-AZRTOS-WL_V2.0.0, X-CUBE-BLE1_V7.1.0, X-CUBE-BLE2_V3.3.0, X-CUBE-BLEMGR_V4.1.0, X-CUBE-EEPRMA1_V5.2.0, X-CUBE-FREERTOS_V1.3.1, X-CUBE-GNSS1_V6.0.0, X-CUBE-MEMS1_V12.0.0, X-CUBE-NFC4_V3.0.0, X-CUBE-NFC7_V2.0.0, X-CUBE-SFXS2LP1_V4.0.0, X-CUBE-ST67W61_V1.1.0, X-CUBE-SUBG2_V5.0.0, X-CUBE-TOF1_V3.4.3]
2026-01-07 15:41:46,691 [INFO] ApiDb:240 - Found 323 in-development CPN: [B-G473E-ZEST1S, B-WB1M-WPAN1, B-WL5M-SUBG1, NUCLEO-C031C6, NUCLEO-H503RB, NUCLEO-H563ZI, NUCLEO-U545RE-Q, NUCLEO-U5A5ZJ-Q, NUCLEO-WBA52CG, STEVAL-PROTEUS1, STEVAL-SMARTAG2, STEVAL-STWINBX1, STM320518-EVAL, STM32C0116-DK, STM32C011D6Y3TR, STM32C011D6Y6TR, STM32C011F4P3, STM32C011F4P6, STM32C011F4U3, STM32C011F4U6TR, STM32C011F6P3, STM32C011F6P6, STM32C011F6U3, STM32C011F6U6TR, STM32C011J4M3, STM32C011J4M6, STM32C011J6M3, STM32C011J6M6, STM32C0316-DK, STM32C031C4T3, STM32C031C4T6, STM32C031C4U3, STM32C031C4U6, STM32C031C6T3, STM32C031C6T6, STM32C031C6U3, STM32C031C6U6, STM32C031F4P3, STM32C031F4P6, STM32C031F6P3, STM32C031F6P6, STM32C031G4U3, STM32C031G4U6, STM32C031G6U3, STM32C031G6U6, STM32C031K4T3, STM32C031K4T6, STM32C031K4U3, STM32C031K4U6, STM32C031K6T3, STM32C031K6T6, STM32C031K6U3, STM32C031K6U6, STM32G071K8TXN, STM32G071K8UXN, STM32G081GBU6N, STM32G081KBT6N, STM32G081KBUXN, STM32G0B1CCT6N, STM32G0B1KCT6, STM32G0B1NEY6TR, STM32G0B1RCT6N, STM32G0C1CCT6, STM32G0C1CCT6N, STM32G0C1CCU6N, STM32G0C1CET6N, STM32G0C1CEU6N, STM32G0C1KCT6, STM32G0C1NEY6TR, STM32G0C1RCI6N, STM32G0C1RCT6N, STM32G0C1REI6N, STM32G0C1RET6N, STM32G0C1VCI6, STM32G0C1VEI6, STM32G471CCT6, STM32G471CCU6, STM32G471CET3, STM32G471CET6, STM32G471CEU3, STM32G471CEU6, STM32G471MCT6, STM32G471MET3, STM32G471MET6, STM32G471MEY6TR, STM32G471QCT6, STM32G471QET3, STM32G471RCT6, STM32G471RET3, STM32G471RET6, STM32G471VCH6, STM32G471VCI6, STM32G471VCT6, STM32G471VEH3, STM32G471VEH6, STM32G471VEI3, STM32G471VEI6, STM32G471VET3, STM32G471VET6, STM32G474CCT6, STM32H503CBT6, STM32H503CBU6, STM32H503EBY6TR, STM32H503KBU6, STM32H503RBT6, STM32H562AGI6, STM32H562AII6, STM32H562IGK6, STM32H562IGT6, STM32H562IIK6, STM32H562IIT6, STM32H562RGT6, STM32H562RGV6, STM32H562RIT6, STM32H562RIV6, STM32H562VGT6, STM32H562VIT6, STM32H562ZGT6, STM32H562ZIT6, STM32H563AGI6, STM32H563AII3Q, STM32H563AII6, STM32H563IGK6, STM32H563IGT6, STM32H563IIK3Q, STM32H563IIK6, STM32H563IIT3Q, STM32H563IIT6, STM32H563MIY3QTR, STM32H563RGT6, STM32H563RGV6, STM32H563RIT6, STM32H563RIV6, STM32H563VGT6, STM32H563VIT3Q, STM32H563VIT6, STM32H563ZGT6, STM32H563ZIT3Q, STM32H563ZIT6, STM32H573AII3Q, STM32H573AII6, STM32H573I-DK, STM32H573IIK3Q, STM32H573IIK6, STM32H573IIT3Q, STM32H573IIT6, STM32H573MIY3QTR, STM32H573RIT6, STM32H573RIV6, STM32H573VIT3Q, STM32H573VIT6, STM32H573ZIT3Q, STM32H573ZIT6, STM32L4R5QGI6STR, STM32MP131AAE3, STM32MP131AAF3, STM32MP131AAG3, STM32MP131CAE3, STM32MP131CAF3, STM32MP131CAG3, STM32MP131DAE7, STM32MP131DAF7, STM32MP131DAG7, STM32MP131FAE7, STM32MP131FAF7, STM32MP131FAG7, STM32MP133AAE3, STM32MP133AAF3, STM32MP133AAG3, STM32MP133CAE3, STM32MP133CAF3, STM32MP133CAG3, STM32MP133DAE7, STM32MP133DAF7, STM32MP133DAG7, STM32MP133FAE7, STM32MP133FAF7, STM32MP133FAG7, STM32MP135AAE3, STM32MP135AAF3, STM32MP135AAG3, STM32MP135CAE3, STM32MP135CAF3, STM32MP135CAG3, STM32MP135DAE7, STM32MP135DAF7, STM32MP135DAG7, STM32MP135F-DK, STM32MP135FAE7, STM32MP135FAF7, STM32MP135FAF7T, STM32MP135FAF7U, STM32MP135FAG7, STM32U535CBT6, STM32U535CBT6Q, STM32U535CBU6, STM32U535CBU6Q, STM32U535CCT6, STM32U535CCT6Q, STM32U535CCU6, STM32U535CCU6Q, STM32U535CET6, STM32U535CET6Q, STM32U535CEU6, STM32U535CEU6Q, STM32U535JEY6QTR, STM32U535NCY6QTR, STM32U535NEY6QTR, STM32U535RBI6, STM32U535RBI6Q, STM32U535RBT6, STM32U535RBT6Q, STM32U535RCI6, STM32U535RCI6Q, STM32U535RCT6, STM32U535RCT6Q, STM32U535REI6, STM32U535REI6Q, STM32U535RET6, STM32U535RET6Q, STM32U535VCI6, STM32U535VCI6Q, STM32U535VCT6, STM32U535VCT6Q, STM32U535VEI6, STM32U535VEI6Q, STM32U535VET6, STM32U535VET6Q, STM32U545CET6, STM32U545CET6Q, STM32U545CEU6, STM32U545CEU6Q, STM32U545JEY6QTR, STM32U545NEY6QTR, STM32U545REI6, STM32U545REI6Q, STM32U545RET6, STM32U545RET6Q, STM32U545VEI6, STM32U545VEI6Q, STM32U545VET6, STM32U545VET6Q, STM32U595AIH6, STM32U595AIH6Q, STM32U595AJH6, STM32U595AJH6Q, STM32U595QII6, STM32U595QII6Q, STM32U595QJI6, STM32U595QJI6Q, STM32U595RIT6, STM32U595RIT6Q, STM32U595RJT6, STM32U595RJT6Q, STM32U595VIT6, STM32U595VIT6Q, STM32U595VJT6, STM32U595VJT6Q, STM32U595ZIT6, STM32U595ZIT6Q, STM32U595ZIY6QTR, STM32U595ZJT6, STM32U595ZJT6Q, STM32U595ZJY6QTR, STM32U599BJY6QTR, STM32U599NIH6Q, STM32U599NJH6Q, STM32U599VIT6Q, STM32U599VJT6, STM32U599VJT6Q, STM32U599ZIT6Q, STM32U599ZIY6QTR, STM32U599ZJT6Q, STM32U599ZJY6QTR, STM32U5A5AJH6, STM32U5A5AJH6Q, STM32U5A5QJI6, STM32U5A5QJI6Q, STM32U5A5RJT6, STM32U5A5RJT6Q, STM32U5A5VJT6, STM32U5A5VJT6Q, STM32U5A5ZJT6, STM32U5A5ZJT6Q, STM32U5A5ZJY6QTR, STM32U5A9BJY6QTR, STM32U5A9J-DK, STM32U5A9NJH6Q, STM32U5A9VJT6Q, STM32U5A9ZJT6Q, STM32U5A9ZJY6QTR, STM32U5F7VIT6, STM32U5F7VIT6Q, STM32U5F7VJT6, STM32U5F7VJT6Q, STM32U5F9BJY6QTR, STM32U5F9NJH6Q, STM32U5F9VIT6Q, STM32U5F9VJT6Q, STM32U5F9ZIJ6QTR, STM32U5F9ZIT6Q, STM32U5F9ZJJ6QTR, STM32U5F9ZJT6Q, STM32U5G7VJT6, STM32U5G7VJT6Q, STM32U5G9BJY6QTR, STM32U5G9J-DK1, STM32U5G9J-DK2, STM32U5G9NJH6Q, STM32U5G9VJT6Q, STM32U5G9ZJJ6QTR, STM32U5G9ZJT6Q, STM32WB1MMCH6, STM32WBA52CEU6, STM32WBA52CEU6T, STM32WBA52CGU6, STM32WBA52CGU6T, STM32WBA52KEU6, STM32WBA52KEU6T, STM32WBA52KGU6, STM32WBA52KGU6T, STM32WL5MOCH6, STM32WL5MOCH6TR]
2026-01-07 15:41:46,696 [INFO] DbMcus:217 - Found 4801 MCUs, 4801 are supported
2026-01-07 15:41:46,697 [INFO] ApiDb:423 - Load user favorites file C:\Users\bogda/.stm32cubeide/favorites.mcus.txt: 0 item(s)
2026-01-07 15:41:46,697 [INFO] ApiDb:427 - User favorites MCUs=[]
2026-01-07 15:41:46,698 [INFO] DbMcus:223 - Set 0 / 0 favorites MCUs
2026-01-07 15:41:47,240 [WARN] ThirdParty:833 - waiting for thirdparty lock release [change project]
2026-01-07 15:41:47,240 [INFO] ThirdParty:835 - entering critical section [change project]
2026-01-07 15:41:47,240 [INFO] ThirdParty:1030 - CMSIS Pack Vendor :STMicroelectronics USBPD 4.1
2026-01-07 15:41:47,240 [INFO] ThirdParty:1030 - CMSIS Pack Vendor :STMicroelectronics ThreadX 1.0.0
2026-01-07 15:41:47,240 [INFO] ThirdParty:1030 - CMSIS Pack Vendor :STMicroelectronics X-CUBE-MEMS1 12.0.0
2026-01-07 15:41:47,240 [INFO] ThirdParty:1030 - CMSIS Pack Vendor :STMicroelectronics USB_HOST 2.0.0
2026-01-07 15:41:47,240 [INFO] ThirdParty:1030 - CMSIS Pack Vendor :STMicroelectronics LIBJPEG 8.0.0
2026-01-07 15:41:47,240 [INFO] ThirdParty:1030 - CMSIS Pack Vendor :STMicroelectronics FreeRTOS 0.0.1
2026-01-07 15:41:47,240 [INFO] ThirdParty:1030 - CMSIS Pack Vendor :STMicroelectronics USB_DEVICE 1.0.0
2026-01-07 15:41:47,240 [INFO] ThirdParty:1030 - CMSIS Pack Vendor :STMicroelectronics STM32_WPAN 1.0.0
2026-01-07 15:41:47,240 [INFO] ThirdParty:1030 - CMSIS Pack Vendor :STMicroelectronics USB_DEVICE 3.0.0
2026-01-07 15:41:47,240 [INFO] ThirdParty:1030 - CMSIS Pack Vendor :STMicroelectronics HAL Drivers 0.0.0
2026-01-07 15:41:47,240 [INFO] ThirdParty:1030 - CMSIS Pack Vendor :STMicroelectronics MBEDTLS 2.16.2
2026-01-07 15:41:47,240 [INFO] ThirdParty:1030 - CMSIS Pack Vendor :STMicroelectronics ThreadX 0.0.2
2026-01-07 15:41:47,240 [INFO] ThirdParty:1030 - CMSIS Pack Vendor :STMicroelectronics lwIP 2.0.3
2026-01-07 15:41:47,240 [INFO] ThirdParty:1030 - CMSIS Pack Vendor :STMicroelectronics lwIP 2.1.2
2026-01-07 15:41:47,240 [INFO] ThirdParty:1030 - CMSIS Pack Vendor :STMicroelectronics MBEDTLS 2.14.1
2026-01-07 15:41:47,240 [INFO] ThirdParty:1030 - CMSIS Pack Vendor :STMicroelectronics USB_HOST 1.0.0
2026-01-07 15:41:47,240 [INFO] ThirdParty:1030 - CMSIS Pack Vendor :STMicroelectronics X-CUBE-TOUCHGFX 4.26.0
2026-01-07 15:41:47,241 [INFO] ThirdParty:1030 - CMSIS Pack Vendor :STMicroelectronics PDM2PCM 3.1.0
2026-01-07 15:41:47,241 [INFO] ThirdParty:1030 - CMSIS Pack Vendor :STMicroelectronics PDM2PCM 3.2.0
2026-01-07 15:41:47,241 [INFO] ThirdParty:1030 - CMSIS Pack Vendor :STMicroelectronics USB_DEVICE 2.0.0
2026-01-07 15:41:47,241 [INFO] ThirdParty:1030 - CMSIS Pack Vendor :STMicroelectronics PDM2PCM 3.3.0
2026-01-07 15:41:47,241 [INFO] ThirdParty:841 - exiting critical section [change project]
2026-01-07 15:41:47,772 [INFO] PinOutPanel:1499 - setPackage(No Configuration,No Configuration)
2026-01-07 15:41:47,776 [INFO] PinOutPanel:1499 - setPackage(STM32F407VGTx,LQFP100)
2026-01-07 15:41:48,370 [INFO] UtilMem:75 - Before build in PCC Used Memory: 666163256 Bytes (1073741824)
2026-01-07 15:41:49,754 [INFO] UtilMem:75 - After build in PCC Used Memory: 728035400 Bytes (1073741824)
2026-01-07 15:41:49,991 [INFO] ApiDbMcu:507 - Load IP Config File for FATFS
2026-01-07 15:41:50,035 [INFO] IPUIPlugin:80 - create IPUIPlugin
2026-01-07 15:41:50,035 [INFO] IPUIPlugin:80 - create IPUIPlugin
2026-01-07 15:41:50,035 [INFO] IPUIPlugin:80 - create IPUIPlugin
2026-01-07 15:41:50,035 [INFO] IPUIPlugin:80 - create IPUIPlugin
2026-01-07 15:41:50,035 [INFO] IPUIPlugin:80 - create IPUIPlugin
2026-01-07 15:41:50,036 [INFO] IPUIPlugin:80 - create IPUIPlugin
2026-01-07 15:41:50,036 [INFO] IPUIPlugin:80 - create IPUIPlugin
2026-01-07 15:41:50,036 [INFO] IPUIPlugin:80 - create IPUIPlugin
2026-01-07 15:41:50,036 [INFO] IPUIPlugin:80 - create IPUIPlugin
2026-01-07 15:41:50,036 [INFO] IPUIPlugin:80 - create IPUIPlugin
2026-01-07 15:41:50,036 [INFO] IPUIPlugin:80 - create IPUIPlugin
2026-01-07 15:41:50,036 [INFO] IPUIPlugin:80 - create IPUIPlugin
2026-01-07 15:41:50,036 [INFO] IPUIPlugin:80 - create IPUIPlugin
2026-01-07 15:41:50,036 [INFO] IPUIPlugin:80 - create IPUIPlugin
2026-01-07 15:41:50,036 [INFO] IPUIPlugin:80 - create IPUIPlugin
2026-01-07 15:41:50,037 [INFO] IPUIPlugin:80 - create IPUIPlugin
2026-01-07 15:41:50,037 [INFO] IPUIPlugin:80 - create IPUIPlugin
2026-01-07 15:41:50,037 [INFO] IPUIPlugin:80 - create IPUIPlugin
2026-01-07 15:41:50,037 [INFO] IPUIPlugin:80 - create IPUIPlugin
2026-01-07 15:41:50,037 [INFO] IPUIPlugin:80 - create IPUIPlugin
2026-01-07 15:41:50,037 [INFO] IPUIPlugin:80 - create IPUIPlugin
2026-01-07 15:41:50,037 [INFO] IPUIPlugin:80 - create IPUIPlugin
2026-01-07 15:41:50,037 [INFO] IPUIPlugin:80 - create IPUIPlugin
2026-01-07 15:41:50,037 [INFO] IPUIPlugin:80 - create IPUIPlugin
2026-01-07 15:41:50,037 [INFO] IPUIPlugin:80 - create IPUIPlugin
2026-01-07 15:41:50,038 [INFO] IPUIPlugin:80 - create IPUIPlugin
2026-01-07 15:41:50,038 [INFO] IPUIPlugin:80 - create IPUIPlugin
2026-01-07 15:41:50,038 [INFO] IPUIPlugin:80 - create IPUIPlugin
2026-01-07 15:41:50,038 [INFO] IPUIPlugin:80 - create IPUIPlugin
2026-01-07 15:41:50,038 [INFO] IPUIPlugin:80 - create IPUIPlugin
2026-01-07 15:41:50,038 [INFO] IPUIPlugin:80 - create IPUIPlugin
2026-01-07 15:41:50,038 [INFO] IPUIPlugin:80 - create IPUIPlugin
2026-01-07 15:41:50,038 [INFO] IPUIPlugin:80 - create IPUIPlugin
2026-01-07 15:41:50,039 [INFO] IPUIPlugin:80 - create IPUIPlugin
2026-01-07 15:41:50,039 [INFO] IPUIPlugin:80 - create IPUIPlugin
2026-01-07 15:41:50,039 [INFO] IPUIPlugin:80 - create IPUIPlugin
2026-01-07 15:41:50,039 [INFO] IPUIPlugin:80 - create IPUIPlugin
2026-01-07 15:41:50,039 [INFO] IPUIPlugin:80 - create IPUIPlugin
2026-01-07 15:41:50,039 [INFO] IPUIPlugin:80 - create IPUIPlugin
2026-01-07 15:41:50,039 [INFO] IPUIPlugin:80 - create IPUIPlugin
2026-01-07 15:41:50,040 [INFO] IPUIPlugin:80 - create IPUIPlugin
2026-01-07 15:41:50,040 [INFO] IPUIPlugin:80 - create IPUIPlugin
2026-01-07 15:41:50,040 [INFO] IPUIPlugin:80 - create IPUIPlugin
2026-01-07 15:41:50,040 [INFO] IPUIPlugin:80 - create IPUIPlugin
2026-01-07 15:41:50,040 [INFO] IPUIPlugin:80 - create IPUIPlugin
2026-01-07 15:41:50,040 [INFO] IPUIPlugin:80 - create IPUIPlugin
2026-01-07 15:41:50,041 [INFO] IPUIPlugin:80 - create IPUIPlugin
2026-01-07 15:41:50,041 [INFO] IPUIPlugin:80 - create IPUIPlugin
2026-01-07 15:41:50,041 [INFO] IPUIPlugin:80 - create IPUIPlugin
2026-01-07 15:41:50,041 [INFO] IPUIPlugin:80 - create IPUIPlugin
2026-01-07 15:41:50,042 [INFO] IPUIPlugin:80 - create IPUIPlugin
2026-01-07 15:41:50,042 [INFO] IPUIPlugin:80 - create IPUIPlugin
2026-01-07 15:41:50,042 [INFO] IPUIPlugin:80 - create IPUIPlugin
2026-01-07 15:41:50,042 [INFO] IPUIPlugin:80 - create IPUIPlugin
2026-01-07 15:41:50,042 [INFO] IPUIPlugin:80 - create IPUIPlugin
2026-01-07 15:41:50,043 [INFO] IPUIPlugin:80 - create IPUIPlugin
2026-01-07 15:41:50,044 [INFO] IPUIPlugin:80 - create IPUIPlugin
2026-01-07 15:41:50,044 [INFO] IPUIPlugin:80 - create IPUIPlugin
2026-01-07 15:41:50,106 [INFO] ApiDbMcu:507 - Load IP Config File for PDM2PCM
2026-01-07 15:41:50,124 [WARN] IP:2114 - I2C_Coeff_DF not found: check if there is a RefParameter without a condition.
2026-01-07 15:41:50,124 [WARN] IP:2114 - Analog_Filter not found: check if there is a RefParameter without a condition.
2026-01-07 15:41:50,443 [INFO] CADModel:165 - CPN selected for project levelSTM32F407VGT6
2026-01-07 15:41:50,443 [INFO] CADModel:114 - Register for checkConnection events
2026-01-07 15:41:50,521 [INFO] OpenFileManager:328 - Restore cursor
2026-01-07 15:41:50,671 [WARN] IP:2114 - I2C_Coeff_DF not found: check if there is a RefParameter without a condition.
2026-01-07 15:41:50,671 [WARN] IP:2114 - Analog_Filter not found: check if there is a RefParameter without a condition.
2026-01-07 15:41:50,671 [WARN] IP:2114 - I2C_Coeff_DF not found: check if there is a RefParameter without a condition.
2026-01-07 15:41:50,672 [WARN] IP:2114 - Analog_Filter not found: check if there is a RefParameter without a condition.
2026-01-07 18:01:55,097 [INFO] UtilMem:75 - End SaveConfig() Used Memory: 800471904 Bytes (1073741824)
2026-01-07 18:04:27,875 [INFO] Activator:176 - 


2026-01-07 18:04:27,877 [INFO] Activator:177 - !SESSION log4j initialized
2026-01-07 18:04:32,822 [INFO] LogOutputStream:77 - [STDOUT_REDIRECT] 
2026-01-07 18:04:34,228 [INFO] ApplicationProperties:184 - Using Application install path: C:\ST\STM32CubeIDE_1.13.0\STM32CubeIDE\plugins\com.st.stm32cube.common.mx_6.9.0.202307051724
2026-01-07 18:04:34,268 [INFO] DbMcusXml:78 - Set database path to: C:\ST\STM32CubeIDE_1.13.0\STM32CubeIDE\plugins\com.st.stm32cube.common.mx_6.9.0.202307051724\\db\/mcu/
2026-01-07 18:04:34,269 [INFO] ApiDb:274 - Set plugin database path to: C:\ST\STM32CubeIDE_1.13.0\STM32CubeIDE\plugins\com.st.stm32cube.common.mx_6.9.0.202307051724\\db\/plugins/boardmanager/
2026-01-07 18:04:34,270 [WARN] ApiDb:259 - Overriding images path with different value:  => C:\ST\STM32CubeIDE_1.13.0\STM32CubeIDE\plugins\com.st.stm32cube.common.mx_6.9.0.202307051724\\db\/plugins/mcufinder/images/
2026-01-07 18:04:34,290 [INFO] ApiDb:250 - Set database path to: C:\Users\bogda\.stmcufinder\plugins\mcufinder//mcu/
2026-01-07 18:04:34,292 [INFO] DbMcusAds:125 - Set database path to: C:\Users\bogda\.stmcufinder\plugins\mcufinder//mcu/
2026-01-07 18:04:34,296 [INFO] CrossReferenceDbSqlite:203 - Set database path to: C:\Users\bogda\.stmcufinder\plugins\mcufinder//mcu/cs/
2026-01-07 18:04:34,556 [INFO] RulesReader:64 - Compatibility file has been processed (293 Rules)
2026-01-07 18:04:34,802 [INFO] DbMcusXml:78 - Set database path to: C:\ST\STM32CubeIDE_1.13.0\STM32CubeIDE\plugins\com.st.stm32cube.common.mx_6.9.0.202307051724\\db\/mcu/
2026-01-07 18:04:34,802 [INFO] ApiDb:274 - Set plugin database path to: C:\ST\STM32CubeIDE_1.13.0\STM32CubeIDE\plugins\com.st.stm32cube.common.mx_6.9.0.202307051724\\db\/plugins/boardmanager/
2026-01-07 18:04:34,804 [INFO] ApiDb:261 - Set plugin images path to: C:\ST\STM32CubeIDE_1.13.0\STM32CubeIDE\plugins\com.st.stm32cube.common.mx_6.9.0.202307051724\\db\/plugins/mcufinder/images/
2026-01-07 18:04:34,804 [WARN] DbFile:41 - Overriding database path with different value: C:\Users\bogda\.stmcufinder\plugins\mcufinder/ => C:\Users\bogda\.stmcufinder\plugins\mcufinder
2026-01-07 18:04:34,804 [INFO] ApiDb:250 - Set database path to: C:\Users\bogda\.stmcufinder\plugins\mcufinder//mcu/
2026-01-07 18:04:34,804 [WARN] DbFile:41 - Overriding database path with different value: C:\Users\bogda\.stmcufinder\plugins\mcufinder/ => C:\Users\bogda\.stmcufinder\plugins\mcufinder
2026-01-07 18:04:34,804 [INFO] DbMcusAds:125 - Set database path to: C:\Users\bogda\.stmcufinder\plugins\mcufinder//mcu/
2026-01-07 18:04:34,804 [WARN] DbFile:41 - Overriding database path with different value: C:\Users\bogda\.stmcufinder\plugins\mcufinder/ => C:\Users\bogda\.stmcufinder\plugins\mcufinder
2026-01-07 18:04:34,804 [WARN] DbFile:41 - Overriding database path with different value: C:\Users\bogda\.stmcufinder\plugins\mcufinder/ => C:\Users\bogda\.stmcufinder\plugins\mcufinder
2026-01-07 18:04:34,804 [INFO] CrossReferenceDbSqlite:203 - Set database path to: C:\Users\bogda\.stmcufinder\plugins\mcufinder//mcu/cs/
2026-01-07 18:04:35,026 [INFO] MainPanel:262 - HeapMemory: 268435456
2026-01-07 18:04:35,371 [INFO] DbMcusXml:78 - Set database path to: C:\ST\STM32CubeIDE_1.13.0\STM32CubeIDE\plugins\com.st.stm32cube.common.mx_6.9.0.202307051724\\db\/mcu/
2026-01-07 18:04:35,371 [INFO] ApiDb:274 - Set plugin database path to: C:\ST\STM32CubeIDE_1.13.0\STM32CubeIDE\plugins\com.st.stm32cube.common.mx_6.9.0.202307051724\\db\/plugins/boardmanager/
2026-01-07 18:04:35,371 [INFO] ApiDb:261 - Set plugin images path to: C:\ST\STM32CubeIDE_1.13.0\STM32CubeIDE\plugins\com.st.stm32cube.common.mx_6.9.0.202307051724\\db\/plugins/mcufinder/images/
2026-01-07 18:04:35,373 [WARN] DbFile:41 - Overriding database path with different value: C:\Users\bogda\.stmcufinder\plugins\mcufinder/ => C:\Users\bogda\.stmcufinder\plugins\mcufinder
2026-01-07 18:04:35,373 [INFO] ApiDb:250 - Set database path to: C:\Users\bogda\.stmcufinder\plugins\mcufinder//mcu/
2026-01-07 18:04:35,373 [WARN] DbFile:41 - Overriding database path with different value: C:\Users\bogda\.stmcufinder\plugins\mcufinder/ => C:\Users\bogda\.stmcufinder\plugins\mcufinder
2026-01-07 18:04:35,373 [INFO] DbMcusAds:125 - Set database path to: C:\Users\bogda\.stmcufinder\plugins\mcufinder//mcu/
2026-01-07 18:04:35,373 [WARN] DbFile:41 - Overriding database path with different value: C:\Users\bogda\.stmcufinder\plugins\mcufinder/ => C:\Users\bogda\.stmcufinder\plugins\mcufinder
2026-01-07 18:04:35,373 [WARN] DbFile:41 - Overriding database path with different value: C:\Users\bogda\.stmcufinder\plugins\mcufinder/ => C:\Users\bogda\.stmcufinder\plugins\mcufinder
2026-01-07 18:04:35,374 [INFO] CrossReferenceDbSqlite:203 - Set database path to: C:\Users\bogda\.stmcufinder\plugins\mcufinder//mcu/cs/
2026-01-07 18:04:35,427 [INFO] ApplicationProperties:184 - Using Application install path: C:\ST\STM32CubeIDE_1.13.0\STM32CubeIDE\plugins\com.st.stm32cube.common.mx_6.9.0.202307051724
2026-01-07 18:04:35,433 [INFO] PluginManage:196 - Search for loadable plugins [exclusion list=, ]
2026-01-07 18:04:35,440 [INFO] PluginManage:310 - Check plugin analytics
2026-01-07 18:04:36,044 [INFO] AnalyticsPlugin:253 - Accepted Software Licenses: 
2026-01-07 18:04:36,045 [INFO] AnalyticsPlugin:255 - Accepted CMSIS Pack Licenses: 
2026-01-07 18:04:36,045 [INFO] AnalyticsPlugin:257 - Accepted Firmware Licenses: FW.F4.1.27.0,FW.H7.1.11.0
2026-01-07 18:04:36,049 [INFO] PluginManage:359 - Loaded plugin analytics (category:tool,tabindex:-1)
2026-01-07 18:04:36,049 [INFO] PluginManage:310 - Check plugin cadmodel
2026-01-07 18:04:36,073 [INFO] CADModel:105 - Init CAD model plugin
2026-01-07 18:04:36,073 [INFO] PluginManage:359 - Loaded plugin cadmodel (category:power,tabindex:5)
2026-01-07 18:04:36,074 [INFO] PluginManage:310 - Check plugin clock
2026-01-07 18:04:36,117 [INFO] PluginManage:359 - Loaded plugin clock (category:base,tabindex:2)
2026-01-07 18:04:36,117 [INFO] PluginManage:310 - Check plugin ddr
2026-01-07 18:04:36,126 [INFO] PluginManage:359 - Loaded plugin ddr (category:tool,tabindex:6)
2026-01-07 18:04:36,127 [INFO] PluginManage:310 - Check plugin filemanager
2026-01-07 18:04:36,351 [INFO] PluginManage:359 - Loaded plugin filemanager (category:base,tabindex:10)
2026-01-07 18:04:36,351 [INFO] PluginManage:310 - Check plugin ipmanager
2026-01-07 18:04:36,360 [INFO] PluginManage:359 - Loaded plugin ipmanager (category:base,tabindex:5)
2026-01-07 18:04:36,360 [INFO] PluginManage:310 - Check plugin lpbam
2026-01-07 18:04:36,384 [INFO] PluginManage:359 - Loaded plugin lpbam (category:base,tabindex:0)
2026-01-07 18:04:36,384 [INFO] PluginManage:310 - Check plugin memorymap
2026-01-07 18:04:36,409 [INFO] PluginManage:359 - Loaded plugin memorymap (category:base,tabindex:4)
2026-01-07 18:04:36,410 [INFO] PluginManage:310 - Check plugin pinoutandconfiguration
2026-01-07 18:04:36,429 [INFO] PluginManage:359 - Loaded plugin pinoutandconfiguration (category:base,tabindex:1)
2026-01-07 18:04:36,429 [INFO] PluginManage:310 - Check plugin pinoutconfig
2026-01-07 18:04:36,516 [WARN] SupportedApi:132 - Cannot load RTOS API schema: s4s-elt-must-match.1: The content of 'definitions' must match (annotation?, (simpleType | complexType)?, (unique | key | keyref)*)). A problem was found starting at: attribute.
2026-01-07 18:04:36,635 [INFO] PluginManage:359 - Loaded plugin pinoutconfig (category:base,tabindex:0)
2026-01-07 18:04:36,635 [INFO] PluginManage:310 - Check plugin power
2026-01-07 18:04:36,661 [INFO] PluginManage:359 - Loaded plugin power (category:power,tabindex:4)
2026-01-07 18:04:36,661 [INFO] PluginManage:310 - Check plugin projectmanager
2026-01-07 18:04:36,684 [INFO] PluginManage:359 - Loaded plugin projectmanager (category:projectmanager,tabindex:3)
2026-01-07 18:04:36,684 [INFO] PluginManage:310 - Check plugin thirdparty
2026-01-07 18:04:37,022 [INFO] PluginManage:359 - Loaded plugin thirdparty (category:base,tabindex:-1)
2026-01-07 18:04:37,022 [INFO] PluginManage:310 - Check plugin tools
2026-01-07 18:04:37,022 [WARN] IntegrityCheckThread:84 - waiting for thirdparty lock release [integrity check]
2026-01-07 18:04:37,022 [INFO] IntegrityCheckThread:86 - entering critical section [integrity check]
2026-01-07 18:04:37,022 [INFO] ThirdPartyUpdaterWithRetryManager:70 - Updater plugin not ready yet. [1/15]
2026-01-07 18:04:37,073 [INFO] PluginManage:359 - Loaded plugin tools (category:base,tabindex:7)
2026-01-07 18:04:37,073 [INFO] PluginManage:310 - Check plugin tutovideos
2026-01-07 18:04:37,276 [INFO] PluginManage:359 - Loaded plugin tutovideos (category:base,tabindex:-1)
2026-01-07 18:04:37,276 [INFO] PluginManage:310 - Check plugin updater
2026-01-07 18:04:37,289 [INFO] PluginManage:359 - Loaded plugin updater (category:base,tabindex:12)
2026-01-07 18:04:37,289 [INFO] PluginManage:310 - Check plugin userauth
2026-01-07 18:04:37,294 [INFO] UserAuth:113 - Init User Auth plugin
2026-01-07 18:04:37,294 [INFO] PluginManage:359 - Loaded plugin userauth (category:base,tabindex:14)
2026-01-07 18:04:37,295 [INFO] PluginManage:283 - PluginManage : Loaded plugins [17]
2026-01-07 18:04:37,520 [INFO] PinOutPanel:1499 - setPackage(No Configuration,No Configuration)
2026-01-07 18:04:37,616 [INFO] CADModel:165 - CPN selected for project level
2026-01-07 18:04:37,616 [INFO] CADModel:114 - Register for checkConnection events
2026-01-07 18:04:37,648 [INFO] IPUIPlugin:80 - create IPUIPlugin
2026-01-07 18:04:37,648 [INFO] PluginManager:220 - loadIPPluginJar : add adc
2026-01-07 18:04:37,698 [INFO] IPUIPlugin:80 - create IPUIPlugin
2026-01-07 18:04:37,698 [INFO] PluginManager:220 - loadIPPluginJar : add aes
2026-01-07 18:04:37,752 [INFO] IPUIPlugin:80 - create IPUIPlugin
2026-01-07 18:04:37,752 [INFO] PluginManager:220 - loadIPPluginJar : add can
2026-01-07 18:04:37,782 [INFO] IPUIPlugin:80 - create IPUIPlugin
2026-01-07 18:04:37,783 [INFO] PluginManager:220 - loadIPPluginJar : add comp
2026-01-07 18:04:37,821 [INFO] IPUIPlugin:80 - create IPUIPlugin
2026-01-07 18:04:37,821 [INFO] PluginManager:220 - loadIPPluginJar : add cryp
2026-01-07 18:04:37,861 [INFO] IPUIPlugin:80 - create IPUIPlugin
2026-01-07 18:04:37,861 [INFO] PluginManager:220 - loadIPPluginJar : add dfsdm
2026-01-07 18:04:37,878 [INFO] IPUIPlugin:80 - create IPUIPlugin
2026-01-07 18:04:37,878 [INFO] PluginManager:220 - loadIPPluginJar : add dma
2026-01-07 18:04:37,929 [INFO] IPUIPlugin:80 - create IPUIPlugin
2026-01-07 18:04:37,929 [INFO] PluginManager:220 - loadIPPluginJar : add dma3
2026-01-07 18:04:37,953 [INFO] IPUIPlugin:80 - create IPUIPlugin
2026-01-07 18:04:37,953 [INFO] PluginManager:220 - loadIPPluginJar : add fatfs
2026-01-07 18:04:38,001 [INFO] IPUIPlugin:80 - create IPUIPlugin
2026-01-07 18:04:38,001 [INFO] PluginManager:220 - loadIPPluginJar : add fmc
2026-01-07 18:04:38,017 [INFO] IPUIPlugin:80 - create IPUIPlugin
2026-01-07 18:04:38,017 [INFO] PluginManager:220 - loadIPPluginJar : add freertos
2026-01-07 18:04:38,042 [INFO] IPUIPlugin:80 - create IPUIPlugin
2026-01-07 18:04:38,042 [INFO] PluginManager:220 - loadIPPluginJar : add genericplugin
2026-01-07 18:04:38,146 [INFO] IPUIPlugin:80 - create IPUIPlugin
2026-01-07 18:04:38,146 [INFO] PluginManager:220 - loadIPPluginJar : add gfxmmu
2026-01-07 18:04:38,289 [INFO] IPUIPlugin:80 - create IPUIPlugin
2026-01-07 18:04:38,289 [INFO] PluginManager:220 - loadIPPluginJar : add gic
2026-01-07 18:04:38,305 [INFO] IPUIPlugin:80 - create IPUIPlugin
2026-01-07 18:04:38,305 [INFO] PluginManager:220 - loadIPPluginJar : add gpio
2026-01-07 18:04:38,398 [INFO] IPUIPlugin:80 - create IPUIPlugin
2026-01-07 18:04:38,398 [INFO] PluginManager:220 - loadIPPluginJar : add gtzc
2026-01-07 18:04:38,436 [INFO] IPUIPlugin:80 - create IPUIPlugin
2026-01-07 18:04:38,436 [INFO] PluginManager:220 - loadIPPluginJar : add hash
2026-01-07 18:04:38,494 [INFO] IPUIPlugin:80 - create IPUIPlugin
2026-01-07 18:04:38,494 [INFO] PluginManager:220 - loadIPPluginJar : add i2c
2026-01-07 18:04:38,540 [INFO] IPUIPlugin:80 - create IPUIPlugin
2026-01-07 18:04:38,540 [INFO] PluginManager:220 - loadIPPluginJar : add i2s
2026-01-07 18:04:38,590 [INFO] IPUIPlugin:80 - create IPUIPlugin
2026-01-07 18:04:38,590 [INFO] PluginManager:220 - loadIPPluginJar : add i3c
2026-01-07 18:04:38,700 [INFO] IPUIPlugin:80 - create IPUIPlugin
2026-01-07 18:04:38,700 [INFO] PluginManager:220 - loadIPPluginJar : add ipddr
2026-01-07 18:04:38,803 [INFO] IPUIPlugin:80 - create IPUIPlugin
2026-01-07 18:04:38,803 [INFO] PluginManager:220 - loadIPPluginJar : add linkedlist
2026-01-07 18:04:38,846 [INFO] IPUIPlugin:80 - create IPUIPlugin
2026-01-07 18:04:38,846 [INFO] PluginManager:220 - loadIPPluginJar : add lorawan
2026-01-07 18:04:38,887 [INFO] IPUIPlugin:80 - create IPUIPlugin
2026-01-07 18:04:38,887 [INFO] PluginManager:220 - loadIPPluginJar : add ltdc
2026-01-07 18:04:38,904 [INFO] IPUIPlugin:80 - create IPUIPlugin
2026-01-07 18:04:38,905 [INFO] PluginManager:220 - loadIPPluginJar : add mdma
2026-01-07 18:04:38,919 [INFO] IPUIPlugin:80 - create IPUIPlugin
2026-01-07 18:04:38,919 [INFO] PluginManager:220 - loadIPPluginJar : add nvic
2026-01-07 18:04:38,964 [INFO] IPUIPlugin:80 - create IPUIPlugin
2026-01-07 18:04:38,965 [INFO] PluginManager:220 - loadIPPluginJar : add opamp
2026-01-07 18:04:39,038 [INFO] IPUIPlugin:80 - create IPUIPlugin
2026-01-07 18:04:39,039 [INFO] PluginManager:220 - loadIPPluginJar : add openamp
2026-01-07 18:04:39,088 [INFO] IPUIPlugin:80 - create IPUIPlugin
2026-01-07 18:04:39,089 [INFO] PluginManager:220 - loadIPPluginJar : add pdm2pcm
2026-01-07 18:04:39,106 [INFO] IPUIPlugin:80 - create IPUIPlugin
2026-01-07 18:04:39,108 [INFO] PluginManager:220 - loadIPPluginJar : add plateformsettings
2026-01-07 18:04:39,136 [INFO] IPUIPlugin:80 - create IPUIPlugin
2026-01-07 18:04:39,136 [INFO] PluginManager:220 - loadIPPluginJar : add quadspi
2026-01-07 18:04:39,150 [INFO] IPUIPlugin:80 - create IPUIPlugin
2026-01-07 18:04:39,150 [INFO] PluginManager:220 - loadIPPluginJar : add resmgrutility
2026-01-07 18:04:39,198 [INFO] IPUIPlugin:80 - create IPUIPlugin
2026-01-07 18:04:39,198 [INFO] PluginManager:220 - loadIPPluginJar : add sai
2026-01-07 18:04:39,245 [INFO] IPUIPlugin:80 - create IPUIPlugin
2026-01-07 18:04:39,245 [INFO] PluginManager:220 - loadIPPluginJar : add spi
2026-01-07 18:04:39,303 [INFO] IPUIPlugin:80 - create IPUIPlugin
2026-01-07 18:04:39,303 [INFO] PluginManager:220 - loadIPPluginJar : add stm32_wpan
2026-01-07 18:04:39,332 [INFO] IPUIPlugin:80 - create IPUIPlugin
2026-01-07 18:04:39,332 [INFO] PluginManager:220 - loadIPPluginJar : add tim
2026-01-07 18:04:39,390 [INFO] IPUIPlugin:80 - create IPUIPlugin
2026-01-07 18:04:39,390 [INFO] PluginManager:220 - loadIPPluginJar : add touchsensing
2026-01-07 18:04:39,415 [INFO] IPUIPlugin:80 - create IPUIPlugin
2026-01-07 18:04:39,415 [INFO] PluginManager:220 - loadIPPluginJar : add tracer_emb
2026-01-07 18:04:39,448 [INFO] IPUIPlugin:80 - create IPUIPlugin
2026-01-07 18:04:39,448 [INFO] PluginManager:220 - loadIPPluginJar : add ts
2026-01-07 18:04:39,485 [INFO] IPUIPlugin:80 - create IPUIPlugin
2026-01-07 18:04:39,485 [INFO] PluginManager:220 - loadIPPluginJar : add tsc
2026-01-07 18:04:39,513 [INFO] IPUIPlugin:80 - create IPUIPlugin
2026-01-07 18:04:39,513 [INFO] PluginManager:220 - loadIPPluginJar : add ucpd
2026-01-07 18:04:39,561 [INFO] IPUIPlugin:80 - create IPUIPlugin
2026-01-07 18:04:39,562 [INFO] PluginManager:220 - loadIPPluginJar : add usart
2026-01-07 18:04:39,616 [INFO] IPUIPlugin:80 - create IPUIPlugin
2026-01-07 18:04:39,616 [INFO] PluginManager:220 - loadIPPluginJar : add usbx
2026-01-07 18:04:39,729 [INFO] CADModel:165 - CPN selected for project level
2026-01-07 18:04:39,729 [INFO] CADModel:114 - Register for checkConnection events
2026-01-07 18:04:39,729 [FATAL] Updater:308 - Updater called before beeing initialized
2026-01-07 18:04:39,729 [ERROR] CADModel:125 - Updater not yet initialized, retry later 
2026-01-07 18:04:39,857 [INFO] CADModel:165 - CPN selected for project level
2026-01-07 18:04:39,857 [INFO] CADModel:114 - Register for checkConnection events
2026-01-07 18:04:39,857 [FATAL] Updater:308 - Updater called before beeing initialized
2026-01-07 18:04:39,857 [ERROR] CADModel:125 - Updater not yet initialized, retry later 
2026-01-07 18:04:39,860 [FATAL] Updater:308 - Updater called before beeing initialized
2026-01-07 18:04:39,944 [FATAL] Updater:308 - Updater called before beeing initialized
2026-01-07 18:04:39,958 [INFO] DbMcusAds:53 - JSON generation date=Tue Dec 16 01:11:46 EET 2025 (1765840306612)
2026-01-07 18:04:39,958 [FATAL] Updater:308 - Updater called before beeing initialized
2026-01-07 18:04:39,989 [WARN] DetailPanel:346 - Failed to get advertising image, set to default
2026-01-07 18:04:40,025 [INFO] ThirdPartyUpdaterWithRetryManager:70 - Updater plugin not ready yet. [2/15]
2026-01-07 18:04:40,060 [FATAL] Updater:308 - Updater called before beeing initialized
2026-01-07 18:04:40,062 [FATAL] Updater:308 - Updater called before beeing initialized
2026-01-07 18:04:40,062 [FATAL] Updater:308 - Updater called before beeing initialized
2026-01-07 18:04:40,062 [WARN] DetailPanel:346 - Failed to get advertising image, set to default
2026-01-07 18:04:40,062 [FATAL] Updater:308 - Updater called before beeing initialized
2026-01-07 18:04:40,113 [ERROR] Updater:1120 - MainUpdater not yet initialized. External WinMGr cannot be set.
2026-01-07 18:04:40,124 [INFO] Updater:1056 - Updater Version found : 6.9.0
2026-01-07 18:04:40,142 [INFO] ApplicationProperties:184 - Using Application install path: C:\ST\STM32CubeIDE_1.13.0\STM32CubeIDE\plugins\com.st.stm32cube.common.mx_6.9.0.202307051724
2026-01-07 18:04:40,358 [INFO] MainUpdater:2868 - connection check result : 10
2026-01-07 18:04:40,359 [INFO] MainUpdater:3562 - Updater definition file requires update
2026-01-07 18:04:40,360 [INFO] MainUpdater:285 - Updater Check For Update Now.
2026-01-07 18:04:40,360 [INFO] MicroXplorer:498 - Change Database Version : DB.6.0.90
2026-01-07 18:04:40,391 [INFO] McuFinderGlobals:63 - Set McuFinder mode to 2 (CubeIDE integrated)
2026-01-07 18:04:40,446 [INFO] ServerAccessManage:473 - Download File updaters.zip
2026-01-07 18:04:40,631 [INFO] FileExtend:240 - Unzip File : updaters.zip
2026-01-07 18:04:40,631 [INFO] FileExtend:255 - Standard Zip Deflate
2026-01-07 18:04:41,578 [INFO] ServerAccessManage:473 - Download File PacksControlFlags.xml
2026-01-07 18:04:41,695 [INFO] ServerAccessManage:473 - Download File cubemx.pidx
2026-01-07 18:04:41,784 [INFO] LoadServerUpdatesThread:373 - End of LoadServerUpdate Thread
2026-01-07 18:04:41,951 [INFO] CheckServerUpdateThread:120 - End of CheckServer Thread
2026-01-07 18:04:43,115 [ERROR] Engine:466 - C:\Users\bogda\.stm32cubemx\thirdparties\pdsc\WES.I-CUBE-Cesium.1.4.0.pdsc: PDSC version is not supported
2026-01-07 18:04:43,127 [ERROR] Engine:466 - C:\Users\bogda\.stm32cubemx\thirdparties\pdsc\STMicroelectronics.X-CUBE-FREERTOS.1.4.0.pdsc: PDSC version is not supported
2026-01-07 18:04:43,234 [WARN] PackLoader:240 - Cannot read IP mode file for STMicroelectronics.X-CUBE-MEMS1.12.0.0
2026-01-07 18:04:43,329 [WARN] PackLoader:240 - Cannot read IP mode file for STMicroelectronics.X-CUBE-TOUCHGFX.4.26.0
2026-01-07 18:04:43,331 [INFO] ThirdParty:978 - Integrity check success = true
2026-01-07 18:04:43,331 [INFO] IntegrityCheckThread:100 - exiting critical section [integrity check]
2026-01-07 18:04:43,331 [INFO] IntegrityCheckThread:103 - End integrity checks thread
2026-01-07 18:05:01,773 [ERROR] LogOutputStream:75 - [STDERR_REDIRECT] SLF4J: Failed to load class "org.slf4j.impl.StaticLoggerBinder".
2026-01-07 18:05:01,773 [ERROR] LogOutputStream:75 - [STDERR_REDIRECT] SLF4J: Defaulting to no-operation (NOP) logger implementation
2026-01-07 18:05:01,774 [ERROR] LogOutputStream:75 - [STDERR_REDIRECT] SLF4J: See http://www.slf4j.org/codes.html#StaticLoggerBinder for further details.
2026-01-07 18:05:04,377 [INFO] McuFinderGlobals:63 - Set McuFinder mode to 2 (CubeIDE integrated)
2026-01-07 18:05:04,409 [INFO] MainUpdater:2868 - connection check result : 10
2026-01-07 18:05:04,419 [INFO] MainUpdater:2868 - connection check result : 10
2026-01-07 18:05:04,625 [INFO] MicroXplorer:468 - Change Database Path : 
2026-01-07 18:05:04,625 [INFO] MicroXplorer:498 - Change Database Version : DB.6.0.90
2026-01-07 18:05:04,628 [WARN] ThirdParty:871 - waiting for thirdparty lock release [close project]
2026-01-07 18:05:04,628 [INFO] ThirdParty:873 - entering critical section [close project]
2026-01-07 18:05:04,628 [INFO] ThirdParty:883 - exiting critical section [close project]
2026-01-07 18:05:04,629 [INFO] PinOutPanel:1499 - setPackage(No Configuration,No Configuration)
2026-01-07 18:05:04,632 [INFO] UtilMem:75 - Begin LoadConfig() Used Memory: 214063000 Bytes (443547648)
2026-01-07 18:05:04,633 [INFO] MicroXplorer:468 - Change Database Path : 
2026-01-07 18:05:04,633 [INFO] MicroXplorer:498 - Change Database Version : DB.6.0.90
2026-01-07 18:05:04,633 [INFO] OpenFileManager:308 - Change cursor
2026-01-07 18:05:04,663 [INFO] Mcu:1946 - Initializing MCU STM32F407V(E-G)Tx STM32F407VGTx STM32F407VGT6
2026-01-07 18:05:06,503 [INFO] Context:659 - Trying to add GPIOservice into a context  which must be forbidden
2026-01-07 18:05:07,096 [INFO] RtosManager:555 - Registered RTOS mode: class=CMSIS, group=RTOS, mode=CMSIS_V1, owner=FREERTOS
2026-01-07 18:05:07,096 [INFO] RtosManager:555 - Registered RTOS mode: class=CMSIS, group=RTOS2, mode=CMSIS_V2, owner=FREERTOS
2026-01-07 18:05:07,096 [INFO] RtosManager:555 - Registered RTOS mode: class=RTOS, group=Core, mode=CMSIS_V1, owner=FREERTOS
2026-01-07 18:05:07,096 [INFO] RtosManager:555 - Registered RTOS mode: class=RTOS, group=Core, mode=CMSIS_V2, owner=FREERTOS
2026-01-07 18:05:07,097 [WARN] ModelIntegratedComponent:184 - Missing modes for component STMicroelectronics:FreeRTOS:0.0.1:STMicroelectronics:RTOS:FreeRTOS:Core:::10.2.0:
2026-01-07 18:05:07,101 [WARN] ModelIntegratedComponent:63 - No mode defined for component null
2026-01-07 18:05:07,101 [WARN] ModelIntegratedComponent:63 - No mode defined for component null
2026-01-07 18:05:07,101 [WARN] ModelIntegratedComponent:63 - No mode defined for component null
2026-01-07 18:05:07,101 [WARN] ModelIntegratedComponent:63 - No mode defined for component null
2026-01-07 18:05:07,101 [WARN] ModelIntegratedComponent:63 - No mode defined for component null
2026-01-07 18:05:07,101 [WARN] ModelIntegratedComponent:63 - No mode defined for component null
2026-01-07 18:05:07,101 [WARN] ModelIntegratedComponent:63 - No mode defined for component null
2026-01-07 18:05:07,101 [WARN] ModelIntegratedComponent:63 - No mode defined for component null
2026-01-07 18:05:07,101 [WARN] ModelIntegratedComponent:63 - No mode defined for component null
2026-01-07 18:05:07,101 [WARN] ModelIntegratedComponent:63 - No mode defined for component null
2026-01-07 18:05:07,101 [WARN] ModelIntegratedComponent:63 - No mode defined for component null
2026-01-07 18:05:07,102 [WARN] ModelIntegratedComponent:63 - No mode defined for component null
2026-01-07 18:05:07,102 [WARN] ModelIntegratedComponent:63 - No mode defined for component null
2026-01-07 18:05:07,102 [WARN] ModelIntegratedComponent:63 - No mode defined for component null
2026-01-07 18:05:07,102 [WARN] ModelIntegratedComponent:63 - No mode defined for component null
2026-01-07 18:05:07,102 [WARN] ModelIntegratedComponent:63 - No mode defined for component null
2026-01-07 18:05:07,102 [WARN] ModelIntegratedComponent:63 - No mode defined for component null
2026-01-07 18:05:07,102 [WARN] ModelIntegratedComponent:63 - No mode defined for component null
2026-01-07 18:05:07,102 [WARN] ModelIntegratedComponent:63 - No mode defined for component null
2026-01-07 18:05:07,102 [WARN] ModelIntegratedComponent:63 - No mode defined for component null
2026-01-07 18:05:07,102 [WARN] ModelIntegratedComponent:63 - No mode defined for component null
2026-01-07 18:05:07,102 [WARN] ModelIntegratedComponent:63 - No mode defined for component null
2026-01-07 18:05:07,102 [WARN] ModelIntegratedComponent:63 - No mode defined for component null
2026-01-07 18:05:07,102 [WARN] ModelIntegratedComponent:63 - No mode defined for component null
2026-01-07 18:05:07,102 [WARN] ModelIntegratedComponent:63 - No mode defined for component null
2026-01-07 18:05:07,102 [WARN] ModelIntegratedComponent:63 - No mode defined for component null
2026-01-07 18:05:07,102 [WARN] ModelIntegratedComponent:63 - No mode defined for component null
2026-01-07 18:05:07,102 [WARN] ModelIntegratedComponent:63 - No mode defined for component null
2026-01-07 18:05:07,102 [WARN] ModelIntegratedComponent:63 - No mode defined for component null
2026-01-07 18:05:07,102 [WARN] ModelIntegratedComponent:63 - No mode defined for component null
2026-01-07 18:05:07,102 [WARN] ModelIntegratedComponent:63 - No mode defined for component null
2026-01-07 18:05:07,102 [WARN] ModelIntegratedComponent:63 - No mode defined for component null
2026-01-07 18:05:07,102 [WARN] ModelIntegratedComponent:63 - No mode defined for component null
2026-01-07 18:05:07,113 [INFO] ThirdPartyModel:298 - Start build external matchings
2026-01-07 18:05:07,158 [INFO] ThirdPartyModel:316 - End build external matchings
2026-01-07 18:05:07,174 [INFO] ImportTextPane:194 - (OptionalMessage_ERROR) IP (DMA) : Parameter (Instance) has Id (SDIO_TX) currently not set
2026-01-07 18:05:07,174 [INFO] ImportTextPane:194 - (OptionalMessage_ERROR) IP (DMA) : Parameter (Channel) has Id (SDIO_TX) currently not set
2026-01-07 18:05:07,174 [INFO] ImportTextPane:194 - (OptionalMessage_ERROR) IP (DMA) : Parameter (Direction) has Id (SDIO_TX) currently not set
2026-01-07 18:05:07,174 [INFO] ImportTextPane:194 - (OptionalMessage_ERROR) IP (DMA) : Parameter (PeriphInc) has Id (SDIO_TX) currently not set
2026-01-07 18:05:07,174 [INFO] ImportTextPane:194 - (OptionalMessage_ERROR) IP (DMA) : Parameter (MemInc) has Id (SDIO_TX) currently not set
2026-01-07 18:05:07,174 [INFO] ImportTextPane:194 - (OptionalMessage_ERROR) IP (DMA) : Parameter (PeriphDataAlignment) has Id (SDIO_TX) currently not set
2026-01-07 18:05:07,174 [INFO] ImportTextPane:194 - (OptionalMessage_ERROR) IP (DMA) : Parameter (MemDataAlignment) has Id (SDIO_TX) currently not set
2026-01-07 18:05:07,174 [INFO] ImportTextPane:194 - (OptionalMessage_ERROR) IP (DMA) : Parameter (Mode) has Id (SDIO_TX) currently not set
2026-01-07 18:05:07,174 [INFO] ImportTextPane:194 - (OptionalMessage_ERROR) IP (DMA) : Parameter (Priority) has Id (SDIO_TX) currently not set
2026-01-07 18:05:07,174 [INFO] ImportTextPane:194 - (OptionalMessage_ERROR) IP (DMA) : Parameter (FIFOMode) has Id (SDIO_TX) currently not set
2026-01-07 18:05:07,174 [INFO] ImportTextPane:194 - (OptionalMessage_ERROR) IP (DMA) : Parameter (FIFOThreshold) has Id (SDIO_TX) currently not set
2026-01-07 18:05:07,174 [INFO] ImportTextPane:194 - (OptionalMessage_ERROR) IP (DMA) : Parameter (FIFOThreshold) has invalid value (null)
2026-01-07 18:05:07,175 [INFO] ImportTextPane:194 - (OptionalMessage_ERROR) IP (DMA) : Parameter (MemBurst) has Id (SDIO_TX) currently not set
2026-01-07 18:05:07,175 [INFO] ImportTextPane:194 - (OptionalMessage_ERROR) IP (DMA) : Parameter (MemBurst) has invalid value (null)
2026-01-07 18:05:07,175 [INFO] ImportTextPane:194 - (OptionalMessage_ERROR) IP (DMA) : Parameter (PeriphBurst) has Id (SDIO_TX) currently not set
2026-01-07 18:05:07,175 [INFO] ImportTextPane:194 - (OptionalMessage_ERROR) IP (DMA) : Parameter (PeriphBurst) has invalid value (null)
2026-01-07 18:05:07,175 [INFO] ImportTextPane:194 - (OptionalMessage_ERROR) IP (DMA) : Parameter (Instance) has Id (SDIO_RX) currently not set
2026-01-07 18:05:07,175 [INFO] ImportTextPane:194 - (OptionalMessage_ERROR) IP (DMA) : Parameter (Channel) has Id (SDIO_RX) currently not set
2026-01-07 18:05:07,175 [INFO] ImportTextPane:194 - (OptionalMessage_ERROR) IP (DMA) : Parameter (Direction) has Id (SDIO_RX) currently not set
2026-01-07 18:05:07,175 [INFO] ImportTextPane:194 - (OptionalMessage_ERROR) IP (DMA) : Parameter (PeriphInc) has Id (SDIO_RX) currently not set
2026-01-07 18:05:07,175 [INFO] ImportTextPane:194 - (OptionalMessage_ERROR) IP (DMA) : Parameter (MemInc) has Id (SDIO_RX) currently not set
2026-01-07 18:05:07,175 [INFO] ImportTextPane:194 - (OptionalMessage_ERROR) IP (DMA) : Parameter (PeriphDataAlignment) has Id (SDIO_RX) currently not set
2026-01-07 18:05:07,175 [INFO] ImportTextPane:194 - (OptionalMessage_ERROR) IP (DMA) : Parameter (MemDataAlignment) has Id (SDIO_RX) currently not set
2026-01-07 18:05:07,175 [INFO] ImportTextPane:194 - (OptionalMessage_ERROR) IP (DMA) : Parameter (Mode) has Id (SDIO_RX) currently not set
2026-01-07 18:05:07,175 [INFO] ImportTextPane:194 - (OptionalMessage_ERROR) IP (DMA) : Parameter (Priority) has Id (SDIO_RX) currently not set
2026-01-07 18:05:07,175 [INFO] ImportTextPane:194 - (OptionalMessage_ERROR) IP (DMA) : Parameter (FIFOMode) has Id (SDIO_RX) currently not set
2026-01-07 18:05:07,175 [INFO] ImportTextPane:194 - (OptionalMessage_ERROR) IP (DMA) : Parameter (FIFOThreshold) has Id (SDIO_RX) currently not set
2026-01-07 18:05:07,175 [INFO] ImportTextPane:194 - (OptionalMessage_ERROR) IP (DMA) : Parameter (FIFOThreshold) has invalid value (null)
2026-01-07 18:05:07,175 [INFO] ImportTextPane:194 - (OptionalMessage_ERROR) IP (DMA) : Parameter (MemBurst) has Id (SDIO_RX) currently not set
2026-01-07 18:05:07,175 [INFO] ImportTextPane:194 - (OptionalMessage_ERROR) IP (DMA) : Parameter (MemBurst) has invalid value (null)
2026-01-07 18:05:07,175 [INFO] ImportTextPane:194 - (OptionalMessage_ERROR) IP (DMA) : Parameter (PeriphBurst) has Id (SDIO_RX) currently not set
2026-01-07 18:05:07,175 [INFO] ImportTextPane:194 - (OptionalMessage_ERROR) IP (DMA) : Parameter (PeriphBurst) has invalid value (null)
2026-01-07 18:05:07,611 [INFO] UtilMem:75 - End LoadConfig() Used Memory: 204722144 Bytes (443547648)
2026-01-07 18:05:07,864 [INFO] ApiDb:581 - Connected to CubeFinder SQLite database (C:\Users\bogda\.stmcufinder\plugins\mcufinder\mcu\cube-finder-db.db)
2026-01-07 18:05:07,929 [INFO] ApiDb:668 - CubeFinder database Data Model version=2.1
2026-01-07 18:05:07,929 [INFO] ApiDb:669 - CubeFinder database Configuration version=3.0.39
2026-01-07 18:05:07,929 [INFO] ApiDb:670 - CubeFinder database generation date=2025-12-22 (1766407740)
2026-01-07 18:05:07,929 [INFO] ApiDb:671 - CubeFinder database FW Pack versions=[FP-ATR-ASTRA1_V2.0.0, FP-SNS-FLIGHT1_V5.1.0, FP-SNS-MOTENV1_V5.1.0, FP-SNS-MOTENVWB1_V1.4.0, FP-SNS-SMARTAG2_V1.2.0, FP-SNS-STBOX1_V2.1.0, STM32Cube_FW_C0_V1.4.0, STM32Cube_FW_F4_V1.28.3, STM32Cube_FW_F7_V1.17.4, STM32Cube_FW_G0_V1.6.2, STM32Cube_FW_G4_V1.6.1, STM32Cube_FW_H5_V1.5.1, STM32Cube_FW_H7RS_V1.3.0, STM32Cube_FW_H7_V1.12.1, STM32Cube_FW_L0_V1.12.2, STM32Cube_FW_L4_V1.18.1, STM32Cube_FW_L5_V1.6.0, STM32Cube_FW_N6_V1.3.0, STM32Cube_FW_U0_V1.3.0, STM32Cube_FW_U3_V1.2.1, STM32Cube_FW_U5_V1.8.0, STM32Cube_FW_WB0_V1.4.0, STM32Cube_FW_WBA_V1.8.0, STM32Cube_FW_WB_V1.24.0, STM32Cube_FW_WL3_V1.3.0, STM32Cube_FW_WL_V1.4.0, X-CUBE-ALGOBUILD_V1.4.0, X-CUBE-ALS_V1.0.2, X-CUBE-AZRTOS-F4_V1.1.0, X-CUBE-AZRTOS-F7_V1.1.0, X-CUBE-AZRTOS-G0_V1.1.0, X-CUBE-AZRTOS-G4_V2.0.0, X-CUBE-AZRTOS-H7RS_V1.1.0, X-CUBE-AZRTOS-H7_V3.4.0, X-CUBE-AZRTOS-L4_V2.0.0, X-CUBE-AZRTOS-L5_V2.0.0, X-CUBE-AZRTOS-WB_V2.0.0, X-CUBE-AZRTOS-WL_V2.0.0, X-CUBE-BLE1_V7.1.0, X-CUBE-BLE2_V3.3.0, X-CUBE-BLEMGR_V4.1.0, X-CUBE-EEPRMA1_V5.2.0, X-CUBE-FREERTOS_V1.3.1, X-CUBE-GNSS1_V6.0.0, X-CUBE-MEMS1_V12.0.0, X-CUBE-NFC4_V3.0.0, X-CUBE-NFC7_V2.0.0, X-CUBE-SFXS2LP1_V4.0.0, X-CUBE-ST67W61_V1.1.0, X-CUBE-SUBG2_V5.0.0, X-CUBE-TOF1_V3.4.3]
2026-01-07 18:05:10,181 [INFO] ApiDb:240 - Found 323 in-development CPN: [B-G473E-ZEST1S, B-WB1M-WPAN1, B-WL5M-SUBG1, NUCLEO-C031C6, NUCLEO-H503RB, NUCLEO-H563ZI, NUCLEO-U545RE-Q, NUCLEO-U5A5ZJ-Q, NUCLEO-WBA52CG, STEVAL-PROTEUS1, STEVAL-SMARTAG2, STEVAL-STWINBX1, STM320518-EVAL, STM32C0116-DK, STM32C011D6Y3TR, STM32C011D6Y6TR, STM32C011F4P3, STM32C011F4P6, STM32C011F4U3, STM32C011F4U6TR, STM32C011F6P3, STM32C011F6P6, STM32C011F6U3, STM32C011F6U6TR, STM32C011J4M3, STM32C011J4M6, STM32C011J6M3, STM32C011J6M6, STM32C0316-DK, STM32C031C4T3, STM32C031C4T6, STM32C031C4U3, STM32C031C4U6, STM32C031C6T3, STM32C031C6T6, STM32C031C6U3, STM32C031C6U6, STM32C031F4P3, STM32C031F4P6, STM32C031F6P3, STM32C031F6P6, STM32C031G4U3, STM32C031G4U6, STM32C031G6U3, STM32C031G6U6, STM32C031K4T3, STM32C031K4T6, STM32C031K4U3, STM32C031K4U6, STM32C031K6T3, STM32C031K6T6, STM32C031K6U3, STM32C031K6U6, STM32G071K8TXN, STM32G071K8UXN, STM32G081GBU6N, STM32G081KBT6N, STM32G081KBUXN, STM32G0B1CCT6N, STM32G0B1KCT6, STM32G0B1NEY6TR, STM32G0B1RCT6N, STM32G0C1CCT6, STM32G0C1CCT6N, STM32G0C1CCU6N, STM32G0C1CET6N, STM32G0C1CEU6N, STM32G0C1KCT6, STM32G0C1NEY6TR, STM32G0C1RCI6N, STM32G0C1RCT6N, STM32G0C1REI6N, STM32G0C1RET6N, STM32G0C1VCI6, STM32G0C1VEI6, STM32G471CCT6, STM32G471CCU6, STM32G471CET3, STM32G471CET6, STM32G471CEU3, STM32G471CEU6, STM32G471MCT6, STM32G471MET3, STM32G471MET6, STM32G471MEY6TR, STM32G471QCT6, STM32G471QET3, STM32G471RCT6, STM32G471RET3, STM32G471RET6, STM32G471VCH6, STM32G471VCI6, STM32G471VCT6, STM32G471VEH3, STM32G471VEH6, STM32G471VEI3, STM32G471VEI6, STM32G471VET3, STM32G471VET6, STM32G474CCT6, STM32H503CBT6, STM32H503CBU6, STM32H503EBY6TR, STM32H503KBU6, STM32H503RBT6, STM32H562AGI6, STM32H562AII6, STM32H562IGK6, STM32H562IGT6, STM32H562IIK6, STM32H562IIT6, STM32H562RGT6, STM32H562RGV6, STM32H562RIT6, STM32H562RIV6, STM32H562VGT6, STM32H562VIT6, STM32H562ZGT6, STM32H562ZIT6, STM32H563AGI6, STM32H563AII3Q, STM32H563AII6, STM32H563IGK6, STM32H563IGT6, STM32H563IIK3Q, STM32H563IIK6, STM32H563IIT3Q, STM32H563IIT6, STM32H563MIY3QTR, STM32H563RGT6, STM32H563RGV6, STM32H563RIT6, STM32H563RIV6, STM32H563VGT6, STM32H563VIT3Q, STM32H563VIT6, STM32H563ZGT6, STM32H563ZIT3Q, STM32H563ZIT6, STM32H573AII3Q, STM32H573AII6, STM32H573I-DK, STM32H573IIK3Q, STM32H573IIK6, STM32H573IIT3Q, STM32H573IIT6, STM32H573MIY3QTR, STM32H573RIT6, STM32H573RIV6, STM32H573VIT3Q, STM32H573VIT6, STM32H573ZIT3Q, STM32H573ZIT6, STM32L4R5QGI6STR, STM32MP131AAE3, STM32MP131AAF3, STM32MP131AAG3, STM32MP131CAE3, STM32MP131CAF3, STM32MP131CAG3, STM32MP131DAE7, STM32MP131DAF7, STM32MP131DAG7, STM32MP131FAE7, STM32MP131FAF7, STM32MP131FAG7, STM32MP133AAE3, STM32MP133AAF3, STM32MP133AAG3, STM32MP133CAE3, STM32MP133CAF3, STM32MP133CAG3, STM32MP133DAE7, STM32MP133DAF7, STM32MP133DAG7, STM32MP133FAE7, STM32MP133FAF7, STM32MP133FAG7, STM32MP135AAE3, STM32MP135AAF3, STM32MP135AAG3, STM32MP135CAE3, STM32MP135CAF3, STM32MP135CAG3, STM32MP135DAE7, STM32MP135DAF7, STM32MP135DAG7, STM32MP135F-DK, STM32MP135FAE7, STM32MP135FAF7, STM32MP135FAF7T, STM32MP135FAF7U, STM32MP135FAG7, STM32U535CBT6, STM32U535CBT6Q, STM32U535CBU6, STM32U535CBU6Q, STM32U535CCT6, STM32U535CCT6Q, STM32U535CCU6, STM32U535CCU6Q, STM32U535CET6, STM32U535CET6Q, STM32U535CEU6, STM32U535CEU6Q, STM32U535JEY6QTR, STM32U535NCY6QTR, STM32U535NEY6QTR, STM32U535RBI6, STM32U535RBI6Q, STM32U535RBT6, STM32U535RBT6Q, STM32U535RCI6, STM32U535RCI6Q, STM32U535RCT6, STM32U535RCT6Q, STM32U535REI6, STM32U535REI6Q, STM32U535RET6, STM32U535RET6Q, STM32U535VCI6, STM32U535VCI6Q, STM32U535VCT6, STM32U535VCT6Q, STM32U535VEI6, STM32U535VEI6Q, STM32U535VET6, STM32U535VET6Q, STM32U545CET6, STM32U545CET6Q, STM32U545CEU6, STM32U545CEU6Q, STM32U545JEY6QTR, STM32U545NEY6QTR, STM32U545REI6, STM32U545REI6Q, STM32U545RET6, STM32U545RET6Q, STM32U545VEI6, STM32U545VEI6Q, STM32U545VET6, STM32U545VET6Q, STM32U595AIH6, STM32U595AIH6Q, STM32U595AJH6, STM32U595AJH6Q, STM32U595QII6, STM32U595QII6Q, STM32U595QJI6, STM32U595QJI6Q, STM32U595RIT6, STM32U595RIT6Q, STM32U595RJT6, STM32U595RJT6Q, STM32U595VIT6, STM32U595VIT6Q, STM32U595VJT6, STM32U595VJT6Q, STM32U595ZIT6, STM32U595ZIT6Q, STM32U595ZIY6QTR, STM32U595ZJT6, STM32U595ZJT6Q, STM32U595ZJY6QTR, STM32U599BJY6QTR, STM32U599NIH6Q, STM32U599NJH6Q, STM32U599VIT6Q, STM32U599VJT6, STM32U599VJT6Q, STM32U599ZIT6Q, STM32U599ZIY6QTR, STM32U599ZJT6Q, STM32U599ZJY6QTR, STM32U5A5AJH6, STM32U5A5AJH6Q, STM32U5A5QJI6, STM32U5A5QJI6Q, STM32U5A5RJT6, STM32U5A5RJT6Q, STM32U5A5VJT6, STM32U5A5VJT6Q, STM32U5A5ZJT6, STM32U5A5ZJT6Q, STM32U5A5ZJY6QTR, STM32U5A9BJY6QTR, STM32U5A9J-DK, STM32U5A9NJH6Q, STM32U5A9VJT6Q, STM32U5A9ZJT6Q, STM32U5A9ZJY6QTR, STM32U5F7VIT6, STM32U5F7VIT6Q, STM32U5F7VJT6, STM32U5F7VJT6Q, STM32U5F9BJY6QTR, STM32U5F9NJH6Q, STM32U5F9VIT6Q, STM32U5F9VJT6Q, STM32U5F9ZIJ6QTR, STM32U5F9ZIT6Q, STM32U5F9ZJJ6QTR, STM32U5F9ZJT6Q, STM32U5G7VJT6, STM32U5G7VJT6Q, STM32U5G9BJY6QTR, STM32U5G9J-DK1, STM32U5G9J-DK2, STM32U5G9NJH6Q, STM32U5G9VJT6Q, STM32U5G9ZJJ6QTR, STM32U5G9ZJT6Q, STM32WB1MMCH6, STM32WBA52CEU6, STM32WBA52CEU6T, STM32WBA52CGU6, STM32WBA52CGU6T, STM32WBA52KEU6, STM32WBA52KEU6T, STM32WBA52KGU6, STM32WBA52KGU6T, STM32WL5MOCH6, STM32WL5MOCH6TR]
2026-01-07 18:05:10,187 [INFO] DbMcus:217 - Found 4801 MCUs, 4801 are supported
2026-01-07 18:05:10,189 [INFO] ApiDb:423 - Load user favorites file C:\Users\bogda/.stm32cubeide/favorites.mcus.txt: 0 item(s)
2026-01-07 18:05:10,189 [INFO] ApiDb:427 - User favorites MCUs=[]
2026-01-07 18:05:10,189 [INFO] DbMcus:223 - Set 0 / 0 favorites MCUs
2026-01-07 18:05:10,596 [WARN] ThirdParty:833 - waiting for thirdparty lock release [change project]
2026-01-07 18:05:10,596 [INFO] ThirdParty:835 - entering critical section [change project]
2026-01-07 18:05:10,596 [INFO] ThirdParty:1030 - CMSIS Pack Vendor :STMicroelectronics USBPD 4.1
2026-01-07 18:05:10,596 [INFO] ThirdParty:1030 - CMSIS Pack Vendor :STMicroelectronics ThreadX 1.0.0
2026-01-07 18:05:10,596 [INFO] ThirdParty:1030 - CMSIS Pack Vendor :STMicroelectronics X-CUBE-MEMS1 12.0.0
2026-01-07 18:05:10,596 [INFO] ThirdParty:1030 - CMSIS Pack Vendor :STMicroelectronics USB_HOST 2.0.0
2026-01-07 18:05:10,596 [INFO] ThirdParty:1030 - CMSIS Pack Vendor :STMicroelectronics LIBJPEG 8.0.0
2026-01-07 18:05:10,596 [INFO] ThirdParty:1030 - CMSIS Pack Vendor :STMicroelectronics FreeRTOS 0.0.1
2026-01-07 18:05:10,596 [INFO] ThirdParty:1030 - CMSIS Pack Vendor :STMicroelectronics USB_DEVICE 1.0.0
2026-01-07 18:05:10,596 [INFO] ThirdParty:1030 - CMSIS Pack Vendor :STMicroelectronics STM32_WPAN 1.0.0
2026-01-07 18:05:10,596 [INFO] ThirdParty:1030 - CMSIS Pack Vendor :STMicroelectronics USB_DEVICE 3.0.0
2026-01-07 18:05:10,596 [INFO] ThirdParty:1030 - CMSIS Pack Vendor :STMicroelectronics HAL Drivers 0.0.0
2026-01-07 18:05:10,596 [INFO] ThirdParty:1030 - CMSIS Pack Vendor :STMicroelectronics MBEDTLS 2.16.2
2026-01-07 18:05:10,596 [INFO] ThirdParty:1030 - CMSIS Pack Vendor :STMicroelectronics ThreadX 0.0.2
2026-01-07 18:05:10,596 [INFO] ThirdParty:1030 - CMSIS Pack Vendor :STMicroelectronics lwIP 2.0.3
2026-01-07 18:05:10,596 [INFO] ThirdParty:1030 - CMSIS Pack Vendor :STMicroelectronics lwIP 2.1.2
2026-01-07 18:05:10,596 [INFO] ThirdParty:1030 - CMSIS Pack Vendor :STMicroelectronics MBEDTLS 2.14.1
2026-01-07 18:05:10,596 [INFO] ThirdParty:1030 - CMSIS Pack Vendor :STMicroelectronics USB_HOST 1.0.0
2026-01-07 18:05:10,596 [INFO] ThirdParty:1030 - CMSIS Pack Vendor :STMicroelectronics X-CUBE-TOUCHGFX 4.26.0
2026-01-07 18:05:10,596 [INFO] ThirdParty:1030 - CMSIS Pack Vendor :STMicroelectronics PDM2PCM 3.1.0
2026-01-07 18:05:10,596 [INFO] ThirdParty:1030 - CMSIS Pack Vendor :STMicroelectronics PDM2PCM 3.2.0
2026-01-07 18:05:10,596 [INFO] ThirdParty:1030 - CMSIS Pack Vendor :STMicroelectronics USB_DEVICE 2.0.0
2026-01-07 18:05:10,596 [INFO] ThirdParty:1030 - CMSIS Pack Vendor :STMicroelectronics PDM2PCM 3.3.0
2026-01-07 18:05:10,596 [INFO] ThirdParty:841 - exiting critical section [change project]
2026-01-07 18:05:11,005 [INFO] PinOutPanel:1499 - setPackage(No Configuration,No Configuration)
2026-01-07 18:05:11,007 [INFO] PinOutPanel:1499 - setPackage(STM32F407VGTx,LQFP100)
2026-01-07 18:05:11,503 [INFO] UtilMem:75 - Before build in PCC Used Memory: 229259720 Bytes (544210944)
2026-01-07 18:05:12,661 [INFO] UtilMem:75 - After build in PCC Used Memory: 298203648 Bytes (544210944)
2026-01-07 18:05:12,842 [INFO] ApiDbMcu:507 - Load IP Config File for FATFS
2026-01-07 18:05:12,874 [INFO] IPUIPlugin:80 - create IPUIPlugin
2026-01-07 18:05:12,874 [INFO] IPUIPlugin:80 - create IPUIPlugin
2026-01-07 18:05:12,875 [INFO] IPUIPlugin:80 - create IPUIPlugin
2026-01-07 18:05:12,875 [INFO] IPUIPlugin:80 - create IPUIPlugin
2026-01-07 18:05:12,875 [INFO] IPUIPlugin:80 - create IPUIPlugin
2026-01-07 18:05:12,875 [INFO] IPUIPlugin:80 - create IPUIPlugin
2026-01-07 18:05:12,875 [INFO] IPUIPlugin:80 - create IPUIPlugin
2026-01-07 18:05:12,875 [INFO] IPUIPlugin:80 - create IPUIPlugin
2026-01-07 18:05:12,875 [INFO] IPUIPlugin:80 - create IPUIPlugin
2026-01-07 18:05:12,875 [INFO] IPUIPlugin:80 - create IPUIPlugin
2026-01-07 18:05:12,875 [INFO] IPUIPlugin:80 - create IPUIPlugin
2026-01-07 18:05:12,875 [INFO] IPUIPlugin:80 - create IPUIPlugin
2026-01-07 18:05:12,875 [INFO] IPUIPlugin:80 - create IPUIPlugin
2026-01-07 18:05:12,875 [INFO] IPUIPlugin:80 - create IPUIPlugin
2026-01-07 18:05:12,875 [INFO] IPUIPlugin:80 - create IPUIPlugin
2026-01-07 18:05:12,875 [INFO] IPUIPlugin:80 - create IPUIPlugin
2026-01-07 18:05:12,875 [INFO] IPUIPlugin:80 - create IPUIPlugin
2026-01-07 18:05:12,876 [INFO] IPUIPlugin:80 - create IPUIPlugin
2026-01-07 18:05:12,876 [INFO] IPUIPlugin:80 - create IPUIPlugin
2026-01-07 18:05:12,876 [INFO] IPUIPlugin:80 - create IPUIPlugin
2026-01-07 18:05:12,876 [INFO] IPUIPlugin:80 - create IPUIPlugin
2026-01-07 18:05:12,876 [INFO] IPUIPlugin:80 - create IPUIPlugin
2026-01-07 18:05:12,876 [INFO] IPUIPlugin:80 - create IPUIPlugin
2026-01-07 18:05:12,876 [INFO] IPUIPlugin:80 - create IPUIPlugin
2026-01-07 18:05:12,876 [INFO] IPUIPlugin:80 - create IPUIPlugin
2026-01-07 18:05:12,876 [INFO] IPUIPlugin:80 - create IPUIPlugin
2026-01-07 18:05:12,876 [INFO] IPUIPlugin:80 - create IPUIPlugin
2026-01-07 18:05:12,877 [INFO] IPUIPlugin:80 - create IPUIPlugin
2026-01-07 18:05:12,877 [INFO] IPUIPlugin:80 - create IPUIPlugin
2026-01-07 18:05:12,877 [INFO] IPUIPlugin:80 - create IPUIPlugin
2026-01-07 18:05:12,877 [INFO] IPUIPlugin:80 - create IPUIPlugin
2026-01-07 18:05:12,877 [INFO] IPUIPlugin:80 - create IPUIPlugin
2026-01-07 18:05:12,877 [INFO] IPUIPlugin:80 - create IPUIPlugin
2026-01-07 18:05:12,877 [INFO] IPUIPlugin:80 - create IPUIPlugin
2026-01-07 18:05:12,877 [INFO] IPUIPlugin:80 - create IPUIPlugin
2026-01-07 18:05:12,877 [INFO] IPUIPlugin:80 - create IPUIPlugin
2026-01-07 18:05:12,877 [INFO] IPUIPlugin:80 - create IPUIPlugin
2026-01-07 18:05:12,877 [INFO] IPUIPlugin:80 - create IPUIPlugin
2026-01-07 18:05:12,877 [INFO] IPUIPlugin:80 - create IPUIPlugin
2026-01-07 18:05:12,879 [INFO] IPUIPlugin:80 - create IPUIPlugin
2026-01-07 18:05:12,879 [INFO] IPUIPlugin:80 - create IPUIPlugin
2026-01-07 18:05:12,879 [INFO] IPUIPlugin:80 - create IPUIPlugin
2026-01-07 18:05:12,879 [INFO] IPUIPlugin:80 - create IPUIPlugin
2026-01-07 18:05:12,879 [INFO] IPUIPlugin:80 - create IPUIPlugin
2026-01-07 18:05:12,879 [INFO] IPUIPlugin:80 - create IPUIPlugin
2026-01-07 18:05:12,879 [INFO] IPUIPlugin:80 - create IPUIPlugin
2026-01-07 18:05:12,880 [INFO] IPUIPlugin:80 - create IPUIPlugin
2026-01-07 18:05:12,880 [INFO] IPUIPlugin:80 - create IPUIPlugin
2026-01-07 18:05:12,880 [INFO] IPUIPlugin:80 - create IPUIPlugin
2026-01-07 18:05:12,880 [INFO] IPUIPlugin:80 - create IPUIPlugin
2026-01-07 18:05:12,880 [INFO] IPUIPlugin:80 - create IPUIPlugin
2026-01-07 18:05:12,880 [INFO] IPUIPlugin:80 - create IPUIPlugin
2026-01-07 18:05:12,881 [INFO] IPUIPlugin:80 - create IPUIPlugin
2026-01-07 18:05:12,881 [INFO] IPUIPlugin:80 - create IPUIPlugin
2026-01-07 18:05:12,882 [INFO] IPUIPlugin:80 - create IPUIPlugin
2026-01-07 18:05:12,882 [INFO] IPUIPlugin:80 - create IPUIPlugin
2026-01-07 18:05:12,883 [INFO] IPUIPlugin:80 - create IPUIPlugin
2026-01-07 18:05:12,883 [INFO] IPUIPlugin:80 - create IPUIPlugin
2026-01-07 18:05:12,951 [INFO] ApiDbMcu:507 - Load IP Config File for PDM2PCM
2026-01-07 18:05:12,965 [WARN] IP:2114 - I2C_Coeff_DF not found: check if there is a RefParameter without a condition.
2026-01-07 18:05:12,965 [WARN] IP:2114 - Analog_Filter not found: check if there is a RefParameter without a condition.
2026-01-07 18:05:13,210 [INFO] CADModel:165 - CPN selected for project levelSTM32F407VGT6
2026-01-07 18:05:13,211 [INFO] CADModel:114 - Register for checkConnection events
2026-01-07 18:05:13,297 [INFO] OpenFileManager:328 - Restore cursor
2026-01-07 18:05:13,481 [WARN] IP:2114 - I2C_Coeff_DF not found: check if there is a RefParameter without a condition.
2026-01-07 18:05:13,481 [WARN] IP:2114 - Analog_Filter not found: check if there is a RefParameter without a condition.
2026-01-07 18:05:13,482 [WARN] IP:2114 - I2C_Coeff_DF not found: check if there is a RefParameter without a condition.
2026-01-07 18:05:13,482 [WARN] IP:2114 - Analog_Filter not found: check if there is a RefParameter without a condition.
2026-01-07 18:05:55,563 [INFO] MainUpdater:2868 - connection check result : 10
2026-01-07 18:05:55,563 [INFO] MainUpdater:2868 - connection check result : 10
2026-01-07 18:05:55,640 [INFO] MicroXplorer:468 - Change Database Path : 
2026-01-07 18:05:55,640 [INFO] MicroXplorer:498 - Change Database Version : DB.6.0.90
2026-01-07 18:05:55,663 [WARN] ThirdParty:871 - waiting for thirdparty lock release [close project]
2026-01-07 18:05:55,663 [INFO] ThirdParty:873 - entering critical section [close project]
2026-01-07 18:05:55,663 [INFO] ThirdParty:883 - exiting critical section [close project]
2026-01-07 18:05:55,665 [INFO] PinOutPanel:1499 - setPackage(No Configuration,No Configuration)
2026-01-07 18:05:55,681 [WARN] IpParametersView:151 - Warning: This peripheral hasn't parameters
2026-01-07 18:05:55,696 [WARN] MainPanel:272 - <html><b><center>Warning: This peripheral has no parameters to be configured<br></b></html>
2026-01-07 18:05:55,704 [INFO] UtilMem:75 - Begin LoadConfig() Used Memory: 878561064 Bytes (922746880)
2026-01-07 18:05:55,705 [INFO] MicroXplorer:468 - Change Database Path : 
2026-01-07 18:05:55,705 [INFO] MicroXplorer:498 - Change Database Version : DB.6.0.90
2026-01-07 18:05:55,705 [INFO] OpenFileManager:308 - Change cursor
2026-01-07 18:05:55,709 [INFO] Mcu:1946 - Initializing MCU STM32F407V(E-G)Tx STM32F407VGTx STM32F407VGT6
2026-01-07 18:05:56,707 [INFO] Context:659 - Trying to add GPIOservice into a context  which must be forbidden
2026-01-07 18:05:56,917 [INFO] RtosManager:555 - Registered RTOS mode: class=CMSIS, group=RTOS, mode=CMSIS_V1, owner=FREERTOS
2026-01-07 18:05:56,917 [INFO] RtosManager:555 - Registered RTOS mode: class=CMSIS, group=RTOS2, mode=CMSIS_V2, owner=FREERTOS
2026-01-07 18:05:56,917 [INFO] RtosManager:555 - Registered RTOS mode: class=RTOS, group=Core, mode=CMSIS_V1, owner=FREERTOS
2026-01-07 18:05:56,917 [INFO] RtosManager:555 - Registered RTOS mode: class=RTOS, group=Core, mode=CMSIS_V2, owner=FREERTOS
2026-01-07 18:05:56,917 [WARN] ModelIntegratedComponent:184 - Missing modes for component STMicroelectronics:FreeRTOS:0.0.1:STMicroelectronics:RTOS:FreeRTOS:Core:::10.2.0:
2026-01-07 18:05:56,917 [WARN] ModelIntegratedComponent:63 - No mode defined for component null
2026-01-07 18:05:56,917 [WARN] ModelIntegratedComponent:63 - No mode defined for component null
2026-01-07 18:05:56,917 [WARN] ModelIntegratedComponent:63 - No mode defined for component null
2026-01-07 18:05:56,917 [WARN] ModelIntegratedComponent:63 - No mode defined for component null
2026-01-07 18:05:56,917 [WARN] ModelIntegratedComponent:63 - No mode defined for component null
2026-01-07 18:05:56,917 [WARN] ModelIntegratedComponent:63 - No mode defined for component null
2026-01-07 18:05:56,918 [WARN] ModelIntegratedComponent:63 - No mode defined for component null
2026-01-07 18:05:56,918 [WARN] ModelIntegratedComponent:63 - No mode defined for component null
2026-01-07 18:05:56,918 [WARN] ModelIntegratedComponent:63 - No mode defined for component null
2026-01-07 18:05:56,918 [WARN] ModelIntegratedComponent:63 - No mode defined for component null
2026-01-07 18:05:56,918 [WARN] ModelIntegratedComponent:63 - No mode defined for component null
2026-01-07 18:05:56,918 [WARN] ModelIntegratedComponent:63 - No mode defined for component null
2026-01-07 18:05:56,918 [WARN] ModelIntegratedComponent:63 - No mode defined for component null
2026-01-07 18:05:56,918 [WARN] ModelIntegratedComponent:63 - No mode defined for component null
2026-01-07 18:05:56,918 [WARN] ModelIntegratedComponent:63 - No mode defined for component null
2026-01-07 18:05:56,918 [WARN] ModelIntegratedComponent:63 - No mode defined for component null
2026-01-07 18:05:56,918 [WARN] ModelIntegratedComponent:63 - No mode defined for component null
2026-01-07 18:05:56,918 [WARN] ModelIntegratedComponent:63 - No mode defined for component null
2026-01-07 18:05:56,918 [WARN] ModelIntegratedComponent:63 - No mode defined for component null
2026-01-07 18:05:56,918 [WARN] ModelIntegratedComponent:63 - No mode defined for component null
2026-01-07 18:05:56,918 [WARN] ModelIntegratedComponent:63 - No mode defined for component null
2026-01-07 18:05:56,918 [WARN] ModelIntegratedComponent:63 - No mode defined for component null
2026-01-07 18:05:56,918 [WARN] ModelIntegratedComponent:63 - No mode defined for component null
2026-01-07 18:05:56,918 [WARN] ModelIntegratedComponent:63 - No mode defined for component null
2026-01-07 18:05:56,918 [WARN] ModelIntegratedComponent:63 - No mode defined for component null
2026-01-07 18:05:56,918 [WARN] ModelIntegratedComponent:63 - No mode defined for component null
2026-01-07 18:05:56,918 [WARN] ModelIntegratedComponent:63 - No mode defined for component null
2026-01-07 18:05:56,918 [WARN] ModelIntegratedComponent:63 - No mode defined for component null
2026-01-07 18:05:56,918 [WARN] ModelIntegratedComponent:63 - No mode defined for component null
2026-01-07 18:05:56,918 [WARN] ModelIntegratedComponent:63 - No mode defined for component null
2026-01-07 18:05:56,918 [WARN] ModelIntegratedComponent:63 - No mode defined for component null
2026-01-07 18:05:56,918 [WARN] ModelIntegratedComponent:63 - No mode defined for component null
2026-01-07 18:05:56,918 [WARN] ModelIntegratedComponent:63 - No mode defined for component null
2026-01-07 18:05:56,920 [INFO] ThirdPartyModel:298 - Start build external matchings
2026-01-07 18:05:56,931 [INFO] ThirdPartyModel:316 - End build external matchings
2026-01-07 18:05:56,934 [INFO] ImportTextPane:194 - (OptionalMessage_ERROR) IP (DMA) : Parameter (Instance) has Id (SDIO_TX) currently not set
2026-01-07 18:05:56,934 [INFO] ImportTextPane:194 - (OptionalMessage_ERROR) IP (DMA) : Parameter (Channel) has Id (SDIO_TX) currently not set
2026-01-07 18:05:56,934 [INFO] ImportTextPane:194 - (OptionalMessage_ERROR) IP (DMA) : Parameter (Direction) has Id (SDIO_TX) currently not set
2026-01-07 18:05:56,934 [INFO] ImportTextPane:194 - (OptionalMessage_ERROR) IP (DMA) : Parameter (PeriphInc) has Id (SDIO_TX) currently not set
2026-01-07 18:05:56,934 [INFO] ImportTextPane:194 - (OptionalMessage_ERROR) IP (DMA) : Parameter (MemInc) has Id (SDIO_TX) currently not set
2026-01-07 18:05:56,934 [INFO] ImportTextPane:194 - (OptionalMessage_ERROR) IP (DMA) : Parameter (PeriphDataAlignment) has Id (SDIO_TX) currently not set
2026-01-07 18:05:56,935 [INFO] ImportTextPane:194 - (OptionalMessage_ERROR) IP (DMA) : Parameter (MemDataAlignment) has Id (SDIO_TX) currently not set
2026-01-07 18:05:56,935 [INFO] ImportTextPane:194 - (OptionalMessage_ERROR) IP (DMA) : Parameter (Mode) has Id (SDIO_TX) currently not set
2026-01-07 18:05:56,935 [INFO] ImportTextPane:194 - (OptionalMessage_ERROR) IP (DMA) : Parameter (Priority) has Id (SDIO_TX) currently not set
2026-01-07 18:05:56,935 [INFO] ImportTextPane:194 - (OptionalMessage_ERROR) IP (DMA) : Parameter (FIFOMode) has Id (SDIO_TX) currently not set
2026-01-07 18:05:56,935 [INFO] ImportTextPane:194 - (OptionalMessage_ERROR) IP (DMA) : Parameter (FIFOThreshold) has Id (SDIO_TX) currently not set
2026-01-07 18:05:56,935 [INFO] ImportTextPane:194 - (OptionalMessage_ERROR) IP (DMA) : Parameter (FIFOThreshold) has invalid value (null)
2026-01-07 18:05:56,935 [INFO] ImportTextPane:194 - (OptionalMessage_ERROR) IP (DMA) : Parameter (MemBurst) has Id (SDIO_TX) currently not set
2026-01-07 18:05:56,935 [INFO] ImportTextPane:194 - (OptionalMessage_ERROR) IP (DMA) : Parameter (MemBurst) has invalid value (null)
2026-01-07 18:05:56,935 [INFO] ImportTextPane:194 - (OptionalMessage_ERROR) IP (DMA) : Parameter (PeriphBurst) has Id (SDIO_TX) currently not set
2026-01-07 18:05:56,935 [INFO] ImportTextPane:194 - (OptionalMessage_ERROR) IP (DMA) : Parameter (PeriphBurst) has invalid value (null)
2026-01-07 18:05:56,935 [INFO] ImportTextPane:194 - (OptionalMessage_ERROR) IP (DMA) : Parameter (Instance) has Id (SDIO_RX) currently not set
2026-01-07 18:05:56,935 [INFO] ImportTextPane:194 - (OptionalMessage_ERROR) IP (DMA) : Parameter (Channel) has Id (SDIO_RX) currently not set
2026-01-07 18:05:56,935 [INFO] ImportTextPane:194 - (OptionalMessage_ERROR) IP (DMA) : Parameter (Direction) has Id (SDIO_RX) currently not set
2026-01-07 18:05:56,935 [INFO] ImportTextPane:194 - (OptionalMessage_ERROR) IP (DMA) : Parameter (PeriphInc) has Id (SDIO_RX) currently not set
2026-01-07 18:05:56,935 [INFO] ImportTextPane:194 - (OptionalMessage_ERROR) IP (DMA) : Parameter (MemInc) has Id (SDIO_RX) currently not set
2026-01-07 18:05:56,935 [INFO] ImportTextPane:194 - (OptionalMessage_ERROR) IP (DMA) : Parameter (PeriphDataAlignment) has Id (SDIO_RX) currently not set
2026-01-07 18:05:56,935 [INFO] ImportTextPane:194 - (OptionalMessage_ERROR) IP (DMA) : Parameter (MemDataAlignment) has Id (SDIO_RX) currently not set
2026-01-07 18:05:56,935 [INFO] ImportTextPane:194 - (OptionalMessage_ERROR) IP (DMA) : Parameter (Mode) has Id (SDIO_RX) currently not set
2026-01-07 18:05:56,935 [INFO] ImportTextPane:194 - (OptionalMessage_ERROR) IP (DMA) : Parameter (Priority) has Id (SDIO_RX) currently not set
2026-01-07 18:05:56,935 [INFO] ImportTextPane:194 - (OptionalMessage_ERROR) IP (DMA) : Parameter (FIFOMode) has Id (SDIO_RX) currently not set
2026-01-07 18:05:56,935 [INFO] ImportTextPane:194 - (OptionalMessage_ERROR) IP (DMA) : Parameter (FIFOThreshold) has Id (SDIO_RX) currently not set
2026-01-07 18:05:56,935 [INFO] ImportTextPane:194 - (OptionalMessage_ERROR) IP (DMA) : Parameter (FIFOThreshold) has invalid value (null)
2026-01-07 18:05:56,935 [INFO] ImportTextPane:194 - (OptionalMessage_ERROR) IP (DMA) : Parameter (MemBurst) has Id (SDIO_RX) currently not set
2026-01-07 18:05:56,935 [INFO] ImportTextPane:194 - (OptionalMessage_ERROR) IP (DMA) : Parameter (MemBurst) has invalid value (null)
2026-01-07 18:05:56,935 [INFO] ImportTextPane:194 - (OptionalMessage_ERROR) IP (DMA) : Parameter (PeriphBurst) has Id (SDIO_RX) currently not set
2026-01-07 18:05:56,935 [INFO] ImportTextPane:194 - (OptionalMessage_ERROR) IP (DMA) : Parameter (PeriphBurst) has invalid value (null)
2026-01-07 18:05:57,187 [INFO] UtilMem:75 - End LoadConfig() Used Memory: 638809216 Bytes (1073741824)
2026-01-07 18:05:57,290 [WARN] ThirdParty:833 - waiting for thirdparty lock release [change project]
2026-01-07 18:05:57,290 [INFO] ThirdParty:835 - entering critical section [change project]
2026-01-07 18:05:57,291 [INFO] ThirdParty:1030 - CMSIS Pack Vendor :STMicroelectronics USBPD 4.1
2026-01-07 18:05:57,291 [INFO] ThirdParty:1030 - CMSIS Pack Vendor :STMicroelectronics ThreadX 1.0.0
2026-01-07 18:05:57,291 [INFO] ThirdParty:1030 - CMSIS Pack Vendor :STMicroelectronics X-CUBE-MEMS1 12.0.0
2026-01-07 18:05:57,291 [INFO] ThirdParty:1030 - CMSIS Pack Vendor :STMicroelectronics USB_HOST 2.0.0
2026-01-07 18:05:57,291 [INFO] ThirdParty:1030 - CMSIS Pack Vendor :STMicroelectronics LIBJPEG 8.0.0
2026-01-07 18:05:57,291 [INFO] ThirdParty:1030 - CMSIS Pack Vendor :STMicroelectronics FreeRTOS 0.0.1
2026-01-07 18:05:57,291 [INFO] ThirdParty:1030 - CMSIS Pack Vendor :STMicroelectronics USB_DEVICE 1.0.0
2026-01-07 18:05:57,291 [INFO] ThirdParty:1030 - CMSIS Pack Vendor :STMicroelectronics STM32_WPAN 1.0.0
2026-01-07 18:05:57,291 [INFO] ThirdParty:1030 - CMSIS Pack Vendor :STMicroelectronics USB_DEVICE 3.0.0
2026-01-07 18:05:57,291 [INFO] ThirdParty:1030 - CMSIS Pack Vendor :STMicroelectronics HAL Drivers 0.0.0
2026-01-07 18:05:57,291 [INFO] ThirdParty:1030 - CMSIS Pack Vendor :STMicroelectronics MBEDTLS 2.16.2
2026-01-07 18:05:57,291 [INFO] ThirdParty:1030 - CMSIS Pack Vendor :STMicroelectronics ThreadX 0.0.2
2026-01-07 18:05:57,291 [INFO] ThirdParty:1030 - CMSIS Pack Vendor :STMicroelectronics lwIP 2.0.3
2026-01-07 18:05:57,291 [INFO] ThirdParty:1030 - CMSIS Pack Vendor :STMicroelectronics lwIP 2.1.2
2026-01-07 18:05:57,291 [INFO] ThirdParty:1030 - CMSIS Pack Vendor :STMicroelectronics MBEDTLS 2.14.1
2026-01-07 18:05:57,292 [INFO] ThirdParty:1030 - CMSIS Pack Vendor :STMicroelectronics USB_HOST 1.0.0
2026-01-07 18:05:57,292 [INFO] ThirdParty:1030 - CMSIS Pack Vendor :STMicroelectronics X-CUBE-TOUCHGFX 4.26.0
2026-01-07 18:05:57,292 [INFO] ThirdParty:1030 - CMSIS Pack Vendor :STMicroelectronics PDM2PCM 3.1.0
2026-01-07 18:05:57,292 [INFO] ThirdParty:1030 - CMSIS Pack Vendor :STMicroelectronics PDM2PCM 3.2.0
2026-01-07 18:05:57,292 [INFO] ThirdParty:1030 - CMSIS Pack Vendor :STMicroelectronics USB_DEVICE 2.0.0
2026-01-07 18:05:57,292 [INFO] ThirdParty:1030 - CMSIS Pack Vendor :STMicroelectronics PDM2PCM 3.3.0
2026-01-07 18:05:57,293 [INFO] ThirdParty:841 - exiting critical section [change project]
2026-01-07 18:05:57,447 [INFO] PinOutPanel:1499 - setPackage(No Configuration,No Configuration)
2026-01-07 18:05:57,447 [INFO] PinOutPanel:1499 - setPackage(STM32F407VGTx,LQFP100)
2026-01-07 18:05:57,608 [INFO] UtilMem:75 - Before build in PCC Used Memory: 747136552 Bytes (1073741824)
2026-01-07 18:05:57,766 [INFO] UtilMem:75 - After build in PCC Used Memory: 815300152 Bytes (1073741824)
2026-01-07 18:05:57,769 [INFO] ApiDbMcu:507 - Load IP Config File for FATFS
2026-01-07 18:05:57,781 [INFO] IPUIPlugin:80 - create IPUIPlugin
2026-01-07 18:05:57,781 [INFO] IPUIPlugin:80 - create IPUIPlugin
2026-01-07 18:05:57,781 [INFO] IPUIPlugin:80 - create IPUIPlugin
2026-01-07 18:05:57,781 [INFO] IPUIPlugin:80 - create IPUIPlugin
2026-01-07 18:05:57,781 [INFO] IPUIPlugin:80 - create IPUIPlugin
2026-01-07 18:05:57,781 [INFO] IPUIPlugin:80 - create IPUIPlugin
2026-01-07 18:05:57,781 [INFO] IPUIPlugin:80 - create IPUIPlugin
2026-01-07 18:05:57,781 [INFO] IPUIPlugin:80 - create IPUIPlugin
2026-01-07 18:05:57,781 [INFO] IPUIPlugin:80 - create IPUIPlugin
2026-01-07 18:05:57,781 [INFO] IPUIPlugin:80 - create IPUIPlugin
2026-01-07 18:05:57,781 [INFO] IPUIPlugin:80 - create IPUIPlugin
2026-01-07 18:05:57,781 [INFO] IPUIPlugin:80 - create IPUIPlugin
2026-01-07 18:05:57,782 [INFO] IPUIPlugin:80 - create IPUIPlugin
2026-01-07 18:05:57,782 [INFO] IPUIPlugin:80 - create IPUIPlugin
2026-01-07 18:05:57,782 [INFO] IPUIPlugin:80 - create IPUIPlugin
2026-01-07 18:05:57,782 [INFO] IPUIPlugin:80 - create IPUIPlugin
2026-01-07 18:05:57,782 [INFO] IPUIPlugin:80 - create IPUIPlugin
2026-01-07 18:05:57,782 [INFO] IPUIPlugin:80 - create IPUIPlugin
2026-01-07 18:05:57,782 [INFO] IPUIPlugin:80 - create IPUIPlugin
2026-01-07 18:05:57,782 [INFO] IPUIPlugin:80 - create IPUIPlugin
2026-01-07 18:05:57,782 [INFO] IPUIPlugin:80 - create IPUIPlugin
2026-01-07 18:05:57,782 [INFO] IPUIPlugin:80 - create IPUIPlugin
2026-01-07 18:05:57,782 [INFO] IPUIPlugin:80 - create IPUIPlugin
2026-01-07 18:05:57,782 [INFO] IPUIPlugin:80 - create IPUIPlugin
2026-01-07 18:05:57,782 [INFO] IPUIPlugin:80 - create IPUIPlugin
2026-01-07 18:05:57,782 [INFO] IPUIPlugin:80 - create IPUIPlugin
2026-01-07 18:05:57,783 [INFO] IPUIPlugin:80 - create IPUIPlugin
2026-01-07 18:05:57,783 [INFO] IPUIPlugin:80 - create IPUIPlugin
2026-01-07 18:05:57,784 [INFO] IPUIPlugin:80 - create IPUIPlugin
2026-01-07 18:05:57,784 [INFO] IPUIPlugin:80 - create IPUIPlugin
2026-01-07 18:05:57,784 [INFO] IPUIPlugin:80 - create IPUIPlugin
2026-01-07 18:05:57,784 [INFO] IPUIPlugin:80 - create IPUIPlugin
2026-01-07 18:05:57,784 [INFO] IPUIPlugin:80 - create IPUIPlugin
2026-01-07 18:05:57,785 [INFO] IPUIPlugin:80 - create IPUIPlugin
2026-01-07 18:05:57,785 [INFO] IPUIPlugin:80 - create IPUIPlugin
2026-01-07 18:05:57,785 [INFO] IPUIPlugin:80 - create IPUIPlugin
2026-01-07 18:05:57,785 [INFO] IPUIPlugin:80 - create IPUIPlugin
2026-01-07 18:05:57,785 [INFO] IPUIPlugin:80 - create IPUIPlugin
2026-01-07 18:05:57,785 [INFO] IPUIPlugin:80 - create IPUIPlugin
2026-01-07 18:05:57,785 [INFO] IPUIPlugin:80 - create IPUIPlugin
2026-01-07 18:05:57,785 [INFO] IPUIPlugin:80 - create IPUIPlugin
2026-01-07 18:05:57,786 [INFO] IPUIPlugin:80 - create IPUIPlugin
2026-01-07 18:05:57,786 [INFO] IPUIPlugin:80 - create IPUIPlugin
2026-01-07 18:05:57,786 [INFO] IPUIPlugin:80 - create IPUIPlugin
2026-01-07 18:05:57,786 [INFO] IPUIPlugin:80 - create IPUIPlugin
2026-01-07 18:05:57,786 [INFO] IPUIPlugin:80 - create IPUIPlugin
2026-01-07 18:05:57,786 [INFO] IPUIPlugin:80 - create IPUIPlugin
2026-01-07 18:05:57,786 [INFO] IPUIPlugin:80 - create IPUIPlugin
2026-01-07 18:05:57,787 [INFO] IPUIPlugin:80 - create IPUIPlugin
2026-01-07 18:05:57,787 [INFO] IPUIPlugin:80 - create IPUIPlugin
2026-01-07 18:05:57,787 [INFO] IPUIPlugin:80 - create IPUIPlugin
2026-01-07 18:05:57,787 [INFO] IPUIPlugin:80 - create IPUIPlugin
2026-01-07 18:05:57,787 [INFO] IPUIPlugin:80 - create IPUIPlugin
2026-01-07 18:05:57,787 [INFO] IPUIPlugin:80 - create IPUIPlugin
2026-01-07 18:05:57,788 [INFO] IPUIPlugin:80 - create IPUIPlugin
2026-01-07 18:05:57,788 [INFO] IPUIPlugin:80 - create IPUIPlugin
2026-01-07 18:05:57,788 [INFO] IPUIPlugin:80 - create IPUIPlugin
2026-01-07 18:05:57,788 [INFO] IPUIPlugin:80 - create IPUIPlugin
2026-01-07 18:05:57,790 [INFO] ApiDbMcu:507 - Load IP Config File for PDM2PCM
2026-01-07 18:05:57,791 [WARN] IP:2114 - I2C_Coeff_DF not found: check if there is a RefParameter without a condition.
2026-01-07 18:05:57,792 [WARN] IP:2114 - Analog_Filter not found: check if there is a RefParameter without a condition.
2026-01-07 18:05:57,827 [INFO] CADModel:165 - CPN selected for project levelSTM32F407VGT6
2026-01-07 18:05:57,827 [INFO] CADModel:114 - Register for checkConnection events
2026-01-07 18:05:57,908 [INFO] OpenFileManager:328 - Restore cursor
2026-01-07 18:05:58,040 [WARN] IP:2114 - I2C_Coeff_DF not found: check if there is a RefParameter without a condition.
2026-01-07 18:05:58,040 [WARN] IP:2114 - Analog_Filter not found: check if there is a RefParameter without a condition.
2026-01-07 18:05:58,040 [WARN] IP:2114 - I2C_Coeff_DF not found: check if there is a RefParameter without a condition.
2026-01-07 18:05:58,040 [WARN] IP:2114 - Analog_Filter not found: check if there is a RefParameter without a condition.
2026-01-07 18:06:24,747 [INFO] UtilMem:75 - End SaveConfig() Used Memory: 868932096 Bytes (1073741824)
2026-01-07 18:06:25,092 [INFO] BlockDiagram:2759 - set Specific Code input for plugin: SPI
2026-01-07 18:06:25,092 [INFO] BlockDiagram:2759 - set Specific Code input for plugin: SDIO
2026-01-07 18:06:25,092 [INFO] BlockDiagram:2759 - set Specific Code input for plugin: TIM1_8
2026-01-07 18:06:25,092 [INFO] BlockDiagram:2759 - set Specific Code input for plugin: SYS
2026-01-07 18:06:25,093 [INFO] BlockDiagram:2759 - set Specific Code input for plugin: RCC
2026-01-07 18:06:25,093 [INFO] BlockDiagram:2759 - set Specific Code input for plugin: I2C
2026-01-07 18:06:25,093 [INFO] BlockDiagram:2759 - set Specific Code input for plugin: NVIC
2026-01-07 18:06:25,093 [INFO] BlockDiagram:2759 - set Specific Code input for plugin: USART
2026-01-07 18:06:25,093 [INFO] BlockDiagram:2759 - set Specific Code input for plugin: DMA
2026-01-07 18:06:25,093 [INFO] BlockDiagram:2759 - set Specific Code input for plugin: GPIO
2026-01-07 18:06:25,093 [INFO] BlockDiagram:2759 - set Specific Code input for plugin: FATFS
2026-01-07 18:06:25,095 [INFO] CodeGenerator:799 - code generatio: config db path: C:\ST\STM32CubeIDE_1.13.0\STM32CubeIDE\plugins\com.st.stm32cube.common.mx_6.9.0.202307051724\\db\
2026-01-07 18:06:25,104 [WARN] IP:2114 - I2C_Coeff_DF not found: check if there is a RefParameter without a condition.
2026-01-07 18:06:25,104 [WARN] IP:2114 - Analog_Filter not found: check if there is a RefParameter without a condition.
2026-01-07 18:06:25,408 [INFO] CodeEngine:255 - oldGeneratedFile, C:\programing\Embedded\projects_stm32\MeteoStation\MeteoStation\MXTmpFiles\license.tmp_save
2026-01-07 18:06:25,761 [INFO] CodeEngine:279 - Generated code: C:\programing\Embedded\projects_stm32\MeteoStation\MeteoStation\MXTmpFiles\license.tmp
2026-01-07 18:06:25,851 [INFO] CodeEngine:255 - oldGeneratedFile, C:\programing\Embedded\projects_stm32\MeteoStation\MeteoStation\MXTmpFiles\gpio.tmp_save
2026-01-07 18:06:25,965 [INFO] CodeEngine:279 - Generated code: C:\programing\Embedded\projects_stm32\MeteoStation\MeteoStation\MXTmpFiles\gpio.tmp
2026-01-07 18:06:26,459 [INFO] CodeEngine:255 - oldGeneratedFile, C:\programing\Embedded\projects_stm32\MeteoStation\MeteoStation\MXTmpFiles\fatfs_HalInit.tmp_save
2026-01-07 18:06:26,569 [INFO] CodeEngine:279 - Generated code: C:\programing\Embedded\projects_stm32\MeteoStation\MeteoStation\MXTmpFiles\fatfs_HalInit.tmp
2026-01-07 18:06:26,583 [INFO] CodeEngine:255 - oldGeneratedFile, C:\programing\Embedded\projects_stm32\MeteoStation\MeteoStation\MXTmpFiles\fatfs_vars.tmp_save
2026-01-07 18:06:26,653 [INFO] CodeEngine:279 - Generated code: C:\programing\Embedded\projects_stm32\MeteoStation\MeteoStation\MXTmpFiles\fatfs_vars.tmp
2026-01-07 18:06:26,668 [INFO] CodeEngine:255 - oldGeneratedFile, C:\programing\Embedded\projects_stm32\MeteoStation\MeteoStation\MXTmpFiles\fatfs_ext_vars.tmp_save
2026-01-07 18:06:26,733 [INFO] CodeEngine:279 - Generated code: C:\programing\Embedded\projects_stm32\MeteoStation\MeteoStation\MXTmpFiles\fatfs_ext_vars.tmp
2026-01-07 18:06:26,747 [INFO] CodeEngine:255 - oldGeneratedFile, C:\programing\Embedded\projects_stm32\MeteoStation\MeteoStation\MXTmpFiles\fatfs_inc.tmp_save
2026-01-07 18:06:26,813 [INFO] CodeEngine:279 - Generated code: C:\programing\Embedded\projects_stm32\MeteoStation\MeteoStation\MXTmpFiles\fatfs_inc.tmp
2026-01-07 18:06:26,854 [INFO] CodeEngine:255 - oldGeneratedFile, C:\programing\Embedded\projects_stm32\MeteoStation\MeteoStation\MXTmpFiles\dma.tmp_save
2026-01-07 18:06:26,925 [INFO] CodeEngine:279 - Generated code: C:\programing\Embedded\projects_stm32\MeteoStation\MeteoStation\MXTmpFiles\dma.tmp
2026-01-07 18:06:26,936 [INFO] CodeEngine:255 - oldGeneratedFile, C:\programing\Embedded\projects_stm32\MeteoStation\MeteoStation\MXTmpFiles\dma_GV.tmp_save
2026-01-07 18:06:26,984 [INFO] CodeEngine:279 - Generated code: C:\programing\Embedded\projects_stm32\MeteoStation\MeteoStation\MXTmpFiles\dma_GV.tmp
2026-01-07 18:06:26,995 [INFO] CodeEngine:255 - oldGeneratedFile, C:\programing\Embedded\projects_stm32\MeteoStation\MeteoStation\MXTmpFiles\fatfs_HalInit.tmp_save
2026-01-07 18:06:27,056 [INFO] CodeEngine:279 - Generated code: C:\programing\Embedded\projects_stm32\MeteoStation\MeteoStation\MXTmpFiles\fatfs_HalInit.tmp
2026-01-07 18:06:27,062 [INFO] CodeEngine:255 - oldGeneratedFile, C:\programing\Embedded\projects_stm32\MeteoStation\MeteoStation\MXTmpFiles\fatfs_vars.tmp_save
2026-01-07 18:06:27,104 [INFO] CodeEngine:279 - Generated code: C:\programing\Embedded\projects_stm32\MeteoStation\MeteoStation\MXTmpFiles\fatfs_vars.tmp
2026-01-07 18:06:27,108 [INFO] CodeEngine:255 - oldGeneratedFile, C:\programing\Embedded\projects_stm32\MeteoStation\MeteoStation\MXTmpFiles\fatfs_ext_vars.tmp_save
2026-01-07 18:06:27,150 [INFO] CodeEngine:279 - Generated code: C:\programing\Embedded\projects_stm32\MeteoStation\MeteoStation\MXTmpFiles\fatfs_ext_vars.tmp
2026-01-07 18:06:27,154 [INFO] CodeEngine:255 - oldGeneratedFile, C:\programing\Embedded\projects_stm32\MeteoStation\MeteoStation\MXTmpFiles\fatfs_inc.tmp_save
2026-01-07 18:06:27,190 [INFO] CodeEngine:279 - Generated code: C:\programing\Embedded\projects_stm32\MeteoStation\MeteoStation\MXTmpFiles\fatfs_inc.tmp
2026-01-07 18:06:27,210 [INFO] CodeEngine:255 - oldGeneratedFile, C:\programing\Embedded\projects_stm32\MeteoStation\MeteoStation\FATFS\Target\ffconf.h_save
2026-01-07 18:06:27,315 [INFO] CodeEngine:279 - Generated code: C:\programing\Embedded\projects_stm32\MeteoStation\MeteoStation\FATFS\Target\ffconf.h
2026-01-07 18:06:27,345 [INFO] CodeEngine:255 - oldGeneratedFile, C:\programing\Embedded\projects_stm32\MeteoStation\MeteoStation\FATFS\Target\bsp_driver_sd.c_save
2026-01-07 18:06:27,424 [INFO] CodeEngine:279 - Generated code: C:\programing\Embedded\projects_stm32\MeteoStation\MeteoStation\FATFS\Target\bsp_driver_sd.c
2026-01-07 18:06:27,453 [INFO] CodeEngine:255 - oldGeneratedFile, C:\programing\Embedded\projects_stm32\MeteoStation\MeteoStation\FATFS\Target\bsp_driver_sd.h_save
2026-01-07 18:06:27,526 [INFO] CodeEngine:279 - Generated code: C:\programing\Embedded\projects_stm32\MeteoStation\MeteoStation\FATFS\Target\bsp_driver_sd.h
2026-01-07 18:06:27,547 [INFO] CodeEngine:255 - oldGeneratedFile, C:\programing\Embedded\projects_stm32\MeteoStation\MeteoStation\FATFS\Target\sd_diskio.h_save
2026-01-07 18:06:27,610 [INFO] CodeEngine:279 - Generated code: C:\programing\Embedded\projects_stm32\MeteoStation\MeteoStation\FATFS\Target\sd_diskio.h
2026-01-07 18:06:27,631 [INFO] CodeEngine:255 - oldGeneratedFile, C:\programing\Embedded\projects_stm32\MeteoStation\MeteoStation\FATFS\Target\sd_diskio.c_save
2026-01-07 18:06:27,724 [INFO] CodeEngine:279 - Generated code: C:\programing\Embedded\projects_stm32\MeteoStation\MeteoStation\FATFS\Target\sd_diskio.c
2026-01-07 18:06:27,753 [INFO] CodeEngine:255 - oldGeneratedFile, C:\programing\Embedded\projects_stm32\MeteoStation\MeteoStation\FATFS\App\fatfs.c_save
2026-01-07 18:06:27,823 [INFO] CodeEngine:279 - Generated code: C:\programing\Embedded\projects_stm32\MeteoStation\MeteoStation\FATFS\App\fatfs.c
2026-01-07 18:06:27,843 [INFO] CodeEngine:255 - oldGeneratedFile, C:\programing\Embedded\projects_stm32\MeteoStation\MeteoStation\FATFS\App\fatfs.h_save
2026-01-07 18:06:27,917 [INFO] CodeEngine:279 - Generated code: C:\programing\Embedded\projects_stm32\MeteoStation\MeteoStation\FATFS\App\fatfs.h
2026-01-07 18:06:27,937 [INFO] CodeEngine:255 - oldGeneratedFile, C:\programing\Embedded\projects_stm32\MeteoStation\MeteoStation\FATFS\Target\fatfs_platform.c_save
2026-01-07 18:06:28,004 [INFO] CodeEngine:279 - Generated code: C:\programing\Embedded\projects_stm32\MeteoStation\MeteoStation\FATFS\Target\fatfs_platform.c
2026-01-07 18:06:28,025 [INFO] CodeEngine:255 - oldGeneratedFile, C:\programing\Embedded\projects_stm32\MeteoStation\MeteoStation\FATFS\Target\fatfs_platform.h_save
2026-01-07 18:06:28,088 [INFO] CodeEngine:279 - Generated code: C:\programing\Embedded\projects_stm32\MeteoStation\MeteoStation\FATFS\Target\fatfs_platform.h
2026-01-07 18:06:28,120 [INFO] CodeEngine:255 - oldGeneratedFile, C:\programing\Embedded\projects_stm32\MeteoStation\MeteoStation\Core\Src\stm32f4xx_it.c_save
2026-01-07 18:06:28,232 [INFO] CodeEngine:279 - Generated code: C:\programing\Embedded\projects_stm32\MeteoStation\MeteoStation\Core\Src\stm32f4xx_it.c
2026-01-07 18:06:28,253 [INFO] CodeEngine:255 - oldGeneratedFile, C:\programing\Embedded\projects_stm32\MeteoStation\MeteoStation\Core\Inc\stm32f4xx_it.h_save
2026-01-07 18:06:28,325 [INFO] CodeEngine:279 - Generated code: C:\programing\Embedded\projects_stm32\MeteoStation\MeteoStation\Core\Inc\stm32f4xx_it.h
2026-01-07 18:06:28,352 [INFO] CodeEngine:255 - oldGeneratedFile, C:\programing\Embedded\projects_stm32\MeteoStation\MeteoStation\Core\Src\stm32f4xx_hal_msp.c_save
2026-01-07 18:06:28,476 [INFO] CodeEngine:279 - Generated code: C:\programing\Embedded\projects_stm32\MeteoStation\MeteoStation\Core\Src\stm32f4xx_hal_msp.c
2026-01-07 18:06:28,495 [INFO] CodeEngine:255 - oldGeneratedFile, C:\programing\Embedded\projects_stm32\MeteoStation\MeteoStation\MXTmpFiles\system.tmp_save
2026-01-07 18:06:28,544 [INFO] CodeEngine:279 - Generated code: C:\programing\Embedded\projects_stm32\MeteoStation\MeteoStation\MXTmpFiles\system.tmp
2026-01-07 18:06:28,566 [INFO] CodeEngine:255 - oldGeneratedFile, C:\programing\Embedded\projects_stm32\MeteoStation\MeteoStation\Core\Src\stm32f4xx_hal_timebase_tim.c_save
2026-01-07 18:06:28,646 [INFO] CodeEngine:279 - Generated code: C:\programing\Embedded\projects_stm32\MeteoStation\MeteoStation\Core\Src\stm32f4xx_hal_timebase_tim.c
2026-01-07 18:06:28,673 [INFO] CodeEngine:311 - oldGeneratedFile, C:\programing\Embedded\projects_stm32\MeteoStation\MeteoStation\Core\Inc\stm32f4xx_hal_conf.h_save
2026-01-07 18:06:28,758 [INFO] CodeEngine:335 - Generated code: C:\programing\Embedded\projects_stm32\MeteoStation\MeteoStation\Core\Inc\stm32f4xx_hal_conf.h
2026-01-07 18:06:28,786 [WARN] IPConfigManager:3431 - IP not found : TIM
2026-01-07 18:06:28,787 [WARN] CodeGenerator:3760 - IP not found : null
2026-01-07 18:06:28,812 [INFO] CodeEngine:255 - oldGeneratedFile, C:\programing\Embedded\projects_stm32\MeteoStation\MeteoStation\Core\Inc\main.h_save
2026-01-07 18:06:28,914 [INFO] CodeEngine:279 - Generated code: C:\programing\Embedded\projects_stm32\MeteoStation\MeteoStation\Core\Inc\main.h
2026-01-07 18:06:28,938 [INFO] CodeEngine:255 - oldGeneratedFile, C:\programing\Embedded\projects_stm32\MeteoStation\MeteoStation\Core\Src\main.c_save
2026-01-07 18:06:29,077 [INFO] CodeEngine:279 - Generated code: C:\programing\Embedded\projects_stm32\MeteoStation\MeteoStation\Core\Src\main.c
2026-01-07 18:06:29,623 [INFO] ProjectBuilder:3064 - Time for Copy HAL[1] : 202mS.
2026-01-07 18:06:29,630 [INFO] ProjectBuilder:4404 - Project Generator version: 4.1.0
2026-01-07 18:06:29,810 [INFO] ConfigFileManager:1457 - The Die is : DIE413
2026-01-07 18:06:29,836 [INFO] ApiDbMcu:507 - Load IP Config File for FREERTOS
2026-01-07 18:06:29,855 [INFO] ApiDbMcu:507 - Load IP Config File for LIBJPEG
2026-01-07 18:06:29,873 [INFO] ApiDbMcu:507 - Load IP Config File for LWIP
2026-01-07 18:06:29,893 [INFO] ApiDbMcu:507 - Load IP Config File for MBEDTLS
2026-01-07 18:06:29,913 [INFO] ApiDbMcu:507 - Load IP Config File for USB_DEVICE
2026-01-07 18:06:29,932 [INFO] ApiDbMcu:507 - Load IP Config File for USB_HOST
2026-01-07 18:06:30,892 [INFO] LogOutputStream:77 - [STDOUT_REDIRECT] 
2026-01-07 18:06:32,635 [INFO] ProjectBuilder:4626 - Time for Generating toolchain IDE Files: 3005mS.
2026-01-07 18:06:32,636 [INFO] ProjectBuilder:2935 - Time for Copy CMSIS : 1mS.
2026-01-07 18:06:32,640 [INFO] ProjectBuilder:2935 - Time for Copy CMSIS : 0mS.
