2026-01-01 13:46:12,644 [INFO] Gpio:273 - dependency for GPIO [I2C1, SDIO, SPI1, SYS, USART2]
2026-01-01 15:01:46,538 [WARN] IP:2114 - I2C_Coeff_DF not found: check if there is a RefParameter without a condition.
2026-01-01 15:01:46,539 [WARN] IP:2114 - Analog_Filter not found: check if there is a RefParameter without a condition.
2026-01-01 15:01:58,518 [INFO] NvicIntPanel:101 - NVIC parent = com.st.microxplorer.plugins.ip.nvic.MultiNvicIntPanel[,0,0,464x250,layout=javax.swing.BoxLayout,alignmentX=0.0,alignmentY=0.0,border=,flags=9,maximumSize=,minimumSize=,preferredSize=]
2026-01-01 15:02:09,766 [INFO] NvicIntPanel:101 - NVIC parent = com.st.microxplorer.plugins.ip.nvic.MultiNvicIntPanel[,0,0,0x0,invalid,layout=javax.swing.BoxLayout,alignmentX=0.0,alignmentY=0.0,border=,flags=9,maximumSize=,minimumSize=,preferredSize=]
2026-01-01 15:02:09,838 [INFO] NvicIntPanel:101 - NVIC parent = com.st.microxplorer.plugins.ip.nvic.MultiNvicIntPanel[,0,0,0x0,invalid,layout=javax.swing.BoxLayout,alignmentX=0.0,alignmentY=0.0,border=,flags=9,maximumSize=,minimumSize=,preferredSize=]
2026-01-01 15:02:11,863 [INFO] UtilMem:75 - End SaveConfig() Used Memory: 798686880 Bytes (1073741824)
2026-01-01 15:02:13,061 [INFO] UtilMem:75 - End SaveConfig() Used Memory: 857933472 Bytes (1073741824)
2026-01-01 15:02:16,337 [INFO] UtilMem:75 - End SaveConfig() Used Memory: 787680912 Bytes (1073741824)
2026-01-01 15:02:16,492 [INFO] BlockDiagram:2759 - set Specific Code input for plugin: SPI
2026-01-01 15:02:16,493 [INFO] BlockDiagram:2759 - set Specific Code input for plugin: SDIO
2026-01-01 15:02:16,493 [INFO] BlockDiagram:2759 - set Specific Code input for plugin: TIM1_8
2026-01-01 15:02:16,493 [INFO] BlockDiagram:2759 - set Specific Code input for plugin: SYS
2026-01-01 15:02:16,493 [INFO] BlockDiagram:2759 - set Specific Code input for plugin: RCC
2026-01-01 15:02:16,493 [INFO] BlockDiagram:2759 - set Specific Code input for plugin: I2C
2026-01-01 15:02:16,493 [INFO] BlockDiagram:2759 - set Specific Code input for plugin: NVIC
2026-01-01 15:02:16,493 [INFO] BlockDiagram:2759 - set Specific Code input for plugin: USART
2026-01-01 15:02:16,493 [INFO] BlockDiagram:2759 - set Specific Code input for plugin: DMA
2026-01-01 15:02:16,493 [INFO] BlockDiagram:2759 - set Specific Code input for plugin: GPIO
2026-01-01 15:02:16,493 [INFO] BlockDiagram:2759 - set Specific Code input for plugin: FATFS
2026-01-01 15:02:16,494 [INFO] CodeGenerator:799 - code generatio: config db path: C:\ST\STM32CubeIDE_1.13.0\STM32CubeIDE\plugins\com.st.stm32cube.common.mx_6.9.0.202307051724\\db\
2026-01-01 15:02:16,496 [WARN] IP:2114 - I2C_Coeff_DF not found: check if there is a RefParameter without a condition.
2026-01-01 15:02:16,496 [WARN] IP:2114 - Analog_Filter not found: check if there is a RefParameter without a condition.
2026-01-01 15:02:16,503 [INFO] Argument:319 - Argument : hdmavalue: null
2026-01-01 15:02:16,503 [INFO] Argument:321 - 	 sub Args: 
2026-01-01 15:02:16,503 [INFO] Argument:319 - Argument : Instancevalue: DMA2_Stream3
2026-01-01 15:02:16,503 [INFO] Argument:329 - Argument : Instancevalue: DMA2_Stream3
2026-01-01 15:02:16,503 [INFO] Argument:319 - Argument : Initvalue: null
2026-01-01 15:02:16,504 [INFO] Argument:321 - 	 sub Args: 
2026-01-01 15:02:16,504 [INFO] Argument:319 - Argument : Channelvalue: DMA_CHANNEL_4
2026-01-01 15:02:16,504 [INFO] Argument:329 - Argument : Channelvalue: DMA_CHANNEL_4
2026-01-01 15:02:16,504 [INFO] Argument:319 - Argument : Directionvalue: DMA_MEMORY_TO_PERIPH
2026-01-01 15:02:16,504 [INFO] Argument:329 - Argument : Directionvalue: DMA_MEMORY_TO_PERIPH
2026-01-01 15:02:16,504 [INFO] Argument:319 - Argument : PeriphIncvalue: DMA_PINC_DISABLE
2026-01-01 15:02:16,504 [INFO] Argument:329 - Argument : PeriphIncvalue: DMA_PINC_DISABLE
2026-01-01 15:02:16,504 [INFO] Argument:319 - Argument : MemIncvalue: DMA_MINC_ENABLE
2026-01-01 15:02:16,504 [INFO] Argument:329 - Argument : MemIncvalue: DMA_MINC_ENABLE
2026-01-01 15:02:16,504 [INFO] Argument:319 - Argument : PeriphDataAlignmentvalue: DMA_PDATAALIGN_WORD
2026-01-01 15:02:16,504 [INFO] Argument:329 - Argument : PeriphDataAlignmentvalue: DMA_PDATAALIGN_WORD
2026-01-01 15:02:16,504 [INFO] Argument:319 - Argument : MemDataAlignmentvalue: DMA_MDATAALIGN_WORD
2026-01-01 15:02:16,504 [INFO] Argument:329 - Argument : MemDataAlignmentvalue: DMA_MDATAALIGN_WORD
2026-01-01 15:02:16,504 [INFO] Argument:319 - Argument : Modevalue: DMA_PFCTRL
2026-01-01 15:02:16,504 [INFO] Argument:329 - Argument : Modevalue: DMA_PFCTRL
2026-01-01 15:02:16,504 [INFO] Argument:319 - Argument : Priorityvalue: DMA_PRIORITY_LOW
2026-01-01 15:02:16,504 [INFO] Argument:329 - Argument : Priorityvalue: DMA_PRIORITY_LOW
2026-01-01 15:02:16,504 [INFO] Argument:319 - Argument : FIFOModevalue: DMA_FIFOMODE_ENABLE
2026-01-01 15:02:16,504 [INFO] Argument:329 - Argument : FIFOModevalue: DMA_FIFOMODE_ENABLE
2026-01-01 15:02:16,504 [INFO] Argument:319 - Argument : FIFOThresholdvalue: DMA_FIFO_THRESHOLD_FULL
2026-01-01 15:02:16,504 [INFO] Argument:329 - Argument : FIFOThresholdvalue: DMA_FIFO_THRESHOLD_FULL
2026-01-01 15:02:16,504 [INFO] Argument:319 - Argument : MemBurstvalue: DMA_MBURST_INC4
2026-01-01 15:02:16,504 [INFO] Argument:329 - Argument : MemBurstvalue: DMA_MBURST_INC4
2026-01-01 15:02:16,504 [INFO] Argument:319 - Argument : PeriphBurstvalue: DMA_PBURST_INC4
2026-01-01 15:02:16,504 [INFO] Argument:329 - Argument : PeriphBurstvalue: DMA_PBURST_INC4
2026-01-01 15:02:16,504 [INFO] Argument:319 - Argument : Lockvalue: null
2026-01-01 15:02:16,504 [INFO] Argument:329 - Argument : Lockvalue: null
2026-01-01 15:02:16,504 [INFO] Argument:319 - Argument : Statevalue: null
2026-01-01 15:02:16,504 [INFO] Argument:329 - Argument : Statevalue: null
2026-01-01 15:02:16,504 [INFO] Argument:319 - Argument : Parentvalue: null
2026-01-01 15:02:16,504 [INFO] Argument:329 - Argument : Parentvalue: null
2026-01-01 15:02:16,504 [INFO] Argument:319 - Argument : XferCpltCallbackvalue: null
2026-01-01 15:02:16,504 [INFO] Argument:329 - Argument : XferCpltCallbackvalue: null
2026-01-01 15:02:16,504 [INFO] Argument:319 - Argument : XferHalfCpltCallbackvalue: null
2026-01-01 15:02:16,504 [INFO] Argument:329 - Argument : XferHalfCpltCallbackvalue: null
2026-01-01 15:02:16,504 [INFO] Argument:319 - Argument : XferM1CpltCallbackvalue: null
2026-01-01 15:02:16,504 [INFO] Argument:329 - Argument : XferM1CpltCallbackvalue: null
2026-01-01 15:02:16,504 [INFO] Argument:319 - Argument : XferErrorCallbackvalue: null
2026-01-01 15:02:16,504 [INFO] Argument:329 - Argument : XferErrorCallbackvalue: null
2026-01-01 15:02:16,504 [INFO] Argument:319 - Argument : ErrorCodevalue: null
2026-01-01 15:02:16,504 [INFO] Argument:329 - Argument : ErrorCodevalue: null
2026-01-01 15:02:16,505 [INFO] Argument:319 - Argument : hdmavalue: null
2026-01-01 15:02:16,506 [INFO] Argument:321 - 	 sub Args: 
2026-01-01 15:02:16,506 [INFO] Argument:319 - Argument : Instancevalue: DMA2_Stream6
2026-01-01 15:02:16,506 [INFO] Argument:329 - Argument : Instancevalue: DMA2_Stream6
2026-01-01 15:02:16,506 [INFO] Argument:319 - Argument : Initvalue: null
2026-01-01 15:02:16,506 [INFO] Argument:321 - 	 sub Args: 
2026-01-01 15:02:16,506 [INFO] Argument:319 - Argument : Channelvalue: DMA_CHANNEL_4
2026-01-01 15:02:16,506 [INFO] Argument:329 - Argument : Channelvalue: DMA_CHANNEL_4
2026-01-01 15:02:16,506 [INFO] Argument:319 - Argument : Directionvalue: DMA_PERIPH_TO_MEMORY
2026-01-01 15:02:16,506 [INFO] Argument:329 - Argument : Directionvalue: DMA_PERIPH_TO_MEMORY
2026-01-01 15:02:16,506 [INFO] Argument:319 - Argument : PeriphIncvalue: DMA_PINC_DISABLE
2026-01-01 15:02:16,506 [INFO] Argument:329 - Argument : PeriphIncvalue: DMA_PINC_DISABLE
2026-01-01 15:02:16,506 [INFO] Argument:319 - Argument : MemIncvalue: DMA_MINC_ENABLE
2026-01-01 15:02:16,506 [INFO] Argument:329 - Argument : MemIncvalue: DMA_MINC_ENABLE
2026-01-01 15:02:16,506 [INFO] Argument:319 - Argument : PeriphDataAlignmentvalue: DMA_PDATAALIGN_WORD
2026-01-01 15:02:16,506 [INFO] Argument:329 - Argument : PeriphDataAlignmentvalue: DMA_PDATAALIGN_WORD
2026-01-01 15:02:16,506 [INFO] Argument:319 - Argument : MemDataAlignmentvalue: DMA_MDATAALIGN_WORD
2026-01-01 15:02:16,506 [INFO] Argument:329 - Argument : MemDataAlignmentvalue: DMA_MDATAALIGN_WORD
2026-01-01 15:02:16,506 [INFO] Argument:319 - Argument : Modevalue: DMA_PFCTRL
2026-01-01 15:02:16,506 [INFO] Argument:329 - Argument : Modevalue: DMA_PFCTRL
2026-01-01 15:02:16,506 [INFO] Argument:319 - Argument : Priorityvalue: DMA_PRIORITY_LOW
2026-01-01 15:02:16,506 [INFO] Argument:329 - Argument : Priorityvalue: DMA_PRIORITY_LOW
2026-01-01 15:02:16,506 [INFO] Argument:319 - Argument : FIFOModevalue: DMA_FIFOMODE_ENABLE
2026-01-01 15:02:16,506 [INFO] Argument:329 - Argument : FIFOModevalue: DMA_FIFOMODE_ENABLE
2026-01-01 15:02:16,506 [INFO] Argument:319 - Argument : FIFOThresholdvalue: DMA_FIFO_THRESHOLD_FULL
2026-01-01 15:02:16,506 [INFO] Argument:329 - Argument : FIFOThresholdvalue: DMA_FIFO_THRESHOLD_FULL
2026-01-01 15:02:16,506 [INFO] Argument:319 - Argument : MemBurstvalue: DMA_MBURST_INC4
2026-01-01 15:02:16,506 [INFO] Argument:329 - Argument : MemBurstvalue: DMA_MBURST_INC4
2026-01-01 15:02:16,506 [INFO] Argument:319 - Argument : PeriphBurstvalue: DMA_PBURST_INC4
2026-01-01 15:02:16,506 [INFO] Argument:329 - Argument : PeriphBurstvalue: DMA_PBURST_INC4
2026-01-01 15:02:16,506 [INFO] Argument:319 - Argument : Lockvalue: null
2026-01-01 15:02:16,506 [INFO] Argument:329 - Argument : Lockvalue: null
2026-01-01 15:02:16,506 [INFO] Argument:319 - Argument : Statevalue: null
2026-01-01 15:02:16,506 [INFO] Argument:329 - Argument : Statevalue: null
2026-01-01 15:02:16,506 [INFO] Argument:319 - Argument : Parentvalue: null
2026-01-01 15:02:16,506 [INFO] Argument:329 - Argument : Parentvalue: null
2026-01-01 15:02:16,506 [INFO] Argument:319 - Argument : XferCpltCallbackvalue: null
2026-01-01 15:02:16,506 [INFO] Argument:329 - Argument : XferCpltCallbackvalue: null
2026-01-01 15:02:16,506 [INFO] Argument:319 - Argument : XferHalfCpltCallbackvalue: null
2026-01-01 15:02:16,506 [INFO] Argument:329 - Argument : XferHalfCpltCallbackvalue: null
2026-01-01 15:02:16,506 [INFO] Argument:319 - Argument : XferM1CpltCallbackvalue: null
2026-01-01 15:02:16,506 [INFO] Argument:329 - Argument : XferM1CpltCallbackvalue: null
2026-01-01 15:02:16,506 [INFO] Argument:319 - Argument : XferErrorCallbackvalue: null
2026-01-01 15:02:16,506 [INFO] Argument:329 - Argument : XferErrorCallbackvalue: null
2026-01-01 15:02:16,506 [INFO] Argument:319 - Argument : ErrorCodevalue: null
2026-01-01 15:02:16,506 [INFO] Argument:329 - Argument : ErrorCodevalue: null
2026-01-01 15:02:16,617 [INFO] CodeEngine:255 - oldGeneratedFile, C:\programing\Embedded\projects_stm32\MeteoStation\MeteoStation\MXTmpFiles\license.tmp_save
2026-01-01 15:02:16,741 [INFO] CodeEngine:279 - Generated code: C:\programing\Embedded\projects_stm32\MeteoStation\MeteoStation\MXTmpFiles\license.tmp
2026-01-01 15:02:16,782 [INFO] CodeEngine:255 - oldGeneratedFile, C:\programing\Embedded\projects_stm32\MeteoStation\MeteoStation\MXTmpFiles\gpio.tmp_save
2026-01-01 15:02:16,857 [INFO] CodeEngine:279 - Generated code: C:\programing\Embedded\projects_stm32\MeteoStation\MeteoStation\MXTmpFiles\gpio.tmp
2026-01-01 15:02:17,243 [INFO] CodeEngine:255 - oldGeneratedFile, C:\programing\Embedded\projects_stm32\MeteoStation\MeteoStation\MXTmpFiles\fatfs_HalInit.tmp_save
2026-01-01 15:02:17,322 [INFO] CodeEngine:279 - Generated code: C:\programing\Embedded\projects_stm32\MeteoStation\MeteoStation\MXTmpFiles\fatfs_HalInit.tmp
2026-01-01 15:02:17,335 [INFO] CodeEngine:255 - oldGeneratedFile, C:\programing\Embedded\projects_stm32\MeteoStation\MeteoStation\MXTmpFiles\fatfs_vars.tmp_save
2026-01-01 15:02:17,387 [INFO] CodeEngine:279 - Generated code: C:\programing\Embedded\projects_stm32\MeteoStation\MeteoStation\MXTmpFiles\fatfs_vars.tmp
2026-01-01 15:02:17,398 [INFO] CodeEngine:255 - oldGeneratedFile, C:\programing\Embedded\projects_stm32\MeteoStation\MeteoStation\MXTmpFiles\fatfs_ext_vars.tmp_save
2026-01-01 15:02:17,450 [INFO] CodeEngine:279 - Generated code: C:\programing\Embedded\projects_stm32\MeteoStation\MeteoStation\MXTmpFiles\fatfs_ext_vars.tmp
2026-01-01 15:02:17,460 [INFO] CodeEngine:255 - oldGeneratedFile, C:\programing\Embedded\projects_stm32\MeteoStation\MeteoStation\MXTmpFiles\fatfs_inc.tmp_save
2026-01-01 15:02:17,509 [INFO] CodeEngine:279 - Generated code: C:\programing\Embedded\projects_stm32\MeteoStation\MeteoStation\MXTmpFiles\fatfs_inc.tmp
2026-01-01 15:02:17,542 [INFO] CodeEngine:255 - oldGeneratedFile, C:\programing\Embedded\projects_stm32\MeteoStation\MeteoStation\MXTmpFiles\dma.tmp_save
2026-01-01 15:02:17,603 [INFO] CodeEngine:279 - Generated code: C:\programing\Embedded\projects_stm32\MeteoStation\MeteoStation\MXTmpFiles\dma.tmp
2026-01-01 15:02:17,611 [INFO] CodeEngine:255 - oldGeneratedFile, C:\programing\Embedded\projects_stm32\MeteoStation\MeteoStation\MXTmpFiles\dma_GV.tmp_save
2026-01-01 15:02:17,650 [INFO] CodeEngine:279 - Generated code: C:\programing\Embedded\projects_stm32\MeteoStation\MeteoStation\MXTmpFiles\dma_GV.tmp
2026-01-01 15:02:17,658 [INFO] CodeEngine:255 - oldGeneratedFile, C:\programing\Embedded\projects_stm32\MeteoStation\MeteoStation\MXTmpFiles\fatfs_HalInit.tmp_save
2026-01-01 15:02:17,707 [INFO] CodeEngine:279 - Generated code: C:\programing\Embedded\projects_stm32\MeteoStation\MeteoStation\MXTmpFiles\fatfs_HalInit.tmp
2026-01-01 15:02:17,710 [INFO] CodeEngine:255 - oldGeneratedFile, C:\programing\Embedded\projects_stm32\MeteoStation\MeteoStation\MXTmpFiles\fatfs_vars.tmp_save
2026-01-01 15:02:17,743 [INFO] CodeEngine:279 - Generated code: C:\programing\Embedded\projects_stm32\MeteoStation\MeteoStation\MXTmpFiles\fatfs_vars.tmp
2026-01-01 15:02:17,746 [INFO] CodeEngine:255 - oldGeneratedFile, C:\programing\Embedded\projects_stm32\MeteoStation\MeteoStation\MXTmpFiles\fatfs_ext_vars.tmp_save
2026-01-01 15:02:17,780 [INFO] CodeEngine:279 - Generated code: C:\programing\Embedded\projects_stm32\MeteoStation\MeteoStation\MXTmpFiles\fatfs_ext_vars.tmp
2026-01-01 15:02:17,784 [INFO] CodeEngine:255 - oldGeneratedFile, C:\programing\Embedded\projects_stm32\MeteoStation\MeteoStation\MXTmpFiles\fatfs_inc.tmp_save
2026-01-01 15:02:17,816 [INFO] CodeEngine:279 - Generated code: C:\programing\Embedded\projects_stm32\MeteoStation\MeteoStation\MXTmpFiles\fatfs_inc.tmp
2026-01-01 15:02:17,838 [INFO] CodeEngine:255 - oldGeneratedFile, C:\programing\Embedded\projects_stm32\MeteoStation\MeteoStation\FATFS\Target\ffconf.h_save
2026-01-01 15:02:17,920 [INFO] CodeEngine:279 - Generated code: C:\programing\Embedded\projects_stm32\MeteoStation\MeteoStation\FATFS\Target\ffconf.h
2026-01-01 15:02:17,949 [INFO] CodeEngine:255 - oldGeneratedFile, C:\programing\Embedded\projects_stm32\MeteoStation\MeteoStation\FATFS\Target\bsp_driver_sd.c_save
2026-01-01 15:02:18,018 [INFO] CodeEngine:279 - Generated code: C:\programing\Embedded\projects_stm32\MeteoStation\MeteoStation\FATFS\Target\bsp_driver_sd.c
2026-01-01 15:02:18,048 [INFO] CodeEngine:255 - oldGeneratedFile, C:\programing\Embedded\projects_stm32\MeteoStation\MeteoStation\FATFS\Target\bsp_driver_sd.h_save
2026-01-01 15:02:18,115 [INFO] CodeEngine:279 - Generated code: C:\programing\Embedded\projects_stm32\MeteoStation\MeteoStation\FATFS\Target\bsp_driver_sd.h
2026-01-01 15:02:18,136 [INFO] CodeEngine:255 - oldGeneratedFile, C:\programing\Embedded\projects_stm32\MeteoStation\MeteoStation\FATFS\Target\sd_diskio.h_save
2026-01-01 15:02:18,193 [INFO] CodeEngine:279 - Generated code: C:\programing\Embedded\projects_stm32\MeteoStation\MeteoStation\FATFS\Target\sd_diskio.h
2026-01-01 15:02:18,214 [INFO] CodeEngine:255 - oldGeneratedFile, C:\programing\Embedded\projects_stm32\MeteoStation\MeteoStation\FATFS\Target\sd_diskio.c_save
2026-01-01 15:02:18,290 [INFO] CodeEngine:279 - Generated code: C:\programing\Embedded\projects_stm32\MeteoStation\MeteoStation\FATFS\Target\sd_diskio.c
2026-01-01 15:02:18,318 [INFO] CodeEngine:255 - oldGeneratedFile, C:\programing\Embedded\projects_stm32\MeteoStation\MeteoStation\FATFS\App\fatfs.c_save
2026-01-01 15:02:18,384 [INFO] CodeEngine:279 - Generated code: C:\programing\Embedded\projects_stm32\MeteoStation\MeteoStation\FATFS\App\fatfs.c
2026-01-01 15:02:18,402 [INFO] CodeEngine:255 - oldGeneratedFile, C:\programing\Embedded\projects_stm32\MeteoStation\MeteoStation\FATFS\App\fatfs.h_save
2026-01-01 15:02:18,469 [INFO] CodeEngine:279 - Generated code: C:\programing\Embedded\projects_stm32\MeteoStation\MeteoStation\FATFS\App\fatfs.h
2026-01-01 15:02:18,487 [INFO] CodeEngine:255 - oldGeneratedFile, C:\programing\Embedded\projects_stm32\MeteoStation\MeteoStation\FATFS\Target\fatfs_platform.c_save
2026-01-01 15:02:18,544 [INFO] CodeEngine:279 - Generated code: C:\programing\Embedded\projects_stm32\MeteoStation\MeteoStation\FATFS\Target\fatfs_platform.c
2026-01-01 15:02:18,562 [INFO] CodeEngine:255 - oldGeneratedFile, C:\programing\Embedded\projects_stm32\MeteoStation\MeteoStation\FATFS\Target\fatfs_platform.h_save
2026-01-01 15:02:18,621 [INFO] CodeEngine:279 - Generated code: C:\programing\Embedded\projects_stm32\MeteoStation\MeteoStation\FATFS\Target\fatfs_platform.h
2026-01-01 15:02:18,646 [INFO] CodeEngine:255 - oldGeneratedFile, C:\programing\Embedded\projects_stm32\MeteoStation\MeteoStation\Core\Src\stm32f4xx_it.c_save
2026-01-01 15:02:18,778 [INFO] CodeEngine:279 - Generated code: C:\programing\Embedded\projects_stm32\MeteoStation\MeteoStation\Core\Src\stm32f4xx_it.c
2026-01-01 15:02:18,805 [INFO] CodeEngine:255 - oldGeneratedFile, C:\programing\Embedded\projects_stm32\MeteoStation\MeteoStation\Core\Inc\stm32f4xx_it.h_save
2026-01-01 15:02:18,881 [INFO] CodeEngine:279 - Generated code: C:\programing\Embedded\projects_stm32\MeteoStation\MeteoStation\Core\Inc\stm32f4xx_it.h
2026-01-01 15:02:18,921 [INFO] CodeEngine:255 - oldGeneratedFile, C:\programing\Embedded\projects_stm32\MeteoStation\MeteoStation\Core\Src\stm32f4xx_hal_msp.c_save
2026-01-01 15:02:19,025 [INFO] CodeEngine:279 - Generated code: C:\programing\Embedded\projects_stm32\MeteoStation\MeteoStation\Core\Src\stm32f4xx_hal_msp.c
2026-01-01 15:02:19,044 [INFO] CodeEngine:255 - oldGeneratedFile, C:\programing\Embedded\projects_stm32\MeteoStation\MeteoStation\MXTmpFiles\system.tmp_save
2026-01-01 15:02:19,094 [INFO] CodeEngine:279 - Generated code: C:\programing\Embedded\projects_stm32\MeteoStation\MeteoStation\MXTmpFiles\system.tmp
2026-01-01 15:02:19,112 [INFO] CodeEngine:255 - oldGeneratedFile, C:\programing\Embedded\projects_stm32\MeteoStation\MeteoStation\Core\Src\stm32f4xx_hal_timebase_tim.c_save
2026-01-01 15:02:19,186 [INFO] CodeEngine:279 - Generated code: C:\programing\Embedded\projects_stm32\MeteoStation\MeteoStation\Core\Src\stm32f4xx_hal_timebase_tim.c
2026-01-01 15:02:19,208 [INFO] CodeEngine:311 - oldGeneratedFile, C:\programing\Embedded\projects_stm32\MeteoStation\MeteoStation\Core\Inc\stm32f4xx_hal_conf.h_save
2026-01-01 15:02:19,276 [INFO] CodeEngine:335 - Generated code: C:\programing\Embedded\projects_stm32\MeteoStation\MeteoStation\Core\Inc\stm32f4xx_hal_conf.h
2026-01-01 15:02:19,296 [WARN] IPConfigManager:3431 - IP not found : TIM
2026-01-01 15:02:19,297 [WARN] CodeGenerator:3760 - IP not found : null
2026-01-01 15:02:19,318 [INFO] CodeEngine:255 - oldGeneratedFile, C:\programing\Embedded\projects_stm32\MeteoStation\MeteoStation\Core\Inc\main.h_save
2026-01-01 15:02:19,390 [INFO] CodeEngine:279 - Generated code: C:\programing\Embedded\projects_stm32\MeteoStation\MeteoStation\Core\Inc\main.h
2026-01-01 15:02:19,411 [INFO] CodeEngine:255 - oldGeneratedFile, C:\programing\Embedded\projects_stm32\MeteoStation\MeteoStation\Core\Src\main.c_save
2026-01-01 15:02:19,510 [INFO] CodeEngine:279 - Generated code: C:\programing\Embedded\projects_stm32\MeteoStation\MeteoStation\Core\Src\main.c
2026-01-01 15:02:19,952 [INFO] ProjectBuilder:3064 - Time for Copy HAL[1] : 209mS.
2026-01-01 15:02:19,955 [INFO] ProjectBuilder:4404 - Project Generator version: 4.1.0
2026-01-01 15:02:20,095 [INFO] ConfigFileManager:1457 - The Die is : DIE413
2026-01-01 15:02:21,425 [INFO] ProjectBuilder:4626 - Time for Generating toolchain IDE Files: 1470mS.
2026-01-01 15:02:21,425 [INFO] ProjectBuilder:2935 - Time for Copy CMSIS : 0mS.
2026-01-01 15:02:21,427 [INFO] ProjectBuilder:2935 - Time for Copy CMSIS : 0mS.
2026-01-01 15:32:30,722 [INFO] NvicIntPanel:101 - NVIC parent = com.st.microxplorer.plugins.ip.nvic.MultiNvicIntPanel[,0,0,0x0,invalid,layout=javax.swing.BoxLayout,alignmentX=0.0,alignmentY=0.0,border=,flags=9,maximumSize=,minimumSize=,preferredSize=]
2026-01-01 15:32:30,782 [INFO] NvicIntPanel:101 - NVIC parent = com.st.microxplorer.plugins.ip.nvic.MultiNvicIntPanel[,0,0,0x0,invalid,layout=javax.swing.BoxLayout,alignmentX=0.0,alignmentY=0.0,border=,flags=9,maximumSize=,minimumSize=,preferredSize=]
2026-01-01 15:32:35,505 [INFO] NvicIntPanel:101 - NVIC parent = com.st.microxplorer.plugins.ip.nvic.MultiNvicIntPanel[,0,0,0x0,invalid,layout=javax.swing.BoxLayout,alignmentX=0.0,alignmentY=0.0,border=,flags=9,maximumSize=,minimumSize=,preferredSize=]
2026-01-01 15:32:35,564 [INFO] NvicIntPanel:101 - NVIC parent = com.st.microxplorer.plugins.ip.nvic.MultiNvicIntPanel[,0,0,0x0,invalid,layout=javax.swing.BoxLayout,alignmentX=0.0,alignmentY=0.0,border=,flags=9,maximumSize=,minimumSize=,preferredSize=]
2026-01-01 15:32:36,317 [INFO] UtilMem:75 - End SaveConfig() Used Memory: 770460248 Bytes (1073741824)
2026-01-01 15:32:37,456 [INFO] UtilMem:75 - End SaveConfig() Used Memory: 820791896 Bytes (1073741824)
2026-01-01 15:32:39,055 [INFO] UtilMem:75 - End SaveConfig() Used Memory: 916736600 Bytes (1073741824)
2026-01-01 15:32:39,248 [INFO] BlockDiagram:2759 - set Specific Code input for plugin: SPI
2026-01-01 15:32:39,248 [INFO] BlockDiagram:2759 - set Specific Code input for plugin: SDIO
2026-01-01 15:32:39,248 [INFO] BlockDiagram:2759 - set Specific Code input for plugin: TIM1_8
2026-01-01 15:32:39,248 [INFO] BlockDiagram:2759 - set Specific Code input for plugin: SYS
2026-01-01 15:32:39,248 [INFO] BlockDiagram:2759 - set Specific Code input for plugin: RCC
2026-01-01 15:32:39,248 [INFO] BlockDiagram:2759 - set Specific Code input for plugin: I2C
2026-01-01 15:32:39,248 [INFO] BlockDiagram:2759 - set Specific Code input for plugin: NVIC
2026-01-01 15:32:39,248 [INFO] BlockDiagram:2759 - set Specific Code input for plugin: USART
2026-01-01 15:32:39,248 [INFO] BlockDiagram:2759 - set Specific Code input for plugin: DMA
2026-01-01 15:32:39,248 [INFO] BlockDiagram:2759 - set Specific Code input for plugin: GPIO
2026-01-01 15:32:39,248 [INFO] BlockDiagram:2759 - set Specific Code input for plugin: FATFS
2026-01-01 15:32:39,250 [INFO] CodeGenerator:799 - code generatio: config db path: C:\ST\STM32CubeIDE_1.13.0\STM32CubeIDE\plugins\com.st.stm32cube.common.mx_6.9.0.202307051724\\db\
2026-01-01 15:32:39,253 [WARN] IP:2114 - I2C_Coeff_DF not found: check if there is a RefParameter without a condition.
2026-01-01 15:32:39,253 [WARN] IP:2114 - Analog_Filter not found: check if there is a RefParameter without a condition.
2026-01-01 15:32:39,259 [INFO] Argument:319 - Argument : hdmavalue: null
2026-01-01 15:32:39,259 [INFO] Argument:321 - 	 sub Args: 
2026-01-01 15:32:39,259 [INFO] Argument:319 - Argument : Instancevalue: DMA2_Stream3
2026-01-01 15:32:39,259 [INFO] Argument:329 - Argument : Instancevalue: DMA2_Stream3
2026-01-01 15:32:39,259 [INFO] Argument:319 - Argument : Initvalue: null
2026-01-01 15:32:39,259 [INFO] Argument:321 - 	 sub Args: 
2026-01-01 15:32:39,259 [INFO] Argument:319 - Argument : Channelvalue: DMA_CHANNEL_4
2026-01-01 15:32:39,259 [INFO] Argument:329 - Argument : Channelvalue: DMA_CHANNEL_4
2026-01-01 15:32:39,259 [INFO] Argument:319 - Argument : Directionvalue: DMA_MEMORY_TO_PERIPH
2026-01-01 15:32:39,259 [INFO] Argument:329 - Argument : Directionvalue: DMA_MEMORY_TO_PERIPH
2026-01-01 15:32:39,259 [INFO] Argument:319 - Argument : PeriphIncvalue: DMA_PINC_DISABLE
2026-01-01 15:32:39,259 [INFO] Argument:329 - Argument : PeriphIncvalue: DMA_PINC_DISABLE
2026-01-01 15:32:39,259 [INFO] Argument:319 - Argument : MemIncvalue: DMA_MINC_ENABLE
2026-01-01 15:32:39,259 [INFO] Argument:329 - Argument : MemIncvalue: DMA_MINC_ENABLE
2026-01-01 15:32:39,259 [INFO] Argument:319 - Argument : PeriphDataAlignmentvalue: DMA_PDATAALIGN_WORD
2026-01-01 15:32:39,259 [INFO] Argument:329 - Argument : PeriphDataAlignmentvalue: DMA_PDATAALIGN_WORD
2026-01-01 15:32:39,259 [INFO] Argument:319 - Argument : MemDataAlignmentvalue: DMA_MDATAALIGN_WORD
2026-01-01 15:32:39,259 [INFO] Argument:329 - Argument : MemDataAlignmentvalue: DMA_MDATAALIGN_WORD
2026-01-01 15:32:39,259 [INFO] Argument:319 - Argument : Modevalue: DMA_PFCTRL
2026-01-01 15:32:39,259 [INFO] Argument:329 - Argument : Modevalue: DMA_PFCTRL
2026-01-01 15:32:39,259 [INFO] Argument:319 - Argument : Priorityvalue: DMA_PRIORITY_LOW
2026-01-01 15:32:39,259 [INFO] Argument:329 - Argument : Priorityvalue: DMA_PRIORITY_LOW
2026-01-01 15:32:39,259 [INFO] Argument:319 - Argument : FIFOModevalue: DMA_FIFOMODE_ENABLE
2026-01-01 15:32:39,259 [INFO] Argument:329 - Argument : FIFOModevalue: DMA_FIFOMODE_ENABLE
2026-01-01 15:32:39,259 [INFO] Argument:319 - Argument : FIFOThresholdvalue: DMA_FIFO_THRESHOLD_FULL
2026-01-01 15:32:39,259 [INFO] Argument:329 - Argument : FIFOThresholdvalue: DMA_FIFO_THRESHOLD_FULL
2026-01-01 15:32:39,259 [INFO] Argument:319 - Argument : MemBurstvalue: DMA_MBURST_INC4
2026-01-01 15:32:39,259 [INFO] Argument:329 - Argument : MemBurstvalue: DMA_MBURST_INC4
2026-01-01 15:32:39,259 [INFO] Argument:319 - Argument : PeriphBurstvalue: DMA_PBURST_INC4
2026-01-01 15:32:39,259 [INFO] Argument:329 - Argument : PeriphBurstvalue: DMA_PBURST_INC4
2026-01-01 15:32:39,259 [INFO] Argument:319 - Argument : Lockvalue: null
2026-01-01 15:32:39,259 [INFO] Argument:329 - Argument : Lockvalue: null
2026-01-01 15:32:39,260 [INFO] Argument:319 - Argument : Statevalue: null
2026-01-01 15:32:39,260 [INFO] Argument:329 - Argument : Statevalue: null
2026-01-01 15:32:39,260 [INFO] Argument:319 - Argument : Parentvalue: null
2026-01-01 15:32:39,260 [INFO] Argument:329 - Argument : Parentvalue: null
2026-01-01 15:32:39,260 [INFO] Argument:319 - Argument : XferCpltCallbackvalue: null
2026-01-01 15:32:39,260 [INFO] Argument:329 - Argument : XferCpltCallbackvalue: null
2026-01-01 15:32:39,260 [INFO] Argument:319 - Argument : XferHalfCpltCallbackvalue: null
2026-01-01 15:32:39,260 [INFO] Argument:329 - Argument : XferHalfCpltCallbackvalue: null
2026-01-01 15:32:39,260 [INFO] Argument:319 - Argument : XferM1CpltCallbackvalue: null
2026-01-01 15:32:39,260 [INFO] Argument:329 - Argument : XferM1CpltCallbackvalue: null
2026-01-01 15:32:39,260 [INFO] Argument:319 - Argument : XferErrorCallbackvalue: null
2026-01-01 15:32:39,260 [INFO] Argument:329 - Argument : XferErrorCallbackvalue: null
2026-01-01 15:32:39,260 [INFO] Argument:319 - Argument : ErrorCodevalue: null
2026-01-01 15:32:39,260 [INFO] Argument:329 - Argument : ErrorCodevalue: null
2026-01-01 15:32:39,260 [INFO] Argument:319 - Argument : hdmavalue: null
2026-01-01 15:32:39,260 [INFO] Argument:321 - 	 sub Args: 
2026-01-01 15:32:39,260 [INFO] Argument:319 - Argument : Instancevalue: DMA2_Stream6
2026-01-01 15:32:39,260 [INFO] Argument:329 - Argument : Instancevalue: DMA2_Stream6
2026-01-01 15:32:39,260 [INFO] Argument:319 - Argument : Initvalue: null
2026-01-01 15:32:39,260 [INFO] Argument:321 - 	 sub Args: 
2026-01-01 15:32:39,260 [INFO] Argument:319 - Argument : Channelvalue: DMA_CHANNEL_4
2026-01-01 15:32:39,260 [INFO] Argument:329 - Argument : Channelvalue: DMA_CHANNEL_4
2026-01-01 15:32:39,260 [INFO] Argument:319 - Argument : Directionvalue: DMA_PERIPH_TO_MEMORY
2026-01-01 15:32:39,260 [INFO] Argument:329 - Argument : Directionvalue: DMA_PERIPH_TO_MEMORY
2026-01-01 15:32:39,260 [INFO] Argument:319 - Argument : PeriphIncvalue: DMA_PINC_DISABLE
2026-01-01 15:32:39,260 [INFO] Argument:329 - Argument : PeriphIncvalue: DMA_PINC_DISABLE
2026-01-01 15:32:39,260 [INFO] Argument:319 - Argument : MemIncvalue: DMA_MINC_ENABLE
2026-01-01 15:32:39,260 [INFO] Argument:329 - Argument : MemIncvalue: DMA_MINC_ENABLE
2026-01-01 15:32:39,260 [INFO] Argument:319 - Argument : PeriphDataAlignmentvalue: DMA_PDATAALIGN_WORD
2026-01-01 15:32:39,260 [INFO] Argument:329 - Argument : PeriphDataAlignmentvalue: DMA_PDATAALIGN_WORD
2026-01-01 15:32:39,260 [INFO] Argument:319 - Argument : MemDataAlignmentvalue: DMA_MDATAALIGN_WORD
2026-01-01 15:32:39,260 [INFO] Argument:329 - Argument : MemDataAlignmentvalue: DMA_MDATAALIGN_WORD
2026-01-01 15:32:39,260 [INFO] Argument:319 - Argument : Modevalue: DMA_PFCTRL
2026-01-01 15:32:39,260 [INFO] Argument:329 - Argument : Modevalue: DMA_PFCTRL
2026-01-01 15:32:39,260 [INFO] Argument:319 - Argument : Priorityvalue: DMA_PRIORITY_LOW
2026-01-01 15:32:39,260 [INFO] Argument:329 - Argument : Priorityvalue: DMA_PRIORITY_LOW
2026-01-01 15:32:39,260 [INFO] Argument:319 - Argument : FIFOModevalue: DMA_FIFOMODE_ENABLE
2026-01-01 15:32:39,260 [INFO] Argument:329 - Argument : FIFOModevalue: DMA_FIFOMODE_ENABLE
2026-01-01 15:32:39,260 [INFO] Argument:319 - Argument : FIFOThresholdvalue: DMA_FIFO_THRESHOLD_FULL
2026-01-01 15:32:39,260 [INFO] Argument:329 - Argument : FIFOThresholdvalue: DMA_FIFO_THRESHOLD_FULL
2026-01-01 15:32:39,260 [INFO] Argument:319 - Argument : MemBurstvalue: DMA_MBURST_INC4
2026-01-01 15:32:39,260 [INFO] Argument:329 - Argument : MemBurstvalue: DMA_MBURST_INC4
2026-01-01 15:32:39,260 [INFO] Argument:319 - Argument : PeriphBurstvalue: DMA_PBURST_INC4
2026-01-01 15:32:39,260 [INFO] Argument:329 - Argument : PeriphBurstvalue: DMA_PBURST_INC4
2026-01-01 15:32:39,260 [INFO] Argument:319 - Argument : Lockvalue: null
2026-01-01 15:32:39,260 [INFO] Argument:329 - Argument : Lockvalue: null
2026-01-01 15:32:39,260 [INFO] Argument:319 - Argument : Statevalue: null
2026-01-01 15:32:39,260 [INFO] Argument:329 - Argument : Statevalue: null
2026-01-01 15:32:39,260 [INFO] Argument:319 - Argument : Parentvalue: null
2026-01-01 15:32:39,260 [INFO] Argument:329 - Argument : Parentvalue: null
2026-01-01 15:32:39,260 [INFO] Argument:319 - Argument : XferCpltCallbackvalue: null
2026-01-01 15:32:39,260 [INFO] Argument:329 - Argument : XferCpltCallbackvalue: null
2026-01-01 15:32:39,260 [INFO] Argument:319 - Argument : XferHalfCpltCallbackvalue: null
2026-01-01 15:32:39,260 [INFO] Argument:329 - Argument : XferHalfCpltCallbackvalue: null
2026-01-01 15:32:39,260 [INFO] Argument:319 - Argument : XferM1CpltCallbackvalue: null
2026-01-01 15:32:39,260 [INFO] Argument:329 - Argument : XferM1CpltCallbackvalue: null
2026-01-01 15:32:39,260 [INFO] Argument:319 - Argument : XferErrorCallbackvalue: null
2026-01-01 15:32:39,260 [INFO] Argument:329 - Argument : XferErrorCallbackvalue: null
2026-01-01 15:32:39,260 [INFO] Argument:319 - Argument : ErrorCodevalue: null
2026-01-01 15:32:39,260 [INFO] Argument:329 - Argument : ErrorCodevalue: null
2026-01-01 15:32:39,371 [INFO] CodeEngine:255 - oldGeneratedFile, C:\programing\Embedded\projects_stm32\MeteoStation\MeteoStation\MXTmpFiles\license.tmp_save
2026-01-01 15:32:39,419 [INFO] CodeEngine:279 - Generated code: C:\programing\Embedded\projects_stm32\MeteoStation\MeteoStation\MXTmpFiles\license.tmp
2026-01-01 15:32:39,442 [INFO] CodeEngine:255 - oldGeneratedFile, C:\programing\Embedded\projects_stm32\MeteoStation\MeteoStation\MXTmpFiles\gpio.tmp_save
2026-01-01 15:32:39,493 [INFO] CodeEngine:279 - Generated code: C:\programing\Embedded\projects_stm32\MeteoStation\MeteoStation\MXTmpFiles\gpio.tmp
2026-01-01 15:32:40,088 [INFO] CodeEngine:255 - oldGeneratedFile, C:\programing\Embedded\projects_stm32\MeteoStation\MeteoStation\MXTmpFiles\fatfs_HalInit.tmp_save
2026-01-01 15:32:40,220 [INFO] CodeEngine:279 - Generated code: C:\programing\Embedded\projects_stm32\MeteoStation\MeteoStation\MXTmpFiles\fatfs_HalInit.tmp
2026-01-01 15:32:40,227 [INFO] CodeEngine:255 - oldGeneratedFile, C:\programing\Embedded\projects_stm32\MeteoStation\MeteoStation\MXTmpFiles\fatfs_vars.tmp_save
2026-01-01 15:32:40,295 [INFO] CodeEngine:279 - Generated code: C:\programing\Embedded\projects_stm32\MeteoStation\MeteoStation\MXTmpFiles\fatfs_vars.tmp
2026-01-01 15:32:40,315 [INFO] CodeEngine:255 - oldGeneratedFile, C:\programing\Embedded\projects_stm32\MeteoStation\MeteoStation\MXTmpFiles\fatfs_ext_vars.tmp_save
2026-01-01 15:32:40,378 [INFO] CodeEngine:279 - Generated code: C:\programing\Embedded\projects_stm32\MeteoStation\MeteoStation\MXTmpFiles\fatfs_ext_vars.tmp
2026-01-01 15:32:40,384 [INFO] CodeEngine:255 - oldGeneratedFile, C:\programing\Embedded\projects_stm32\MeteoStation\MeteoStation\MXTmpFiles\fatfs_inc.tmp_save
2026-01-01 15:32:40,445 [INFO] CodeEngine:279 - Generated code: C:\programing\Embedded\projects_stm32\MeteoStation\MeteoStation\MXTmpFiles\fatfs_inc.tmp
2026-01-01 15:32:40,503 [INFO] CodeEngine:255 - oldGeneratedFile, C:\programing\Embedded\projects_stm32\MeteoStation\MeteoStation\MXTmpFiles\dma.tmp_save
2026-01-01 15:32:40,573 [INFO] CodeEngine:279 - Generated code: C:\programing\Embedded\projects_stm32\MeteoStation\MeteoStation\MXTmpFiles\dma.tmp
2026-01-01 15:32:40,579 [INFO] CodeEngine:255 - oldGeneratedFile, C:\programing\Embedded\projects_stm32\MeteoStation\MeteoStation\MXTmpFiles\dma_GV.tmp_save
2026-01-01 15:32:40,644 [INFO] CodeEngine:279 - Generated code: C:\programing\Embedded\projects_stm32\MeteoStation\MeteoStation\MXTmpFiles\dma_GV.tmp
2026-01-01 15:32:40,660 [INFO] CodeEngine:255 - oldGeneratedFile, C:\programing\Embedded\projects_stm32\MeteoStation\MeteoStation\MXTmpFiles\fatfs_HalInit.tmp_save
2026-01-01 15:32:40,743 [INFO] CodeEngine:279 - Generated code: C:\programing\Embedded\projects_stm32\MeteoStation\MeteoStation\MXTmpFiles\fatfs_HalInit.tmp
2026-01-01 15:32:40,748 [INFO] CodeEngine:255 - oldGeneratedFile, C:\programing\Embedded\projects_stm32\MeteoStation\MeteoStation\MXTmpFiles\fatfs_vars.tmp_save
2026-01-01 15:32:40,812 [INFO] CodeEngine:279 - Generated code: C:\programing\Embedded\projects_stm32\MeteoStation\MeteoStation\MXTmpFiles\fatfs_vars.tmp
2026-01-01 15:32:40,820 [INFO] CodeEngine:255 - oldGeneratedFile, C:\programing\Embedded\projects_stm32\MeteoStation\MeteoStation\MXTmpFiles\fatfs_ext_vars.tmp_save
2026-01-01 15:32:40,881 [INFO] CodeEngine:279 - Generated code: C:\programing\Embedded\projects_stm32\MeteoStation\MeteoStation\MXTmpFiles\fatfs_ext_vars.tmp
2026-01-01 15:32:40,886 [INFO] CodeEngine:255 - oldGeneratedFile, C:\programing\Embedded\projects_stm32\MeteoStation\MeteoStation\MXTmpFiles\fatfs_inc.tmp_save
2026-01-01 15:32:40,946 [INFO] CodeEngine:279 - Generated code: C:\programing\Embedded\projects_stm32\MeteoStation\MeteoStation\MXTmpFiles\fatfs_inc.tmp
2026-01-01 15:32:40,980 [INFO] CodeEngine:255 - oldGeneratedFile, C:\programing\Embedded\projects_stm32\MeteoStation\MeteoStation\FATFS\Target\ffconf.h_save
2026-01-01 15:32:41,111 [INFO] CodeEngine:279 - Generated code: C:\programing\Embedded\projects_stm32\MeteoStation\MeteoStation\FATFS\Target\ffconf.h
2026-01-01 15:32:41,155 [INFO] CodeEngine:255 - oldGeneratedFile, C:\programing\Embedded\projects_stm32\MeteoStation\MeteoStation\FATFS\Target\bsp_driver_sd.c_save
2026-01-01 15:32:41,279 [INFO] CodeEngine:279 - Generated code: C:\programing\Embedded\projects_stm32\MeteoStation\MeteoStation\FATFS\Target\bsp_driver_sd.c
2026-01-01 15:32:41,299 [INFO] CodeEngine:255 - oldGeneratedFile, C:\programing\Embedded\projects_stm32\MeteoStation\MeteoStation\FATFS\Target\bsp_driver_sd.h_save
2026-01-01 15:32:41,367 [INFO] CodeEngine:279 - Generated code: C:\programing\Embedded\projects_stm32\MeteoStation\MeteoStation\FATFS\Target\bsp_driver_sd.h
2026-01-01 15:32:41,377 [INFO] CodeEngine:255 - oldGeneratedFile, C:\programing\Embedded\projects_stm32\MeteoStation\MeteoStation\FATFS\Target\sd_diskio.h_save
2026-01-01 15:32:41,444 [INFO] CodeEngine:279 - Generated code: C:\programing\Embedded\projects_stm32\MeteoStation\MeteoStation\FATFS\Target\sd_diskio.h
2026-01-01 15:32:41,476 [INFO] CodeEngine:255 - oldGeneratedFile, C:\programing\Embedded\projects_stm32\MeteoStation\MeteoStation\FATFS\Target\sd_diskio.c_save
2026-01-01 15:32:41,599 [INFO] CodeEngine:279 - Generated code: C:\programing\Embedded\projects_stm32\MeteoStation\MeteoStation\FATFS\Target\sd_diskio.c
2026-01-01 15:32:41,631 [INFO] CodeEngine:255 - oldGeneratedFile, C:\programing\Embedded\projects_stm32\MeteoStation\MeteoStation\FATFS\App\fatfs.c_save
2026-01-01 15:32:41,708 [INFO] CodeEngine:279 - Generated code: C:\programing\Embedded\projects_stm32\MeteoStation\MeteoStation\FATFS\App\fatfs.c
2026-01-01 15:32:41,715 [INFO] CodeEngine:255 - oldGeneratedFile, C:\programing\Embedded\projects_stm32\MeteoStation\MeteoStation\FATFS\App\fatfs.h_save
2026-01-01 15:32:41,769 [INFO] CodeEngine:279 - Generated code: C:\programing\Embedded\projects_stm32\MeteoStation\MeteoStation\FATFS\App\fatfs.h
2026-01-01 15:32:41,774 [INFO] CodeEngine:255 - oldGeneratedFile, C:\programing\Embedded\projects_stm32\MeteoStation\MeteoStation\FATFS\Target\fatfs_platform.c_save
2026-01-01 15:32:41,814 [INFO] CodeEngine:279 - Generated code: C:\programing\Embedded\projects_stm32\MeteoStation\MeteoStation\FATFS\Target\fatfs_platform.c
2026-01-01 15:32:41,819 [INFO] CodeEngine:255 - oldGeneratedFile, C:\programing\Embedded\projects_stm32\MeteoStation\MeteoStation\FATFS\Target\fatfs_platform.h_save
2026-01-01 15:32:41,859 [INFO] CodeEngine:279 - Generated code: C:\programing\Embedded\projects_stm32\MeteoStation\MeteoStation\FATFS\Target\fatfs_platform.h
2026-01-01 15:32:41,889 [INFO] CodeEngine:255 - oldGeneratedFile, C:\programing\Embedded\projects_stm32\MeteoStation\MeteoStation\Core\Src\stm32f4xx_it.c_save
2026-01-01 15:32:42,020 [INFO] CodeEngine:279 - Generated code: C:\programing\Embedded\projects_stm32\MeteoStation\MeteoStation\Core\Src\stm32f4xx_it.c
2026-01-01 15:32:42,026 [INFO] CodeEngine:255 - oldGeneratedFile, C:\programing\Embedded\projects_stm32\MeteoStation\MeteoStation\Core\Inc\stm32f4xx_it.h_save
2026-01-01 15:32:42,100 [INFO] CodeEngine:279 - Generated code: C:\programing\Embedded\projects_stm32\MeteoStation\MeteoStation\Core\Inc\stm32f4xx_it.h
2026-01-01 15:32:42,141 [INFO] CodeEngine:255 - oldGeneratedFile, C:\programing\Embedded\projects_stm32\MeteoStation\MeteoStation\Core\Src\stm32f4xx_hal_msp.c_save
2026-01-01 15:32:42,264 [INFO] CodeEngine:279 - Generated code: C:\programing\Embedded\projects_stm32\MeteoStation\MeteoStation\Core\Src\stm32f4xx_hal_msp.c
2026-01-01 15:32:42,280 [INFO] CodeEngine:255 - oldGeneratedFile, C:\programing\Embedded\projects_stm32\MeteoStation\MeteoStation\MXTmpFiles\system.tmp_save
2026-01-01 15:32:42,333 [INFO] CodeEngine:279 - Generated code: C:\programing\Embedded\projects_stm32\MeteoStation\MeteoStation\MXTmpFiles\system.tmp
2026-01-01 15:32:42,356 [INFO] CodeEngine:255 - oldGeneratedFile, C:\programing\Embedded\projects_stm32\MeteoStation\MeteoStation\Core\Src\stm32f4xx_hal_timebase_tim.c_save
2026-01-01 15:32:42,398 [INFO] CodeEngine:279 - Generated code: C:\programing\Embedded\projects_stm32\MeteoStation\MeteoStation\Core\Src\stm32f4xx_hal_timebase_tim.c
2026-01-01 15:32:42,424 [INFO] CodeEngine:311 - oldGeneratedFile, C:\programing\Embedded\projects_stm32\MeteoStation\MeteoStation\Core\Inc\stm32f4xx_hal_conf.h_save
2026-01-01 15:32:42,496 [INFO] CodeEngine:335 - Generated code: C:\programing\Embedded\projects_stm32\MeteoStation\MeteoStation\Core\Inc\stm32f4xx_hal_conf.h
2026-01-01 15:32:42,516 [WARN] IPConfigManager:3431 - IP not found : TIM
2026-01-01 15:32:42,517 [WARN] CodeGenerator:3760 - IP not found : null
2026-01-01 15:32:42,539 [INFO] CodeEngine:255 - oldGeneratedFile, C:\programing\Embedded\projects_stm32\MeteoStation\MeteoStation\Core\Inc\main.h_save
2026-01-01 15:32:42,594 [INFO] CodeEngine:279 - Generated code: C:\programing\Embedded\projects_stm32\MeteoStation\MeteoStation\Core\Inc\main.h
2026-01-01 15:32:42,618 [INFO] CodeEngine:255 - oldGeneratedFile, C:\programing\Embedded\projects_stm32\MeteoStation\MeteoStation\Core\Src\main.c_save
2026-01-01 15:32:42,712 [INFO] CodeEngine:279 - Generated code: C:\programing\Embedded\projects_stm32\MeteoStation\MeteoStation\Core\Src\main.c
2026-01-01 15:32:43,088 [INFO] ProjectBuilder:3064 - Time for Copy HAL[1] : 164mS.
2026-01-01 15:32:43,092 [INFO] ProjectBuilder:4404 - Project Generator version: 4.1.0
2026-01-01 15:32:43,244 [INFO] ConfigFileManager:1457 - The Die is : DIE413
2026-01-01 15:32:44,446 [INFO] ProjectBuilder:4626 - Time for Generating toolchain IDE Files: 1354mS.
2026-01-01 15:32:44,447 [INFO] ProjectBuilder:2935 - Time for Copy CMSIS : 0mS.
2026-01-01 15:32:44,452 [INFO] ProjectBuilder:2935 - Time for Copy CMSIS : 0mS.
2026-01-01 15:34:33,128 [INFO] NvicIntPanel:101 - NVIC parent = com.st.microxplorer.plugins.ip.nvic.MultiNvicIntPanel[,0,0,0x0,invalid,layout=javax.swing.BoxLayout,alignmentX=0.0,alignmentY=0.0,border=,flags=9,maximumSize=,minimumSize=,preferredSize=]
2026-01-01 15:34:33,181 [INFO] NvicIntPanel:101 - NVIC parent = com.st.microxplorer.plugins.ip.nvic.MultiNvicIntPanel[,0,0,0x0,invalid,layout=javax.swing.BoxLayout,alignmentX=0.0,alignmentY=0.0,border=,flags=9,maximumSize=,minimumSize=,preferredSize=]
2026-01-01 15:34:34,662 [INFO] UtilMem:75 - End SaveConfig() Used Memory: 777613312 Bytes (1073741824)
2026-01-01 15:34:35,598 [INFO] UtilMem:75 - End SaveConfig() Used Memory: 827944960 Bytes (1073741824)
2026-01-01 15:34:36,891 [INFO] UtilMem:75 - End SaveConfig() Used Memory: 925988808 Bytes (1073741824)
2026-01-01 15:34:37,062 [INFO] BlockDiagram:2759 - set Specific Code input for plugin: SPI
2026-01-01 15:34:37,063 [INFO] BlockDiagram:2759 - set Specific Code input for plugin: SDIO
2026-01-01 15:34:37,063 [INFO] BlockDiagram:2759 - set Specific Code input for plugin: TIM1_8
2026-01-01 15:34:37,063 [INFO] BlockDiagram:2759 - set Specific Code input for plugin: SYS
2026-01-01 15:34:37,063 [INFO] BlockDiagram:2759 - set Specific Code input for plugin: RCC
2026-01-01 15:34:37,063 [INFO] BlockDiagram:2759 - set Specific Code input for plugin: I2C
2026-01-01 15:34:37,063 [INFO] BlockDiagram:2759 - set Specific Code input for plugin: NVIC
2026-01-01 15:34:37,063 [INFO] BlockDiagram:2759 - set Specific Code input for plugin: USART
2026-01-01 15:34:37,063 [INFO] BlockDiagram:2759 - set Specific Code input for plugin: DMA
2026-01-01 15:34:37,063 [INFO] BlockDiagram:2759 - set Specific Code input for plugin: GPIO
2026-01-01 15:34:37,063 [INFO] BlockDiagram:2759 - set Specific Code input for plugin: FATFS
2026-01-01 15:34:37,064 [INFO] CodeGenerator:799 - code generatio: config db path: C:\ST\STM32CubeIDE_1.13.0\STM32CubeIDE\plugins\com.st.stm32cube.common.mx_6.9.0.202307051724\\db\
2026-01-01 15:34:37,068 [WARN] IP:2114 - I2C_Coeff_DF not found: check if there is a RefParameter without a condition.
2026-01-01 15:34:37,068 [WARN] IP:2114 - Analog_Filter not found: check if there is a RefParameter without a condition.
2026-01-01 15:34:37,073 [INFO] Argument:319 - Argument : hdmavalue: null
2026-01-01 15:34:37,073 [INFO] Argument:321 - 	 sub Args: 
2026-01-01 15:34:37,073 [INFO] Argument:319 - Argument : Instancevalue: DMA2_Stream3
2026-01-01 15:34:37,073 [INFO] Argument:329 - Argument : Instancevalue: DMA2_Stream3
2026-01-01 15:34:37,073 [INFO] Argument:319 - Argument : Initvalue: null
2026-01-01 15:34:37,073 [INFO] Argument:321 - 	 sub Args: 
2026-01-01 15:34:37,073 [INFO] Argument:319 - Argument : Channelvalue: DMA_CHANNEL_4
2026-01-01 15:34:37,073 [INFO] Argument:329 - Argument : Channelvalue: DMA_CHANNEL_4
2026-01-01 15:34:37,073 [INFO] Argument:319 - Argument : Directionvalue: DMA_MEMORY_TO_PERIPH
2026-01-01 15:34:37,073 [INFO] Argument:329 - Argument : Directionvalue: DMA_MEMORY_TO_PERIPH
2026-01-01 15:34:37,073 [INFO] Argument:319 - Argument : PeriphIncvalue: DMA_PINC_DISABLE
2026-01-01 15:34:37,073 [INFO] Argument:329 - Argument : PeriphIncvalue: DMA_PINC_DISABLE
2026-01-01 15:34:37,073 [INFO] Argument:319 - Argument : MemIncvalue: DMA_MINC_ENABLE
2026-01-01 15:34:37,073 [INFO] Argument:329 - Argument : MemIncvalue: DMA_MINC_ENABLE
2026-01-01 15:34:37,073 [INFO] Argument:319 - Argument : PeriphDataAlignmentvalue: DMA_PDATAALIGN_WORD
2026-01-01 15:34:37,073 [INFO] Argument:329 - Argument : PeriphDataAlignmentvalue: DMA_PDATAALIGN_WORD
2026-01-01 15:34:37,073 [INFO] Argument:319 - Argument : MemDataAlignmentvalue: DMA_MDATAALIGN_WORD
2026-01-01 15:34:37,073 [INFO] Argument:329 - Argument : MemDataAlignmentvalue: DMA_MDATAALIGN_WORD
2026-01-01 15:34:37,073 [INFO] Argument:319 - Argument : Modevalue: DMA_PFCTRL
2026-01-01 15:34:37,073 [INFO] Argument:329 - Argument : Modevalue: DMA_PFCTRL
2026-01-01 15:34:37,073 [INFO] Argument:319 - Argument : Priorityvalue: DMA_PRIORITY_LOW
2026-01-01 15:34:37,073 [INFO] Argument:329 - Argument : Priorityvalue: DMA_PRIORITY_LOW
2026-01-01 15:34:37,073 [INFO] Argument:319 - Argument : FIFOModevalue: DMA_FIFOMODE_ENABLE
2026-01-01 15:34:37,073 [INFO] Argument:329 - Argument : FIFOModevalue: DMA_FIFOMODE_ENABLE
2026-01-01 15:34:37,073 [INFO] Argument:319 - Argument : FIFOThresholdvalue: DMA_FIFO_THRESHOLD_FULL
2026-01-01 15:34:37,073 [INFO] Argument:329 - Argument : FIFOThresholdvalue: DMA_FIFO_THRESHOLD_FULL
2026-01-01 15:34:37,073 [INFO] Argument:319 - Argument : MemBurstvalue: DMA_MBURST_INC4
2026-01-01 15:34:37,073 [INFO] Argument:329 - Argument : MemBurstvalue: DMA_MBURST_INC4
2026-01-01 15:34:37,073 [INFO] Argument:319 - Argument : PeriphBurstvalue: DMA_PBURST_INC4
2026-01-01 15:34:37,073 [INFO] Argument:329 - Argument : PeriphBurstvalue: DMA_PBURST_INC4
2026-01-01 15:34:37,073 [INFO] Argument:319 - Argument : Lockvalue: null
2026-01-01 15:34:37,073 [INFO] Argument:329 - Argument : Lockvalue: null
2026-01-01 15:34:37,073 [INFO] Argument:319 - Argument : Statevalue: null
2026-01-01 15:34:37,073 [INFO] Argument:329 - Argument : Statevalue: null
2026-01-01 15:34:37,073 [INFO] Argument:319 - Argument : Parentvalue: null
2026-01-01 15:34:37,073 [INFO] Argument:329 - Argument : Parentvalue: null
2026-01-01 15:34:37,073 [INFO] Argument:319 - Argument : XferCpltCallbackvalue: null
2026-01-01 15:34:37,073 [INFO] Argument:329 - Argument : XferCpltCallbackvalue: null
2026-01-01 15:34:37,073 [INFO] Argument:319 - Argument : XferHalfCpltCallbackvalue: null
2026-01-01 15:34:37,073 [INFO] Argument:329 - Argument : XferHalfCpltCallbackvalue: null
2026-01-01 15:34:37,073 [INFO] Argument:319 - Argument : XferM1CpltCallbackvalue: null
2026-01-01 15:34:37,073 [INFO] Argument:329 - Argument : XferM1CpltCallbackvalue: null
2026-01-01 15:34:37,073 [INFO] Argument:319 - Argument : XferErrorCallbackvalue: null
2026-01-01 15:34:37,073 [INFO] Argument:329 - Argument : XferErrorCallbackvalue: null
2026-01-01 15:34:37,073 [INFO] Argument:319 - Argument : ErrorCodevalue: null
2026-01-01 15:34:37,073 [INFO] Argument:329 - Argument : ErrorCodevalue: null
2026-01-01 15:34:37,074 [INFO] Argument:319 - Argument : hdmavalue: null
2026-01-01 15:34:37,074 [INFO] Argument:321 - 	 sub Args: 
2026-01-01 15:34:37,074 [INFO] Argument:319 - Argument : Instancevalue: DMA2_Stream6
2026-01-01 15:34:37,074 [INFO] Argument:329 - Argument : Instancevalue: DMA2_Stream6
2026-01-01 15:34:37,074 [INFO] Argument:319 - Argument : Initvalue: null
2026-01-01 15:34:37,074 [INFO] Argument:321 - 	 sub Args: 
2026-01-01 15:34:37,074 [INFO] Argument:319 - Argument : Channelvalue: DMA_CHANNEL_4
2026-01-01 15:34:37,074 [INFO] Argument:329 - Argument : Channelvalue: DMA_CHANNEL_4
2026-01-01 15:34:37,074 [INFO] Argument:319 - Argument : Directionvalue: DMA_PERIPH_TO_MEMORY
2026-01-01 15:34:37,074 [INFO] Argument:329 - Argument : Directionvalue: DMA_PERIPH_TO_MEMORY
2026-01-01 15:34:37,074 [INFO] Argument:319 - Argument : PeriphIncvalue: DMA_PINC_DISABLE
2026-01-01 15:34:37,074 [INFO] Argument:329 - Argument : PeriphIncvalue: DMA_PINC_DISABLE
2026-01-01 15:34:37,074 [INFO] Argument:319 - Argument : MemIncvalue: DMA_MINC_ENABLE
2026-01-01 15:34:37,074 [INFO] Argument:329 - Argument : MemIncvalue: DMA_MINC_ENABLE
2026-01-01 15:34:37,074 [INFO] Argument:319 - Argument : PeriphDataAlignmentvalue: DMA_PDATAALIGN_WORD
2026-01-01 15:34:37,074 [INFO] Argument:329 - Argument : PeriphDataAlignmentvalue: DMA_PDATAALIGN_WORD
2026-01-01 15:34:37,074 [INFO] Argument:319 - Argument : MemDataAlignmentvalue: DMA_MDATAALIGN_WORD
2026-01-01 15:34:37,074 [INFO] Argument:329 - Argument : MemDataAlignmentvalue: DMA_MDATAALIGN_WORD
2026-01-01 15:34:37,074 [INFO] Argument:319 - Argument : Modevalue: DMA_PFCTRL
2026-01-01 15:34:37,074 [INFO] Argument:329 - Argument : Modevalue: DMA_PFCTRL
2026-01-01 15:34:37,074 [INFO] Argument:319 - Argument : Priorityvalue: DMA_PRIORITY_LOW
2026-01-01 15:34:37,074 [INFO] Argument:329 - Argument : Priorityvalue: DMA_PRIORITY_LOW
2026-01-01 15:34:37,074 [INFO] Argument:319 - Argument : FIFOModevalue: DMA_FIFOMODE_ENABLE
2026-01-01 15:34:37,074 [INFO] Argument:329 - Argument : FIFOModevalue: DMA_FIFOMODE_ENABLE
2026-01-01 15:34:37,074 [INFO] Argument:319 - Argument : FIFOThresholdvalue: DMA_FIFO_THRESHOLD_FULL
2026-01-01 15:34:37,074 [INFO] Argument:329 - Argument : FIFOThresholdvalue: DMA_FIFO_THRESHOLD_FULL
2026-01-01 15:34:37,074 [INFO] Argument:319 - Argument : MemBurstvalue: DMA_MBURST_INC4
2026-01-01 15:34:37,074 [INFO] Argument:329 - Argument : MemBurstvalue: DMA_MBURST_INC4
2026-01-01 15:34:37,074 [INFO] Argument:319 - Argument : PeriphBurstvalue: DMA_PBURST_INC4
2026-01-01 15:34:37,074 [INFO] Argument:329 - Argument : PeriphBurstvalue: DMA_PBURST_INC4
2026-01-01 15:34:37,074 [INFO] Argument:319 - Argument : Lockvalue: null
2026-01-01 15:34:37,074 [INFO] Argument:329 - Argument : Lockvalue: null
2026-01-01 15:34:37,074 [INFO] Argument:319 - Argument : Statevalue: null
2026-01-01 15:34:37,074 [INFO] Argument:329 - Argument : Statevalue: null
2026-01-01 15:34:37,074 [INFO] Argument:319 - Argument : Parentvalue: null
2026-01-01 15:34:37,074 [INFO] Argument:329 - Argument : Parentvalue: null
2026-01-01 15:34:37,074 [INFO] Argument:319 - Argument : XferCpltCallbackvalue: null
2026-01-01 15:34:37,074 [INFO] Argument:329 - Argument : XferCpltCallbackvalue: null
2026-01-01 15:34:37,074 [INFO] Argument:319 - Argument : XferHalfCpltCallbackvalue: null
2026-01-01 15:34:37,074 [INFO] Argument:329 - Argument : XferHalfCpltCallbackvalue: null
2026-01-01 15:34:37,074 [INFO] Argument:319 - Argument : XferM1CpltCallbackvalue: null
2026-01-01 15:34:37,074 [INFO] Argument:329 - Argument : XferM1CpltCallbackvalue: null
2026-01-01 15:34:37,074 [INFO] Argument:319 - Argument : XferErrorCallbackvalue: null
2026-01-01 15:34:37,074 [INFO] Argument:329 - Argument : XferErrorCallbackvalue: null
2026-01-01 15:34:37,074 [INFO] Argument:319 - Argument : ErrorCodevalue: null
2026-01-01 15:34:37,074 [INFO] Argument:329 - Argument : ErrorCodevalue: null
2026-01-01 15:34:37,152 [INFO] CodeEngine:255 - oldGeneratedFile, C:\programing\Embedded\projects_stm32\MeteoStation\MeteoStation\MXTmpFiles\license.tmp_save
2026-01-01 15:34:37,249 [INFO] CodeEngine:279 - Generated code: C:\programing\Embedded\projects_stm32\MeteoStation\MeteoStation\MXTmpFiles\license.tmp
2026-01-01 15:34:37,265 [INFO] CodeEngine:255 - oldGeneratedFile, C:\programing\Embedded\projects_stm32\MeteoStation\MeteoStation\MXTmpFiles\gpio.tmp_save
2026-01-01 15:34:37,340 [INFO] CodeEngine:279 - Generated code: C:\programing\Embedded\projects_stm32\MeteoStation\MeteoStation\MXTmpFiles\gpio.tmp
2026-01-01 15:34:37,614 [INFO] CodeEngine:255 - oldGeneratedFile, C:\programing\Embedded\projects_stm32\MeteoStation\MeteoStation\MXTmpFiles\fatfs_HalInit.tmp_save
2026-01-01 15:34:37,673 [INFO] CodeEngine:279 - Generated code: C:\programing\Embedded\projects_stm32\MeteoStation\MeteoStation\MXTmpFiles\fatfs_HalInit.tmp
2026-01-01 15:34:37,674 [INFO] CodeEngine:255 - oldGeneratedFile, C:\programing\Embedded\projects_stm32\MeteoStation\MeteoStation\MXTmpFiles\fatfs_vars.tmp_save
2026-01-01 15:34:37,708 [INFO] CodeEngine:279 - Generated code: C:\programing\Embedded\projects_stm32\MeteoStation\MeteoStation\MXTmpFiles\fatfs_vars.tmp
2026-01-01 15:34:37,711 [INFO] CodeEngine:255 - oldGeneratedFile, C:\programing\Embedded\projects_stm32\MeteoStation\MeteoStation\MXTmpFiles\fatfs_ext_vars.tmp_save
2026-01-01 15:34:37,748 [INFO] CodeEngine:279 - Generated code: C:\programing\Embedded\projects_stm32\MeteoStation\MeteoStation\MXTmpFiles\fatfs_ext_vars.tmp
2026-01-01 15:34:37,749 [INFO] CodeEngine:255 - oldGeneratedFile, C:\programing\Embedded\projects_stm32\MeteoStation\MeteoStation\MXTmpFiles\fatfs_inc.tmp_save
2026-01-01 15:34:37,783 [INFO] CodeEngine:279 - Generated code: C:\programing\Embedded\projects_stm32\MeteoStation\MeteoStation\MXTmpFiles\fatfs_inc.tmp
2026-01-01 15:34:37,807 [INFO] CodeEngine:255 - oldGeneratedFile, C:\programing\Embedded\projects_stm32\MeteoStation\MeteoStation\MXTmpFiles\dma.tmp_save
2026-01-01 15:34:37,858 [INFO] CodeEngine:279 - Generated code: C:\programing\Embedded\projects_stm32\MeteoStation\MeteoStation\MXTmpFiles\dma.tmp
2026-01-01 15:34:37,860 [INFO] CodeEngine:255 - oldGeneratedFile, C:\programing\Embedded\projects_stm32\MeteoStation\MeteoStation\MXTmpFiles\dma_GV.tmp_save
2026-01-01 15:34:37,893 [INFO] CodeEngine:279 - Generated code: C:\programing\Embedded\projects_stm32\MeteoStation\MeteoStation\MXTmpFiles\dma_GV.tmp
2026-01-01 15:34:37,900 [INFO] CodeEngine:255 - oldGeneratedFile, C:\programing\Embedded\projects_stm32\MeteoStation\MeteoStation\MXTmpFiles\fatfs_HalInit.tmp_save
2026-01-01 15:34:37,950 [INFO] CodeEngine:279 - Generated code: C:\programing\Embedded\projects_stm32\MeteoStation\MeteoStation\MXTmpFiles\fatfs_HalInit.tmp
2026-01-01 15:34:37,954 [INFO] CodeEngine:255 - oldGeneratedFile, C:\programing\Embedded\projects_stm32\MeteoStation\MeteoStation\MXTmpFiles\fatfs_vars.tmp_save
2026-01-01 15:34:37,988 [INFO] CodeEngine:279 - Generated code: C:\programing\Embedded\projects_stm32\MeteoStation\MeteoStation\MXTmpFiles\fatfs_vars.tmp
2026-01-01 15:34:37,992 [INFO] CodeEngine:255 - oldGeneratedFile, C:\programing\Embedded\projects_stm32\MeteoStation\MeteoStation\MXTmpFiles\fatfs_ext_vars.tmp_save
2026-01-01 15:34:38,025 [INFO] CodeEngine:279 - Generated code: C:\programing\Embedded\projects_stm32\MeteoStation\MeteoStation\MXTmpFiles\fatfs_ext_vars.tmp
2026-01-01 15:34:38,028 [INFO] CodeEngine:255 - oldGeneratedFile, C:\programing\Embedded\projects_stm32\MeteoStation\MeteoStation\MXTmpFiles\fatfs_inc.tmp_save
2026-01-01 15:34:38,062 [INFO] CodeEngine:279 - Generated code: C:\programing\Embedded\projects_stm32\MeteoStation\MeteoStation\MXTmpFiles\fatfs_inc.tmp
2026-01-01 15:34:38,075 [INFO] CodeEngine:255 - oldGeneratedFile, C:\programing\Embedded\projects_stm32\MeteoStation\MeteoStation\FATFS\Target\ffconf.h_save
2026-01-01 15:34:38,156 [INFO] CodeEngine:279 - Generated code: C:\programing\Embedded\projects_stm32\MeteoStation\MeteoStation\FATFS\Target\ffconf.h
2026-01-01 15:34:38,179 [INFO] CodeEngine:255 - oldGeneratedFile, C:\programing\Embedded\projects_stm32\MeteoStation\MeteoStation\FATFS\Target\bsp_driver_sd.c_save
2026-01-01 15:34:38,252 [INFO] CodeEngine:279 - Generated code: C:\programing\Embedded\projects_stm32\MeteoStation\MeteoStation\FATFS\Target\bsp_driver_sd.c
2026-01-01 15:34:38,263 [INFO] CodeEngine:255 - oldGeneratedFile, C:\programing\Embedded\projects_stm32\MeteoStation\MeteoStation\FATFS\Target\bsp_driver_sd.h_save
2026-01-01 15:34:38,301 [INFO] CodeEngine:279 - Generated code: C:\programing\Embedded\projects_stm32\MeteoStation\MeteoStation\FATFS\Target\bsp_driver_sd.h
2026-01-01 15:34:38,305 [INFO] CodeEngine:255 - oldGeneratedFile, C:\programing\Embedded\projects_stm32\MeteoStation\MeteoStation\FATFS\Target\sd_diskio.h_save
2026-01-01 15:34:38,341 [INFO] CodeEngine:279 - Generated code: C:\programing\Embedded\projects_stm32\MeteoStation\MeteoStation\FATFS\Target\sd_diskio.h
2026-01-01 15:34:38,357 [INFO] CodeEngine:255 - oldGeneratedFile, C:\programing\Embedded\projects_stm32\MeteoStation\MeteoStation\FATFS\Target\sd_diskio.c_save
2026-01-01 15:34:38,444 [INFO] CodeEngine:279 - Generated code: C:\programing\Embedded\projects_stm32\MeteoStation\MeteoStation\FATFS\Target\sd_diskio.c
2026-01-01 15:34:38,461 [INFO] CodeEngine:255 - oldGeneratedFile, C:\programing\Embedded\projects_stm32\MeteoStation\MeteoStation\FATFS\App\fatfs.c_save
2026-01-01 15:34:38,506 [INFO] CodeEngine:279 - Generated code: C:\programing\Embedded\projects_stm32\MeteoStation\MeteoStation\FATFS\App\fatfs.c
2026-01-01 15:34:38,510 [INFO] CodeEngine:255 - oldGeneratedFile, C:\programing\Embedded\projects_stm32\MeteoStation\MeteoStation\FATFS\App\fatfs.h_save
2026-01-01 15:34:38,556 [INFO] CodeEngine:279 - Generated code: C:\programing\Embedded\projects_stm32\MeteoStation\MeteoStation\FATFS\App\fatfs.h
2026-01-01 15:34:38,559 [INFO] CodeEngine:255 - oldGeneratedFile, C:\programing\Embedded\projects_stm32\MeteoStation\MeteoStation\FATFS\Target\fatfs_platform.c_save
2026-01-01 15:34:38,614 [INFO] CodeEngine:279 - Generated code: C:\programing\Embedded\projects_stm32\MeteoStation\MeteoStation\FATFS\Target\fatfs_platform.c
2026-01-01 15:34:38,617 [INFO] CodeEngine:255 - oldGeneratedFile, C:\programing\Embedded\projects_stm32\MeteoStation\MeteoStation\FATFS\Target\fatfs_platform.h_save
2026-01-01 15:34:38,660 [INFO] CodeEngine:279 - Generated code: C:\programing\Embedded\projects_stm32\MeteoStation\MeteoStation\FATFS\Target\fatfs_platform.h
2026-01-01 15:34:38,686 [INFO] CodeEngine:255 - oldGeneratedFile, C:\programing\Embedded\projects_stm32\MeteoStation\MeteoStation\Core\Src\stm32f4xx_it.c_save
2026-01-01 15:34:38,783 [INFO] CodeEngine:279 - Generated code: C:\programing\Embedded\projects_stm32\MeteoStation\MeteoStation\Core\Src\stm32f4xx_it.c
2026-01-01 15:34:38,786 [INFO] CodeEngine:255 - oldGeneratedFile, C:\programing\Embedded\projects_stm32\MeteoStation\MeteoStation\Core\Inc\stm32f4xx_it.h_save
2026-01-01 15:34:38,823 [INFO] CodeEngine:279 - Generated code: C:\programing\Embedded\projects_stm32\MeteoStation\MeteoStation\Core\Inc\stm32f4xx_it.h
2026-01-01 15:34:38,843 [INFO] CodeEngine:255 - oldGeneratedFile, C:\programing\Embedded\projects_stm32\MeteoStation\MeteoStation\Core\Src\stm32f4xx_hal_msp.c_save
2026-01-01 15:34:38,930 [INFO] CodeEngine:279 - Generated code: C:\programing\Embedded\projects_stm32\MeteoStation\MeteoStation\Core\Src\stm32f4xx_hal_msp.c
2026-01-01 15:34:38,940 [INFO] CodeEngine:255 - oldGeneratedFile, C:\programing\Embedded\projects_stm32\MeteoStation\MeteoStation\MXTmpFiles\system.tmp_save
2026-01-01 15:34:38,982 [INFO] CodeEngine:279 - Generated code: C:\programing\Embedded\projects_stm32\MeteoStation\MeteoStation\MXTmpFiles\system.tmp
2026-01-01 15:34:38,994 [INFO] CodeEngine:255 - oldGeneratedFile, C:\programing\Embedded\projects_stm32\MeteoStation\MeteoStation\Core\Src\stm32f4xx_hal_timebase_tim.c_save
2026-01-01 15:34:39,032 [INFO] CodeEngine:279 - Generated code: C:\programing\Embedded\projects_stm32\MeteoStation\MeteoStation\Core\Src\stm32f4xx_hal_timebase_tim.c
2026-01-01 15:34:39,047 [INFO] CodeEngine:311 - oldGeneratedFile, C:\programing\Embedded\projects_stm32\MeteoStation\MeteoStation\Core\Inc\stm32f4xx_hal_conf.h_save
2026-01-01 15:34:39,124 [INFO] CodeEngine:335 - Generated code: C:\programing\Embedded\projects_stm32\MeteoStation\MeteoStation\Core\Inc\stm32f4xx_hal_conf.h
2026-01-01 15:34:39,144 [WARN] IPConfigManager:3431 - IP not found : TIM
2026-01-01 15:34:39,144 [WARN] CodeGenerator:3760 - IP not found : null
2026-01-01 15:34:39,159 [INFO] CodeEngine:255 - oldGeneratedFile, C:\programing\Embedded\projects_stm32\MeteoStation\MeteoStation\Core\Inc\main.h_save
2026-01-01 15:34:39,207 [INFO] CodeEngine:279 - Generated code: C:\programing\Embedded\projects_stm32\MeteoStation\MeteoStation\Core\Inc\main.h
2026-01-01 15:34:39,221 [INFO] CodeEngine:255 - oldGeneratedFile, C:\programing\Embedded\projects_stm32\MeteoStation\MeteoStation\Core\Src\main.c_save
2026-01-01 15:34:39,314 [INFO] CodeEngine:279 - Generated code: C:\programing\Embedded\projects_stm32\MeteoStation\MeteoStation\Core\Src\main.c
2026-01-01 15:34:39,638 [INFO] ProjectBuilder:3064 - Time for Copy HAL[1] : 140mS.
2026-01-01 15:34:39,642 [INFO] ProjectBuilder:4404 - Project Generator version: 4.1.0
2026-01-01 15:34:39,777 [INFO] ConfigFileManager:1457 - The Die is : DIE413
2026-01-01 15:34:40,985 [INFO] ProjectBuilder:4626 - Time for Generating toolchain IDE Files: 1343mS.
2026-01-01 15:34:40,986 [INFO] ProjectBuilder:2935 - Time for Copy CMSIS : 1mS.
2026-01-01 15:34:40,994 [INFO] ProjectBuilder:2935 - Time for Copy CMSIS : 0mS.
