2026-01-03 12:54:37,863 [INFO] Activator:176 - 


2026-01-03 12:54:37,865 [INFO] Activator:177 - !SESSION log4j initialized
2026-01-03 12:54:40,722 [INFO] LogOutputStream:77 - [STDOUT_REDIRECT] 
2026-01-03 12:54:42,354 [INFO] ApplicationProperties:184 - Using Application install path: C:\ST\STM32CubeIDE_1.13.0\STM32CubeIDE\plugins\com.st.stm32cube.common.mx_6.9.0.202307051724
2026-01-03 12:54:42,375 [INFO] DbMcusXml:78 - Set database path to: C:\ST\STM32CubeIDE_1.13.0\STM32CubeIDE\plugins\com.st.stm32cube.common.mx_6.9.0.202307051724\\db\/mcu/
2026-01-03 12:54:42,376 [INFO] ApiDb:274 - Set plugin database path to: C:\ST\STM32CubeIDE_1.13.0\STM32CubeIDE\plugins\com.st.stm32cube.common.mx_6.9.0.202307051724\\db\/plugins/boardmanager/
2026-01-03 12:54:42,377 [WARN] ApiDb:259 - Overriding images path with different value:  => C:\ST\STM32CubeIDE_1.13.0\STM32CubeIDE\plugins\com.st.stm32cube.common.mx_6.9.0.202307051724\\db\/plugins/mcufinder/images/
2026-01-03 12:54:42,391 [INFO] ApiDb:250 - Set database path to: C:\Users\bogda\.stmcufinder\plugins\mcufinder//mcu/
2026-01-03 12:54:42,393 [INFO] DbMcusAds:125 - Set database path to: C:\Users\bogda\.stmcufinder\plugins\mcufinder//mcu/
2026-01-03 12:54:42,395 [INFO] CrossReferenceDbSqlite:203 - Set database path to: C:\Users\bogda\.stmcufinder\plugins\mcufinder//mcu/cs/
2026-01-03 12:54:42,506 [INFO] RulesReader:64 - Compatibility file has been processed (293 Rules)
2026-01-03 12:54:42,581 [INFO] DbMcusXml:78 - Set database path to: C:\ST\STM32CubeIDE_1.13.0\STM32CubeIDE\plugins\com.st.stm32cube.common.mx_6.9.0.202307051724\\db\/mcu/
2026-01-03 12:54:42,581 [INFO] ApiDb:274 - Set plugin database path to: C:\ST\STM32CubeIDE_1.13.0\STM32CubeIDE\plugins\com.st.stm32cube.common.mx_6.9.0.202307051724\\db\/plugins/boardmanager/
2026-01-03 12:54:42,581 [INFO] ApiDb:261 - Set plugin images path to: C:\ST\STM32CubeIDE_1.13.0\STM32CubeIDE\plugins\com.st.stm32cube.common.mx_6.9.0.202307051724\\db\/plugins/mcufinder/images/
2026-01-03 12:54:42,582 [WARN] DbFile:41 - Overriding database path with different value: C:\Users\bogda\.stmcufinder\plugins\mcufinder/ => C:\Users\bogda\.stmcufinder\plugins\mcufinder
2026-01-03 12:54:42,582 [INFO] ApiDb:250 - Set database path to: C:\Users\bogda\.stmcufinder\plugins\mcufinder//mcu/
2026-01-03 12:54:42,583 [WARN] DbFile:41 - Overriding database path with different value: C:\Users\bogda\.stmcufinder\plugins\mcufinder/ => C:\Users\bogda\.stmcufinder\plugins\mcufinder
2026-01-03 12:54:42,583 [INFO] DbMcusAds:125 - Set database path to: C:\Users\bogda\.stmcufinder\plugins\mcufinder//mcu/
2026-01-03 12:54:42,583 [WARN] DbFile:41 - Overriding database path with different value: C:\Users\bogda\.stmcufinder\plugins\mcufinder/ => C:\Users\bogda\.stmcufinder\plugins\mcufinder
2026-01-03 12:54:42,583 [WARN] DbFile:41 - Overriding database path with different value: C:\Users\bogda\.stmcufinder\plugins\mcufinder/ => C:\Users\bogda\.stmcufinder\plugins\mcufinder
2026-01-03 12:54:42,583 [INFO] CrossReferenceDbSqlite:203 - Set database path to: C:\Users\bogda\.stmcufinder\plugins\mcufinder//mcu/cs/
2026-01-03 12:54:42,648 [INFO] MainPanel:262 - HeapMemory: 268435456
2026-01-03 12:54:42,721 [INFO] DbMcusXml:78 - Set database path to: C:\ST\STM32CubeIDE_1.13.0\STM32CubeIDE\plugins\com.st.stm32cube.common.mx_6.9.0.202307051724\\db\/mcu/
2026-01-03 12:54:42,721 [INFO] ApiDb:274 - Set plugin database path to: C:\ST\STM32CubeIDE_1.13.0\STM32CubeIDE\plugins\com.st.stm32cube.common.mx_6.9.0.202307051724\\db\/plugins/boardmanager/
2026-01-03 12:54:42,721 [INFO] ApiDb:261 - Set plugin images path to: C:\ST\STM32CubeIDE_1.13.0\STM32CubeIDE\plugins\com.st.stm32cube.common.mx_6.9.0.202307051724\\db\/plugins/mcufinder/images/
2026-01-03 12:54:42,721 [WARN] DbFile:41 - Overriding database path with different value: C:\Users\bogda\.stmcufinder\plugins\mcufinder/ => C:\Users\bogda\.stmcufinder\plugins\mcufinder
2026-01-03 12:54:42,721 [INFO] ApiDb:250 - Set database path to: C:\Users\bogda\.stmcufinder\plugins\mcufinder//mcu/
2026-01-03 12:54:42,721 [WARN] DbFile:41 - Overriding database path with different value: C:\Users\bogda\.stmcufinder\plugins\mcufinder/ => C:\Users\bogda\.stmcufinder\plugins\mcufinder
2026-01-03 12:54:42,721 [INFO] DbMcusAds:125 - Set database path to: C:\Users\bogda\.stmcufinder\plugins\mcufinder//mcu/
2026-01-03 12:54:42,723 [WARN] DbFile:41 - Overriding database path with different value: C:\Users\bogda\.stmcufinder\plugins\mcufinder/ => C:\Users\bogda\.stmcufinder\plugins\mcufinder
2026-01-03 12:54:42,723 [WARN] DbFile:41 - Overriding database path with different value: C:\Users\bogda\.stmcufinder\plugins\mcufinder/ => C:\Users\bogda\.stmcufinder\plugins\mcufinder
2026-01-03 12:54:42,723 [INFO] CrossReferenceDbSqlite:203 - Set database path to: C:\Users\bogda\.stmcufinder\plugins\mcufinder//mcu/cs/
2026-01-03 12:54:42,736 [INFO] ApplicationProperties:184 - Using Application install path: C:\ST\STM32CubeIDE_1.13.0\STM32CubeIDE\plugins\com.st.stm32cube.common.mx_6.9.0.202307051724
2026-01-03 12:54:42,737 [INFO] PluginManage:196 - Search for loadable plugins [exclusion list=, ]
2026-01-03 12:54:42,738 [INFO] PluginManage:310 - Check plugin analytics
2026-01-03 12:54:42,904 [INFO] AnalyticsPlugin:253 - Accepted Software Licenses: 
2026-01-03 12:54:42,904 [INFO] AnalyticsPlugin:255 - Accepted CMSIS Pack Licenses: 
2026-01-03 12:54:42,905 [INFO] AnalyticsPlugin:257 - Accepted Firmware Licenses: FW.F4.1.27.0,FW.H7.1.11.0
2026-01-03 12:54:42,908 [INFO] PluginManage:359 - Loaded plugin analytics (category:tool,tabindex:-1)
2026-01-03 12:54:42,909 [INFO] PluginManage:310 - Check plugin cadmodel
2026-01-03 12:54:42,928 [INFO] CADModel:105 - Init CAD model plugin
2026-01-03 12:54:42,929 [INFO] PluginManage:359 - Loaded plugin cadmodel (category:power,tabindex:5)
2026-01-03 12:54:42,929 [INFO] PluginManage:310 - Check plugin clock
2026-01-03 12:54:42,956 [INFO] PluginManage:359 - Loaded plugin clock (category:base,tabindex:2)
2026-01-03 12:54:42,956 [INFO] PluginManage:310 - Check plugin ddr
2026-01-03 12:54:42,959 [INFO] PluginManage:359 - Loaded plugin ddr (category:tool,tabindex:6)
2026-01-03 12:54:42,960 [INFO] PluginManage:310 - Check plugin filemanager
2026-01-03 12:54:43,088 [INFO] PluginManage:359 - Loaded plugin filemanager (category:base,tabindex:10)
2026-01-03 12:54:43,088 [INFO] PluginManage:310 - Check plugin ipmanager
2026-01-03 12:54:43,095 [INFO] PluginManage:359 - Loaded plugin ipmanager (category:base,tabindex:5)
2026-01-03 12:54:43,095 [INFO] PluginManage:310 - Check plugin lpbam
2026-01-03 12:54:43,112 [INFO] PluginManage:359 - Loaded plugin lpbam (category:base,tabindex:0)
2026-01-03 12:54:43,112 [INFO] PluginManage:310 - Check plugin memorymap
2026-01-03 12:54:43,134 [INFO] PluginManage:359 - Loaded plugin memorymap (category:base,tabindex:4)
2026-01-03 12:54:43,134 [INFO] PluginManage:310 - Check plugin pinoutandconfiguration
2026-01-03 12:54:43,151 [INFO] PluginManage:359 - Loaded plugin pinoutandconfiguration (category:base,tabindex:1)
2026-01-03 12:54:43,151 [INFO] PluginManage:310 - Check plugin pinoutconfig
2026-01-03 12:54:43,258 [WARN] SupportedApi:132 - Cannot load RTOS API schema: s4s-elt-must-match.1: The content of 'definitions' must match (annotation?, (simpleType | complexType)?, (unique | key | keyref)*)). A problem was found starting at: attribute.
2026-01-03 12:54:43,376 [INFO] PluginManage:359 - Loaded plugin pinoutconfig (category:base,tabindex:0)
2026-01-03 12:54:43,376 [INFO] PluginManage:310 - Check plugin power
2026-01-03 12:54:43,396 [INFO] PluginManage:359 - Loaded plugin power (category:power,tabindex:4)
2026-01-03 12:54:43,396 [INFO] PluginManage:310 - Check plugin projectmanager
2026-01-03 12:54:43,406 [INFO] PluginManage:359 - Loaded plugin projectmanager (category:projectmanager,tabindex:3)
2026-01-03 12:54:43,407 [INFO] PluginManage:310 - Check plugin thirdparty
2026-01-03 12:54:43,691 [INFO] PluginManage:359 - Loaded plugin thirdparty (category:base,tabindex:-1)
2026-01-03 12:54:43,691 [INFO] PluginManage:310 - Check plugin tools
2026-01-03 12:54:43,691 [WARN] IntegrityCheckThread:84 - waiting for thirdparty lock release [integrity check]
2026-01-03 12:54:43,692 [INFO] IntegrityCheckThread:86 - entering critical section [integrity check]
2026-01-03 12:54:43,692 [INFO] ThirdPartyUpdaterWithRetryManager:70 - Updater plugin not ready yet. [1/15]
2026-01-03 12:54:43,737 [INFO] PluginManage:359 - Loaded plugin tools (category:base,tabindex:7)
2026-01-03 12:54:43,737 [INFO] PluginManage:310 - Check plugin tutovideos
2026-01-03 12:54:43,903 [INFO] PluginManage:359 - Loaded plugin tutovideos (category:base,tabindex:-1)
2026-01-03 12:54:43,903 [INFO] PluginManage:310 - Check plugin updater
2026-01-03 12:54:43,913 [INFO] PluginManage:359 - Loaded plugin updater (category:base,tabindex:12)
2026-01-03 12:54:43,913 [INFO] PluginManage:310 - Check plugin userauth
2026-01-03 12:54:43,918 [INFO] UserAuth:113 - Init User Auth plugin
2026-01-03 12:54:43,918 [INFO] PluginManage:359 - Loaded plugin userauth (category:base,tabindex:14)
2026-01-03 12:54:43,918 [INFO] PluginManage:283 - PluginManage : Loaded plugins [17]
2026-01-03 12:54:44,103 [INFO] PinOutPanel:1499 - setPackage(No Configuration,No Configuration)
2026-01-03 12:54:44,187 [INFO] CADModel:165 - CPN selected for project level
2026-01-03 12:54:44,187 [INFO] CADModel:114 - Register for checkConnection events
2026-01-03 12:54:44,213 [INFO] IPUIPlugin:80 - create IPUIPlugin
2026-01-03 12:54:44,214 [INFO] PluginManager:220 - loadIPPluginJar : add adc
2026-01-03 12:54:44,255 [INFO] IPUIPlugin:80 - create IPUIPlugin
2026-01-03 12:54:44,255 [INFO] PluginManager:220 - loadIPPluginJar : add aes
2026-01-03 12:54:44,296 [INFO] IPUIPlugin:80 - create IPUIPlugin
2026-01-03 12:54:44,297 [INFO] PluginManager:220 - loadIPPluginJar : add can
2026-01-03 12:54:44,324 [INFO] IPUIPlugin:80 - create IPUIPlugin
2026-01-03 12:54:44,324 [INFO] PluginManager:220 - loadIPPluginJar : add comp
2026-01-03 12:54:44,361 [INFO] IPUIPlugin:80 - create IPUIPlugin
2026-01-03 12:54:44,361 [INFO] PluginManager:220 - loadIPPluginJar : add cryp
2026-01-03 12:54:44,392 [INFO] IPUIPlugin:80 - create IPUIPlugin
2026-01-03 12:54:44,392 [INFO] PluginManager:220 - loadIPPluginJar : add dfsdm
2026-01-03 12:54:44,407 [INFO] IPUIPlugin:80 - create IPUIPlugin
2026-01-03 12:54:44,408 [INFO] PluginManager:220 - loadIPPluginJar : add dma
2026-01-03 12:54:44,461 [INFO] IPUIPlugin:80 - create IPUIPlugin
2026-01-03 12:54:44,461 [INFO] PluginManager:220 - loadIPPluginJar : add dma3
2026-01-03 12:54:44,485 [INFO] IPUIPlugin:80 - create IPUIPlugin
2026-01-03 12:54:44,485 [INFO] PluginManager:220 - loadIPPluginJar : add fatfs
2026-01-03 12:54:44,546 [INFO] IPUIPlugin:80 - create IPUIPlugin
2026-01-03 12:54:44,547 [INFO] PluginManager:220 - loadIPPluginJar : add fmc
2026-01-03 12:54:44,561 [INFO] IPUIPlugin:80 - create IPUIPlugin
2026-01-03 12:54:44,562 [INFO] PluginManager:220 - loadIPPluginJar : add freertos
2026-01-03 12:54:44,586 [INFO] IPUIPlugin:80 - create IPUIPlugin
2026-01-03 12:54:44,586 [INFO] PluginManager:220 - loadIPPluginJar : add genericplugin
2026-01-03 12:54:44,703 [INFO] IPUIPlugin:80 - create IPUIPlugin
2026-01-03 12:54:44,703 [INFO] PluginManager:220 - loadIPPluginJar : add gfxmmu
2026-01-03 12:54:44,873 [INFO] IPUIPlugin:80 - create IPUIPlugin
2026-01-03 12:54:44,873 [INFO] PluginManager:220 - loadIPPluginJar : add gic
2026-01-03 12:54:44,889 [INFO] IPUIPlugin:80 - create IPUIPlugin
2026-01-03 12:54:44,889 [INFO] PluginManager:220 - loadIPPluginJar : add gpio
2026-01-03 12:54:45,009 [INFO] IPUIPlugin:80 - create IPUIPlugin
2026-01-03 12:54:45,009 [INFO] PluginManager:220 - loadIPPluginJar : add gtzc
2026-01-03 12:54:45,058 [INFO] IPUIPlugin:80 - create IPUIPlugin
2026-01-03 12:54:45,059 [INFO] PluginManager:220 - loadIPPluginJar : add hash
2026-01-03 12:54:45,137 [INFO] IPUIPlugin:80 - create IPUIPlugin
2026-01-03 12:54:45,137 [INFO] PluginManager:220 - loadIPPluginJar : add i2c
2026-01-03 12:54:45,188 [INFO] IPUIPlugin:80 - create IPUIPlugin
2026-01-03 12:54:45,188 [INFO] PluginManager:220 - loadIPPluginJar : add i2s
2026-01-03 12:54:45,235 [INFO] IPUIPlugin:80 - create IPUIPlugin
2026-01-03 12:54:45,236 [INFO] PluginManager:220 - loadIPPluginJar : add i3c
2026-01-03 12:54:45,335 [INFO] IPUIPlugin:80 - create IPUIPlugin
2026-01-03 12:54:45,335 [INFO] PluginManager:220 - loadIPPluginJar : add ipddr
2026-01-03 12:54:45,434 [INFO] IPUIPlugin:80 - create IPUIPlugin
2026-01-03 12:54:45,434 [INFO] PluginManager:220 - loadIPPluginJar : add linkedlist
2026-01-03 12:54:45,476 [INFO] IPUIPlugin:80 - create IPUIPlugin
2026-01-03 12:54:45,477 [INFO] PluginManager:220 - loadIPPluginJar : add lorawan
2026-01-03 12:54:45,512 [INFO] IPUIPlugin:80 - create IPUIPlugin
2026-01-03 12:54:45,513 [INFO] PluginManager:220 - loadIPPluginJar : add ltdc
2026-01-03 12:54:45,528 [INFO] IPUIPlugin:80 - create IPUIPlugin
2026-01-03 12:54:45,528 [INFO] PluginManager:220 - loadIPPluginJar : add mdma
2026-01-03 12:54:45,541 [INFO] IPUIPlugin:80 - create IPUIPlugin
2026-01-03 12:54:45,541 [INFO] PluginManager:220 - loadIPPluginJar : add nvic
2026-01-03 12:54:45,582 [INFO] IPUIPlugin:80 - create IPUIPlugin
2026-01-03 12:54:45,582 [INFO] PluginManager:220 - loadIPPluginJar : add opamp
2026-01-03 12:54:45,657 [INFO] IPUIPlugin:80 - create IPUIPlugin
2026-01-03 12:54:45,657 [INFO] PluginManager:220 - loadIPPluginJar : add openamp
2026-01-03 12:54:45,708 [INFO] IPUIPlugin:80 - create IPUIPlugin
2026-01-03 12:54:45,709 [INFO] PluginManager:220 - loadIPPluginJar : add pdm2pcm
2026-01-03 12:54:45,723 [INFO] IPUIPlugin:80 - create IPUIPlugin
2026-01-03 12:54:45,725 [INFO] PluginManager:220 - loadIPPluginJar : add plateformsettings
2026-01-03 12:54:45,750 [INFO] IPUIPlugin:80 - create IPUIPlugin
2026-01-03 12:54:45,750 [INFO] PluginManager:220 - loadIPPluginJar : add quadspi
2026-01-03 12:54:45,763 [INFO] IPUIPlugin:80 - create IPUIPlugin
2026-01-03 12:54:45,763 [INFO] PluginManager:220 - loadIPPluginJar : add resmgrutility
2026-01-03 12:54:45,816 [INFO] IPUIPlugin:80 - create IPUIPlugin
2026-01-03 12:54:45,817 [INFO] PluginManager:220 - loadIPPluginJar : add sai
2026-01-03 12:54:45,857 [INFO] IPUIPlugin:80 - create IPUIPlugin
2026-01-03 12:54:45,857 [INFO] PluginManager:220 - loadIPPluginJar : add spi
2026-01-03 12:54:45,912 [INFO] IPUIPlugin:80 - create IPUIPlugin
2026-01-03 12:54:45,912 [INFO] PluginManager:220 - loadIPPluginJar : add stm32_wpan
2026-01-03 12:54:45,938 [INFO] IPUIPlugin:80 - create IPUIPlugin
2026-01-03 12:54:45,938 [INFO] PluginManager:220 - loadIPPluginJar : add tim
2026-01-03 12:54:45,991 [INFO] IPUIPlugin:80 - create IPUIPlugin
2026-01-03 12:54:45,991 [INFO] PluginManager:220 - loadIPPluginJar : add touchsensing
2026-01-03 12:54:46,018 [INFO] IPUIPlugin:80 - create IPUIPlugin
2026-01-03 12:54:46,018 [INFO] PluginManager:220 - loadIPPluginJar : add tracer_emb
2026-01-03 12:54:46,047 [INFO] IPUIPlugin:80 - create IPUIPlugin
2026-01-03 12:54:46,048 [INFO] PluginManager:220 - loadIPPluginJar : add ts
2026-01-03 12:54:46,074 [INFO] IPUIPlugin:80 - create IPUIPlugin
2026-01-03 12:54:46,074 [INFO] PluginManager:220 - loadIPPluginJar : add tsc
2026-01-03 12:54:46,099 [INFO] IPUIPlugin:80 - create IPUIPlugin
2026-01-03 12:54:46,099 [INFO] PluginManager:220 - loadIPPluginJar : add ucpd
2026-01-03 12:54:46,157 [INFO] IPUIPlugin:80 - create IPUIPlugin
2026-01-03 12:54:46,157 [INFO] PluginManager:220 - loadIPPluginJar : add usart
2026-01-03 12:54:46,211 [INFO] IPUIPlugin:80 - create IPUIPlugin
2026-01-03 12:54:46,212 [INFO] PluginManager:220 - loadIPPluginJar : add usbx
2026-01-03 12:54:46,320 [INFO] CADModel:165 - CPN selected for project level
2026-01-03 12:54:46,321 [INFO] CADModel:114 - Register for checkConnection events
2026-01-03 12:54:46,321 [FATAL] Updater:308 - Updater called before beeing initialized
2026-01-03 12:54:46,321 [ERROR] CADModel:125 - Updater not yet initialized, retry later 
2026-01-03 12:54:46,433 [INFO] CADModel:165 - CPN selected for project level
2026-01-03 12:54:46,434 [INFO] CADModel:114 - Register for checkConnection events
2026-01-03 12:54:46,434 [FATAL] Updater:308 - Updater called before beeing initialized
2026-01-03 12:54:46,434 [ERROR] CADModel:125 - Updater not yet initialized, retry later 
2026-01-03 12:54:46,437 [FATAL] Updater:308 - Updater called before beeing initialized
2026-01-03 12:54:46,512 [FATAL] Updater:308 - Updater called before beeing initialized
2026-01-03 12:54:46,525 [INFO] DbMcusAds:53 - JSON generation date=Tue Dec 16 01:11:46 EET 2025 (1765840306612)
2026-01-03 12:54:46,525 [FATAL] Updater:308 - Updater called before beeing initialized
2026-01-03 12:54:46,553 [WARN] DetailPanel:346 - Failed to get advertising image, set to default
2026-01-03 12:54:46,614 [FATAL] Updater:308 - Updater called before beeing initialized
2026-01-03 12:54:46,615 [FATAL] Updater:308 - Updater called before beeing initialized
2026-01-03 12:54:46,617 [FATAL] Updater:308 - Updater called before beeing initialized
2026-01-03 12:54:46,617 [WARN] DetailPanel:346 - Failed to get advertising image, set to default
2026-01-03 12:54:46,617 [FATAL] Updater:308 - Updater called before beeing initialized
2026-01-03 12:54:46,673 [ERROR] Updater:1120 - MainUpdater not yet initialized. External WinMGr cannot be set.
2026-01-03 12:54:46,685 [INFO] Updater:1056 - Updater Version found : 6.9.0
2026-01-03 12:54:46,693 [INFO] ThirdPartyUpdaterWithRetryManager:70 - Updater plugin not ready yet. [2/15]
2026-01-03 12:54:46,702 [INFO] ApplicationProperties:184 - Using Application install path: C:\ST\STM32CubeIDE_1.13.0\STM32CubeIDE\plugins\com.st.stm32cube.common.mx_6.9.0.202307051724
2026-01-03 12:54:46,906 [INFO] MainUpdater:2868 - connection check result : 10
2026-01-03 12:54:46,907 [INFO] MainUpdater:285 - Updater Check For Update Now.
2026-01-03 12:54:46,907 [INFO] MicroXplorer:498 - Change Database Version : DB.6.0.90
2026-01-03 12:54:46,943 [INFO] McuFinderGlobals:63 - Set McuFinder mode to 2 (CubeIDE integrated)
2026-01-03 12:54:47,136 [INFO] CheckServerUpdateThread:120 - End of CheckServer Thread
2026-01-03 12:54:49,814 [ERROR] Engine:466 - C:\Users\bogda\.stm32cubemx\thirdparties\pdsc\WES.I-CUBE-Cesium.1.4.0.pdsc: PDSC version is not supported
2026-01-03 12:54:49,828 [ERROR] Engine:466 - C:\Users\bogda\.stm32cubemx\thirdparties\pdsc\STMicroelectronics.X-CUBE-FREERTOS.1.4.0.pdsc: PDSC version is not supported
2026-01-03 12:54:49,957 [WARN] PackLoader:240 - Cannot read IP mode file for STMicroelectronics.X-CUBE-MEMS1.12.0.0
2026-01-03 12:54:50,076 [WARN] PackLoader:240 - Cannot read IP mode file for STMicroelectronics.X-CUBE-TOUCHGFX.4.26.0
2026-01-03 12:54:50,077 [INFO] ThirdParty:978 - Integrity check success = true
2026-01-03 12:54:50,077 [INFO] IntegrityCheckThread:100 - exiting critical section [integrity check]
2026-01-03 12:54:50,078 [INFO] IntegrityCheckThread:103 - End integrity checks thread
2026-01-03 12:55:02,222 [INFO] McuFinderGlobals:63 - Set McuFinder mode to 2 (CubeIDE integrated)
2026-01-03 12:55:02,246 [INFO] MainUpdater:2868 - connection check result : 10
2026-01-03 12:55:02,270 [INFO] McuFinderGlobals:76 - Set McuFinderConnectedMode to true
2026-01-03 12:55:02,542 [INFO] ServerAccessManage:473 - Download File mcusAds.json._tmp_
2026-01-03 12:55:02,653 [INFO] LoadUrlFilesThread:156 - End of LoadUrlFiles Thread
2026-01-03 12:55:02,890 [INFO] ServerAccessManage:473 - Download File cube-finder-db.zip
2026-01-03 12:55:06,563 [INFO] FileExtend:240 - Unzip File : cube-finder-db.zip
2026-01-03 12:55:06,563 [INFO] FileExtend:255 - Standard Zip Deflate
2026-01-03 12:55:07,315 [INFO] LoadUrlFilesThread:156 - End of LoadUrlFiles Thread
2026-01-03 12:55:07,711 [INFO] ServerAccessManage:473 - Download File crdb.zip
2026-01-03 12:55:07,993 [INFO] FileExtend:240 - Unzip File : crdb.zip
2026-01-03 12:55:07,993 [INFO] FileExtend:255 - Standard Zip Deflate
2026-01-03 12:55:08,123 [ERROR] LogOutputStream:75 - [STDERR_REDIRECT] SLF4J: Failed to load class "org.slf4j.impl.StaticLoggerBinder".
2026-01-03 12:55:08,124 [ERROR] LogOutputStream:75 - [STDERR_REDIRECT] SLF4J: Defaulting to no-operation (NOP) logger implementation
2026-01-03 12:55:08,125 [ERROR] LogOutputStream:75 - [STDERR_REDIRECT] SLF4J: See http://www.slf4j.org/codes.html#StaticLoggerBinder for further details.
2026-01-03 12:55:08,126 [INFO] LoadUrlFilesThread:156 - End of LoadUrlFiles Thread
2026-01-03 12:55:08,172 [INFO] ServerAccessManage:473 - Download File tutoVideoDB.zip
2026-01-03 12:55:08,185 [INFO] FileExtend:240 - Unzip File : tutoVideoDB.zip
2026-01-03 12:55:08,186 [INFO] FileExtend:255 - Standard Zip Deflate
2026-01-03 12:55:08,309 [INFO] LoadUrlFilesThread:156 - End of LoadUrlFiles Thread
2026-01-03 12:55:08,313 [WARN] DbFile:41 - Overriding database path with different value: C:\Users\bogda\.stmcufinder\plugins\mcufinder/ => C:\Users\bogda\.stmcufinder\plugins\mcufinder
2026-01-03 12:55:08,448 [INFO] ServerAccessManage:473 - Download File api_config.json
2026-01-03 12:55:08,561 [INFO] LoadUrlFilesThread:156 - End of LoadUrlFiles Thread
2026-01-03 12:55:08,562 [INFO] DbMcusAds:53 - JSON generation date=Tue Dec 16 01:11:46 EET 2025 (1765840306612)
2026-01-03 12:55:08,578 [INFO] LoadUrlFilesThread:185 - End of LoadServerUrlFiles without Thread
2026-01-03 12:55:08,578 [INFO] TargetSelectorAdapter:259 - Refresh data is successful
2026-01-03 12:55:08,762 [INFO] ApiDb:581 - Connected to CubeFinder SQLite database (C:\Users\bogda\.stmcufinder\plugins\mcufinder\mcu\cube-finder-db.db)
2026-01-03 12:55:08,826 [INFO] ApiDb:668 - CubeFinder database Data Model version=2.1
2026-01-03 12:55:08,826 [INFO] ApiDb:669 - CubeFinder database Configuration version=3.0.39
2026-01-03 12:55:08,826 [INFO] ApiDb:670 - CubeFinder database generation date=2025-12-22 (1766407740)
2026-01-03 12:55:08,826 [INFO] ApiDb:671 - CubeFinder database FW Pack versions=[FP-ATR-ASTRA1_V2.0.0, FP-SNS-FLIGHT1_V5.1.0, FP-SNS-MOTENV1_V5.1.0, FP-SNS-MOTENVWB1_V1.4.0, FP-SNS-SMARTAG2_V1.2.0, FP-SNS-STBOX1_V2.1.0, STM32Cube_FW_C0_V1.4.0, STM32Cube_FW_F4_V1.28.3, STM32Cube_FW_F7_V1.17.4, STM32Cube_FW_G0_V1.6.2, STM32Cube_FW_G4_V1.6.1, STM32Cube_FW_H5_V1.5.1, STM32Cube_FW_H7RS_V1.3.0, STM32Cube_FW_H7_V1.12.1, STM32Cube_FW_L0_V1.12.2, STM32Cube_FW_L4_V1.18.1, STM32Cube_FW_L5_V1.6.0, STM32Cube_FW_N6_V1.3.0, STM32Cube_FW_U0_V1.3.0, STM32Cube_FW_U3_V1.2.1, STM32Cube_FW_U5_V1.8.0, STM32Cube_FW_WB0_V1.4.0, STM32Cube_FW_WBA_V1.8.0, STM32Cube_FW_WB_V1.24.0, STM32Cube_FW_WL3_V1.3.0, STM32Cube_FW_WL_V1.4.0, X-CUBE-ALGOBUILD_V1.4.0, X-CUBE-ALS_V1.0.2, X-CUBE-AZRTOS-F4_V1.1.0, X-CUBE-AZRTOS-F7_V1.1.0, X-CUBE-AZRTOS-G0_V1.1.0, X-CUBE-AZRTOS-G4_V2.0.0, X-CUBE-AZRTOS-H7RS_V1.1.0, X-CUBE-AZRTOS-H7_V3.4.0, X-CUBE-AZRTOS-L4_V2.0.0, X-CUBE-AZRTOS-L5_V2.0.0, X-CUBE-AZRTOS-WB_V2.0.0, X-CUBE-AZRTOS-WL_V2.0.0, X-CUBE-BLE1_V7.1.0, X-CUBE-BLE2_V3.3.0, X-CUBE-BLEMGR_V4.1.0, X-CUBE-EEPRMA1_V5.2.0, X-CUBE-FREERTOS_V1.3.1, X-CUBE-GNSS1_V6.0.0, X-CUBE-MEMS1_V12.0.0, X-CUBE-NFC4_V3.0.0, X-CUBE-NFC7_V2.0.0, X-CUBE-SFXS2LP1_V4.0.0, X-CUBE-ST67W61_V1.1.0, X-CUBE-SUBG2_V5.0.0, X-CUBE-TOF1_V3.4.3]
2026-01-03 12:55:10,351 [INFO] ApiDb:240 - Found 323 in-development CPN: [B-G473E-ZEST1S, B-WB1M-WPAN1, B-WL5M-SUBG1, NUCLEO-C031C6, NUCLEO-H503RB, NUCLEO-H563ZI, NUCLEO-U545RE-Q, NUCLEO-U5A5ZJ-Q, NUCLEO-WBA52CG, STEVAL-PROTEUS1, STEVAL-SMARTAG2, STEVAL-STWINBX1, STM320518-EVAL, STM32C0116-DK, STM32C011D6Y3TR, STM32C011D6Y6TR, STM32C011F4P3, STM32C011F4P6, STM32C011F4U3, STM32C011F4U6TR, STM32C011F6P3, STM32C011F6P6, STM32C011F6U3, STM32C011F6U6TR, STM32C011J4M3, STM32C011J4M6, STM32C011J6M3, STM32C011J6M6, STM32C0316-DK, STM32C031C4T3, STM32C031C4T6, STM32C031C4U3, STM32C031C4U6, STM32C031C6T3, STM32C031C6T6, STM32C031C6U3, STM32C031C6U6, STM32C031F4P3, STM32C031F4P6, STM32C031F6P3, STM32C031F6P6, STM32C031G4U3, STM32C031G4U6, STM32C031G6U3, STM32C031G6U6, STM32C031K4T3, STM32C031K4T6, STM32C031K4U3, STM32C031K4U6, STM32C031K6T3, STM32C031K6T6, STM32C031K6U3, STM32C031K6U6, STM32G071K8TXN, STM32G071K8UXN, STM32G081GBU6N, STM32G081KBT6N, STM32G081KBUXN, STM32G0B1CCT6N, STM32G0B1KCT6, STM32G0B1NEY6TR, STM32G0B1RCT6N, STM32G0C1CCT6, STM32G0C1CCT6N, STM32G0C1CCU6N, STM32G0C1CET6N, STM32G0C1CEU6N, STM32G0C1KCT6, STM32G0C1NEY6TR, STM32G0C1RCI6N, STM32G0C1RCT6N, STM32G0C1REI6N, STM32G0C1RET6N, STM32G0C1VCI6, STM32G0C1VEI6, STM32G471CCT6, STM32G471CCU6, STM32G471CET3, STM32G471CET6, STM32G471CEU3, STM32G471CEU6, STM32G471MCT6, STM32G471MET3, STM32G471MET6, STM32G471MEY6TR, STM32G471QCT6, STM32G471QET3, STM32G471RCT6, STM32G471RET3, STM32G471RET6, STM32G471VCH6, STM32G471VCI6, STM32G471VCT6, STM32G471VEH3, STM32G471VEH6, STM32G471VEI3, STM32G471VEI6, STM32G471VET3, STM32G471VET6, STM32G474CCT6, STM32H503CBT6, STM32H503CBU6, STM32H503EBY6TR, STM32H503KBU6, STM32H503RBT6, STM32H562AGI6, STM32H562AII6, STM32H562IGK6, STM32H562IGT6, STM32H562IIK6, STM32H562IIT6, STM32H562RGT6, STM32H562RGV6, STM32H562RIT6, STM32H562RIV6, STM32H562VGT6, STM32H562VIT6, STM32H562ZGT6, STM32H562ZIT6, STM32H563AGI6, STM32H563AII3Q, STM32H563AII6, STM32H563IGK6, STM32H563IGT6, STM32H563IIK3Q, STM32H563IIK6, STM32H563IIT3Q, STM32H563IIT6, STM32H563MIY3QTR, STM32H563RGT6, STM32H563RGV6, STM32H563RIT6, STM32H563RIV6, STM32H563VGT6, STM32H563VIT3Q, STM32H563VIT6, STM32H563ZGT6, STM32H563ZIT3Q, STM32H563ZIT6, STM32H573AII3Q, STM32H573AII6, STM32H573I-DK, STM32H573IIK3Q, STM32H573IIK6, STM32H573IIT3Q, STM32H573IIT6, STM32H573MIY3QTR, STM32H573RIT6, STM32H573RIV6, STM32H573VIT3Q, STM32H573VIT6, STM32H573ZIT3Q, STM32H573ZIT6, STM32L4R5QGI6STR, STM32MP131AAE3, STM32MP131AAF3, STM32MP131AAG3, STM32MP131CAE3, STM32MP131CAF3, STM32MP131CAG3, STM32MP131DAE7, STM32MP131DAF7, STM32MP131DAG7, STM32MP131FAE7, STM32MP131FAF7, STM32MP131FAG7, STM32MP133AAE3, STM32MP133AAF3, STM32MP133AAG3, STM32MP133CAE3, STM32MP133CAF3, STM32MP133CAG3, STM32MP133DAE7, STM32MP133DAF7, STM32MP133DAG7, STM32MP133FAE7, STM32MP133FAF7, STM32MP133FAG7, STM32MP135AAE3, STM32MP135AAF3, STM32MP135AAG3, STM32MP135CAE3, STM32MP135CAF3, STM32MP135CAG3, STM32MP135DAE7, STM32MP135DAF7, STM32MP135DAG7, STM32MP135F-DK, STM32MP135FAE7, STM32MP135FAF7, STM32MP135FAF7T, STM32MP135FAF7U, STM32MP135FAG7, STM32U535CBT6, STM32U535CBT6Q, STM32U535CBU6, STM32U535CBU6Q, STM32U535CCT6, STM32U535CCT6Q, STM32U535CCU6, STM32U535CCU6Q, STM32U535CET6, STM32U535CET6Q, STM32U535CEU6, STM32U535CEU6Q, STM32U535JEY6QTR, STM32U535NCY6QTR, STM32U535NEY6QTR, STM32U535RBI6, STM32U535RBI6Q, STM32U535RBT6, STM32U535RBT6Q, STM32U535RCI6, STM32U535RCI6Q, STM32U535RCT6, STM32U535RCT6Q, STM32U535REI6, STM32U535REI6Q, STM32U535RET6, STM32U535RET6Q, STM32U535VCI6, STM32U535VCI6Q, STM32U535VCT6, STM32U535VCT6Q, STM32U535VEI6, STM32U535VEI6Q, STM32U535VET6, STM32U535VET6Q, STM32U545CET6, STM32U545CET6Q, STM32U545CEU6, STM32U545CEU6Q, STM32U545JEY6QTR, STM32U545NEY6QTR, STM32U545REI6, STM32U545REI6Q, STM32U545RET6, STM32U545RET6Q, STM32U545VEI6, STM32U545VEI6Q, STM32U545VET6, STM32U545VET6Q, STM32U595AIH6, STM32U595AIH6Q, STM32U595AJH6, STM32U595AJH6Q, STM32U595QII6, STM32U595QII6Q, STM32U595QJI6, STM32U595QJI6Q, STM32U595RIT6, STM32U595RIT6Q, STM32U595RJT6, STM32U595RJT6Q, STM32U595VIT6, STM32U595VIT6Q, STM32U595VJT6, STM32U595VJT6Q, STM32U595ZIT6, STM32U595ZIT6Q, STM32U595ZIY6QTR, STM32U595ZJT6, STM32U595ZJT6Q, STM32U595ZJY6QTR, STM32U599BJY6QTR, STM32U599NIH6Q, STM32U599NJH6Q, STM32U599VIT6Q, STM32U599VJT6, STM32U599VJT6Q, STM32U599ZIT6Q, STM32U599ZIY6QTR, STM32U599ZJT6Q, STM32U599ZJY6QTR, STM32U5A5AJH6, STM32U5A5AJH6Q, STM32U5A5QJI6, STM32U5A5QJI6Q, STM32U5A5RJT6, STM32U5A5RJT6Q, STM32U5A5VJT6, STM32U5A5VJT6Q, STM32U5A5ZJT6, STM32U5A5ZJT6Q, STM32U5A5ZJY6QTR, STM32U5A9BJY6QTR, STM32U5A9J-DK, STM32U5A9NJH6Q, STM32U5A9VJT6Q, STM32U5A9ZJT6Q, STM32U5A9ZJY6QTR, STM32U5F7VIT6, STM32U5F7VIT6Q, STM32U5F7VJT6, STM32U5F7VJT6Q, STM32U5F9BJY6QTR, STM32U5F9NJH6Q, STM32U5F9VIT6Q, STM32U5F9VJT6Q, STM32U5F9ZIJ6QTR, STM32U5F9ZIT6Q, STM32U5F9ZJJ6QTR, STM32U5F9ZJT6Q, STM32U5G7VJT6, STM32U5G7VJT6Q, STM32U5G9BJY6QTR, STM32U5G9J-DK1, STM32U5G9J-DK2, STM32U5G9NJH6Q, STM32U5G9VJT6Q, STM32U5G9ZJJ6QTR, STM32U5G9ZJT6Q, STM32WB1MMCH6, STM32WBA52CEU6, STM32WBA52CEU6T, STM32WBA52CGU6, STM32WBA52CGU6T, STM32WBA52KEU6, STM32WBA52KEU6T, STM32WBA52KGU6, STM32WBA52KGU6T, STM32WL5MOCH6, STM32WL5MOCH6TR]
2026-01-03 12:55:10,359 [INFO] DbMcus:217 - Found 4801 MCUs, 4801 are supported
2026-01-03 12:55:10,361 [INFO] ApiDb:423 - Load user favorites file C:\Users\bogda/.stm32cubeide/favorites.mcus.txt: 0 item(s)
2026-01-03 12:55:10,362 [INFO] ApiDb:427 - User favorites MCUs=[]
2026-01-03 12:55:10,362 [INFO] DbMcus:223 - Set 0 / 0 favorites MCUs
2026-01-03 12:55:10,623 [INFO] MainUpdater:2868 - connection check result : 10
2026-01-03 12:55:10,645 [INFO] ApiDb:668 - CubeFinder database Data Model version=2.1
2026-01-03 12:55:10,646 [INFO] ApiDb:669 - CubeFinder database Configuration version=3.0.39
2026-01-03 12:55:10,646 [INFO] ApiDb:670 - CubeFinder database generation date=2025-12-22 (1766407740)
2026-01-03 12:55:10,646 [INFO] ApiDb:671 - CubeFinder database FW Pack versions=[FP-ATR-ASTRA1_V2.0.0, FP-SNS-FLIGHT1_V5.1.0, FP-SNS-MOTENV1_V5.1.0, FP-SNS-MOTENVWB1_V1.4.0, FP-SNS-SMARTAG2_V1.2.0, FP-SNS-STBOX1_V2.1.0, STM32Cube_FW_C0_V1.4.0, STM32Cube_FW_F4_V1.28.3, STM32Cube_FW_F7_V1.17.4, STM32Cube_FW_G0_V1.6.2, STM32Cube_FW_G4_V1.6.1, STM32Cube_FW_H5_V1.5.1, STM32Cube_FW_H7RS_V1.3.0, STM32Cube_FW_H7_V1.12.1, STM32Cube_FW_L0_V1.12.2, STM32Cube_FW_L4_V1.18.1, STM32Cube_FW_L5_V1.6.0, STM32Cube_FW_N6_V1.3.0, STM32Cube_FW_U0_V1.3.0, STM32Cube_FW_U3_V1.2.1, STM32Cube_FW_U5_V1.8.0, STM32Cube_FW_WB0_V1.4.0, STM32Cube_FW_WBA_V1.8.0, STM32Cube_FW_WB_V1.24.0, STM32Cube_FW_WL3_V1.3.0, STM32Cube_FW_WL_V1.4.0, X-CUBE-ALGOBUILD_V1.4.0, X-CUBE-ALS_V1.0.2, X-CUBE-AZRTOS-F4_V1.1.0, X-CUBE-AZRTOS-F7_V1.1.0, X-CUBE-AZRTOS-G0_V1.1.0, X-CUBE-AZRTOS-G4_V2.0.0, X-CUBE-AZRTOS-H7RS_V1.1.0, X-CUBE-AZRTOS-H7_V3.4.0, X-CUBE-AZRTOS-L4_V2.0.0, X-CUBE-AZRTOS-L5_V2.0.0, X-CUBE-AZRTOS-WB_V2.0.0, X-CUBE-AZRTOS-WL_V2.0.0, X-CUBE-BLE1_V7.1.0, X-CUBE-BLE2_V3.3.0, X-CUBE-BLEMGR_V4.1.0, X-CUBE-EEPRMA1_V5.2.0, X-CUBE-FREERTOS_V1.3.1, X-CUBE-GNSS1_V6.0.0, X-CUBE-MEMS1_V12.0.0, X-CUBE-NFC4_V3.0.0, X-CUBE-NFC7_V2.0.0, X-CUBE-SFXS2LP1_V4.0.0, X-CUBE-ST67W61_V1.1.0, X-CUBE-SUBG2_V5.0.0, X-CUBE-TOF1_V3.4.3]
2026-01-03 12:55:10,694 [INFO] DbBoardsSqlite:226 - include board P-NUCLEO-WB55-NUCLEO as a kit item of type 'Nucleo-64'
2026-01-03 12:55:10,695 [INFO] DbBoardsSqlite:226 - include board P-NUCLEO-WB55-USBDONGLE as a kit item of type 'Nucleo USB Dongle'
2026-01-03 12:55:10,695 [INFO] DbBoardsSqlite:226 - include board STEVAL-IDP005V1 as a kit item of type 'Evaluation Board'
2026-01-03 12:55:10,695 [INFO] DbBoardsSqlite:226 - include board STEVAL-IDP005V2 as a kit item of type 'Evaluation Board'
2026-01-03 12:55:10,753 [INFO] ApiDb:240 - Found 323 in-development CPN: [B-G473E-ZEST1S, B-WB1M-WPAN1, B-WL5M-SUBG1, NUCLEO-C031C6, NUCLEO-H503RB, NUCLEO-H563ZI, NUCLEO-U545RE-Q, NUCLEO-U5A5ZJ-Q, NUCLEO-WBA52CG, STEVAL-PROTEUS1, STEVAL-SMARTAG2, STEVAL-STWINBX1, STM320518-EVAL, STM32C0116-DK, STM32C011D6Y3TR, STM32C011D6Y6TR, STM32C011F4P3, STM32C011F4P6, STM32C011F4U3, STM32C011F4U6TR, STM32C011F6P3, STM32C011F6P6, STM32C011F6U3, STM32C011F6U6TR, STM32C011J4M3, STM32C011J4M6, STM32C011J6M3, STM32C011J6M6, STM32C0316-DK, STM32C031C4T3, STM32C031C4T6, STM32C031C4U3, STM32C031C4U6, STM32C031C6T3, STM32C031C6T6, STM32C031C6U3, STM32C031C6U6, STM32C031F4P3, STM32C031F4P6, STM32C031F6P3, STM32C031F6P6, STM32C031G4U3, STM32C031G4U6, STM32C031G6U3, STM32C031G6U6, STM32C031K4T3, STM32C031K4T6, STM32C031K4U3, STM32C031K4U6, STM32C031K6T3, STM32C031K6T6, STM32C031K6U3, STM32C031K6U6, STM32G071K8TXN, STM32G071K8UXN, STM32G081GBU6N, STM32G081KBT6N, STM32G081KBUXN, STM32G0B1CCT6N, STM32G0B1KCT6, STM32G0B1NEY6TR, STM32G0B1RCT6N, STM32G0C1CCT6, STM32G0C1CCT6N, STM32G0C1CCU6N, STM32G0C1CET6N, STM32G0C1CEU6N, STM32G0C1KCT6, STM32G0C1NEY6TR, STM32G0C1RCI6N, STM32G0C1RCT6N, STM32G0C1REI6N, STM32G0C1RET6N, STM32G0C1VCI6, STM32G0C1VEI6, STM32G471CCT6, STM32G471CCU6, STM32G471CET3, STM32G471CET6, STM32G471CEU3, STM32G471CEU6, STM32G471MCT6, STM32G471MET3, STM32G471MET6, STM32G471MEY6TR, STM32G471QCT6, STM32G471QET3, STM32G471RCT6, STM32G471RET3, STM32G471RET6, STM32G471VCH6, STM32G471VCI6, STM32G471VCT6, STM32G471VEH3, STM32G471VEH6, STM32G471VEI3, STM32G471VEI6, STM32G471VET3, STM32G471VET6, STM32G474CCT6, STM32H503CBT6, STM32H503CBU6, STM32H503EBY6TR, STM32H503KBU6, STM32H503RBT6, STM32H562AGI6, STM32H562AII6, STM32H562IGK6, STM32H562IGT6, STM32H562IIK6, STM32H562IIT6, STM32H562RGT6, STM32H562RGV6, STM32H562RIT6, STM32H562RIV6, STM32H562VGT6, STM32H562VIT6, STM32H562ZGT6, STM32H562ZIT6, STM32H563AGI6, STM32H563AII3Q, STM32H563AII6, STM32H563IGK6, STM32H563IGT6, STM32H563IIK3Q, STM32H563IIK6, STM32H563IIT3Q, STM32H563IIT6, STM32H563MIY3QTR, STM32H563RGT6, STM32H563RGV6, STM32H563RIT6, STM32H563RIV6, STM32H563VGT6, STM32H563VIT3Q, STM32H563VIT6, STM32H563ZGT6, STM32H563ZIT3Q, STM32H563ZIT6, STM32H573AII3Q, STM32H573AII6, STM32H573I-DK, STM32H573IIK3Q, STM32H573IIK6, STM32H573IIT3Q, STM32H573IIT6, STM32H573MIY3QTR, STM32H573RIT6, STM32H573RIV6, STM32H573VIT3Q, STM32H573VIT6, STM32H573ZIT3Q, STM32H573ZIT6, STM32L4R5QGI6STR, STM32MP131AAE3, STM32MP131AAF3, STM32MP131AAG3, STM32MP131CAE3, STM32MP131CAF3, STM32MP131CAG3, STM32MP131DAE7, STM32MP131DAF7, STM32MP131DAG7, STM32MP131FAE7, STM32MP131FAF7, STM32MP131FAG7, STM32MP133AAE3, STM32MP133AAF3, STM32MP133AAG3, STM32MP133CAE3, STM32MP133CAF3, STM32MP133CAG3, STM32MP133DAE7, STM32MP133DAF7, STM32MP133DAG7, STM32MP133FAE7, STM32MP133FAF7, STM32MP133FAG7, STM32MP135AAE3, STM32MP135AAF3, STM32MP135AAG3, STM32MP135CAE3, STM32MP135CAF3, STM32MP135CAG3, STM32MP135DAE7, STM32MP135DAF7, STM32MP135DAG7, STM32MP135F-DK, STM32MP135FAE7, STM32MP135FAF7, STM32MP135FAF7T, STM32MP135FAF7U, STM32MP135FAG7, STM32U535CBT6, STM32U535CBT6Q, STM32U535CBU6, STM32U535CBU6Q, STM32U535CCT6, STM32U535CCT6Q, STM32U535CCU6, STM32U535CCU6Q, STM32U535CET6, STM32U535CET6Q, STM32U535CEU6, STM32U535CEU6Q, STM32U535JEY6QTR, STM32U535NCY6QTR, STM32U535NEY6QTR, STM32U535RBI6, STM32U535RBI6Q, STM32U535RBT6, STM32U535RBT6Q, STM32U535RCI6, STM32U535RCI6Q, STM32U535RCT6, STM32U535RCT6Q, STM32U535REI6, STM32U535REI6Q, STM32U535RET6, STM32U535RET6Q, STM32U535VCI6, STM32U535VCI6Q, STM32U535VCT6, STM32U535VCT6Q, STM32U535VEI6, STM32U535VEI6Q, STM32U535VET6, STM32U535VET6Q, STM32U545CET6, STM32U545CET6Q, STM32U545CEU6, STM32U545CEU6Q, STM32U545JEY6QTR, STM32U545NEY6QTR, STM32U545REI6, STM32U545REI6Q, STM32U545RET6, STM32U545RET6Q, STM32U545VEI6, STM32U545VEI6Q, STM32U545VET6, STM32U545VET6Q, STM32U595AIH6, STM32U595AIH6Q, STM32U595AJH6, STM32U595AJH6Q, STM32U595QII6, STM32U595QII6Q, STM32U595QJI6, STM32U595QJI6Q, STM32U595RIT6, STM32U595RIT6Q, STM32U595RJT6, STM32U595RJT6Q, STM32U595VIT6, STM32U595VIT6Q, STM32U595VJT6, STM32U595VJT6Q, STM32U595ZIT6, STM32U595ZIT6Q, STM32U595ZIY6QTR, STM32U595ZJT6, STM32U595ZJT6Q, STM32U595ZJY6QTR, STM32U599BJY6QTR, STM32U599NIH6Q, STM32U599NJH6Q, STM32U599VIT6Q, STM32U599VJT6, STM32U599VJT6Q, STM32U599ZIT6Q, STM32U599ZIY6QTR, STM32U599ZJT6Q, STM32U599ZJY6QTR, STM32U5A5AJH6, STM32U5A5AJH6Q, STM32U5A5QJI6, STM32U5A5QJI6Q, STM32U5A5RJT6, STM32U5A5RJT6Q, STM32U5A5VJT6, STM32U5A5VJT6Q, STM32U5A5ZJT6, STM32U5A5ZJT6Q, STM32U5A5ZJY6QTR, STM32U5A9BJY6QTR, STM32U5A9J-DK, STM32U5A9NJH6Q, STM32U5A9VJT6Q, STM32U5A9ZJT6Q, STM32U5A9ZJY6QTR, STM32U5F7VIT6, STM32U5F7VIT6Q, STM32U5F7VJT6, STM32U5F7VJT6Q, STM32U5F9BJY6QTR, STM32U5F9NJH6Q, STM32U5F9VIT6Q, STM32U5F9VJT6Q, STM32U5F9ZIJ6QTR, STM32U5F9ZIT6Q, STM32U5F9ZJJ6QTR, STM32U5F9ZJT6Q, STM32U5G7VJT6, STM32U5G7VJT6Q, STM32U5G9BJY6QTR, STM32U5G9J-DK1, STM32U5G9J-DK2, STM32U5G9NJH6Q, STM32U5G9VJT6Q, STM32U5G9ZJJ6QTR, STM32U5G9ZJT6Q, STM32WB1MMCH6, STM32WBA52CEU6, STM32WBA52CEU6T, STM32WBA52CGU6, STM32WBA52CGU6T, STM32WBA52KEU6, STM32WBA52KEU6T, STM32WBA52KGU6, STM32WBA52KGU6T, STM32WL5MOCH6, STM32WL5MOCH6TR]
2026-01-03 12:55:10,793 [INFO] BoardInfo:880 - No configuration file found for board B-WBA5M-WPAN
2026-01-03 12:55:10,793 [INFO] DbBoards:157 - Board is not supported: B-WBA5M-WPAN
2026-01-03 12:55:10,796 [INFO] BoardInfo:880 - No configuration file found for board NUCLEO-C051C8
2026-01-03 12:55:10,796 [INFO] DbBoards:157 - Board is not supported: NUCLEO-C051C8
2026-01-03 12:55:10,798 [INFO] BoardInfo:880 - No configuration file found for board NUCLEO-C071RB
2026-01-03 12:55:10,798 [INFO] DbBoards:157 - Board is not supported: NUCLEO-C071RB
2026-01-03 12:55:10,800 [INFO] BoardInfo:880 - No configuration file found for board NUCLEO-C092RC
2026-01-03 12:55:10,800 [INFO] DbBoards:157 - Board is not supported: NUCLEO-C092RC
2026-01-03 12:55:10,838 [INFO] BoardInfo:880 - No configuration file found for board NUCLEO-H533RE
2026-01-03 12:55:10,838 [INFO] DbBoards:157 - Board is not supported: NUCLEO-H533RE
2026-01-03 12:55:10,846 [INFO] BoardInfo:880 - No configuration file found for board NUCLEO-H7S3L8
2026-01-03 12:55:10,847 [INFO] DbBoards:157 - Board is not supported: NUCLEO-H7S3L8
2026-01-03 12:55:10,864 [INFO] BoardInfo:880 - No configuration file found for board NUCLEO-N657X0-Q
2026-01-03 12:55:10,864 [INFO] DbBoards:157 - Board is not supported: NUCLEO-N657X0-Q
2026-01-03 12:55:10,866 [INFO] BoardInfo:880 - No configuration file found for board NUCLEO-U031R8
2026-01-03 12:55:10,866 [INFO] DbBoards:157 - Board is not supported: NUCLEO-U031R8
2026-01-03 12:55:10,867 [INFO] BoardInfo:880 - No configuration file found for board NUCLEO-U083RC
2026-01-03 12:55:10,867 [INFO] DbBoards:157 - Board is not supported: NUCLEO-U083RC
2026-01-03 12:55:10,868 [INFO] BoardInfo:880 - No configuration file found for board NUCLEO-U385RG-Q
2026-01-03 12:55:10,868 [INFO] DbBoards:157 - Board is not supported: NUCLEO-U385RG-Q
2026-01-03 12:55:10,871 [INFO] BoardInfo:880 - No configuration file found for board NUCLEO-WB05KZ
2026-01-03 12:55:10,871 [INFO] DbBoards:157 - Board is not supported: NUCLEO-WB05KZ
2026-01-03 12:55:10,872 [INFO] BoardInfo:880 - No configuration file found for board NUCLEO-WB07CC
2026-01-03 12:55:10,872 [INFO] DbBoards:157 - Board is not supported: NUCLEO-WB07CC
2026-01-03 12:55:10,873 [INFO] BoardInfo:880 - No configuration file found for board NUCLEO-WB09KE
2026-01-03 12:55:10,873 [INFO] DbBoards:157 - Board is not supported: NUCLEO-WB09KE
2026-01-03 12:55:10,877 [INFO] BoardInfo:880 - No configuration file found for board NUCLEO-WBA55CG
2026-01-03 12:55:10,877 [INFO] DbBoards:157 - Board is not supported: NUCLEO-WBA55CG
2026-01-03 12:55:10,878 [INFO] BoardInfo:880 - No configuration file found for board NUCLEO-WBA65RI
2026-01-03 12:55:10,878 [INFO] DbBoards:157 - Board is not supported: NUCLEO-WBA65RI
2026-01-03 12:55:10,879 [INFO] BoardInfo:880 - No configuration file found for board NUCLEO-WL33CC1
2026-01-03 12:55:10,879 [INFO] DbBoards:157 - Board is not supported: NUCLEO-WL33CC1
2026-01-03 12:55:10,880 [INFO] BoardInfo:880 - No configuration file found for board NUCLEO-WL33CC2
2026-01-03 12:55:10,880 [INFO] DbBoards:157 - Board is not supported: NUCLEO-WL33CC2
2026-01-03 12:55:10,884 [INFO] BoardInfo:880 - No configuration file found for board P-NUCLEO-WB55
2026-01-03 12:55:10,884 [INFO] DbBoards:157 - Kit is not supported: P-NUCLEO-WB55
2026-01-03 12:55:10,887 [INFO] BoardInfo:880 - No configuration file found for board STEVAL-BFA001V1B
2026-01-03 12:55:10,887 [INFO] DbBoards:157 - Kit is not supported: STEVAL-BFA001V1B
2026-01-03 12:55:10,888 [INFO] BoardInfo:880 - No configuration file found for board STEVAL-BFA001V2B
2026-01-03 12:55:10,889 [INFO] DbBoards:157 - Kit is not supported: STEVAL-BFA001V2B
2026-01-03 12:55:10,892 [INFO] BoardInfo:880 - No configuration file found for board STEVAL-MKBOXPRO
2026-01-03 12:55:10,892 [INFO] DbBoards:157 - Board is not supported: STEVAL-MKBOXPRO
2026-01-03 12:55:10,970 [INFO] BoardInfo:880 - No configuration file found for board STM32H7S78-DK
2026-01-03 12:55:10,971 [INFO] DbBoards:157 - Board is not supported: STM32H7S78-DK
2026-01-03 12:55:10,984 [INFO] BoardInfo:880 - No configuration file found for board STM32MP257F-DK
2026-01-03 12:55:10,984 [INFO] DbBoards:157 - Board is not supported: STM32MP257F-DK
2026-01-03 12:55:10,985 [INFO] BoardInfo:880 - No configuration file found for board STM32MP257F-EV1
2026-01-03 12:55:10,985 [INFO] DbBoards:157 - Board is not supported: STM32MP257F-EV1
2026-01-03 12:55:10,986 [INFO] BoardInfo:880 - No configuration file found for board STM32N6570-DK
2026-01-03 12:55:10,986 [INFO] DbBoards:157 - Board is not supported: STM32N6570-DK
2026-01-03 12:55:10,987 [INFO] BoardInfo:880 - No configuration file found for board STM32U083C-DK
2026-01-03 12:55:10,987 [INFO] DbBoards:157 - Board is not supported: STM32U083C-DK
2026-01-03 12:55:10,991 [INFO] BoardInfo:880 - No configuration file found for board STM32WBA55G-DK1
2026-01-03 12:55:10,992 [INFO] DbBoards:157 - Board is not supported: STM32WBA55G-DK1
2026-01-03 12:55:10,992 [INFO] BoardInfo:880 - No configuration file found for board STM32WBA65I-DK1
2026-01-03 12:55:10,992 [INFO] DbBoards:157 - Board is not supported: STM32WBA65I-DK1
2026-01-03 12:55:10,993 [INFO] DbBoards:161 - Found 211 boards, 183 are supported
2026-01-03 12:55:10,995 [INFO] ApiDb:423 - Load user favorites file C:\Users\bogda/.stm32cubeide/favorites.boards.txt: 0 item(s)
2026-01-03 12:55:10,995 [INFO] ApiDb:427 - User favorites Boards=[]
2026-01-03 12:55:10,995 [INFO] DbBoards:190 - Set 0 / 0 favorites Boards
2026-01-03 12:55:10,999 [INFO] ApiDb:668 - CubeFinder database Data Model version=2.1
2026-01-03 12:55:10,999 [INFO] ApiDb:669 - CubeFinder database Configuration version=3.0.39
2026-01-03 12:55:10,999 [INFO] ApiDb:670 - CubeFinder database generation date=2025-12-22 (1766407740)
2026-01-03 12:55:10,999 [INFO] ApiDb:671 - CubeFinder database FW Pack versions=[FP-ATR-ASTRA1_V2.0.0, FP-SNS-FLIGHT1_V5.1.0, FP-SNS-MOTENV1_V5.1.0, FP-SNS-MOTENVWB1_V1.4.0, FP-SNS-SMARTAG2_V1.2.0, FP-SNS-STBOX1_V2.1.0, STM32Cube_FW_C0_V1.4.0, STM32Cube_FW_F4_V1.28.3, STM32Cube_FW_F7_V1.17.4, STM32Cube_FW_G0_V1.6.2, STM32Cube_FW_G4_V1.6.1, STM32Cube_FW_H5_V1.5.1, STM32Cube_FW_H7RS_V1.3.0, STM32Cube_FW_H7_V1.12.1, STM32Cube_FW_L0_V1.12.2, STM32Cube_FW_L4_V1.18.1, STM32Cube_FW_L5_V1.6.0, STM32Cube_FW_N6_V1.3.0, STM32Cube_FW_U0_V1.3.0, STM32Cube_FW_U3_V1.2.1, STM32Cube_FW_U5_V1.8.0, STM32Cube_FW_WB0_V1.4.0, STM32Cube_FW_WBA_V1.8.0, STM32Cube_FW_WB_V1.24.0, STM32Cube_FW_WL3_V1.3.0, STM32Cube_FW_WL_V1.4.0, X-CUBE-ALGOBUILD_V1.4.0, X-CUBE-ALS_V1.0.2, X-CUBE-AZRTOS-F4_V1.1.0, X-CUBE-AZRTOS-F7_V1.1.0, X-CUBE-AZRTOS-G0_V1.1.0, X-CUBE-AZRTOS-G4_V2.0.0, X-CUBE-AZRTOS-H7RS_V1.1.0, X-CUBE-AZRTOS-H7_V3.4.0, X-CUBE-AZRTOS-L4_V2.0.0, X-CUBE-AZRTOS-L5_V2.0.0, X-CUBE-AZRTOS-WB_V2.0.0, X-CUBE-AZRTOS-WL_V2.0.0, X-CUBE-BLE1_V7.1.0, X-CUBE-BLE2_V3.3.0, X-CUBE-BLEMGR_V4.1.0, X-CUBE-EEPRMA1_V5.2.0, X-CUBE-FREERTOS_V1.3.1, X-CUBE-GNSS1_V6.0.0, X-CUBE-MEMS1_V12.0.0, X-CUBE-NFC4_V3.0.0, X-CUBE-NFC7_V2.0.0, X-CUBE-SFXS2LP1_V4.0.0, X-CUBE-ST67W61_V1.1.0, X-CUBE-SUBG2_V5.0.0, X-CUBE-TOF1_V3.4.3]
2026-01-03 12:55:11,465 [ERROR] DbExamplesSqlite:437 - Missing JSON key: board_cpn
2026-01-03 12:55:11,465 [ERROR] DbExamplesSqlite:437 - Missing JSON key: board_cpn
2026-01-03 12:55:11,465 [ERROR] DbExamplesSqlite:437 - Missing JSON key: board_cpn
2026-01-03 12:55:11,465 [ERROR] DbExamplesSqlite:437 - Missing JSON key: board_cpn
2026-01-03 12:55:11,709 [ERROR] DbExamplesSqlite:437 - Missing JSON key: board_cpn
2026-01-03 12:55:11,709 [ERROR] DbExamplesSqlite:437 - Missing JSON key: board_cpn
2026-01-03 12:55:11,718 [INFO] DbExamplesSqlite:395 - Ignored 42 examples not supported by CubeIDE
2026-01-03 12:55:11,719 [INFO] DbExamplesSqlite:396 - Found 10819 examples active
2026-01-03 12:55:11,719 [INFO] DbExamplesSqlite:397 - Found 0 examples obsolete
2026-01-03 12:55:11,719 [INFO] DbExamplesSqlite:398 - Found 0 examples under development
2026-01-03 12:55:11,719 [INFO] DbExamplesSqlite:399 - Found 85 examples not building
2026-01-03 12:55:11,721 [INFO] DbExamples:125 - Found 10862 examples
2026-01-03 12:55:11,751 [ERROR] DbExamples:208 - Found 73 examples with invalid data (board or MCU)
2026-01-03 12:55:11,751 [INFO] DbExamples:222 - Found 134 boards with related examples
2026-01-03 12:55:11,753 [INFO] DbExamples:235 - Found 111 MCUs with related examples
2026-01-03 12:55:11,769 [INFO] ApiDb:414 - User favorites file not found: C:\Users\bogda/.stm32cubeide/favorites.examples.txt
2026-01-03 12:55:11,769 [INFO] DbExamples:250 - Set 0 / 0 favorites Examples
2026-01-03 12:55:11,917 [INFO] McuFinderGlobals:76 - Set McuFinderConnectedMode to true
2026-01-03 12:55:11,926 [INFO] MultiScanPanel:200 - Auto-refresh data requested => check proxy status ongoing
2026-01-03 12:55:11,931 [INFO] FinderPluginLoader:95 - Searching for filters in installed packs
2026-01-03 12:55:13,470 [INFO] LoadUrlFilesThread:185 - End of LoadServerUrlFiles without Thread
2026-01-03 12:55:13,481 [INFO] DetailPanel:341 - Set advertising image to C:/Users/bogda/STM32Cube/Repository/\en.prom-st67w-expansion-board.png
2026-01-03 12:55:14,488 [INFO] McuFinderGlobals:76 - Set McuFinderConnectedMode to true
2026-01-03 12:55:14,490 [INFO] MultiScanPanel:200 - Auto-refresh data requested => check proxy status ongoing
2026-01-03 12:55:14,490 [INFO] FinderPluginLoader:95 - Searching for filters in installed packs
2026-01-03 12:55:15,574 [INFO] LoadUrlFilesThread:185 - End of LoadServerUrlFiles without Thread
2026-01-03 12:55:15,575 [INFO] DetailPanel:341 - Set advertising image to C:/Users/bogda/STM32Cube/Repository/\en.prom-st67w-expansion-board.png
2026-01-03 12:55:45,522 [INFO] MainUpdater:2868 - connection check result : 10
2026-01-03 12:55:45,522 [INFO] MainUpdater:2868 - connection check result : 10
2026-01-03 12:55:45,580 [INFO] MicroXplorer:468 - Change Database Path : 
2026-01-03 12:55:45,580 [INFO] MicroXplorer:498 - Change Database Version : DB.6.0.90
2026-01-03 12:55:45,604 [WARN] ThirdParty:871 - waiting for thirdparty lock release [close project]
2026-01-03 12:55:45,604 [INFO] ThirdParty:873 - entering critical section [close project]
2026-01-03 12:55:45,607 [INFO] ThirdParty:883 - exiting critical section [close project]
2026-01-03 12:55:45,616 [INFO] PinOutPanel:1499 - setPackage(No Configuration,No Configuration)
2026-01-03 12:55:45,626 [INFO] UtilMem:75 - Begin LoadConfig() Used Memory: 907966080 Bytes (1073741824)
2026-01-03 12:55:45,629 [INFO] MicroXplorer:468 - Change Database Path : 
2026-01-03 12:55:45,629 [INFO] MicroXplorer:498 - Change Database Version : DB.6.0.90
2026-01-03 12:55:45,629 [INFO] OpenFileManager:308 - Change cursor
2026-01-03 12:55:45,712 [INFO] Mcu:1946 - Initializing MCU STM32F407V(E-G)Tx STM32F407VGTx STM32F407VGT6
2026-01-03 12:55:48,804 [INFO] Context:659 - Trying to add GPIOservice into a context  which must be forbidden
2026-01-03 12:55:49,626 [INFO] RtosManager:555 - Registered RTOS mode: class=CMSIS, group=RTOS, mode=CMSIS_V1, owner=FREERTOS
2026-01-03 12:55:49,626 [INFO] RtosManager:555 - Registered RTOS mode: class=CMSIS, group=RTOS2, mode=CMSIS_V2, owner=FREERTOS
2026-01-03 12:55:49,626 [INFO] RtosManager:555 - Registered RTOS mode: class=RTOS, group=Core, mode=CMSIS_V1, owner=FREERTOS
2026-01-03 12:55:49,627 [INFO] RtosManager:555 - Registered RTOS mode: class=RTOS, group=Core, mode=CMSIS_V2, owner=FREERTOS
2026-01-03 12:55:49,627 [WARN] ModelIntegratedComponent:184 - Missing modes for component STMicroelectronics:FreeRTOS:0.0.1:STMicroelectronics:RTOS:FreeRTOS:Core:::10.2.0:
2026-01-03 12:55:49,631 [WARN] ModelIntegratedComponent:63 - No mode defined for component null
2026-01-03 12:55:49,632 [WARN] ModelIntegratedComponent:63 - No mode defined for component null
2026-01-03 12:55:49,632 [WARN] ModelIntegratedComponent:63 - No mode defined for component null
2026-01-03 12:55:49,632 [WARN] ModelIntegratedComponent:63 - No mode defined for component null
2026-01-03 12:55:49,632 [WARN] ModelIntegratedComponent:63 - No mode defined for component null
2026-01-03 12:55:49,632 [WARN] ModelIntegratedComponent:63 - No mode defined for component null
2026-01-03 12:55:49,632 [WARN] ModelIntegratedComponent:63 - No mode defined for component null
2026-01-03 12:55:49,632 [WARN] ModelIntegratedComponent:63 - No mode defined for component null
2026-01-03 12:55:49,632 [WARN] ModelIntegratedComponent:63 - No mode defined for component null
2026-01-03 12:55:49,632 [WARN] ModelIntegratedComponent:63 - No mode defined for component null
2026-01-03 12:55:49,632 [WARN] ModelIntegratedComponent:63 - No mode defined for component null
2026-01-03 12:55:49,632 [WARN] ModelIntegratedComponent:63 - No mode defined for component null
2026-01-03 12:55:49,632 [WARN] ModelIntegratedComponent:63 - No mode defined for component null
2026-01-03 12:55:49,632 [WARN] ModelIntegratedComponent:63 - No mode defined for component null
2026-01-03 12:55:49,632 [WARN] ModelIntegratedComponent:63 - No mode defined for component null
2026-01-03 12:55:49,632 [WARN] ModelIntegratedComponent:63 - No mode defined for component null
2026-01-03 12:55:49,632 [WARN] ModelIntegratedComponent:63 - No mode defined for component null
2026-01-03 12:55:49,632 [WARN] ModelIntegratedComponent:63 - No mode defined for component null
2026-01-03 12:55:49,632 [WARN] ModelIntegratedComponent:63 - No mode defined for component null
2026-01-03 12:55:49,632 [WARN] ModelIntegratedComponent:63 - No mode defined for component null
2026-01-03 12:55:49,632 [WARN] ModelIntegratedComponent:63 - No mode defined for component null
2026-01-03 12:55:49,632 [WARN] ModelIntegratedComponent:63 - No mode defined for component null
2026-01-03 12:55:49,632 [WARN] ModelIntegratedComponent:63 - No mode defined for component null
2026-01-03 12:55:49,632 [WARN] ModelIntegratedComponent:63 - No mode defined for component null
2026-01-03 12:55:49,632 [WARN] ModelIntegratedComponent:63 - No mode defined for component null
2026-01-03 12:55:49,632 [WARN] ModelIntegratedComponent:63 - No mode defined for component null
2026-01-03 12:55:49,633 [WARN] ModelIntegratedComponent:63 - No mode defined for component null
2026-01-03 12:55:49,633 [WARN] ModelIntegratedComponent:63 - No mode defined for component null
2026-01-03 12:55:49,633 [WARN] ModelIntegratedComponent:63 - No mode defined for component null
2026-01-03 12:55:49,633 [WARN] ModelIntegratedComponent:63 - No mode defined for component null
2026-01-03 12:55:49,633 [WARN] ModelIntegratedComponent:63 - No mode defined for component null
2026-01-03 12:55:49,633 [WARN] ModelIntegratedComponent:63 - No mode defined for component null
2026-01-03 12:55:49,633 [WARN] ModelIntegratedComponent:63 - No mode defined for component null
2026-01-03 12:55:49,644 [INFO] ThirdPartyModel:298 - Start build external matchings
2026-01-03 12:55:49,672 [INFO] ThirdPartyModel:316 - End build external matchings
2026-01-03 12:55:49,686 [INFO] ImportTextPane:194 - (OptionalMessage_ERROR) IP (DMA) : Parameter (Instance) has Id (SDIO_TX) currently not set
2026-01-03 12:55:49,686 [INFO] ImportTextPane:194 - (OptionalMessage_ERROR) IP (DMA) : Parameter (Channel) has Id (SDIO_TX) currently not set
2026-01-03 12:55:49,686 [INFO] ImportTextPane:194 - (OptionalMessage_ERROR) IP (DMA) : Parameter (Direction) has Id (SDIO_TX) currently not set
2026-01-03 12:55:49,686 [INFO] ImportTextPane:194 - (OptionalMessage_ERROR) IP (DMA) : Parameter (PeriphInc) has Id (SDIO_TX) currently not set
2026-01-03 12:55:49,686 [INFO] ImportTextPane:194 - (OptionalMessage_ERROR) IP (DMA) : Parameter (MemInc) has Id (SDIO_TX) currently not set
2026-01-03 12:55:49,686 [INFO] ImportTextPane:194 - (OptionalMessage_ERROR) IP (DMA) : Parameter (PeriphDataAlignment) has Id (SDIO_TX) currently not set
2026-01-03 12:55:49,686 [INFO] ImportTextPane:194 - (OptionalMessage_ERROR) IP (DMA) : Parameter (MemDataAlignment) has Id (SDIO_TX) currently not set
2026-01-03 12:55:49,686 [INFO] ImportTextPane:194 - (OptionalMessage_ERROR) IP (DMA) : Parameter (Mode) has Id (SDIO_TX) currently not set
2026-01-03 12:55:49,687 [INFO] ImportTextPane:194 - (OptionalMessage_ERROR) IP (DMA) : Parameter (Priority) has Id (SDIO_TX) currently not set
2026-01-03 12:55:49,687 [INFO] ImportTextPane:194 - (OptionalMessage_ERROR) IP (DMA) : Parameter (FIFOMode) has Id (SDIO_TX) currently not set
2026-01-03 12:55:49,687 [INFO] ImportTextPane:194 - (OptionalMessage_ERROR) IP (DMA) : Parameter (FIFOThreshold) has Id (SDIO_TX) currently not set
2026-01-03 12:55:49,687 [INFO] ImportTextPane:194 - (OptionalMessage_ERROR) IP (DMA) : Parameter (FIFOThreshold) has invalid value (null)
2026-01-03 12:55:49,687 [INFO] ImportTextPane:194 - (OptionalMessage_ERROR) IP (DMA) : Parameter (MemBurst) has Id (SDIO_TX) currently not set
2026-01-03 12:55:49,687 [INFO] ImportTextPane:194 - (OptionalMessage_ERROR) IP (DMA) : Parameter (MemBurst) has invalid value (null)
2026-01-03 12:55:49,687 [INFO] ImportTextPane:194 - (OptionalMessage_ERROR) IP (DMA) : Parameter (PeriphBurst) has Id (SDIO_TX) currently not set
2026-01-03 12:55:49,687 [INFO] ImportTextPane:194 - (OptionalMessage_ERROR) IP (DMA) : Parameter (PeriphBurst) has invalid value (null)
2026-01-03 12:55:49,687 [INFO] ImportTextPane:194 - (OptionalMessage_ERROR) IP (DMA) : Parameter (Instance) has Id (SDIO_RX) currently not set
2026-01-03 12:55:49,687 [INFO] ImportTextPane:194 - (OptionalMessage_ERROR) IP (DMA) : Parameter (Channel) has Id (SDIO_RX) currently not set
2026-01-03 12:55:49,687 [INFO] ImportTextPane:194 - (OptionalMessage_ERROR) IP (DMA) : Parameter (Direction) has Id (SDIO_RX) currently not set
2026-01-03 12:55:49,687 [INFO] ImportTextPane:194 - (OptionalMessage_ERROR) IP (DMA) : Parameter (PeriphInc) has Id (SDIO_RX) currently not set
2026-01-03 12:55:49,687 [INFO] ImportTextPane:194 - (OptionalMessage_ERROR) IP (DMA) : Parameter (MemInc) has Id (SDIO_RX) currently not set
2026-01-03 12:55:49,687 [INFO] ImportTextPane:194 - (OptionalMessage_ERROR) IP (DMA) : Parameter (PeriphDataAlignment) has Id (SDIO_RX) currently not set
2026-01-03 12:55:49,687 [INFO] ImportTextPane:194 - (OptionalMessage_ERROR) IP (DMA) : Parameter (MemDataAlignment) has Id (SDIO_RX) currently not set
2026-01-03 12:55:49,687 [INFO] ImportTextPane:194 - (OptionalMessage_ERROR) IP (DMA) : Parameter (Mode) has Id (SDIO_RX) currently not set
2026-01-03 12:55:49,687 [INFO] ImportTextPane:194 - (OptionalMessage_ERROR) IP (DMA) : Parameter (Priority) has Id (SDIO_RX) currently not set
2026-01-03 12:55:49,687 [INFO] ImportTextPane:194 - (OptionalMessage_ERROR) IP (DMA) : Parameter (FIFOMode) has Id (SDIO_RX) currently not set
2026-01-03 12:55:49,687 [INFO] ImportTextPane:194 - (OptionalMessage_ERROR) IP (DMA) : Parameter (FIFOThreshold) has Id (SDIO_RX) currently not set
2026-01-03 12:55:49,687 [INFO] ImportTextPane:194 - (OptionalMessage_ERROR) IP (DMA) : Parameter (FIFOThreshold) has invalid value (null)
2026-01-03 12:55:49,687 [INFO] ImportTextPane:194 - (OptionalMessage_ERROR) IP (DMA) : Parameter (MemBurst) has Id (SDIO_RX) currently not set
2026-01-03 12:55:49,687 [INFO] ImportTextPane:194 - (OptionalMessage_ERROR) IP (DMA) : Parameter (MemBurst) has invalid value (null)
2026-01-03 12:55:49,687 [INFO] ImportTextPane:194 - (OptionalMessage_ERROR) IP (DMA) : Parameter (PeriphBurst) has Id (SDIO_RX) currently not set
2026-01-03 12:55:49,687 [INFO] ImportTextPane:194 - (OptionalMessage_ERROR) IP (DMA) : Parameter (PeriphBurst) has invalid value (null)
2026-01-03 12:55:50,275 [INFO] UtilMem:75 - End LoadConfig() Used Memory: 832718904 Bytes (1073741824)
2026-01-03 12:55:50,383 [WARN] ThirdParty:833 - waiting for thirdparty lock release [change project]
2026-01-03 12:55:50,383 [INFO] ThirdParty:835 - entering critical section [change project]
2026-01-03 12:55:50,384 [INFO] ThirdParty:1030 - CMSIS Pack Vendor :STMicroelectronics USBPD 4.1
2026-01-03 12:55:50,384 [INFO] ThirdParty:1030 - CMSIS Pack Vendor :STMicroelectronics ThreadX 1.0.0
2026-01-03 12:55:50,384 [INFO] ThirdParty:1030 - CMSIS Pack Vendor :STMicroelectronics X-CUBE-MEMS1 12.0.0
2026-01-03 12:55:50,384 [INFO] ThirdParty:1030 - CMSIS Pack Vendor :STMicroelectronics USB_HOST 2.0.0
2026-01-03 12:55:50,384 [INFO] ThirdParty:1030 - CMSIS Pack Vendor :STMicroelectronics LIBJPEG 8.0.0
2026-01-03 12:55:50,384 [INFO] ThirdParty:1030 - CMSIS Pack Vendor :STMicroelectronics FreeRTOS 0.0.1
2026-01-03 12:55:50,384 [INFO] ThirdParty:1030 - CMSIS Pack Vendor :STMicroelectronics USB_DEVICE 1.0.0
2026-01-03 12:55:50,384 [INFO] ThirdParty:1030 - CMSIS Pack Vendor :STMicroelectronics STM32_WPAN 1.0.0
2026-01-03 12:55:50,384 [INFO] ThirdParty:1030 - CMSIS Pack Vendor :STMicroelectronics USB_DEVICE 3.0.0
2026-01-03 12:55:50,384 [INFO] ThirdParty:1030 - CMSIS Pack Vendor :STMicroelectronics HAL Drivers 0.0.0
2026-01-03 12:55:50,384 [INFO] ThirdParty:1030 - CMSIS Pack Vendor :STMicroelectronics MBEDTLS 2.16.2
2026-01-03 12:55:50,384 [INFO] ThirdParty:1030 - CMSIS Pack Vendor :STMicroelectronics ThreadX 0.0.2
2026-01-03 12:55:50,384 [INFO] ThirdParty:1030 - CMSIS Pack Vendor :STMicroelectronics lwIP 2.0.3
2026-01-03 12:55:50,384 [INFO] ThirdParty:1030 - CMSIS Pack Vendor :STMicroelectronics lwIP 2.1.2
2026-01-03 12:55:50,384 [INFO] ThirdParty:1030 - CMSIS Pack Vendor :STMicroelectronics MBEDTLS 2.14.1
2026-01-03 12:55:50,384 [INFO] ThirdParty:1030 - CMSIS Pack Vendor :STMicroelectronics USB_HOST 1.0.0
2026-01-03 12:55:50,384 [INFO] ThirdParty:1030 - CMSIS Pack Vendor :STMicroelectronics X-CUBE-TOUCHGFX 4.26.0
2026-01-03 12:55:50,384 [INFO] ThirdParty:1030 - CMSIS Pack Vendor :STMicroelectronics PDM2PCM 3.1.0
2026-01-03 12:55:50,384 [INFO] ThirdParty:1030 - CMSIS Pack Vendor :STMicroelectronics PDM2PCM 3.2.0
2026-01-03 12:55:50,384 [INFO] ThirdParty:1030 - CMSIS Pack Vendor :STMicroelectronics USB_DEVICE 2.0.0
2026-01-03 12:55:50,384 [INFO] ThirdParty:1030 - CMSIS Pack Vendor :STMicroelectronics PDM2PCM 3.3.0
2026-01-03 12:55:50,384 [INFO] ThirdParty:841 - exiting critical section [change project]
2026-01-03 12:55:50,751 [INFO] PinOutPanel:1499 - setPackage(No Configuration,No Configuration)
2026-01-03 12:55:50,753 [INFO] PinOutPanel:1499 - setPackage(STM32F407VGTx,LQFP100)
2026-01-03 12:55:51,275 [INFO] UtilMem:75 - Before build in PCC Used Memory: 730314952 Bytes (1073741824)
2026-01-03 12:55:52,530 [INFO] UtilMem:75 - After build in PCC Used Memory: 857680160 Bytes (1073741824)
2026-01-03 12:55:52,784 [INFO] ApiDbMcu:507 - Load IP Config File for FATFS
2026-01-03 12:55:52,824 [INFO] IPUIPlugin:80 - create IPUIPlugin
2026-01-03 12:55:52,825 [INFO] IPUIPlugin:80 - create IPUIPlugin
2026-01-03 12:55:52,825 [INFO] IPUIPlugin:80 - create IPUIPlugin
2026-01-03 12:55:52,825 [INFO] IPUIPlugin:80 - create IPUIPlugin
2026-01-03 12:55:52,825 [INFO] IPUIPlugin:80 - create IPUIPlugin
2026-01-03 12:55:52,825 [INFO] IPUIPlugin:80 - create IPUIPlugin
2026-01-03 12:55:52,825 [INFO] IPUIPlugin:80 - create IPUIPlugin
2026-01-03 12:55:52,825 [INFO] IPUIPlugin:80 - create IPUIPlugin
2026-01-03 12:55:52,825 [INFO] IPUIPlugin:80 - create IPUIPlugin
2026-01-03 12:55:52,825 [INFO] IPUIPlugin:80 - create IPUIPlugin
2026-01-03 12:55:52,825 [INFO] IPUIPlugin:80 - create IPUIPlugin
2026-01-03 12:55:52,825 [INFO] IPUIPlugin:80 - create IPUIPlugin
2026-01-03 12:55:52,825 [INFO] IPUIPlugin:80 - create IPUIPlugin
2026-01-03 12:55:52,825 [INFO] IPUIPlugin:80 - create IPUIPlugin
2026-01-03 12:55:52,826 [INFO] IPUIPlugin:80 - create IPUIPlugin
2026-01-03 12:55:52,826 [INFO] IPUIPlugin:80 - create IPUIPlugin
2026-01-03 12:55:52,826 [INFO] IPUIPlugin:80 - create IPUIPlugin
2026-01-03 12:55:52,826 [INFO] IPUIPlugin:80 - create IPUIPlugin
2026-01-03 12:55:52,826 [INFO] IPUIPlugin:80 - create IPUIPlugin
2026-01-03 12:55:52,826 [INFO] IPUIPlugin:80 - create IPUIPlugin
2026-01-03 12:55:52,826 [INFO] IPUIPlugin:80 - create IPUIPlugin
2026-01-03 12:55:52,826 [INFO] IPUIPlugin:80 - create IPUIPlugin
2026-01-03 12:55:52,826 [INFO] IPUIPlugin:80 - create IPUIPlugin
2026-01-03 12:55:52,826 [INFO] IPUIPlugin:80 - create IPUIPlugin
2026-01-03 12:55:52,826 [INFO] IPUIPlugin:80 - create IPUIPlugin
2026-01-03 12:55:52,826 [INFO] IPUIPlugin:80 - create IPUIPlugin
2026-01-03 12:55:52,826 [INFO] IPUIPlugin:80 - create IPUIPlugin
2026-01-03 12:55:52,826 [INFO] IPUIPlugin:80 - create IPUIPlugin
2026-01-03 12:55:52,826 [INFO] IPUIPlugin:80 - create IPUIPlugin
2026-01-03 12:55:52,826 [INFO] IPUIPlugin:80 - create IPUIPlugin
2026-01-03 12:55:52,826 [INFO] IPUIPlugin:80 - create IPUIPlugin
2026-01-03 12:55:52,828 [INFO] IPUIPlugin:80 - create IPUIPlugin
2026-01-03 12:55:52,828 [INFO] IPUIPlugin:80 - create IPUIPlugin
2026-01-03 12:55:52,828 [INFO] IPUIPlugin:80 - create IPUIPlugin
2026-01-03 12:55:52,828 [INFO] IPUIPlugin:80 - create IPUIPlugin
2026-01-03 12:55:52,828 [INFO] IPUIPlugin:80 - create IPUIPlugin
2026-01-03 12:55:52,828 [INFO] IPUIPlugin:80 - create IPUIPlugin
2026-01-03 12:55:52,828 [INFO] IPUIPlugin:80 - create IPUIPlugin
2026-01-03 12:55:52,828 [INFO] IPUIPlugin:80 - create IPUIPlugin
2026-01-03 12:55:52,828 [INFO] IPUIPlugin:80 - create IPUIPlugin
2026-01-03 12:55:52,828 [INFO] IPUIPlugin:80 - create IPUIPlugin
2026-01-03 12:55:52,828 [INFO] IPUIPlugin:80 - create IPUIPlugin
2026-01-03 12:55:52,828 [INFO] IPUIPlugin:80 - create IPUIPlugin
2026-01-03 12:55:52,829 [INFO] IPUIPlugin:80 - create IPUIPlugin
2026-01-03 12:55:52,829 [INFO] IPUIPlugin:80 - create IPUIPlugin
2026-01-03 12:55:52,829 [INFO] IPUIPlugin:80 - create IPUIPlugin
2026-01-03 12:55:52,829 [INFO] IPUIPlugin:80 - create IPUIPlugin
2026-01-03 12:55:52,829 [INFO] IPUIPlugin:80 - create IPUIPlugin
2026-01-03 12:55:52,829 [INFO] IPUIPlugin:80 - create IPUIPlugin
2026-01-03 12:55:52,829 [INFO] IPUIPlugin:80 - create IPUIPlugin
2026-01-03 12:55:52,829 [INFO] IPUIPlugin:80 - create IPUIPlugin
2026-01-03 12:55:52,830 [INFO] IPUIPlugin:80 - create IPUIPlugin
2026-01-03 12:55:52,830 [INFO] IPUIPlugin:80 - create IPUIPlugin
2026-01-03 12:55:52,830 [INFO] IPUIPlugin:80 - create IPUIPlugin
2026-01-03 12:55:52,831 [INFO] IPUIPlugin:80 - create IPUIPlugin
2026-01-03 12:55:52,831 [INFO] IPUIPlugin:80 - create IPUIPlugin
2026-01-03 12:55:52,832 [INFO] IPUIPlugin:80 - create IPUIPlugin
2026-01-03 12:55:52,832 [INFO] IPUIPlugin:80 - create IPUIPlugin
2026-01-03 12:55:52,929 [INFO] ApiDbMcu:507 - Load IP Config File for PDM2PCM
2026-01-03 12:55:52,964 [WARN] IP:2114 - I2C_Coeff_DF not found: check if there is a RefParameter without a condition.
2026-01-03 12:55:52,964 [WARN] IP:2114 - Analog_Filter not found: check if there is a RefParameter without a condition.
2026-01-03 12:55:53,460 [INFO] CADModel:165 - CPN selected for project levelSTM32F407VGT6
2026-01-03 12:55:53,460 [INFO] CADModel:114 - Register for checkConnection events
2026-01-03 12:55:53,506 [INFO] OpenFileManager:328 - Restore cursor
2026-01-03 12:55:53,694 [WARN] IP:2114 - I2C_Coeff_DF not found: check if there is a RefParameter without a condition.
2026-01-03 12:55:53,694 [WARN] IP:2114 - Analog_Filter not found: check if there is a RefParameter without a condition.
2026-01-03 12:55:53,694 [WARN] IP:2114 - I2C_Coeff_DF not found: check if there is a RefParameter without a condition.
2026-01-03 12:55:53,694 [WARN] IP:2114 - Analog_Filter not found: check if there is a RefParameter without a condition.
2026-01-03 12:55:55,474 [INFO] UtilMem:75 - End SaveConfig() Used Memory: 814362904 Bytes (1073741824)
2026-01-03 12:55:55,569 [INFO] UtilMem:75 - End SaveConfig() Used Memory: 788499792 Bytes (1073741824)
2026-01-03 12:55:56,034 [INFO] BlockDiagram:2759 - set Specific Code input for plugin: SPI
2026-01-03 12:55:56,034 [INFO] BlockDiagram:2759 - set Specific Code input for plugin: SDIO
2026-01-03 12:55:56,035 [INFO] BlockDiagram:2759 - set Specific Code input for plugin: TIM1_8
2026-01-03 12:55:56,035 [INFO] BlockDiagram:2759 - set Specific Code input for plugin: SYS
2026-01-03 12:55:56,035 [INFO] BlockDiagram:2759 - set Specific Code input for plugin: RCC
2026-01-03 12:55:56,035 [INFO] BlockDiagram:2759 - set Specific Code input for plugin: I2C
2026-01-03 12:55:56,035 [INFO] BlockDiagram:2759 - set Specific Code input for plugin: NVIC
2026-01-03 12:55:56,035 [INFO] BlockDiagram:2759 - set Specific Code input for plugin: USART
2026-01-03 12:55:56,035 [INFO] BlockDiagram:2759 - set Specific Code input for plugin: DMA
2026-01-03 12:55:56,035 [INFO] BlockDiagram:2759 - set Specific Code input for plugin: GPIO
2026-01-03 12:55:56,035 [INFO] BlockDiagram:2759 - set Specific Code input for plugin: FATFS
2026-01-03 12:55:56,037 [INFO] CodeGenerator:799 - code generatio: config db path: C:\ST\STM32CubeIDE_1.13.0\STM32CubeIDE\plugins\com.st.stm32cube.common.mx_6.9.0.202307051724\\db\
2026-01-03 12:55:56,073 [WARN] IP:2114 - I2C_Coeff_DF not found: check if there is a RefParameter without a condition.
2026-01-03 12:55:56,073 [WARN] IP:2114 - Analog_Filter not found: check if there is a RefParameter without a condition.
2026-01-03 12:55:56,471 [INFO] CodeEngine:255 - oldGeneratedFile, C:\programing\Embedded\projects_stm32\MeteoStation\MeteoStation\MXTmpFiles\license.tmp_save
2026-01-03 12:55:57,190 [INFO] CodeEngine:279 - Generated code: C:\programing\Embedded\projects_stm32\MeteoStation\MeteoStation\MXTmpFiles\license.tmp
2026-01-03 12:55:57,342 [INFO] CodeEngine:255 - oldGeneratedFile, C:\programing\Embedded\projects_stm32\MeteoStation\MeteoStation\MXTmpFiles\gpio.tmp_save
2026-01-03 12:55:57,603 [INFO] CodeEngine:279 - Generated code: C:\programing\Embedded\projects_stm32\MeteoStation\MeteoStation\MXTmpFiles\gpio.tmp
2026-01-03 12:55:58,434 [INFO] CodeEngine:255 - oldGeneratedFile, C:\programing\Embedded\projects_stm32\MeteoStation\MeteoStation\MXTmpFiles\fatfs_HalInit.tmp_save
2026-01-03 12:55:58,534 [INFO] CodeEngine:279 - Generated code: C:\programing\Embedded\projects_stm32\MeteoStation\MeteoStation\MXTmpFiles\fatfs_HalInit.tmp
2026-01-03 12:55:58,546 [INFO] CodeEngine:255 - oldGeneratedFile, C:\programing\Embedded\projects_stm32\MeteoStation\MeteoStation\MXTmpFiles\fatfs_vars.tmp_save
2026-01-03 12:55:58,630 [INFO] CodeEngine:279 - Generated code: C:\programing\Embedded\projects_stm32\MeteoStation\MeteoStation\MXTmpFiles\fatfs_vars.tmp
2026-01-03 12:55:58,646 [INFO] CodeEngine:255 - oldGeneratedFile, C:\programing\Embedded\projects_stm32\MeteoStation\MeteoStation\MXTmpFiles\fatfs_ext_vars.tmp_save
2026-01-03 12:55:58,724 [INFO] CodeEngine:279 - Generated code: C:\programing\Embedded\projects_stm32\MeteoStation\MeteoStation\MXTmpFiles\fatfs_ext_vars.tmp
2026-01-03 12:55:58,738 [INFO] CodeEngine:255 - oldGeneratedFile, C:\programing\Embedded\projects_stm32\MeteoStation\MeteoStation\MXTmpFiles\fatfs_inc.tmp_save
2026-01-03 12:55:58,811 [INFO] CodeEngine:279 - Generated code: C:\programing\Embedded\projects_stm32\MeteoStation\MeteoStation\MXTmpFiles\fatfs_inc.tmp
2026-01-03 12:55:58,876 [INFO] CodeEngine:255 - oldGeneratedFile, C:\programing\Embedded\projects_stm32\MeteoStation\MeteoStation\MXTmpFiles\dma.tmp_save
2026-01-03 12:55:58,964 [INFO] CodeEngine:279 - Generated code: C:\programing\Embedded\projects_stm32\MeteoStation\MeteoStation\MXTmpFiles\dma.tmp
2026-01-03 12:55:58,977 [INFO] CodeEngine:255 - oldGeneratedFile, C:\programing\Embedded\projects_stm32\MeteoStation\MeteoStation\MXTmpFiles\dma_GV.tmp_save
2026-01-03 12:55:59,033 [INFO] CodeEngine:279 - Generated code: C:\programing\Embedded\projects_stm32\MeteoStation\MeteoStation\MXTmpFiles\dma_GV.tmp
2026-01-03 12:55:59,048 [INFO] CodeEngine:255 - oldGeneratedFile, C:\programing\Embedded\projects_stm32\MeteoStation\MeteoStation\MXTmpFiles\fatfs_HalInit.tmp_save
2026-01-03 12:55:59,112 [INFO] CodeEngine:279 - Generated code: C:\programing\Embedded\projects_stm32\MeteoStation\MeteoStation\MXTmpFiles\fatfs_HalInit.tmp
2026-01-03 12:55:59,117 [INFO] CodeEngine:255 - oldGeneratedFile, C:\programing\Embedded\projects_stm32\MeteoStation\MeteoStation\MXTmpFiles\fatfs_vars.tmp_save
2026-01-03 12:55:59,189 [INFO] CodeEngine:279 - Generated code: C:\programing\Embedded\projects_stm32\MeteoStation\MeteoStation\MXTmpFiles\fatfs_vars.tmp
2026-01-03 12:55:59,199 [INFO] CodeEngine:255 - oldGeneratedFile, C:\programing\Embedded\projects_stm32\MeteoStation\MeteoStation\MXTmpFiles\fatfs_ext_vars.tmp_save
2026-01-03 12:55:59,281 [INFO] CodeEngine:279 - Generated code: C:\programing\Embedded\projects_stm32\MeteoStation\MeteoStation\MXTmpFiles\fatfs_ext_vars.tmp
2026-01-03 12:55:59,289 [INFO] CodeEngine:255 - oldGeneratedFile, C:\programing\Embedded\projects_stm32\MeteoStation\MeteoStation\MXTmpFiles\fatfs_inc.tmp_save
2026-01-03 12:55:59,356 [INFO] CodeEngine:279 - Generated code: C:\programing\Embedded\projects_stm32\MeteoStation\MeteoStation\MXTmpFiles\fatfs_inc.tmp
2026-01-03 12:55:59,400 [INFO] CodeEngine:255 - oldGeneratedFile, C:\programing\Embedded\projects_stm32\MeteoStation\MeteoStation\FATFS\Target\ffconf.h_save
2026-01-03 12:55:59,609 [INFO] CodeEngine:279 - Generated code: C:\programing\Embedded\projects_stm32\MeteoStation\MeteoStation\FATFS\Target\ffconf.h
2026-01-03 12:55:59,652 [INFO] CodeEngine:255 - oldGeneratedFile, C:\programing\Embedded\projects_stm32\MeteoStation\MeteoStation\FATFS\Target\bsp_driver_sd.c_save
2026-01-03 12:55:59,751 [INFO] CodeEngine:279 - Generated code: C:\programing\Embedded\projects_stm32\MeteoStation\MeteoStation\FATFS\Target\bsp_driver_sd.c
2026-01-03 12:55:59,786 [INFO] CodeEngine:255 - oldGeneratedFile, C:\programing\Embedded\projects_stm32\MeteoStation\MeteoStation\FATFS\Target\bsp_driver_sd.h_save
2026-01-03 12:55:59,876 [INFO] CodeEngine:279 - Generated code: C:\programing\Embedded\projects_stm32\MeteoStation\MeteoStation\FATFS\Target\bsp_driver_sd.h
2026-01-03 12:55:59,905 [INFO] CodeEngine:255 - oldGeneratedFile, C:\programing\Embedded\projects_stm32\MeteoStation\MeteoStation\FATFS\Target\sd_diskio.h_save
2026-01-03 12:56:00,003 [INFO] CodeEngine:279 - Generated code: C:\programing\Embedded\projects_stm32\MeteoStation\MeteoStation\FATFS\Target\sd_diskio.h
2026-01-03 12:56:00,036 [INFO] CodeEngine:255 - oldGeneratedFile, C:\programing\Embedded\projects_stm32\MeteoStation\MeteoStation\FATFS\Target\sd_diskio.c_save
2026-01-03 12:56:00,151 [INFO] CodeEngine:279 - Generated code: C:\programing\Embedded\projects_stm32\MeteoStation\MeteoStation\FATFS\Target\sd_diskio.c
2026-01-03 12:56:00,185 [INFO] CodeEngine:255 - oldGeneratedFile, C:\programing\Embedded\projects_stm32\MeteoStation\MeteoStation\FATFS\App\fatfs.c_save
2026-01-03 12:56:00,278 [INFO] CodeEngine:279 - Generated code: C:\programing\Embedded\projects_stm32\MeteoStation\MeteoStation\FATFS\App\fatfs.c
2026-01-03 12:56:00,298 [INFO] CodeEngine:255 - oldGeneratedFile, C:\programing\Embedded\projects_stm32\MeteoStation\MeteoStation\FATFS\App\fatfs.h_save
2026-01-03 12:56:00,392 [INFO] CodeEngine:279 - Generated code: C:\programing\Embedded\projects_stm32\MeteoStation\MeteoStation\FATFS\App\fatfs.h
2026-01-03 12:56:00,423 [INFO] CodeEngine:255 - oldGeneratedFile, C:\programing\Embedded\projects_stm32\MeteoStation\MeteoStation\FATFS\Target\fatfs_platform.c_save
2026-01-03 12:56:00,531 [INFO] CodeEngine:279 - Generated code: C:\programing\Embedded\projects_stm32\MeteoStation\MeteoStation\FATFS\Target\fatfs_platform.c
2026-01-03 12:56:00,562 [INFO] CodeEngine:255 - oldGeneratedFile, C:\programing\Embedded\projects_stm32\MeteoStation\MeteoStation\FATFS\Target\fatfs_platform.h_save
2026-01-03 12:56:00,657 [INFO] CodeEngine:279 - Generated code: C:\programing\Embedded\projects_stm32\MeteoStation\MeteoStation\FATFS\Target\fatfs_platform.h
2026-01-03 12:56:00,707 [INFO] CodeEngine:255 - oldGeneratedFile, C:\programing\Embedded\projects_stm32\MeteoStation\MeteoStation\Core\Src\stm32f4xx_it.c_save
2026-01-03 12:56:00,850 [INFO] CodeEngine:279 - Generated code: C:\programing\Embedded\projects_stm32\MeteoStation\MeteoStation\Core\Src\stm32f4xx_it.c
2026-01-03 12:56:00,871 [INFO] CodeEngine:255 - oldGeneratedFile, C:\programing\Embedded\projects_stm32\MeteoStation\MeteoStation\Core\Inc\stm32f4xx_it.h_save
2026-01-03 12:56:00,938 [INFO] CodeEngine:279 - Generated code: C:\programing\Embedded\projects_stm32\MeteoStation\MeteoStation\Core\Inc\stm32f4xx_it.h
2026-01-03 12:56:00,971 [INFO] CodeEngine:255 - oldGeneratedFile, C:\programing\Embedded\projects_stm32\MeteoStation\MeteoStation\Core\Src\stm32f4xx_hal_msp.c_save
2026-01-03 12:56:01,105 [INFO] CodeEngine:279 - Generated code: C:\programing\Embedded\projects_stm32\MeteoStation\MeteoStation\Core\Src\stm32f4xx_hal_msp.c
2026-01-03 12:56:01,126 [INFO] CodeEngine:255 - oldGeneratedFile, C:\programing\Embedded\projects_stm32\MeteoStation\MeteoStation\MXTmpFiles\system.tmp_save
2026-01-03 12:56:01,182 [INFO] CodeEngine:279 - Generated code: C:\programing\Embedded\projects_stm32\MeteoStation\MeteoStation\MXTmpFiles\system.tmp
2026-01-03 12:56:01,206 [INFO] CodeEngine:255 - oldGeneratedFile, C:\programing\Embedded\projects_stm32\MeteoStation\MeteoStation\Core\Src\stm32f4xx_hal_timebase_tim.c_save
2026-01-03 12:56:01,290 [INFO] CodeEngine:279 - Generated code: C:\programing\Embedded\projects_stm32\MeteoStation\MeteoStation\Core\Src\stm32f4xx_hal_timebase_tim.c
2026-01-03 12:56:01,322 [INFO] CodeEngine:311 - oldGeneratedFile, C:\programing\Embedded\projects_stm32\MeteoStation\MeteoStation\Core\Inc\stm32f4xx_hal_conf.h_save
2026-01-03 12:56:01,427 [INFO] CodeEngine:335 - Generated code: C:\programing\Embedded\projects_stm32\MeteoStation\MeteoStation\Core\Inc\stm32f4xx_hal_conf.h
2026-01-03 12:56:01,480 [WARN] IPConfigManager:3431 - IP not found : TIM
2026-01-03 12:56:01,481 [WARN] CodeGenerator:3760 - IP not found : null
2026-01-03 12:56:01,513 [INFO] CodeEngine:255 - oldGeneratedFile, C:\programing\Embedded\projects_stm32\MeteoStation\MeteoStation\Core\Inc\main.h_save
2026-01-03 12:56:01,620 [INFO] CodeEngine:279 - Generated code: C:\programing\Embedded\projects_stm32\MeteoStation\MeteoStation\Core\Inc\main.h
2026-01-03 12:56:01,661 [INFO] CodeEngine:255 - oldGeneratedFile, C:\programing\Embedded\projects_stm32\MeteoStation\MeteoStation\Core\Src\main.c_save
2026-01-03 12:56:01,879 [INFO] CodeEngine:279 - Generated code: C:\programing\Embedded\projects_stm32\MeteoStation\MeteoStation\Core\Src\main.c
2026-01-03 12:56:02,429 [INFO] ProjectBuilder:3064 - Time for Copy HAL[1] : 180mS.
2026-01-03 12:56:02,437 [INFO] ProjectBuilder:4404 - Project Generator version: 4.1.0
2026-01-03 12:56:02,686 [INFO] ConfigFileManager:1457 - The Die is : DIE413
2026-01-03 12:56:02,742 [INFO] ApiDbMcu:507 - Load IP Config File for FREERTOS
2026-01-03 12:56:02,765 [INFO] ApiDbMcu:507 - Load IP Config File for LIBJPEG
2026-01-03 12:56:02,830 [INFO] ApiDbMcu:507 - Load IP Config File for LWIP
2026-01-03 12:56:02,907 [INFO] ApiDbMcu:507 - Load IP Config File for MBEDTLS
2026-01-03 12:56:02,956 [INFO] ApiDbMcu:507 - Load IP Config File for USB_DEVICE
2026-01-03 12:56:02,976 [INFO] ApiDbMcu:507 - Load IP Config File for USB_HOST
2026-01-03 12:56:04,152 [INFO] LogOutputStream:77 - [STDOUT_REDIRECT] 
2026-01-03 12:56:06,225 [INFO] ProjectBuilder:4626 - Time for Generating toolchain IDE Files: 3787mS.
2026-01-03 12:56:06,227 [INFO] ProjectBuilder:2935 - Time for Copy CMSIS : 2mS.
2026-01-03 12:56:06,231 [INFO] ProjectBuilder:2935 - Time for Copy CMSIS : 0mS.
2026-01-03 12:56:06,987 [INFO] McuFinderGlobals:76 - Set McuFinderConnectedMode to true
2026-01-03 12:56:07,248 [INFO] ApiDb:448 - Save user favorites file C:\Users\bogda/.stm32cubeide/favorites.mcus.txt: 0 item(s)
2026-01-03 12:56:07,249 [INFO] ApiDb:452 - User favorites MCUs=[]
2026-01-03 12:56:07,683 [ERROR] LogOutputStream:75 - [STDERR_REDIRECT] Exception in thread "AWT-EventQueue-0" java.awt.IllegalComponentStateException: Native resources unavailable
2026-01-03 12:56:07,686 [ERROR] LogOutputStream:75 - [STDERR_REDIRECT] 	at java.desktop/sun.awt.windows.WWindowPeer.getScreenImOn(Native Method)
2026-01-03 12:56:07,688 [ERROR] LogOutputStream:75 - [STDERR_REDIRECT] 	at java.desktop/sun.awt.windows.WWindowPeer.updateGC(WWindowPeer.java:566)
2026-01-03 12:56:07,690 [ERROR] LogOutputStream:75 - [STDERR_REDIRECT] 	at java.desktop/java.awt.event.InvocationEvent.dispatch(InvocationEvent.java:318)
2026-01-03 12:56:07,693 [ERROR] LogOutputStream:75 - [STDERR_REDIRECT] 	at java.desktop/java.awt.EventQueue.dispatchEventImpl(EventQueue.java:771)
2026-01-03 12:56:07,695 [ERROR] LogOutputStream:75 - [STDERR_REDIRECT] 	at java.desktop/java.awt.EventQueue$4.run(EventQueue.java:722)
2026-01-03 12:56:07,697 [ERROR] LogOutputStream:75 - [STDERR_REDIRECT] 	at java.desktop/java.awt.EventQueue$4.run(EventQueue.java:716)
2026-01-03 12:56:07,699 [ERROR] LogOutputStream:75 - [STDERR_REDIRECT] 	at java.base/java.security.AccessController.doPrivileged(AccessController.java:399)
2026-01-03 12:56:07,701 [ERROR] LogOutputStream:75 - [STDERR_REDIRECT] 	at java.base/java.security.ProtectionDomain$JavaSecurityAccessImpl.doIntersectionPrivilege(ProtectionDomain.java:86)
2026-01-03 12:56:07,703 [ERROR] LogOutputStream:75 - [STDERR_REDIRECT] 	at java.base/java.security.ProtectionDomain$JavaSecurityAccessImpl.doIntersectionPrivilege(ProtectionDomain.java:97)
2026-01-03 12:56:07,705 [ERROR] LogOutputStream:75 - [STDERR_REDIRECT] 	at java.desktop/java.awt.EventQueue$5.run(EventQueue.java:746)
2026-01-03 12:56:07,707 [ERROR] LogOutputStream:75 - [STDERR_REDIRECT] 	at java.desktop/java.awt.EventQueue$5.run(EventQueue.java:744)
2026-01-03 12:56:07,710 [ERROR] LogOutputStream:75 - [STDERR_REDIRECT] 	at java.base/java.security.AccessController.doPrivileged(AccessController.java:399)
2026-01-03 12:56:07,713 [ERROR] LogOutputStream:75 - [STDERR_REDIRECT] 	at java.base/java.security.ProtectionDomain$JavaSecurityAccessImpl.doIntersectionPrivilege(ProtectionDomain.java:86)
2026-01-03 12:56:07,715 [ERROR] LogOutputStream:75 - [STDERR_REDIRECT] 	at java.desktop/java.awt.EventQueue.dispatchEvent(EventQueue.java:743)
2026-01-03 12:56:07,717 [ERROR] LogOutputStream:75 - [STDERR_REDIRECT] 	at java.desktop/java.awt.EventDispatchThread.pumpOneEventForFilters(EventDispatchThread.java:203)
2026-01-03 12:56:07,719 [ERROR] LogOutputStream:75 - [STDERR_REDIRECT] 	at java.desktop/java.awt.EventDispatchThread.pumpEventsForFilter(EventDispatchThread.java:124)
2026-01-03 12:56:07,721 [ERROR] LogOutputStream:75 - [STDERR_REDIRECT] 	at java.desktop/java.awt.EventDispatchThread.pumpEventsForHierarchy(EventDispatchThread.java:113)
2026-01-03 12:56:07,722 [ERROR] LogOutputStream:75 - [STDERR_REDIRECT] 	at java.desktop/java.awt.EventDispatchThread.pumpEvents(EventDispatchThread.java:109)
2026-01-03 12:56:07,723 [ERROR] LogOutputStream:75 - [STDERR_REDIRECT] 	at java.desktop/java.awt.EventDispatchThread.pumpEvents(EventDispatchThread.java:101)
2026-01-03 12:56:07,726 [ERROR] LogOutputStream:75 - [STDERR_REDIRECT] 	at java.desktop/java.awt.EventDispatchThread.run(EventDispatchThread.java:90)
2026-01-03 19:37:46,329 [INFO] Activator:176 - 


2026-01-03 19:37:46,330 [INFO] Activator:177 - !SESSION log4j initialized
2026-01-03 19:37:53,125 [INFO] LogOutputStream:77 - [STDOUT_REDIRECT] 
2026-01-03 19:37:54,872 [INFO] ApplicationProperties:184 - Using Application install path: C:\ST\STM32CubeIDE_1.13.0\STM32CubeIDE\plugins\com.st.stm32cube.common.mx_6.9.0.202307051724
2026-01-03 19:37:54,983 [INFO] DbMcusXml:78 - Set database path to: C:\ST\STM32CubeIDE_1.13.0\STM32CubeIDE\plugins\com.st.stm32cube.common.mx_6.9.0.202307051724\\db\/mcu/
2026-01-03 19:37:54,985 [INFO] ApiDb:274 - Set plugin database path to: C:\ST\STM32CubeIDE_1.13.0\STM32CubeIDE\plugins\com.st.stm32cube.common.mx_6.9.0.202307051724\\db\/plugins/boardmanager/
2026-01-03 19:37:54,985 [WARN] ApiDb:259 - Overriding images path with different value:  => C:\ST\STM32CubeIDE_1.13.0\STM32CubeIDE\plugins\com.st.stm32cube.common.mx_6.9.0.202307051724\\db\/plugins/mcufinder/images/
2026-01-03 19:37:55,027 [INFO] ApiDb:250 - Set database path to: C:\Users\bogda\.stmcufinder\plugins\mcufinder//mcu/
2026-01-03 19:37:55,057 [INFO] DbMcusAds:125 - Set database path to: C:\Users\bogda\.stmcufinder\plugins\mcufinder//mcu/
2026-01-03 19:37:55,094 [INFO] CrossReferenceDbSqlite:203 - Set database path to: C:\Users\bogda\.stmcufinder\plugins\mcufinder//mcu/cs/
2026-01-03 19:37:55,634 [INFO] RulesReader:64 - Compatibility file has been processed (293 Rules)
2026-01-03 19:37:55,747 [INFO] DbMcusXml:78 - Set database path to: C:\ST\STM32CubeIDE_1.13.0\STM32CubeIDE\plugins\com.st.stm32cube.common.mx_6.9.0.202307051724\\db\/mcu/
2026-01-03 19:37:55,747 [INFO] ApiDb:274 - Set plugin database path to: C:\ST\STM32CubeIDE_1.13.0\STM32CubeIDE\plugins\com.st.stm32cube.common.mx_6.9.0.202307051724\\db\/plugins/boardmanager/
2026-01-03 19:37:55,748 [INFO] ApiDb:261 - Set plugin images path to: C:\ST\STM32CubeIDE_1.13.0\STM32CubeIDE\plugins\com.st.stm32cube.common.mx_6.9.0.202307051724\\db\/plugins/mcufinder/images/
2026-01-03 19:37:55,748 [WARN] DbFile:41 - Overriding database path with different value: C:\Users\bogda\.stmcufinder\plugins\mcufinder/ => C:\Users\bogda\.stmcufinder\plugins\mcufinder
2026-01-03 19:37:55,748 [INFO] ApiDb:250 - Set database path to: C:\Users\bogda\.stmcufinder\plugins\mcufinder//mcu/
2026-01-03 19:37:55,748 [WARN] DbFile:41 - Overriding database path with different value: C:\Users\bogda\.stmcufinder\plugins\mcufinder/ => C:\Users\bogda\.stmcufinder\plugins\mcufinder
2026-01-03 19:37:55,748 [INFO] DbMcusAds:125 - Set database path to: C:\Users\bogda\.stmcufinder\plugins\mcufinder//mcu/
2026-01-03 19:37:55,749 [WARN] DbFile:41 - Overriding database path with different value: C:\Users\bogda\.stmcufinder\plugins\mcufinder/ => C:\Users\bogda\.stmcufinder\plugins\mcufinder
2026-01-03 19:37:55,749 [WARN] DbFile:41 - Overriding database path with different value: C:\Users\bogda\.stmcufinder\plugins\mcufinder/ => C:\Users\bogda\.stmcufinder\plugins\mcufinder
2026-01-03 19:37:55,749 [INFO] CrossReferenceDbSqlite:203 - Set database path to: C:\Users\bogda\.stmcufinder\plugins\mcufinder//mcu/cs/
2026-01-03 19:37:55,826 [INFO] MainPanel:262 - HeapMemory: 268435456
2026-01-03 19:37:55,901 [INFO] DbMcusXml:78 - Set database path to: C:\ST\STM32CubeIDE_1.13.0\STM32CubeIDE\plugins\com.st.stm32cube.common.mx_6.9.0.202307051724\\db\/mcu/
2026-01-03 19:37:55,901 [INFO] ApiDb:274 - Set plugin database path to: C:\ST\STM32CubeIDE_1.13.0\STM32CubeIDE\plugins\com.st.stm32cube.common.mx_6.9.0.202307051724\\db\/plugins/boardmanager/
2026-01-03 19:37:55,901 [INFO] ApiDb:261 - Set plugin images path to: C:\ST\STM32CubeIDE_1.13.0\STM32CubeIDE\plugins\com.st.stm32cube.common.mx_6.9.0.202307051724\\db\/plugins/mcufinder/images/
2026-01-03 19:37:55,901 [WARN] DbFile:41 - Overriding database path with different value: C:\Users\bogda\.stmcufinder\plugins\mcufinder/ => C:\Users\bogda\.stmcufinder\plugins\mcufinder
2026-01-03 19:37:55,901 [INFO] ApiDb:250 - Set database path to: C:\Users\bogda\.stmcufinder\plugins\mcufinder//mcu/
2026-01-03 19:37:55,901 [WARN] DbFile:41 - Overriding database path with different value: C:\Users\bogda\.stmcufinder\plugins\mcufinder/ => C:\Users\bogda\.stmcufinder\plugins\mcufinder
2026-01-03 19:37:55,902 [INFO] DbMcusAds:125 - Set database path to: C:\Users\bogda\.stmcufinder\plugins\mcufinder//mcu/
2026-01-03 19:37:55,902 [WARN] DbFile:41 - Overriding database path with different value: C:\Users\bogda\.stmcufinder\plugins\mcufinder/ => C:\Users\bogda\.stmcufinder\plugins\mcufinder
2026-01-03 19:37:55,902 [WARN] DbFile:41 - Overriding database path with different value: C:\Users\bogda\.stmcufinder\plugins\mcufinder/ => C:\Users\bogda\.stmcufinder\plugins\mcufinder
2026-01-03 19:37:55,902 [INFO] CrossReferenceDbSqlite:203 - Set database path to: C:\Users\bogda\.stmcufinder\plugins\mcufinder//mcu/cs/
2026-01-03 19:37:55,921 [INFO] ApplicationProperties:184 - Using Application install path: C:\ST\STM32CubeIDE_1.13.0\STM32CubeIDE\plugins\com.st.stm32cube.common.mx_6.9.0.202307051724
2026-01-03 19:37:55,922 [INFO] PluginManage:196 - Search for loadable plugins [exclusion list=, ]
2026-01-03 19:37:55,924 [INFO] PluginManage:310 - Check plugin analytics
2026-01-03 19:37:56,127 [INFO] AnalyticsPlugin:253 - Accepted Software Licenses: 
2026-01-03 19:37:56,127 [INFO] AnalyticsPlugin:255 - Accepted CMSIS Pack Licenses: 
2026-01-03 19:37:56,127 [INFO] AnalyticsPlugin:257 - Accepted Firmware Licenses: FW.F4.1.27.0,FW.H7.1.11.0
2026-01-03 19:37:56,133 [INFO] PluginManage:359 - Loaded plugin analytics (category:tool,tabindex:-1)
2026-01-03 19:37:56,135 [INFO] PluginManage:310 - Check plugin cadmodel
2026-01-03 19:37:56,163 [INFO] CADModel:105 - Init CAD model plugin
2026-01-03 19:37:56,164 [INFO] PluginManage:359 - Loaded plugin cadmodel (category:power,tabindex:5)
2026-01-03 19:37:56,164 [INFO] PluginManage:310 - Check plugin clock
2026-01-03 19:37:56,190 [INFO] PluginManage:359 - Loaded plugin clock (category:base,tabindex:2)
2026-01-03 19:37:56,190 [INFO] PluginManage:310 - Check plugin ddr
2026-01-03 19:37:56,194 [INFO] PluginManage:359 - Loaded plugin ddr (category:tool,tabindex:6)
2026-01-03 19:37:56,194 [INFO] PluginManage:310 - Check plugin filemanager
2026-01-03 19:37:56,359 [INFO] PluginManage:359 - Loaded plugin filemanager (category:base,tabindex:10)
2026-01-03 19:37:56,359 [INFO] PluginManage:310 - Check plugin ipmanager
2026-01-03 19:37:56,367 [INFO] PluginManage:359 - Loaded plugin ipmanager (category:base,tabindex:5)
2026-01-03 19:37:56,367 [INFO] PluginManage:310 - Check plugin lpbam
2026-01-03 19:37:56,388 [INFO] PluginManage:359 - Loaded plugin lpbam (category:base,tabindex:0)
2026-01-03 19:37:56,388 [INFO] PluginManage:310 - Check plugin memorymap
2026-01-03 19:37:56,416 [INFO] PluginManage:359 - Loaded plugin memorymap (category:base,tabindex:4)
2026-01-03 19:37:56,416 [INFO] PluginManage:310 - Check plugin pinoutandconfiguration
2026-01-03 19:37:56,436 [INFO] PluginManage:359 - Loaded plugin pinoutandconfiguration (category:base,tabindex:1)
2026-01-03 19:37:56,436 [INFO] PluginManage:310 - Check plugin pinoutconfig
2026-01-03 19:37:56,534 [WARN] SupportedApi:132 - Cannot load RTOS API schema: s4s-elt-must-match.1: The content of 'definitions' must match (annotation?, (simpleType | complexType)?, (unique | key | keyref)*)). A problem was found starting at: attribute.
2026-01-03 19:37:56,646 [INFO] PluginManage:359 - Loaded plugin pinoutconfig (category:base,tabindex:0)
2026-01-03 19:37:56,646 [INFO] PluginManage:310 - Check plugin power
2026-01-03 19:37:56,671 [INFO] PluginManage:359 - Loaded plugin power (category:power,tabindex:4)
2026-01-03 19:37:56,671 [INFO] PluginManage:310 - Check plugin projectmanager
2026-01-03 19:37:56,685 [INFO] PluginManage:359 - Loaded plugin projectmanager (category:projectmanager,tabindex:3)
2026-01-03 19:37:56,685 [INFO] PluginManage:310 - Check plugin thirdparty
2026-01-03 19:37:57,096 [INFO] PluginManage:359 - Loaded plugin thirdparty (category:base,tabindex:-1)
2026-01-03 19:37:57,096 [INFO] PluginManage:310 - Check plugin tools
2026-01-03 19:37:57,096 [WARN] IntegrityCheckThread:84 - waiting for thirdparty lock release [integrity check]
2026-01-03 19:37:57,096 [INFO] IntegrityCheckThread:86 - entering critical section [integrity check]
2026-01-03 19:37:57,096 [INFO] ThirdPartyUpdaterWithRetryManager:70 - Updater plugin not ready yet. [1/15]
2026-01-03 19:37:57,137 [INFO] PluginManage:359 - Loaded plugin tools (category:base,tabindex:7)
2026-01-03 19:37:57,137 [INFO] PluginManage:310 - Check plugin tutovideos
2026-01-03 19:37:57,331 [INFO] PluginManage:359 - Loaded plugin tutovideos (category:base,tabindex:-1)
2026-01-03 19:37:57,331 [INFO] PluginManage:310 - Check plugin updater
2026-01-03 19:37:57,343 [INFO] PluginManage:359 - Loaded plugin updater (category:base,tabindex:12)
2026-01-03 19:37:57,343 [INFO] PluginManage:310 - Check plugin userauth
2026-01-03 19:37:57,348 [INFO] UserAuth:113 - Init User Auth plugin
2026-01-03 19:37:57,350 [INFO] PluginManage:359 - Loaded plugin userauth (category:base,tabindex:14)
2026-01-03 19:37:57,350 [INFO] PluginManage:283 - PluginManage : Loaded plugins [17]
2026-01-03 19:37:57,551 [INFO] PinOutPanel:1499 - setPackage(No Configuration,No Configuration)
2026-01-03 19:37:57,650 [INFO] CADModel:165 - CPN selected for project level
2026-01-03 19:37:57,650 [INFO] CADModel:114 - Register for checkConnection events
2026-01-03 19:37:57,678 [INFO] IPUIPlugin:80 - create IPUIPlugin
2026-01-03 19:37:57,678 [INFO] PluginManager:220 - loadIPPluginJar : add adc
2026-01-03 19:37:57,720 [INFO] IPUIPlugin:80 - create IPUIPlugin
2026-01-03 19:37:57,720 [INFO] PluginManager:220 - loadIPPluginJar : add aes
2026-01-03 19:37:57,793 [INFO] IPUIPlugin:80 - create IPUIPlugin
2026-01-03 19:37:57,794 [INFO] PluginManager:220 - loadIPPluginJar : add can
2026-01-03 19:37:57,837 [INFO] IPUIPlugin:80 - create IPUIPlugin
2026-01-03 19:37:57,837 [INFO] PluginManager:220 - loadIPPluginJar : add comp
2026-01-03 19:37:57,884 [INFO] IPUIPlugin:80 - create IPUIPlugin
2026-01-03 19:37:57,884 [INFO] PluginManager:220 - loadIPPluginJar : add cryp
2026-01-03 19:37:57,927 [INFO] IPUIPlugin:80 - create IPUIPlugin
2026-01-03 19:37:57,927 [INFO] PluginManager:220 - loadIPPluginJar : add dfsdm
2026-01-03 19:37:57,945 [INFO] IPUIPlugin:80 - create IPUIPlugin
2026-01-03 19:37:57,945 [INFO] PluginManager:220 - loadIPPluginJar : add dma
2026-01-03 19:37:58,007 [INFO] IPUIPlugin:80 - create IPUIPlugin
2026-01-03 19:37:58,007 [INFO] PluginManager:220 - loadIPPluginJar : add dma3
2026-01-03 19:37:58,037 [INFO] IPUIPlugin:80 - create IPUIPlugin
2026-01-03 19:37:58,037 [INFO] PluginManager:220 - loadIPPluginJar : add fatfs
2026-01-03 19:37:58,107 [INFO] IPUIPlugin:80 - create IPUIPlugin
2026-01-03 19:37:58,107 [INFO] PluginManager:220 - loadIPPluginJar : add fmc
2026-01-03 19:37:58,131 [INFO] IPUIPlugin:80 - create IPUIPlugin
2026-01-03 19:37:58,131 [INFO] PluginManager:220 - loadIPPluginJar : add freertos
2026-01-03 19:37:58,164 [INFO] IPUIPlugin:80 - create IPUIPlugin
2026-01-03 19:37:58,164 [INFO] PluginManager:220 - loadIPPluginJar : add genericplugin
2026-01-03 19:37:58,284 [INFO] IPUIPlugin:80 - create IPUIPlugin
2026-01-03 19:37:58,285 [INFO] PluginManager:220 - loadIPPluginJar : add gfxmmu
2026-01-03 19:37:58,442 [INFO] IPUIPlugin:80 - create IPUIPlugin
2026-01-03 19:37:58,443 [INFO] PluginManager:220 - loadIPPluginJar : add gic
2026-01-03 19:37:58,461 [INFO] IPUIPlugin:80 - create IPUIPlugin
2026-01-03 19:37:58,462 [INFO] PluginManager:220 - loadIPPluginJar : add gpio
2026-01-03 19:37:58,589 [INFO] IPUIPlugin:80 - create IPUIPlugin
2026-01-03 19:37:58,589 [INFO] PluginManager:220 - loadIPPluginJar : add gtzc
2026-01-03 19:37:58,639 [INFO] IPUIPlugin:80 - create IPUIPlugin
2026-01-03 19:37:58,639 [INFO] PluginManager:220 - loadIPPluginJar : add hash
2026-01-03 19:37:58,719 [INFO] IPUIPlugin:80 - create IPUIPlugin
2026-01-03 19:37:58,719 [INFO] PluginManager:220 - loadIPPluginJar : add i2c
2026-01-03 19:37:58,782 [INFO] IPUIPlugin:80 - create IPUIPlugin
2026-01-03 19:37:58,782 [INFO] PluginManager:220 - loadIPPluginJar : add i2s
2026-01-03 19:37:58,880 [INFO] IPUIPlugin:80 - create IPUIPlugin
2026-01-03 19:37:58,880 [INFO] PluginManager:220 - loadIPPluginJar : add i3c
2026-01-03 19:37:59,118 [INFO] IPUIPlugin:80 - create IPUIPlugin
2026-01-03 19:37:59,119 [INFO] PluginManager:220 - loadIPPluginJar : add ipddr
2026-01-03 19:37:59,398 [INFO] IPUIPlugin:80 - create IPUIPlugin
2026-01-03 19:37:59,398 [INFO] PluginManager:220 - loadIPPluginJar : add linkedlist
2026-01-03 19:37:59,519 [INFO] IPUIPlugin:80 - create IPUIPlugin
2026-01-03 19:37:59,519 [INFO] PluginManager:220 - loadIPPluginJar : add lorawan
2026-01-03 19:37:59,607 [INFO] IPUIPlugin:80 - create IPUIPlugin
2026-01-03 19:37:59,608 [INFO] PluginManager:220 - loadIPPluginJar : add ltdc
2026-01-03 19:37:59,655 [INFO] IPUIPlugin:80 - create IPUIPlugin
2026-01-03 19:37:59,656 [INFO] PluginManager:220 - loadIPPluginJar : add mdma
2026-01-03 19:37:59,706 [INFO] IPUIPlugin:80 - create IPUIPlugin
2026-01-03 19:37:59,706 [INFO] PluginManager:220 - loadIPPluginJar : add nvic
2026-01-03 19:37:59,831 [INFO] IPUIPlugin:80 - create IPUIPlugin
2026-01-03 19:37:59,831 [INFO] PluginManager:220 - loadIPPluginJar : add opamp
2026-01-03 19:37:59,994 [INFO] IPUIPlugin:80 - create IPUIPlugin
2026-01-03 19:37:59,994 [INFO] PluginManager:220 - loadIPPluginJar : add openamp
2026-01-03 19:38:00,097 [INFO] ThirdPartyUpdaterWithRetryManager:70 - Updater plugin not ready yet. [2/15]
2026-01-03 19:38:00,105 [INFO] IPUIPlugin:80 - create IPUIPlugin
2026-01-03 19:38:00,106 [INFO] PluginManager:220 - loadIPPluginJar : add pdm2pcm
