2026-01-06 13:23:37,951 [INFO] Activator:176 - 


2026-01-06 13:23:37,956 [INFO] Activator:177 - !SESSION log4j initialized
2026-01-06 13:23:44,129 [INFO] LogOutputStream:77 - [STDOUT_REDIRECT] 
2026-01-06 13:23:47,299 [INFO] ApplicationProperties:184 - Using Application install path: C:\ST\STM32CubeIDE_1.13.0\STM32CubeIDE\plugins\com.st.stm32cube.common.mx_6.9.0.202307051724
2026-01-06 13:23:47,318 [INFO] DbMcusXml:78 - Set database path to: C:\ST\STM32CubeIDE_1.13.0\STM32CubeIDE\plugins\com.st.stm32cube.common.mx_6.9.0.202307051724\\db\/mcu/
2026-01-06 13:23:47,319 [INFO] ApiDb:274 - Set plugin database path to: C:\ST\STM32CubeIDE_1.13.0\STM32CubeIDE\plugins\com.st.stm32cube.common.mx_6.9.0.202307051724\\db\/plugins/boardmanager/
2026-01-06 13:23:47,319 [WARN] ApiDb:259 - Overriding images path with different value:  => C:\ST\STM32CubeIDE_1.13.0\STM32CubeIDE\plugins\com.st.stm32cube.common.mx_6.9.0.202307051724\\db\/plugins/mcufinder/images/
2026-01-06 13:23:47,330 [INFO] ApiDb:250 - Set database path to: C:\Users\bogda\.stmcufinder\plugins\mcufinder//mcu/
2026-01-06 13:23:47,331 [INFO] DbMcusAds:125 - Set database path to: C:\Users\bogda\.stmcufinder\plugins\mcufinder//mcu/
2026-01-06 13:23:47,333 [INFO] CrossReferenceDbSqlite:203 - Set database path to: C:\Users\bogda\.stmcufinder\plugins\mcufinder//mcu/cs/
2026-01-06 13:23:47,436 [INFO] RulesReader:64 - Compatibility file has been processed (293 Rules)
2026-01-06 13:23:47,538 [INFO] DbMcusXml:78 - Set database path to: C:\ST\STM32CubeIDE_1.13.0\STM32CubeIDE\plugins\com.st.stm32cube.common.mx_6.9.0.202307051724\\db\/mcu/
2026-01-06 13:23:47,539 [INFO] ApiDb:274 - Set plugin database path to: C:\ST\STM32CubeIDE_1.13.0\STM32CubeIDE\plugins\com.st.stm32cube.common.mx_6.9.0.202307051724\\db\/plugins/boardmanager/
2026-01-06 13:23:47,539 [INFO] ApiDb:261 - Set plugin images path to: C:\ST\STM32CubeIDE_1.13.0\STM32CubeIDE\plugins\com.st.stm32cube.common.mx_6.9.0.202307051724\\db\/plugins/mcufinder/images/
2026-01-06 13:23:47,539 [WARN] DbFile:41 - Overriding database path with different value: C:\Users\bogda\.stmcufinder\plugins\mcufinder/ => C:\Users\bogda\.stmcufinder\plugins\mcufinder
2026-01-06 13:23:47,540 [INFO] ApiDb:250 - Set database path to: C:\Users\bogda\.stmcufinder\plugins\mcufinder//mcu/
2026-01-06 13:23:47,540 [WARN] DbFile:41 - Overriding database path with different value: C:\Users\bogda\.stmcufinder\plugins\mcufinder/ => C:\Users\bogda\.stmcufinder\plugins\mcufinder
2026-01-06 13:23:47,540 [INFO] DbMcusAds:125 - Set database path to: C:\Users\bogda\.stmcufinder\plugins\mcufinder//mcu/
2026-01-06 13:23:47,540 [WARN] DbFile:41 - Overriding database path with different value: C:\Users\bogda\.stmcufinder\plugins\mcufinder/ => C:\Users\bogda\.stmcufinder\plugins\mcufinder
2026-01-06 13:23:47,540 [WARN] DbFile:41 - Overriding database path with different value: C:\Users\bogda\.stmcufinder\plugins\mcufinder/ => C:\Users\bogda\.stmcufinder\plugins\mcufinder
2026-01-06 13:23:47,540 [INFO] CrossReferenceDbSqlite:203 - Set database path to: C:\Users\bogda\.stmcufinder\plugins\mcufinder//mcu/cs/
2026-01-06 13:23:47,615 [INFO] MainPanel:262 - HeapMemory: 268435456
2026-01-06 13:23:47,696 [INFO] DbMcusXml:78 - Set database path to: C:\ST\STM32CubeIDE_1.13.0\STM32CubeIDE\plugins\com.st.stm32cube.common.mx_6.9.0.202307051724\\db\/mcu/
2026-01-06 13:23:47,696 [INFO] ApiDb:274 - Set plugin database path to: C:\ST\STM32CubeIDE_1.13.0\STM32CubeIDE\plugins\com.st.stm32cube.common.mx_6.9.0.202307051724\\db\/plugins/boardmanager/
2026-01-06 13:23:47,696 [INFO] ApiDb:261 - Set plugin images path to: C:\ST\STM32CubeIDE_1.13.0\STM32CubeIDE\plugins\com.st.stm32cube.common.mx_6.9.0.202307051724\\db\/plugins/mcufinder/images/
2026-01-06 13:23:47,696 [WARN] DbFile:41 - Overriding database path with different value: C:\Users\bogda\.stmcufinder\plugins\mcufinder/ => C:\Users\bogda\.stmcufinder\plugins\mcufinder
2026-01-06 13:23:47,697 [INFO] ApiDb:250 - Set database path to: C:\Users\bogda\.stmcufinder\plugins\mcufinder//mcu/
2026-01-06 13:23:47,697 [WARN] DbFile:41 - Overriding database path with different value: C:\Users\bogda\.stmcufinder\plugins\mcufinder/ => C:\Users\bogda\.stmcufinder\plugins\mcufinder
2026-01-06 13:23:47,697 [INFO] DbMcusAds:125 - Set database path to: C:\Users\bogda\.stmcufinder\plugins\mcufinder//mcu/
2026-01-06 13:23:47,697 [WARN] DbFile:41 - Overriding database path with different value: C:\Users\bogda\.stmcufinder\plugins\mcufinder/ => C:\Users\bogda\.stmcufinder\plugins\mcufinder
2026-01-06 13:23:47,697 [WARN] DbFile:41 - Overriding database path with different value: C:\Users\bogda\.stmcufinder\plugins\mcufinder/ => C:\Users\bogda\.stmcufinder\plugins\mcufinder
2026-01-06 13:23:47,697 [INFO] CrossReferenceDbSqlite:203 - Set database path to: C:\Users\bogda\.stmcufinder\plugins\mcufinder//mcu/cs/
2026-01-06 13:23:47,713 [INFO] ApplicationProperties:184 - Using Application install path: C:\ST\STM32CubeIDE_1.13.0\STM32CubeIDE\plugins\com.st.stm32cube.common.mx_6.9.0.202307051724
2026-01-06 13:23:47,716 [INFO] PluginManage:196 - Search for loadable plugins [exclusion list=, ]
2026-01-06 13:23:47,718 [INFO] PluginManage:310 - Check plugin analytics
2026-01-06 13:23:47,893 [INFO] AnalyticsPlugin:253 - Accepted Software Licenses: 
2026-01-06 13:23:47,893 [INFO] AnalyticsPlugin:255 - Accepted CMSIS Pack Licenses: 
2026-01-06 13:23:47,893 [INFO] AnalyticsPlugin:257 - Accepted Firmware Licenses: FW.F4.1.27.0,FW.H7.1.11.0
2026-01-06 13:23:47,898 [INFO] PluginManage:359 - Loaded plugin analytics (category:tool,tabindex:-1)
2026-01-06 13:23:47,899 [INFO] PluginManage:310 - Check plugin cadmodel
2026-01-06 13:23:47,920 [INFO] CADModel:105 - Init CAD model plugin
2026-01-06 13:23:47,920 [INFO] PluginManage:359 - Loaded plugin cadmodel (category:power,tabindex:5)
2026-01-06 13:23:47,921 [INFO] PluginManage:310 - Check plugin clock
2026-01-06 13:23:47,946 [INFO] PluginManage:359 - Loaded plugin clock (category:base,tabindex:2)
2026-01-06 13:23:47,946 [INFO] PluginManage:310 - Check plugin ddr
2026-01-06 13:23:47,949 [INFO] PluginManage:359 - Loaded plugin ddr (category:tool,tabindex:6)
2026-01-06 13:23:47,949 [INFO] PluginManage:310 - Check plugin filemanager
2026-01-06 13:23:48,082 [INFO] PluginManage:359 - Loaded plugin filemanager (category:base,tabindex:10)
2026-01-06 13:23:48,082 [INFO] PluginManage:310 - Check plugin ipmanager
2026-01-06 13:23:48,088 [INFO] PluginManage:359 - Loaded plugin ipmanager (category:base,tabindex:5)
2026-01-06 13:23:48,088 [INFO] PluginManage:310 - Check plugin lpbam
2026-01-06 13:23:48,109 [INFO] PluginManage:359 - Loaded plugin lpbam (category:base,tabindex:0)
2026-01-06 13:23:48,109 [INFO] PluginManage:310 - Check plugin memorymap
2026-01-06 13:23:48,138 [INFO] PluginManage:359 - Loaded plugin memorymap (category:base,tabindex:4)
2026-01-06 13:23:48,138 [INFO] PluginManage:310 - Check plugin pinoutandconfiguration
2026-01-06 13:23:48,155 [INFO] PluginManage:359 - Loaded plugin pinoutandconfiguration (category:base,tabindex:1)
2026-01-06 13:23:48,155 [INFO] PluginManage:310 - Check plugin pinoutconfig
2026-01-06 13:23:48,243 [WARN] SupportedApi:132 - Cannot load RTOS API schema: s4s-elt-must-match.1: The content of 'definitions' must match (annotation?, (simpleType | complexType)?, (unique | key | keyref)*)). A problem was found starting at: attribute.
2026-01-06 13:23:48,405 [INFO] PluginManage:359 - Loaded plugin pinoutconfig (category:base,tabindex:0)
2026-01-06 13:23:48,405 [INFO] PluginManage:310 - Check plugin power
2026-01-06 13:23:48,430 [INFO] PluginManage:359 - Loaded plugin power (category:power,tabindex:4)
2026-01-06 13:23:48,430 [INFO] PluginManage:310 - Check plugin projectmanager
2026-01-06 13:23:48,445 [INFO] PluginManage:359 - Loaded plugin projectmanager (category:projectmanager,tabindex:3)
2026-01-06 13:23:48,445 [INFO] PluginManage:310 - Check plugin thirdparty
2026-01-06 13:23:48,780 [WARN] IntegrityCheckThread:84 - waiting for thirdparty lock release [integrity check]
2026-01-06 13:23:48,780 [INFO] IntegrityCheckThread:86 - entering critical section [integrity check]
2026-01-06 13:23:48,780 [INFO] PluginManage:359 - Loaded plugin thirdparty (category:base,tabindex:-1)
2026-01-06 13:23:48,782 [INFO] ThirdPartyUpdaterWithRetryManager:70 - Updater plugin not ready yet. [1/15]
2026-01-06 13:23:48,782 [INFO] PluginManage:310 - Check plugin tools
2026-01-06 13:23:48,835 [INFO] PluginManage:359 - Loaded plugin tools (category:base,tabindex:7)
2026-01-06 13:23:48,835 [INFO] PluginManage:310 - Check plugin tutovideos
2026-01-06 13:23:49,166 [INFO] PluginManage:359 - Loaded plugin tutovideos (category:base,tabindex:-1)
2026-01-06 13:23:49,166 [INFO] PluginManage:310 - Check plugin updater
2026-01-06 13:23:49,192 [INFO] PluginManage:359 - Loaded plugin updater (category:base,tabindex:12)
2026-01-06 13:23:49,192 [INFO] PluginManage:310 - Check plugin userauth
2026-01-06 13:23:49,206 [INFO] UserAuth:113 - Init User Auth plugin
2026-01-06 13:23:49,206 [INFO] PluginManage:359 - Loaded plugin userauth (category:base,tabindex:14)
2026-01-06 13:23:49,207 [INFO] PluginManage:283 - PluginManage : Loaded plugins [17]
2026-01-06 13:23:49,617 [INFO] PinOutPanel:1499 - setPackage(No Configuration,No Configuration)
2026-01-06 13:23:49,720 [INFO] CADModel:165 - CPN selected for project level
2026-01-06 13:23:49,720 [INFO] CADModel:114 - Register for checkConnection events
2026-01-06 13:23:49,750 [INFO] IPUIPlugin:80 - create IPUIPlugin
2026-01-06 13:23:49,750 [INFO] PluginManager:220 - loadIPPluginJar : add adc
2026-01-06 13:23:49,791 [INFO] IPUIPlugin:80 - create IPUIPlugin
2026-01-06 13:23:49,792 [INFO] PluginManager:220 - loadIPPluginJar : add aes
2026-01-06 13:23:49,840 [INFO] IPUIPlugin:80 - create IPUIPlugin
2026-01-06 13:23:49,840 [INFO] PluginManager:220 - loadIPPluginJar : add can
2026-01-06 13:23:49,871 [INFO] IPUIPlugin:80 - create IPUIPlugin
2026-01-06 13:23:49,871 [INFO] PluginManager:220 - loadIPPluginJar : add comp
2026-01-06 13:23:49,910 [INFO] IPUIPlugin:80 - create IPUIPlugin
2026-01-06 13:23:49,910 [INFO] PluginManager:220 - loadIPPluginJar : add cryp
2026-01-06 13:23:49,943 [INFO] IPUIPlugin:80 - create IPUIPlugin
2026-01-06 13:23:49,943 [INFO] PluginManager:220 - loadIPPluginJar : add dfsdm
2026-01-06 13:23:49,959 [INFO] IPUIPlugin:80 - create IPUIPlugin
2026-01-06 13:23:49,960 [INFO] PluginManager:220 - loadIPPluginJar : add dma
2026-01-06 13:23:50,011 [INFO] IPUIPlugin:80 - create IPUIPlugin
2026-01-06 13:23:50,011 [INFO] PluginManager:220 - loadIPPluginJar : add dma3
2026-01-06 13:23:50,038 [INFO] IPUIPlugin:80 - create IPUIPlugin
2026-01-06 13:23:50,038 [INFO] PluginManager:220 - loadIPPluginJar : add fatfs
2026-01-06 13:23:50,114 [INFO] IPUIPlugin:80 - create IPUIPlugin
2026-01-06 13:23:50,115 [INFO] PluginManager:220 - loadIPPluginJar : add fmc
2026-01-06 13:23:50,137 [INFO] IPUIPlugin:80 - create IPUIPlugin
2026-01-06 13:23:50,137 [INFO] PluginManager:220 - loadIPPluginJar : add freertos
2026-01-06 13:23:50,174 [INFO] IPUIPlugin:80 - create IPUIPlugin
2026-01-06 13:23:50,174 [INFO] PluginManager:220 - loadIPPluginJar : add genericplugin
2026-01-06 13:23:50,320 [INFO] IPUIPlugin:80 - create IPUIPlugin
2026-01-06 13:23:50,320 [INFO] PluginManager:220 - loadIPPluginJar : add gfxmmu
2026-01-06 13:23:50,528 [INFO] IPUIPlugin:80 - create IPUIPlugin
2026-01-06 13:23:50,528 [INFO] PluginManager:220 - loadIPPluginJar : add gic
2026-01-06 13:23:50,547 [INFO] IPUIPlugin:80 - create IPUIPlugin
2026-01-06 13:23:50,547 [INFO] PluginManager:220 - loadIPPluginJar : add gpio
2026-01-06 13:23:50,695 [INFO] IPUIPlugin:80 - create IPUIPlugin
2026-01-06 13:23:50,696 [INFO] PluginManager:220 - loadIPPluginJar : add gtzc
2026-01-06 13:23:50,766 [INFO] IPUIPlugin:80 - create IPUIPlugin
2026-01-06 13:23:50,766 [INFO] PluginManager:220 - loadIPPluginJar : add hash
2026-01-06 13:23:50,868 [INFO] IPUIPlugin:80 - create IPUIPlugin
2026-01-06 13:23:50,868 [INFO] PluginManager:220 - loadIPPluginJar : add i2c
2026-01-06 13:23:50,953 [INFO] IPUIPlugin:80 - create IPUIPlugin
2026-01-06 13:23:50,953 [INFO] PluginManager:220 - loadIPPluginJar : add i2s
2026-01-06 13:23:51,024 [INFO] IPUIPlugin:80 - create IPUIPlugin
2026-01-06 13:23:51,024 [INFO] PluginManager:220 - loadIPPluginJar : add i3c
2026-01-06 13:23:51,138 [INFO] IPUIPlugin:80 - create IPUIPlugin
2026-01-06 13:23:51,139 [INFO] PluginManager:220 - loadIPPluginJar : add ipddr
2026-01-06 13:23:51,283 [INFO] IPUIPlugin:80 - create IPUIPlugin
2026-01-06 13:23:51,283 [INFO] PluginManager:220 - loadIPPluginJar : add linkedlist
2026-01-06 13:23:51,337 [INFO] IPUIPlugin:80 - create IPUIPlugin
2026-01-06 13:23:51,338 [INFO] PluginManager:220 - loadIPPluginJar : add lorawan
2026-01-06 13:23:51,396 [INFO] IPUIPlugin:80 - create IPUIPlugin
2026-01-06 13:23:51,396 [INFO] PluginManager:220 - loadIPPluginJar : add ltdc
2026-01-06 13:23:51,416 [INFO] IPUIPlugin:80 - create IPUIPlugin
2026-01-06 13:23:51,417 [INFO] PluginManager:220 - loadIPPluginJar : add mdma
2026-01-06 13:23:51,434 [INFO] IPUIPlugin:80 - create IPUIPlugin
2026-01-06 13:23:51,434 [INFO] PluginManager:220 - loadIPPluginJar : add nvic
2026-01-06 13:23:51,498 [INFO] IPUIPlugin:80 - create IPUIPlugin
2026-01-06 13:23:51,498 [INFO] PluginManager:220 - loadIPPluginJar : add opamp
2026-01-06 13:23:51,602 [INFO] IPUIPlugin:80 - create IPUIPlugin
2026-01-06 13:23:51,602 [INFO] PluginManager:220 - loadIPPluginJar : add openamp
2026-01-06 13:23:51,670 [INFO] IPUIPlugin:80 - create IPUIPlugin
2026-01-06 13:23:51,670 [INFO] PluginManager:220 - loadIPPluginJar : add pdm2pcm
2026-01-06 13:23:51,687 [INFO] IPUIPlugin:80 - create IPUIPlugin
2026-01-06 13:23:51,690 [INFO] PluginManager:220 - loadIPPluginJar : add plateformsettings
2026-01-06 13:23:51,721 [INFO] IPUIPlugin:80 - create IPUIPlugin
2026-01-06 13:23:51,721 [INFO] PluginManager:220 - loadIPPluginJar : add quadspi
2026-01-06 13:23:51,737 [INFO] IPUIPlugin:80 - create IPUIPlugin
2026-01-06 13:23:51,738 [INFO] PluginManager:220 - loadIPPluginJar : add resmgrutility
2026-01-06 13:23:51,783 [INFO] ThirdPartyUpdaterWithRetryManager:70 - Updater plugin not ready yet. [2/15]
2026-01-06 13:23:51,796 [INFO] IPUIPlugin:80 - create IPUIPlugin
2026-01-06 13:23:51,796 [INFO] PluginManager:220 - loadIPPluginJar : add sai
2026-01-06 13:23:51,849 [INFO] IPUIPlugin:80 - create IPUIPlugin
2026-01-06 13:23:51,849 [INFO] PluginManager:220 - loadIPPluginJar : add spi
2026-01-06 13:23:51,934 [INFO] IPUIPlugin:80 - create IPUIPlugin
2026-01-06 13:23:51,934 [INFO] PluginManager:220 - loadIPPluginJar : add stm32_wpan
2026-01-06 13:23:51,976 [INFO] IPUIPlugin:80 - create IPUIPlugin
2026-01-06 13:23:51,976 [INFO] PluginManager:220 - loadIPPluginJar : add tim
2026-01-06 13:23:52,060 [INFO] IPUIPlugin:80 - create IPUIPlugin
2026-01-06 13:23:52,060 [INFO] PluginManager:220 - loadIPPluginJar : add touchsensing
2026-01-06 13:23:52,098 [INFO] IPUIPlugin:80 - create IPUIPlugin
2026-01-06 13:23:52,098 [INFO] PluginManager:220 - loadIPPluginJar : add tracer_emb
2026-01-06 13:23:52,138 [INFO] IPUIPlugin:80 - create IPUIPlugin
2026-01-06 13:23:52,138 [INFO] PluginManager:220 - loadIPPluginJar : add ts
2026-01-06 13:23:52,177 [INFO] IPUIPlugin:80 - create IPUIPlugin
2026-01-06 13:23:52,177 [INFO] PluginManager:220 - loadIPPluginJar : add tsc
2026-01-06 13:23:52,216 [INFO] IPUIPlugin:80 - create IPUIPlugin
2026-01-06 13:23:52,216 [INFO] PluginManager:220 - loadIPPluginJar : add ucpd
2026-01-06 13:23:52,284 [INFO] IPUIPlugin:80 - create IPUIPlugin
2026-01-06 13:23:52,284 [INFO] PluginManager:220 - loadIPPluginJar : add usart
2026-01-06 13:23:52,350 [INFO] IPUIPlugin:80 - create IPUIPlugin
2026-01-06 13:23:52,350 [INFO] PluginManager:220 - loadIPPluginJar : add usbx
2026-01-06 13:23:52,475 [INFO] CADModel:165 - CPN selected for project level
2026-01-06 13:23:52,475 [INFO] CADModel:114 - Register for checkConnection events
2026-01-06 13:23:52,476 [FATAL] Updater:308 - Updater called before beeing initialized
2026-01-06 13:23:52,476 [ERROR] CADModel:125 - Updater not yet initialized, retry later 
2026-01-06 13:23:52,641 [INFO] CADModel:165 - CPN selected for project level
2026-01-06 13:23:52,642 [INFO] CADModel:114 - Register for checkConnection events
2026-01-06 13:23:52,642 [FATAL] Updater:308 - Updater called before beeing initialized
2026-01-06 13:23:52,642 [ERROR] CADModel:125 - Updater not yet initialized, retry later 
2026-01-06 13:23:52,646 [FATAL] Updater:308 - Updater called before beeing initialized
2026-01-06 13:23:52,765 [FATAL] Updater:308 - Updater called before beeing initialized
2026-01-06 13:23:52,780 [INFO] DbMcusAds:53 - JSON generation date=Tue Dec 16 01:11:46 EET 2025 (1765840306612)
2026-01-06 13:23:52,780 [FATAL] Updater:308 - Updater called before beeing initialized
2026-01-06 13:23:52,814 [WARN] DetailPanel:346 - Failed to get advertising image, set to default
2026-01-06 13:23:52,898 [FATAL] Updater:308 - Updater called before beeing initialized
2026-01-06 13:23:52,900 [FATAL] Updater:308 - Updater called before beeing initialized
2026-01-06 13:23:52,900 [FATAL] Updater:308 - Updater called before beeing initialized
2026-01-06 13:23:52,900 [WARN] DetailPanel:346 - Failed to get advertising image, set to default
2026-01-06 13:23:52,901 [FATAL] Updater:308 - Updater called before beeing initialized
2026-01-06 13:23:52,996 [ERROR] Updater:1120 - MainUpdater not yet initialized. External WinMGr cannot be set.
2026-01-06 13:23:53,009 [INFO] Updater:1056 - Updater Version found : 6.9.0
2026-01-06 13:23:53,031 [INFO] ApplicationProperties:184 - Using Application install path: C:\ST\STM32CubeIDE_1.13.0\STM32CubeIDE\plugins\com.st.stm32cube.common.mx_6.9.0.202307051724
2026-01-06 13:23:53,302 [INFO] MainUpdater:2868 - connection check result : 10
2026-01-06 13:23:53,302 [INFO] MainUpdater:285 - Updater Check For Update Now.
2026-01-06 13:23:53,303 [INFO] MicroXplorer:498 - Change Database Version : DB.6.0.90
2026-01-06 13:23:53,337 [INFO] McuFinderGlobals:63 - Set McuFinder mode to 2 (CubeIDE integrated)
2026-01-06 13:23:53,520 [INFO] CheckServerUpdateThread:120 - End of CheckServer Thread
2026-01-06 13:23:54,898 [ERROR] Engine:466 - C:\Users\bogda\.stm32cubemx\thirdparties\pdsc\WES.I-CUBE-Cesium.1.4.0.pdsc: PDSC version is not supported
2026-01-06 13:23:54,913 [ERROR] Engine:466 - C:\Users\bogda\.stm32cubemx\thirdparties\pdsc\STMicroelectronics.X-CUBE-FREERTOS.1.4.0.pdsc: PDSC version is not supported
2026-01-06 13:23:55,044 [WARN] PackLoader:240 - Cannot read IP mode file for STMicroelectronics.X-CUBE-MEMS1.12.0.0
2026-01-06 13:23:55,131 [WARN] PackLoader:240 - Cannot read IP mode file for STMicroelectronics.X-CUBE-TOUCHGFX.4.26.0
2026-01-06 13:23:55,132 [INFO] ThirdParty:978 - Integrity check success = true
2026-01-06 13:23:55,133 [INFO] IntegrityCheckThread:100 - exiting critical section [integrity check]
2026-01-06 13:23:55,133 [INFO] IntegrityCheckThread:103 - End integrity checks thread
2026-01-06 13:24:14,688 [ERROR] LogOutputStream:75 - [STDERR_REDIRECT] SLF4J: Failed to load class "org.slf4j.impl.StaticLoggerBinder".
2026-01-06 13:24:14,689 [ERROR] LogOutputStream:75 - [STDERR_REDIRECT] SLF4J: Defaulting to no-operation (NOP) logger implementation
2026-01-06 13:24:14,689 [ERROR] LogOutputStream:75 - [STDERR_REDIRECT] SLF4J: See http://www.slf4j.org/codes.html#StaticLoggerBinder for further details.
2026-01-06 18:29:21,526 [INFO] Activator:176 - 


2026-01-06 18:29:21,528 [INFO] Activator:177 - !SESSION log4j initialized
2026-01-06 18:29:28,369 [INFO] LogOutputStream:77 - [STDOUT_REDIRECT] 
2026-01-06 18:29:31,417 [INFO] ApplicationProperties:184 - Using Application install path: C:\ST\STM32CubeIDE_1.13.0\STM32CubeIDE\plugins\com.st.stm32cube.common.mx_6.9.0.202307051724
2026-01-06 18:29:31,436 [INFO] DbMcusXml:78 - Set database path to: C:\ST\STM32CubeIDE_1.13.0\STM32CubeIDE\plugins\com.st.stm32cube.common.mx_6.9.0.202307051724\\db\/mcu/
2026-01-06 18:29:31,437 [INFO] ApiDb:274 - Set plugin database path to: C:\ST\STM32CubeIDE_1.13.0\STM32CubeIDE\plugins\com.st.stm32cube.common.mx_6.9.0.202307051724\\db\/plugins/boardmanager/
2026-01-06 18:29:31,437 [WARN] ApiDb:259 - Overriding images path with different value:  => C:\ST\STM32CubeIDE_1.13.0\STM32CubeIDE\plugins\com.st.stm32cube.common.mx_6.9.0.202307051724\\db\/plugins/mcufinder/images/
2026-01-06 18:29:31,450 [INFO] ApiDb:250 - Set database path to: C:\Users\bogda\.stmcufinder\plugins\mcufinder//mcu/
2026-01-06 18:29:31,451 [INFO] DbMcusAds:125 - Set database path to: C:\Users\bogda\.stmcufinder\plugins\mcufinder//mcu/
2026-01-06 18:29:31,453 [INFO] CrossReferenceDbSqlite:203 - Set database path to: C:\Users\bogda\.stmcufinder\plugins\mcufinder//mcu/cs/
2026-01-06 18:29:31,555 [INFO] RulesReader:64 - Compatibility file has been processed (293 Rules)
2026-01-06 18:29:31,637 [INFO] DbMcusXml:78 - Set database path to: C:\ST\STM32CubeIDE_1.13.0\STM32CubeIDE\plugins\com.st.stm32cube.common.mx_6.9.0.202307051724\\db\/mcu/
2026-01-06 18:29:31,638 [INFO] ApiDb:274 - Set plugin database path to: C:\ST\STM32CubeIDE_1.13.0\STM32CubeIDE\plugins\com.st.stm32cube.common.mx_6.9.0.202307051724\\db\/plugins/boardmanager/
2026-01-06 18:29:31,638 [INFO] ApiDb:261 - Set plugin images path to: C:\ST\STM32CubeIDE_1.13.0\STM32CubeIDE\plugins\com.st.stm32cube.common.mx_6.9.0.202307051724\\db\/plugins/mcufinder/images/
2026-01-06 18:29:31,638 [WARN] DbFile:41 - Overriding database path with different value: C:\Users\bogda\.stmcufinder\plugins\mcufinder/ => C:\Users\bogda\.stmcufinder\plugins\mcufinder
2026-01-06 18:29:31,638 [INFO] ApiDb:250 - Set database path to: C:\Users\bogda\.stmcufinder\plugins\mcufinder//mcu/
2026-01-06 18:29:31,638 [WARN] DbFile:41 - Overriding database path with different value: C:\Users\bogda\.stmcufinder\plugins\mcufinder/ => C:\Users\bogda\.stmcufinder\plugins\mcufinder
2026-01-06 18:29:31,638 [INFO] DbMcusAds:125 - Set database path to: C:\Users\bogda\.stmcufinder\plugins\mcufinder//mcu/
2026-01-06 18:29:31,638 [WARN] DbFile:41 - Overriding database path with different value: C:\Users\bogda\.stmcufinder\plugins\mcufinder/ => C:\Users\bogda\.stmcufinder\plugins\mcufinder
2026-01-06 18:29:31,638 [WARN] DbFile:41 - Overriding database path with different value: C:\Users\bogda\.stmcufinder\plugins\mcufinder/ => C:\Users\bogda\.stmcufinder\plugins\mcufinder
2026-01-06 18:29:31,638 [INFO] CrossReferenceDbSqlite:203 - Set database path to: C:\Users\bogda\.stmcufinder\plugins\mcufinder//mcu/cs/
2026-01-06 18:29:31,713 [INFO] MainPanel:262 - HeapMemory: 268435456
2026-01-06 18:29:31,829 [INFO] DbMcusXml:78 - Set database path to: C:\ST\STM32CubeIDE_1.13.0\STM32CubeIDE\plugins\com.st.stm32cube.common.mx_6.9.0.202307051724\\db\/mcu/
2026-01-06 18:29:31,829 [INFO] ApiDb:274 - Set plugin database path to: C:\ST\STM32CubeIDE_1.13.0\STM32CubeIDE\plugins\com.st.stm32cube.common.mx_6.9.0.202307051724\\db\/plugins/boardmanager/
2026-01-06 18:29:31,829 [INFO] ApiDb:261 - Set plugin images path to: C:\ST\STM32CubeIDE_1.13.0\STM32CubeIDE\plugins\com.st.stm32cube.common.mx_6.9.0.202307051724\\db\/plugins/mcufinder/images/
2026-01-06 18:29:31,830 [WARN] DbFile:41 - Overriding database path with different value: C:\Users\bogda\.stmcufinder\plugins\mcufinder/ => C:\Users\bogda\.stmcufinder\plugins\mcufinder
2026-01-06 18:29:31,830 [INFO] ApiDb:250 - Set database path to: C:\Users\bogda\.stmcufinder\plugins\mcufinder//mcu/
2026-01-06 18:29:31,830 [WARN] DbFile:41 - Overriding database path with different value: C:\Users\bogda\.stmcufinder\plugins\mcufinder/ => C:\Users\bogda\.stmcufinder\plugins\mcufinder
2026-01-06 18:29:31,831 [INFO] DbMcusAds:125 - Set database path to: C:\Users\bogda\.stmcufinder\plugins\mcufinder//mcu/
2026-01-06 18:29:31,831 [WARN] DbFile:41 - Overriding database path with different value: C:\Users\bogda\.stmcufinder\plugins\mcufinder/ => C:\Users\bogda\.stmcufinder\plugins\mcufinder
2026-01-06 18:29:31,831 [WARN] DbFile:41 - Overriding database path with different value: C:\Users\bogda\.stmcufinder\plugins\mcufinder/ => C:\Users\bogda\.stmcufinder\plugins\mcufinder
2026-01-06 18:29:31,831 [INFO] CrossReferenceDbSqlite:203 - Set database path to: C:\Users\bogda\.stmcufinder\plugins\mcufinder//mcu/cs/
2026-01-06 18:29:31,853 [INFO] ApplicationProperties:184 - Using Application install path: C:\ST\STM32CubeIDE_1.13.0\STM32CubeIDE\plugins\com.st.stm32cube.common.mx_6.9.0.202307051724
2026-01-06 18:29:31,855 [INFO] PluginManage:196 - Search for loadable plugins [exclusion list=, ]
2026-01-06 18:29:31,857 [INFO] PluginManage:310 - Check plugin analytics
2026-01-06 18:29:32,028 [INFO] AnalyticsPlugin:253 - Accepted Software Licenses: 
2026-01-06 18:29:32,028 [INFO] AnalyticsPlugin:255 - Accepted CMSIS Pack Licenses: 
2026-01-06 18:29:32,028 [INFO] AnalyticsPlugin:257 - Accepted Firmware Licenses: FW.F4.1.27.0,FW.H7.1.11.0
2026-01-06 18:29:32,030 [INFO] PluginManage:359 - Loaded plugin analytics (category:tool,tabindex:-1)
2026-01-06 18:29:32,030 [INFO] PluginManage:310 - Check plugin cadmodel
2026-01-06 18:29:32,052 [INFO] CADModel:105 - Init CAD model plugin
2026-01-06 18:29:32,052 [INFO] PluginManage:359 - Loaded plugin cadmodel (category:power,tabindex:5)
2026-01-06 18:29:32,052 [INFO] PluginManage:310 - Check plugin clock
2026-01-06 18:29:32,080 [INFO] PluginManage:359 - Loaded plugin clock (category:base,tabindex:2)
2026-01-06 18:29:32,080 [INFO] PluginManage:310 - Check plugin ddr
2026-01-06 18:29:32,083 [INFO] PluginManage:359 - Loaded plugin ddr (category:tool,tabindex:6)
2026-01-06 18:29:32,083 [INFO] PluginManage:310 - Check plugin filemanager
2026-01-06 18:29:32,225 [INFO] PluginManage:359 - Loaded plugin filemanager (category:base,tabindex:10)
2026-01-06 18:29:32,225 [INFO] PluginManage:310 - Check plugin ipmanager
2026-01-06 18:29:32,232 [INFO] PluginManage:359 - Loaded plugin ipmanager (category:base,tabindex:5)
2026-01-06 18:29:32,233 [INFO] PluginManage:310 - Check plugin lpbam
2026-01-06 18:29:32,254 [INFO] PluginManage:359 - Loaded plugin lpbam (category:base,tabindex:0)
2026-01-06 18:29:32,254 [INFO] PluginManage:310 - Check plugin memorymap
2026-01-06 18:29:32,284 [INFO] PluginManage:359 - Loaded plugin memorymap (category:base,tabindex:4)
2026-01-06 18:29:32,284 [INFO] PluginManage:310 - Check plugin pinoutandconfiguration
2026-01-06 18:29:32,305 [INFO] PluginManage:359 - Loaded plugin pinoutandconfiguration (category:base,tabindex:1)
2026-01-06 18:29:32,305 [INFO] PluginManage:310 - Check plugin pinoutconfig
2026-01-06 18:29:32,407 [WARN] SupportedApi:132 - Cannot load RTOS API schema: s4s-elt-must-match.1: The content of 'definitions' must match (annotation?, (simpleType | complexType)?, (unique | key | keyref)*)). A problem was found starting at: attribute.
2026-01-06 18:29:32,548 [INFO] PluginManage:359 - Loaded plugin pinoutconfig (category:base,tabindex:0)
2026-01-06 18:29:32,548 [INFO] PluginManage:310 - Check plugin power
2026-01-06 18:29:32,573 [INFO] PluginManage:359 - Loaded plugin power (category:power,tabindex:4)
2026-01-06 18:29:32,573 [INFO] PluginManage:310 - Check plugin projectmanager
2026-01-06 18:29:32,586 [INFO] PluginManage:359 - Loaded plugin projectmanager (category:projectmanager,tabindex:3)
2026-01-06 18:29:32,586 [INFO] PluginManage:310 - Check plugin thirdparty
2026-01-06 18:29:32,876 [INFO] PluginManage:359 - Loaded plugin thirdparty (category:base,tabindex:-1)
2026-01-06 18:29:32,876 [WARN] IntegrityCheckThread:84 - waiting for thirdparty lock release [integrity check]
2026-01-06 18:29:32,876 [INFO] PluginManage:310 - Check plugin tools
2026-01-06 18:29:32,876 [INFO] IntegrityCheckThread:86 - entering critical section [integrity check]
2026-01-06 18:29:32,877 [INFO] ThirdPartyUpdaterWithRetryManager:70 - Updater plugin not ready yet. [1/15]
2026-01-06 18:29:32,917 [INFO] PluginManage:359 - Loaded plugin tools (category:base,tabindex:7)
2026-01-06 18:29:32,917 [INFO] PluginManage:310 - Check plugin tutovideos
2026-01-06 18:29:33,093 [INFO] PluginManage:359 - Loaded plugin tutovideos (category:base,tabindex:-1)
2026-01-06 18:29:33,094 [INFO] PluginManage:310 - Check plugin updater
2026-01-06 18:29:33,103 [INFO] PluginManage:359 - Loaded plugin updater (category:base,tabindex:12)
2026-01-06 18:29:33,103 [INFO] PluginManage:310 - Check plugin userauth
2026-01-06 18:29:33,109 [INFO] UserAuth:113 - Init User Auth plugin
2026-01-06 18:29:33,109 [INFO] PluginManage:359 - Loaded plugin userauth (category:base,tabindex:14)
2026-01-06 18:29:33,109 [INFO] PluginManage:283 - PluginManage : Loaded plugins [17]
2026-01-06 18:29:33,283 [INFO] PinOutPanel:1499 - setPackage(No Configuration,No Configuration)
2026-01-06 18:29:33,369 [INFO] CADModel:165 - CPN selected for project level
2026-01-06 18:29:33,369 [INFO] CADModel:114 - Register for checkConnection events
2026-01-06 18:29:33,393 [INFO] IPUIPlugin:80 - create IPUIPlugin
2026-01-06 18:29:33,394 [INFO] PluginManager:220 - loadIPPluginJar : add adc
2026-01-06 18:29:33,431 [INFO] IPUIPlugin:80 - create IPUIPlugin
2026-01-06 18:29:33,432 [INFO] PluginManager:220 - loadIPPluginJar : add aes
2026-01-06 18:29:33,475 [INFO] IPUIPlugin:80 - create IPUIPlugin
2026-01-06 18:29:33,475 [INFO] PluginManager:220 - loadIPPluginJar : add can
2026-01-06 18:29:33,509 [INFO] IPUIPlugin:80 - create IPUIPlugin
2026-01-06 18:29:33,509 [INFO] PluginManager:220 - loadIPPluginJar : add comp
2026-01-06 18:29:33,552 [INFO] IPUIPlugin:80 - create IPUIPlugin
2026-01-06 18:29:33,552 [INFO] PluginManager:220 - loadIPPluginJar : add cryp
2026-01-06 18:29:33,593 [INFO] IPUIPlugin:80 - create IPUIPlugin
2026-01-06 18:29:33,593 [INFO] PluginManager:220 - loadIPPluginJar : add dfsdm
2026-01-06 18:29:33,609 [INFO] IPUIPlugin:80 - create IPUIPlugin
2026-01-06 18:29:33,610 [INFO] PluginManager:220 - loadIPPluginJar : add dma
2026-01-06 18:29:33,667 [INFO] IPUIPlugin:80 - create IPUIPlugin
2026-01-06 18:29:33,668 [INFO] PluginManager:220 - loadIPPluginJar : add dma3
2026-01-06 18:29:33,694 [INFO] IPUIPlugin:80 - create IPUIPlugin
2026-01-06 18:29:33,694 [INFO] PluginManager:220 - loadIPPluginJar : add fatfs
2026-01-06 18:29:33,752 [INFO] IPUIPlugin:80 - create IPUIPlugin
2026-01-06 18:29:33,752 [INFO] PluginManager:220 - loadIPPluginJar : add fmc
2026-01-06 18:29:33,768 [INFO] IPUIPlugin:80 - create IPUIPlugin
2026-01-06 18:29:33,768 [INFO] PluginManager:220 - loadIPPluginJar : add freertos
2026-01-06 18:29:33,796 [INFO] IPUIPlugin:80 - create IPUIPlugin
2026-01-06 18:29:33,796 [INFO] PluginManager:220 - loadIPPluginJar : add genericplugin
2026-01-06 18:29:33,930 [INFO] IPUIPlugin:80 - create IPUIPlugin
2026-01-06 18:29:33,930 [INFO] PluginManager:220 - loadIPPluginJar : add gfxmmu
2026-01-06 18:29:34,116 [INFO] IPUIPlugin:80 - create IPUIPlugin
2026-01-06 18:29:34,116 [INFO] PluginManager:220 - loadIPPluginJar : add gic
2026-01-06 18:29:34,134 [INFO] IPUIPlugin:80 - create IPUIPlugin
2026-01-06 18:29:34,134 [INFO] PluginManager:220 - loadIPPluginJar : add gpio
2026-01-06 18:29:34,247 [INFO] IPUIPlugin:80 - create IPUIPlugin
2026-01-06 18:29:34,247 [INFO] PluginManager:220 - loadIPPluginJar : add gtzc
2026-01-06 18:29:34,289 [INFO] IPUIPlugin:80 - create IPUIPlugin
2026-01-06 18:29:34,289 [INFO] PluginManager:220 - loadIPPluginJar : add hash
2026-01-06 18:29:34,354 [INFO] IPUIPlugin:80 - create IPUIPlugin
2026-01-06 18:29:34,354 [INFO] PluginManager:220 - loadIPPluginJar : add i2c
2026-01-06 18:29:34,406 [INFO] IPUIPlugin:80 - create IPUIPlugin
2026-01-06 18:29:34,406 [INFO] PluginManager:220 - loadIPPluginJar : add i2s
2026-01-06 18:29:34,455 [INFO] IPUIPlugin:80 - create IPUIPlugin
2026-01-06 18:29:34,455 [INFO] PluginManager:220 - loadIPPluginJar : add i3c
2026-01-06 18:29:34,557 [INFO] IPUIPlugin:80 - create IPUIPlugin
2026-01-06 18:29:34,557 [INFO] PluginManager:220 - loadIPPluginJar : add ipddr
2026-01-06 18:29:34,650 [INFO] IPUIPlugin:80 - create IPUIPlugin
2026-01-06 18:29:34,650 [INFO] PluginManager:220 - loadIPPluginJar : add linkedlist
2026-01-06 18:29:34,687 [INFO] IPUIPlugin:80 - create IPUIPlugin
2026-01-06 18:29:34,687 [INFO] PluginManager:220 - loadIPPluginJar : add lorawan
2026-01-06 18:29:34,728 [INFO] IPUIPlugin:80 - create IPUIPlugin
2026-01-06 18:29:34,728 [INFO] PluginManager:220 - loadIPPluginJar : add ltdc
2026-01-06 18:29:34,742 [INFO] IPUIPlugin:80 - create IPUIPlugin
2026-01-06 18:29:34,743 [INFO] PluginManager:220 - loadIPPluginJar : add mdma
2026-01-06 18:29:34,757 [INFO] IPUIPlugin:80 - create IPUIPlugin
2026-01-06 18:29:34,757 [INFO] PluginManager:220 - loadIPPluginJar : add nvic
2026-01-06 18:29:34,799 [INFO] IPUIPlugin:80 - create IPUIPlugin
2026-01-06 18:29:34,799 [INFO] PluginManager:220 - loadIPPluginJar : add opamp
2026-01-06 18:29:34,866 [INFO] IPUIPlugin:80 - create IPUIPlugin
2026-01-06 18:29:34,866 [INFO] PluginManager:220 - loadIPPluginJar : add openamp
2026-01-06 18:29:34,913 [INFO] IPUIPlugin:80 - create IPUIPlugin
2026-01-06 18:29:34,913 [INFO] PluginManager:220 - loadIPPluginJar : add pdm2pcm
2026-01-06 18:29:34,928 [INFO] IPUIPlugin:80 - create IPUIPlugin
2026-01-06 18:29:34,929 [INFO] PluginManager:220 - loadIPPluginJar : add plateformsettings
2026-01-06 18:29:34,957 [INFO] IPUIPlugin:80 - create IPUIPlugin
2026-01-06 18:29:34,957 [INFO] PluginManager:220 - loadIPPluginJar : add quadspi
2026-01-06 18:29:34,971 [INFO] IPUIPlugin:80 - create IPUIPlugin
2026-01-06 18:29:34,971 [INFO] PluginManager:220 - loadIPPluginJar : add resmgrutility
2026-01-06 18:29:35,019 [INFO] IPUIPlugin:80 - create IPUIPlugin
2026-01-06 18:29:35,019 [INFO] PluginManager:220 - loadIPPluginJar : add sai
2026-01-06 18:29:35,057 [INFO] IPUIPlugin:80 - create IPUIPlugin
2026-01-06 18:29:35,058 [INFO] PluginManager:220 - loadIPPluginJar : add spi
2026-01-06 18:29:35,113 [INFO] IPUIPlugin:80 - create IPUIPlugin
2026-01-06 18:29:35,113 [INFO] PluginManager:220 - loadIPPluginJar : add stm32_wpan
2026-01-06 18:29:35,138 [INFO] IPUIPlugin:80 - create IPUIPlugin
2026-01-06 18:29:35,138 [INFO] PluginManager:220 - loadIPPluginJar : add tim
2026-01-06 18:29:35,195 [INFO] IPUIPlugin:80 - create IPUIPlugin
2026-01-06 18:29:35,196 [INFO] PluginManager:220 - loadIPPluginJar : add touchsensing
2026-01-06 18:29:35,221 [INFO] IPUIPlugin:80 - create IPUIPlugin
2026-01-06 18:29:35,221 [INFO] PluginManager:220 - loadIPPluginJar : add tracer_emb
2026-01-06 18:29:35,250 [INFO] IPUIPlugin:80 - create IPUIPlugin
2026-01-06 18:29:35,250 [INFO] PluginManager:220 - loadIPPluginJar : add ts
2026-01-06 18:29:35,278 [INFO] IPUIPlugin:80 - create IPUIPlugin
2026-01-06 18:29:35,278 [INFO] PluginManager:220 - loadIPPluginJar : add tsc
2026-01-06 18:29:35,304 [INFO] IPUIPlugin:80 - create IPUIPlugin
2026-01-06 18:29:35,304 [INFO] PluginManager:220 - loadIPPluginJar : add ucpd
2026-01-06 18:29:35,348 [INFO] IPUIPlugin:80 - create IPUIPlugin
2026-01-06 18:29:35,349 [INFO] PluginManager:220 - loadIPPluginJar : add usart
2026-01-06 18:29:35,390 [INFO] IPUIPlugin:80 - create IPUIPlugin
2026-01-06 18:29:35,390 [INFO] PluginManager:220 - loadIPPluginJar : add usbx
2026-01-06 18:29:35,497 [INFO] CADModel:165 - CPN selected for project level
2026-01-06 18:29:35,498 [INFO] CADModel:114 - Register for checkConnection events
2026-01-06 18:29:35,498 [FATAL] Updater:308 - Updater called before beeing initialized
2026-01-06 18:29:35,498 [ERROR] CADModel:125 - Updater not yet initialized, retry later 
2026-01-06 18:29:35,641 [INFO] CADModel:165 - CPN selected for project level
2026-01-06 18:29:35,641 [INFO] CADModel:114 - Register for checkConnection events
2026-01-06 18:29:35,641 [FATAL] Updater:308 - Updater called before beeing initialized
2026-01-06 18:29:35,641 [ERROR] CADModel:125 - Updater not yet initialized, retry later 
2026-01-06 18:29:35,660 [FATAL] Updater:308 - Updater called before beeing initialized
2026-01-06 18:29:35,749 [FATAL] Updater:308 - Updater called before beeing initialized
2026-01-06 18:29:35,760 [INFO] DbMcusAds:53 - JSON generation date=Tue Dec 16 01:11:46 EET 2025 (1765840306612)
2026-01-06 18:29:35,760 [FATAL] Updater:308 - Updater called before beeing initialized
2026-01-06 18:29:35,786 [WARN] DetailPanel:346 - Failed to get advertising image, set to default
2026-01-06 18:29:35,850 [FATAL] Updater:308 - Updater called before beeing initialized
2026-01-06 18:29:35,851 [FATAL] Updater:308 - Updater called before beeing initialized
2026-01-06 18:29:35,851 [FATAL] Updater:308 - Updater called before beeing initialized
2026-01-06 18:29:35,851 [WARN] DetailPanel:346 - Failed to get advertising image, set to default
2026-01-06 18:29:35,852 [FATAL] Updater:308 - Updater called before beeing initialized
2026-01-06 18:29:35,878 [INFO] ThirdPartyUpdaterWithRetryManager:70 - Updater plugin not ready yet. [2/15]
2026-01-06 18:29:35,899 [ERROR] Updater:1120 - MainUpdater not yet initialized. External WinMGr cannot be set.
2026-01-06 18:29:35,912 [INFO] Updater:1056 - Updater Version found : 6.9.0
2026-01-06 18:29:35,924 [INFO] ApplicationProperties:184 - Using Application install path: C:\ST\STM32CubeIDE_1.13.0\STM32CubeIDE\plugins\com.st.stm32cube.common.mx_6.9.0.202307051724
2026-01-06 18:29:36,299 [INFO] MainUpdater:2868 - connection check result : 10
2026-01-06 18:29:36,299 [INFO] MainUpdater:285 - Updater Check For Update Now.
2026-01-06 18:29:36,300 [INFO] MicroXplorer:498 - Change Database Version : DB.6.0.90
2026-01-06 18:29:36,323 [INFO] McuFinderGlobals:63 - Set McuFinder mode to 2 (CubeIDE integrated)
2026-01-06 18:29:36,508 [INFO] CheckServerUpdateThread:120 - End of CheckServer Thread
2026-01-06 18:29:38,969 [ERROR] Engine:466 - C:\Users\bogda\.stm32cubemx\thirdparties\pdsc\WES.I-CUBE-Cesium.1.4.0.pdsc: PDSC version is not supported
2026-01-06 18:29:38,982 [ERROR] Engine:466 - C:\Users\bogda\.stm32cubemx\thirdparties\pdsc\STMicroelectronics.X-CUBE-FREERTOS.1.4.0.pdsc: PDSC version is not supported
2026-01-06 18:29:39,077 [WARN] PackLoader:240 - Cannot read IP mode file for STMicroelectronics.X-CUBE-MEMS1.12.0.0
2026-01-06 18:29:39,169 [WARN] PackLoader:240 - Cannot read IP mode file for STMicroelectronics.X-CUBE-TOUCHGFX.4.26.0
2026-01-06 18:29:39,172 [INFO] ThirdParty:978 - Integrity check success = true
2026-01-06 18:29:39,172 [INFO] IntegrityCheckThread:100 - exiting critical section [integrity check]
2026-01-06 18:29:39,172 [INFO] IntegrityCheckThread:103 - End integrity checks thread
2026-01-06 18:29:57,435 [ERROR] LogOutputStream:75 - [STDERR_REDIRECT] SLF4J: Failed to load class "org.slf4j.impl.StaticLoggerBinder".
2026-01-06 18:29:57,436 [ERROR] LogOutputStream:75 - [STDERR_REDIRECT] SLF4J: Defaulting to no-operation (NOP) logger implementation
2026-01-06 18:29:57,437 [ERROR] LogOutputStream:75 - [STDERR_REDIRECT] SLF4J: See http://www.slf4j.org/codes.html#StaticLoggerBinder for further details.
